#
# A fatal error has been detected by the Java Runtime Environment:
#
#  EXCEPTION_ACCESS_VIOLATION (0xc0000005) at pc=0x00007ffdead8a5d7, pid=11140, tid=27984
#
# JRE version: OpenJDK Runtime Environment (25.0+36) (build 25+36-3489)
# Java VM: OpenJDK 64-Bit Server VM (25+36-3489, mixed mode, sharing, tiered, compressed oops, compressed class ptrs, g1 gc, windows-amd64)
# Problematic frame:
# C  [glass.dll+0x2a5d7]
#
# No core dump will be written. Minidumps are not enabled by default on client versions of Windows
#
# If you would like to submit a bug report, please visit:
#   https://bugreport.java.com/bugreport/crash.jsp
#

---------------  S U M M A R Y ------------

Command Line: -javaagent:C:\Program Files\JetBrains\IntelliJ IDEA Community Edition 2025.2.3\lib\idea_rt.jar=57391 -Dfile.encoding=UTF-8 -Dsun.stdout.encoding=UTF-8 -Dsun.stderr.encoding=UTF-8 MainGame

Host: 13th Gen Intel(R) Core(TM) i7-1355U, 12 cores, 15G,  Windows 11 , 64 bit Build 22621 (10.0.22621.4830)
Time: Wed Nov  5 18:26:04 2025 SE Asia Standard Time elapsed time: 88.759800 seconds (0d 0h 1m 28s)

---------------  T H R E A D  ---------------

Current thread (0x000002165f5663d0):  VMThread "VM Thread"          [id=27984, stack(0x0000001837400000,0x0000001837500000) (1024K)]

Stack: [0x0000001837400000,0x0000001837500000],  sp=0x00000018374ff270,  free space=1020k
Native frames: (J=compiled Java code, j=interpreted, Vv=VM code, C=native code)
C  [glass.dll+0x2a5d7]  (no source info available)
C  [ucrtbase.dll+0x53a93]  (no source info available)
C  [ucrtbase.dll+0x2042e]  (no source info available)
C  [ucrtbase.dll+0x1dddd]  (no source info available)
C  [glass.dll+0x27b65]  (no source info available)
C  [glass.dll+0x27c81]  (no source info available)
C  [ntdll.dll+0x28b8f]  (no source info available)
C  [ntdll.dll+0x51596]  (no source info available)
C  [ntdll.dll+0x5118d]  (no source info available)
C  [KERNEL32.DLL+0x17fcb]  (no source info available)
C  [ucrtbase.dll+0x1bed8]  (no source info available)
C  [ucrtbase.dll+0x1c099]  (no source info available)
V  [jvm.dll+0x79ea1a]  (no source info available)
V  [jvm.dll+0x79eee1]  (no source info available)
V  [jvm.dll+0x79ea00]  (no source info available)
V  [jvm.dll+0x47a124]  (no source info available)
V  [jvm.dll+0x96ee71]  (no source info available)
V  [jvm.dll+0x97018d]  (no source info available)
V  [jvm.dll+0x970709]  (no source info available)
V  [jvm.dll+0x9709b3]  (no source info available)
V  [jvm.dll+0x90681d]  (no source info available)
V  [jvm.dll+0x7a5015]  (no source info available)
C  [ucrtbase.dll+0x29333]  (no source info available)
C  [KERNEL32.DLL+0x1259d]  (no source info available)
C  [ntdll.dll+0x5af38]  (no source info available)


siginfo: EXCEPTION_ACCESS_VIOLATION (0xc0000005), reading address 0x0000000000000000


Registers:
RAX=0x0000000000000000, RBX=0x0000021665f0d662, RCX=0x000002165f5663d0, RDX=0x00000018374ff270
RSP=0x00000018374ff270, RBP=0x0000021665a31be0, RSI=0x00000018374ff378, RDI=0x0000021665a31bc0
R8 =0x0000000000010002, R9 =0x00007ffdd4e47090, R10=0x85f13e9656da4870, R11=0x00000018374ff200
R12=0x00007ffdead87cc8, R13=0x00007ffdd5701b30, R14=0x00003a887e1ad2e3, R15=0x0000021665a31bc0
RIP=0x00007ffdead8a5d7, EFLAGS=0x0000000000010202

XMM[0]=0x0000000000000000 0x0000000000000000
XMM[1]=0x0000000000000000 0x0000000000000000
XMM[2]=0x0000000000000000 0x0000000000000000
XMM[3]=0x0000000000000000 0x0000000000000000
XMM[4]=0x0000000000000000 0x0000000000000000
XMM[5]=0x0000000000000000 0x0000000000000000
XMM[6]=0x0000000000000000 0x0000000000000000
XMM[7]=0x0000000000000000 0x0000000000000000
XMM[8]=0x0000000000000000 0x404e000000000000
XMM[9]=0x0000000000000000 0x0000000000000000
XMM[10]=0x0000000000000000 0x0000000000000000
XMM[11]=0x0000000000000000 0x0000000000000000
XMM[12]=0x0000000000000000 0x0000000000000000
XMM[13]=0x0000000000000000 0x0000000000000000
XMM[14]=0x0000000000000000 0x0000000000000000
XMM[15]=0x0000000000000000 0x0000000000000000
  MXCSR=0x00001fa0


Register to memory mapping:

RAX=0x0 is null
RBX=0x0000021665f0d662 is a global jni handle
RCX=0x000002165f5663d0 points into unknown readable memory: 0x00007ffdd54ee2a0 | a0 e2 4e d5 fd 7f 00 00
RDX=0x00000018374ff270 points into unknown readable memory: 0x0000000000000000 | 00 00 00 00 00 00 00 00
RSP=0x00000018374ff270 points into unknown readable memory: 0x0000000000000000 | 00 00 00 00 00 00 00 00
RBP=0x0000021665a31be0 points into unknown readable memory: 0x00003a887e1ad2e3 | e3 d2 1a 7e 88 3a 00 00
RSI=0x00000018374ff378 points into unknown readable memory: 0x00000018374ff360 | 60 f3 4f 37 18 00 00 00
RDI=0x0000021665a31bc0 points into unknown readable memory: 0x00003a887e1ad2e3 | e3 d2 1a 7e 88 3a 00 00
R8 =0x0000000000010002 is an unknown value
R9 =0x00007ffdd4e47090 jvm.dll
R10=0x85f13e9656da4870 is an unknown value
R11=0x00000018374ff200 points into unknown readable memory: 0x0000021665a31bc0 | c0 1b a3 65 16 02 00 00
R12=0x00007ffdead87cc8 glass.dll
R13=0x00007ffdd5701b30 jvm.dll
R14=0x00003a887e1ad2e3 is an unknown value
R15=0x0000021665a31bc0 points into unknown readable memory: 0x00003a887e1ad2e3 | e3 d2 1a 7e 88 3a 00 00

Top of Stack: (sp=0x00000018374ff270)
0x00000018374ff270:   0000000000000000 00000018374ff378   ........x.O7....
0x00000018374ff280:   00007ffdd5701b30 00007ffdead87cc8   0.p......|......
0x00000018374ff290:   0000021665a31bc0 00007ffe3f6a3a93   ...e.....:j?....
0x00000018374ff2a0:   0000021665a31bc0 0000021600000000   ...e............
0x00000018374ff2b0:   0000021665a31be0 00000018374ff378   ...e....x.O7....
0x00000018374ff2c0:   fffffffffffffffe 0000000000000000   ................
0x00000018374ff2d0:   0000000000000001 00007ffdead60000   ................
0x00000018374ff2e0:   00000018374ff368 00007ffe3f67042e   h.O7......g?....
0x00000018374ff2f0:   0000000000000000 00000018374ff378   ........x.O7....
0x00000018374ff300:   00000018374ff660 0000000000000001   `.O7............
0x00000018374ff310:   0000000000000001 00007ffe3f66dddd   ..........f?....
0x00000018374ff320:   0000000000000000 00007ffdead87659   ........Yv......
0x00000018374ff330:   00007ffdfa16c858 00000018374ff368   X.......h.O7....
0x00000018374ff340:   fffffffffffffffe 00000018374ff330   ........0.O7....
0x00000018374ff350:   0000000000000000 00007ffdead87b65   ........e{......
0x00000018374ff360:   00007ffdeada0e90 00007ffd00000002   ................
0x00000018374ff370:   00007ffd00000002 00000018374ff360   ........`.O7....
0x00000018374ff380:   0000000000000000 00007ffe421f8af3   ...........B....
0x00000018374ff390:   0000000000000000 00007ffdead87c81   .........|......
0x00000018374ff3a0:   0000000000000001 0000000000000001   ................
0x00000018374ff3b0:   0000000000000001 0000000000000000   ................
0x00000018374ff3c0:   00007ffe3ff30000 00007ffe3ff32061   ...?....a .?....
0x00000018374ff3d0:   00007ffd00000001 0000021673210000   ..........!s....
0x00000018374ff3e0:   00007ffdead60000 000000007ffe0384   ................
0x00000018374ff3f0:   0000000000000000 00007ffe421f8b8f   ...........B....
0x00000018374ff400:   00007ffdead60000 0000000000000000   ................
0x00000018374ff410:   0000000000000001 000000007ffe0385   ................
0x00000018374ff420:   00007ffe42307940 00007ffdf57d1550   @y0B....P.}.....
0x00000018374ff430:   0000cb1e9df1df00 00007ffdf5720000   ..........r.....
0x00000018374ff440:   00007ffdead87cc8 0000000000000000   .|..............
0x00000018374ff450:   0000000000000000 0000001836956000   .........`.6....
0x00000018374ff460:   0000021665610d30 00007ffe42221596   0.ae......"B....

Instructions: (pc=0x00007ffdead8a5d7)
  0x00007ffdead8a4d7:   8b 4d 58 e8 cd ce ff ff 48 8b 4d 60 e8 c4 ce ff
  0x00007ffdead8a4e7:   ff 48 8b 95 80 00 00 00 48 8b 8d 18 01 00 00 e8
  0x00007ffdead8a4f7:   76 c4 ff ff 33 d2 33 c9 e8 7c e0 ff ff 90 48 89
  0x00007ffdead8a507:   54 24 10 55 48 83 ec 20 48 8b ea 48 b8 00 00 00
  0x00007ffdead8a517:   00 00 00 00 00 48 83 c4 20 5d c3 cc 40 55 48 8b
  0x00007ffdead8a527:   ea 48 8b 01 33 c9 81 38 05 00 00 c0 0f 94 c1 8b
  0x00007ffdead8a537:   c1 5d c3 cc 40 55 48 83 ec 20 48 8b ea 8a 4d 40
  0x00007ffdead8a547:   48 83 c4 20 5d e9 a3 d2 ff ff cc 40 55 48 83 ec
  0x00007ffdead8a557:   20 48 8b ea 8a 4d 20 e8 91 d2 ff ff 90 48 83 c4
  0x00007ffdead8a567:   20 5d c3 cc 40 55 48 83 ec 20 48 8b ea 48 83 c4
  0x00007ffdead8a577:   20 5d e9 02 d1 ff ff cc 40 55 48 83 ec 30 48 8b
  0x00007ffdead8a587:   ea 48 8b 01 8b 10 48 89 4c 24 28 89 54 24 20 4c
  0x00007ffdead8a597:   8d 0d 1b d4 ff ff 4c 8b 45 70 8b 55 68 48 8b 4d
  0x00007ffdead8a5a7:   60 e8 43 d0 ff ff 90 48 83 c4 30 5d c3 cc cc cc
  0x00007ffdead8a5b7:   cc cc cc cc cc cc cc cc cc 40 53 48 83 ec 20 48
  0x00007ffdead8a5c7:   8b 1d 6b 63 01 00 48 85 db 74 19 e8 a9 89 ff ff
=>0x00007ffdead8a5d7:   48 8b 08 4c 8b 81 b0 00 00 00 48 8b d3 48 8b c8
  0x00007ffdead8a5e7:   41 ff d0 90 48 83 c4 20 5b c3 cc cc cc cc cc cc
  0x00007ffdead8a5f7:   cc cc cc cc cc cc cc cc cc 40 53 48 83 ec 20 48
  0x00007ffdead8a607:   8b 1d 9b 64 01 00 48 85 db 74 57 b8 ff ff ff ff
  0x00007ffdead8a617:   f0 0f c1 43 10 83 f8 01 75 3d 48 85 db 74 38 48
  0x00007ffdead8a627:   8b 0b 48 85 c9 74 0d ff 15 64 0c 00 00 48 c7 03
  0x00007ffdead8a637:   00 00 00 00 48 8b 4b 08 48 85 c9 74 0d e8 63 cd
  0x00007ffdead8a647:   ff ff 48 c7 43 08 00 00 00 00 ba 18 00 00 00 48
  0x00007ffdead8a657:   8b cb e8 4e cd ff ff 48 c7 05 3f 64 01 00 00 00
  0x00007ffdead8a667:   00 00 48 83 c4 20 5b c3 cc 40 53 48 83 ec 20 48
  0x00007ffdead8a677:   8b 1d 0b 64 01 00 48 85 db 74 57 b8 ff ff ff ff
  0x00007ffdead8a687:   f0 0f c1 43 10 83 f8 01 75 3d 48 85 db 74 38 48
  0x00007ffdead8a697:   8b 0b 48 85 c9 74 0d ff 15 f4 0b 00 00 48 c7 03
  0x00007ffdead8a6a7:   00 00 00 00 48 8b 4b 08 48 85 c9 74 0d e8 f3 cc
  0x00007ffdead8a6b7:   ff ff 48 c7 43 08 00 00 00 00 ba 18 00 00 00 48
  0x00007ffdead8a6c7:   8b cb e8 de cc ff ff 48 c7 05 af 63 01 00 00 00


Stack slot to memory mapping:

stack at sp + 0 slots: 0x0 is null
stack at sp + 1 slots: 0x00000018374ff378 points into unknown readable memory: 0x00000018374ff360 | 60 f3 4f 37 18 00 00 00
stack at sp + 2 slots: 0x00007ffdd5701b30 jvm.dll
stack at sp + 3 slots: 0x00007ffdead87cc8 glass.dll
stack at sp + 4 slots: 0x0000021665a31bc0 points into unknown readable memory: 0x00003a887e1ad2e3 | e3 d2 1a 7e 88 3a 00 00
stack at sp + 5 slots: 0x00007ffe3f6a3a93 ucrtbase.dll
stack at sp + 6 slots: 0x0000021665a31bc0 points into unknown readable memory: 0x00003a887e1ad2e3 | e3 d2 1a 7e 88 3a 00 00
stack at sp + 7 slots: 0x0000021600000000 is an unknown value

VM_Operation (0x0000001836aff380): Exit, mode: safepoint, requested by thread 0x000002167f654d20


---------------  P R O C E S S  ---------------

Threads class SMR info:
_java_thread_list=0x0000021671308af0, length=27, elements={
0x000002165f578fa0, 0x000002165f579760, 0x000002165f57aac0, 0x000002165f57e8b0,
0x000002165f57f6d0, 0x000002165f580510, 0x000002165f581400, 0x000002165f5867c0,
0x000002165f9acf70, 0x000002165fa5e0c0, 0x000002165fa5e880, 0x000002166418aba0,
0x00000216644e7020, 0x000002166456e5d0, 0x00000216644f3cf0, 0x00000216644edf30,
0x0000021665adbb30, 0x0000021665dc5430, 0x0000021665dc5c00, 0x0000021670111600,
0x0000021670ded500, 0x0000021670de7740, 0x0000021670f1f6e0, 0x0000021671acb1b0,
0x0000021671ace090, 0x000002167f654d20, 0x000002167f659b40
}

Java Threads: ( => current thread )
  0x000002165f578fa0 JavaThread "Reference Handler"          daemon [_thread_blocked, id=24628, stack(0x0000001837500000,0x0000001837600000) (1024K)]
  0x000002165f579760 JavaThread "Finalizer"                  daemon [_thread_blocked, id=19660, stack(0x0000001837600000,0x0000001837700000) (1024K)]
  0x000002165f57aac0 JavaThread "Signal Dispatcher"          daemon [_thread_blocked, id=21812, stack(0x0000001837700000,0x0000001837800000) (1024K)]
  0x000002165f57e8b0 JavaThread "Attach Listener"            daemon [_thread_blocked, id=8892, stack(0x0000001837800000,0x0000001837900000) (1024K)]
  0x000002165f57f6d0 JavaThread "Service Thread"             daemon [_thread_blocked, id=1220, stack(0x0000001837900000,0x0000001837a00000) (1024K)]
  0x000002165f580510 JavaThread "Monitor Deflation Thread"   daemon [_thread_blocked, id=16732, stack(0x0000001837a00000,0x0000001837b00000) (1024K)]
  0x000002165f581400 JavaThread "C2 CompilerThread0"         daemon [_thread_blocked, id=17680, stack(0x0000001837b00000,0x0000001837c00000) (1024K)]
  0x000002165f5867c0 JavaThread "C1 CompilerThread0"         daemon [_thread_blocked, id=20012, stack(0x0000001837c00000,0x0000001837d00000) (1024K)]
  0x000002165f9acf70 JavaThread "Common-Cleaner"             daemon [_thread_blocked, id=2916, stack(0x0000001837e00000,0x0000001837f00000) (1024K)]
  0x000002165fa5e0c0 JavaThread "Monitor Ctrl-Break"         daemon [_thread_in_native, id=30248, stack(0x0000001837f00000,0x0000001838000000) (1024K)]
  0x000002165fa5e880 JavaThread "Notification Thread"        daemon [_thread_blocked, id=26016, stack(0x0000001838000000,0x0000001838100000) (1024K)]
  0x000002166418aba0 JavaThread "Media Resource Disposer"    daemon [_thread_blocked, id=25876, stack(0x0000001838100000,0x0000001838200000) (1024K)]
  0x00000216644e7020 JavaThread "Java2D Disposer"            daemon [_thread_blocked, id=19752, stack(0x0000001838200000,0x0000001838300000) (1024K)]
  0x000002166456e5d0 JavaThread "QuantumRenderer-0"          daemon [_thread_blocked, id=8792, stack(0x0000001838500000,0x0000001838600000) (1024K)]
  0x00000216644f3cf0 JavaThread "InvokeLaterDispatcher"      daemon [_thread_blocked, id=5856, stack(0x0000001838a00000,0x0000001838b00000) (1024K)]
  0x00000216644edf30 JavaThread "JavaFX Application Thread"         [_thread_blocked, id=12900, stack(0x0000001838b00000,0x0000001838c00000) (1024K)]
  0x0000021665adbb30 JavaThread "DestroyJavaVM"                     [_thread_blocked, id=9856, stack(0x0000001836d00000,0x0000001836e00000) (1024K)]
  0x0000021665dc5430 JavaThread "Thread-1"                   daemon [_thread_in_native, id=14324, stack(0x0000001839200000,0x0000001839300000) (1024K)]
  0x0000021665dc5c00 JavaThread "Prism Font Disposer"        daemon [_thread_blocked, id=29572, stack(0x0000001839400000,0x0000001839500000) (1024K)]
  0x0000021670111600 JavaThread "JFXMedia Player EventQueueThread" daemon [_thread_blocked, id=13244, stack(0x0000001839e00000,0x0000001839f00000) (1024K)]
  0x0000021670ded500 JavaThread "Cleaner-0"                  daemon [_thread_blocked, id=11408, stack(0x000000183a700000,0x000000183a800000) (1024K)]
  0x0000021670de7740 JavaThread "Thread-12"                  daemon [_thread_blocked, id=24472, stack(0x0000001837d00000,0x0000001837e00000) (1024K)]
  0x0000021670f1f6e0 JavaThread "JFXMedia Player EventQueueThread" daemon [_thread_blocked, id=20516, stack(0x000000183a900000,0x000000183aa00000) (1024K)]
  0x0000021671acb1b0 JavaThread "Timer-1"                    daemon [_thread_blocked, id=7540, stack(0x000000183be00000,0x000000183bf00000) (1024K)]
  0x0000021671ace090 JavaThread "JFXMedia Player EventQueueThread" daemon [_thread_blocked, id=2980, stack(0x000000183bf00000,0x000000183c000000) (1024K)]
  0x000002167f654d20 JavaThread "SIGINT handler"             daemon [_thread_blocked, id=19960, stack(0x0000001836a00000,0x0000001836b00000) (1024K)]
  0x000002167f659b40 JavaThread "AWT-Shutdown"                      [_thread_blocked, id=5000, stack(0x000000183c500000,0x000000183c600000) (1024K)]
Total: 27

Other Threads:
=>0x000002165f5663d0 VMThread "VM Thread"                           [id=27984, stack(0x0000001837400000,0x0000001837500000) (1024K)]
  0x000002163fe0c960 WorkerThread "GC Thread#0"                     [id=4656, stack(0x0000001836e00000,0x0000001836f00000) (1024K)]
  0x000002166f3e6730 WorkerThread "GC Thread#1"                     [id=29800, stack(0x0000001839600000,0x0000001839700000) (1024K)]
  0x000002166f939480 WorkerThread "GC Thread#2"                     [id=12888, stack(0x0000001839700000,0x0000001839800000) (1024K)]
  0x000002166f9398b0 WorkerThread "GC Thread#3"                     [id=16592, stack(0x0000001839800000,0x0000001839900000) (1024K)]
  0x000002166f939ce0 WorkerThread "GC Thread#4"                     [id=19696, stack(0x0000001839900000,0x0000001839a00000) (1024K)]
  0x000002166f93a110 WorkerThread "GC Thread#5"                     [id=26208, stack(0x0000001839a00000,0x0000001839b00000) (1024K)]
  0x00000216659f6750 WorkerThread "GC Thread#6"                     [id=4056, stack(0x0000001839b00000,0x0000001839c00000) (1024K)]
  0x00000216659f5eb0 WorkerThread "GC Thread#7"                     [id=13504, stack(0x0000001839c00000,0x0000001839d00000) (1024K)]
  0x000002163fe25a10 ConcurrentGCThread "G1 Main Marker"            terminated
  0x000002163fe290c0 WorkerThread "G1 Conc#0"                       [id=19340, stack(0x0000001837000000,0x0000001837100000) (1024K)]
  0x00000216659fa3b0 WorkerThread "G1 Conc#1"                       [id=19676, stack(0x0000001839500000,0x0000001839600000) (1024K)]
  0x00000216718bc0c0 WorkerThread "G1 Conc#2"                       [id=728, stack(0x000000183a800000,0x000000183a900000) (1024K)]
  0x000002165f424d70 ConcurrentGCThread "G1 Refine#0"               terminated
  0x000002165f425630 ConcurrentGCThread "G1 Service"                terminated
Total: 15

Threads with active compile tasks:
Total: 0

VM state: at safepoint (shutting down)

VM Mutex/Monitor currently owned by a thread:  ([mutex/lock_event])
[0x00007ffdd56d94a8] Threads_lock - owner thread: 0x000002165f5663d0
[0x00007ffdd56d9628] Heap_lock - owner thread: 0x000002167f654d20

Heap address: 0x0000000705800000, size: 4008 MB, Compressed Oops mode: Zero based, Oop shift amount: 3

CDS archive(s) mapped at: [0x0000000017000000-0x0000000017dd0000-0x0000000017dd0000), size 14483456, SharedBaseAddress: 0x0000000017000000, ArchiveRelocationMode: 1.
Compressed class space mapped at: 0x0000000018000000-0x0000000058000000, reserved size: 1073741824
UseCompressedClassPointers 1, UseCompactObjectHeaders 0
Narrow klass pointer bits 32, Max shift 3
Narrow klass base: 0x0000000017000000, Narrow klass shift: 0
Encoding Range: [0x0000000017000000 - 0x0000000117000000), (4294967296 bytes)
Klass Range:    [0x0000000017010000 - 0x0000000058000000), (1090453504 bytes)
Klass ID Range:  [65536 - 1090519033) (1090453497)
Protection zone: [0x0000000017000000 - 0x0000000017010000), (65536 bytes)

GC Precious Log:
 CardTable entry size: 512
 Card Set container configuration: InlinePtr #cards 4 size 8 Array Of Cards #cards 16 size 48 Howl #buckets 8 coarsen threshold 3686 Howl Bitmap #cards 512 size 80 coarsen threshold 460 Card regions per heap region 1 cards per card region 4096
 CPUs: 12 total, 12 available
 Memory: 16027M
 Large Page Support: Disabled
 NUMA Support: Disabled
 Compressed Oops: Enabled (Zero based)
 Heap Region Size: 2M
 Heap Min Capacity: 8M
 Heap Initial Capacity: 252M
 Heap Max Capacity: 4008M
 Pre-touch: Disabled
 Parallel Workers: 10
 Concurrent Workers: 3
 Concurrent Refinement Workers: 10
 Periodic GC: Disabled

Heap:
 garbage-first heap   total reserved 4104192K, committed 382976K, used 329660K [0x0000000705800000, 0x0000000800000000)
  region size 2048K, 54 young (110592K), 1 survivors (2048K)

Heap Regions: E=young(eden), S=young(survivor), O=old, HS=humongous(starts), HC=humongous(continues), CS=collection set, F=free, TAMS=top-at-mark-start, PB=parsable bottom
|   0|0x0000000705800000, 0x0000000705a00000, 0x0000000705a00000|100%|HS|  |TAMS 0x0000000705800000| PB 0x0000000705800000| Complete |  0
|   1|0x0000000705a00000, 0x0000000705c00000, 0x0000000705c00000|100%|HC|  |TAMS 0x0000000705a00000| PB 0x0000000705a00000| Complete |  0
|   2|0x0000000705c00000, 0x0000000705e00000, 0x0000000705e00000|100%|HS|  |TAMS 0x0000000705c00000| PB 0x0000000705c00000| Complete |  0
|   3|0x0000000705e00000, 0x0000000706000000, 0x0000000706000000|100%|HC|  |TAMS 0x0000000705e00000| PB 0x0000000705e00000| Complete |  0
|   4|0x0000000706000000, 0x0000000706200000, 0x0000000706200000|100%|HC|  |TAMS 0x0000000706000000| PB 0x0000000706000000| Complete |  0
|   5|0x0000000706200000, 0x0000000706400000, 0x0000000706400000|100%|HS|  |TAMS 0x0000000706200000| PB 0x0000000706200000| Complete |  0
|   6|0x0000000706400000, 0x0000000706600000, 0x0000000706600000|100%|HC|  |TAMS 0x0000000706400000| PB 0x0000000706400000| Complete |  0
|   7|0x0000000706600000, 0x0000000706800000, 0x0000000706800000|100%|HC|  |TAMS 0x0000000706600000| PB 0x0000000706600000| Complete |  0
|   8|0x0000000706800000, 0x0000000706a00000, 0x0000000706a00000|100%|HS|  |TAMS 0x0000000706800000| PB 0x0000000706800000| Complete |  0
|   9|0x0000000706a00000, 0x0000000706c00000, 0x0000000706c00000|100%|HC|  |TAMS 0x0000000706a00000| PB 0x0000000706a00000| Complete |  0
|  10|0x0000000706c00000, 0x0000000706e00000, 0x0000000706e00000|100%|HC|  |TAMS 0x0000000706c00000| PB 0x0000000706c00000| Complete |  0
|  11|0x0000000706e00000, 0x0000000707000000, 0x0000000707000000|100%| O|  |TAMS 0x0000000706e00000| PB 0x0000000706e00000| Untracked |  0
|  12|0x0000000707000000, 0x0000000707200000, 0x0000000707200000|100%|HS|  |TAMS 0x0000000707000000| PB 0x0000000707000000| Complete |  0
|  13|0x0000000707200000, 0x0000000707400000, 0x0000000707400000|100%| O|  |TAMS 0x0000000707200000| PB 0x0000000707200000| Untracked |  0
|  14|0x0000000707400000, 0x0000000707600000, 0x0000000707600000|100%| O|  |TAMS 0x0000000707400000| PB 0x0000000707400000| Untracked |  0
|  15|0x0000000707600000, 0x0000000707800000, 0x0000000707800000|100%|HS|  |TAMS 0x0000000707600000| PB 0x0000000707600000| Complete |  0
|  16|0x0000000707800000, 0x0000000707a00000, 0x0000000707a00000|100%|HS|  |TAMS 0x0000000707800000| PB 0x0000000707800000| Complete |  0
|  17|0x0000000707a00000, 0x0000000707a00000, 0x0000000707c00000|  0%| F|  |TAMS 0x0000000707a00000| PB 0x0000000707a00000| Untracked |  0
|  18|0x0000000707c00000, 0x0000000707e00000, 0x0000000707e00000|100%|HS|  |TAMS 0x0000000707c00000| PB 0x0000000707c00000| Complete |  0
|  19|0x0000000707e00000, 0x0000000708000000, 0x0000000708000000|100%|HS|  |TAMS 0x0000000707e00000| PB 0x0000000707e00000| Complete |  0
|  20|0x0000000708000000, 0x0000000708200000, 0x0000000708200000|100%|HS|  |TAMS 0x0000000708000000| PB 0x0000000708000000| Complete |  0
|  21|0x0000000708200000, 0x0000000708400000, 0x0000000708400000|100%|HS|  |TAMS 0x0000000708200000| PB 0x0000000708200000| Complete |  0
|  22|0x0000000708400000, 0x0000000708600000, 0x0000000708600000|100%|HS|  |TAMS 0x0000000708400000| PB 0x0000000708400000| Complete |  0
|  23|0x0000000708600000, 0x0000000708800000, 0x0000000708800000|100%|HS|  |TAMS 0x0000000708600000| PB 0x0000000708600000| Complete |  0
|  24|0x0000000708800000, 0x0000000708a00000, 0x0000000708a00000|100%|HS|  |TAMS 0x0000000708800000| PB 0x0000000708800000| Complete |  0
|  25|0x0000000708a00000, 0x0000000708c00000, 0x0000000708c00000|100%|HS|  |TAMS 0x0000000708a00000| PB 0x0000000708a00000| Complete |  0
|  26|0x0000000708c00000, 0x0000000708e00000, 0x0000000708e00000|100%|HS|  |TAMS 0x0000000708c00000| PB 0x0000000708c00000| Complete |  0
|  27|0x0000000708e00000, 0x0000000709000000, 0x0000000709000000|100%|HS|  |TAMS 0x0000000708e00000| PB 0x0000000708e00000| Complete |  0
|  28|0x0000000709000000, 0x0000000709200000, 0x0000000709200000|100%|HS|  |TAMS 0x0000000709000000| PB 0x0000000709000000| Complete |  0
|  29|0x0000000709200000, 0x0000000709400000, 0x0000000709400000|100%|HS|  |TAMS 0x0000000709200000| PB 0x0000000709200000| Complete |  0
|  30|0x0000000709400000, 0x0000000709600000, 0x0000000709600000|100%|HS|  |TAMS 0x0000000709400000| PB 0x0000000709400000| Complete |  0
|  31|0x0000000709600000, 0x0000000709800000, 0x0000000709800000|100%|HS|  |TAMS 0x0000000709600000| PB 0x0000000709600000| Complete |  0
|  32|0x0000000709800000, 0x0000000709a00000, 0x0000000709a00000|100%|HS|  |TAMS 0x0000000709800000| PB 0x0000000709800000| Complete |  0
|  33|0x0000000709a00000, 0x0000000709c00000, 0x0000000709c00000|100%|HS|  |TAMS 0x0000000709a00000| PB 0x0000000709a00000| Complete |  0
|  34|0x0000000709c00000, 0x0000000709e00000, 0x0000000709e00000|100%|HS|  |TAMS 0x0000000709c00000| PB 0x0000000709c00000| Complete |  0
|  35|0x0000000709e00000, 0x000000070a000000, 0x000000070a000000|100%|HS|  |TAMS 0x0000000709e00000| PB 0x0000000709e00000| Complete |  0
|  36|0x000000070a000000, 0x000000070a200000, 0x000000070a200000|100%|HS|  |TAMS 0x000000070a000000| PB 0x000000070a000000| Complete |  0
|  37|0x000000070a200000, 0x000000070a400000, 0x000000070a400000|100%|HS|  |TAMS 0x000000070a200000| PB 0x000000070a200000| Complete |  0
|  38|0x000000070a400000, 0x000000070a600000, 0x000000070a600000|100%|HS|  |TAMS 0x000000070a400000| PB 0x000000070a400000| Complete |  0
|  39|0x000000070a600000, 0x000000070a800000, 0x000000070a800000|100%|HS|  |TAMS 0x000000070a600000| PB 0x000000070a600000| Complete |  0
|  40|0x000000070a800000, 0x000000070aa00000, 0x000000070aa00000|100%|HS|  |TAMS 0x000000070a800000| PB 0x000000070a800000| Complete |  0
|  41|0x000000070aa00000, 0x000000070ac00000, 0x000000070ac00000|100%|HS|  |TAMS 0x000000070aa00000| PB 0x000000070aa00000| Complete |  0
|  42|0x000000070ac00000, 0x000000070ae00000, 0x000000070ae00000|100%|HS|  |TAMS 0x000000070ac00000| PB 0x000000070ac00000| Complete |  0
|  43|0x000000070ae00000, 0x000000070b000000, 0x000000070b000000|100%|HS|  |TAMS 0x000000070ae00000| PB 0x000000070ae00000| Complete |  0
|  44|0x000000070b000000, 0x000000070b200000, 0x000000070b200000|100%|HS|  |TAMS 0x000000070b000000| PB 0x000000070b000000| Complete |  0
|  45|0x000000070b200000, 0x000000070b400000, 0x000000070b400000|100%|HS|  |TAMS 0x000000070b200000| PB 0x000000070b200000| Complete |  0
|  46|0x000000070b400000, 0x000000070b600000, 0x000000070b600000|100%|HS|  |TAMS 0x000000070b400000| PB 0x000000070b400000| Complete |  0
|  47|0x000000070b600000, 0x000000070b800000, 0x000000070b800000|100%|HS|  |TAMS 0x000000070b600000| PB 0x000000070b600000| Complete |  0
|  48|0x000000070b800000, 0x000000070ba00000, 0x000000070ba00000|100%|HS|  |TAMS 0x000000070b800000| PB 0x000000070b800000| Complete |  0
|  49|0x000000070ba00000, 0x000000070bc00000, 0x000000070bc00000|100%|HS|  |TAMS 0x000000070ba00000| PB 0x000000070ba00000| Complete |  0
|  50|0x000000070bc00000, 0x000000070be00000, 0x000000070be00000|100%|HS|  |TAMS 0x000000070bc00000| PB 0x000000070bc00000| Complete |  0
|  51|0x000000070be00000, 0x000000070c000000, 0x000000070c000000|100%|HS|  |TAMS 0x000000070be00000| PB 0x000000070be00000| Complete |  0
|  52|0x000000070c000000, 0x000000070c200000, 0x000000070c200000|100%| O|  |TAMS 0x000000070c000000| PB 0x000000070c000000| Untracked |  0
|  53|0x000000070c200000, 0x000000070c400000, 0x000000070c400000|100%| O|  |TAMS 0x000000070c200000| PB 0x000000070c200000| Untracked |  0
|  54|0x000000070c400000, 0x000000070c600000, 0x000000070c600000|100%| O|  |TAMS 0x000000070c400000| PB 0x000000070c400000| Untracked |  0
|  55|0x000000070c600000, 0x000000070c800000, 0x000000070c800000|100%| O|  |TAMS 0x000000070c600000| PB 0x000000070c600000| Untracked |  0
|  56|0x000000070c800000, 0x000000070ca00000, 0x000000070ca00000|100%|HS|  |TAMS 0x000000070c800000| PB 0x000000070c800000| Complete |  0
|  57|0x000000070ca00000, 0x000000070cc00000, 0x000000070cc00000|100%|HS|  |TAMS 0x000000070ca00000| PB 0x000000070ca00000| Complete |  0
|  58|0x000000070cc00000, 0x000000070ce00000, 0x000000070ce00000|100%|HS|  |TAMS 0x000000070cc00000| PB 0x000000070cc00000| Complete |  0
|  59|0x000000070ce00000, 0x000000070d000000, 0x000000070d000000|100%|HS|  |TAMS 0x000000070ce00000| PB 0x000000070ce00000| Complete |  0
|  60|0x000000070d000000, 0x000000070d200000, 0x000000070d200000|100%| O|  |TAMS 0x000000070d000000| PB 0x000000070d000000| Untracked |  0
|  61|0x000000070d200000, 0x000000070d400000, 0x000000070d400000|100%| O|  |TAMS 0x000000070d200000| PB 0x000000070d200000| Untracked |  0
|  62|0x000000070d400000, 0x000000070d600000, 0x000000070d600000|100%| O|  |TAMS 0x000000070d400000| PB 0x000000070d400000| Untracked |  0
|  63|0x000000070d600000, 0x000000070d800000, 0x000000070d800000|100%| O|  |TAMS 0x000000070d600000| PB 0x000000070d600000| Untracked |  0
|  64|0x000000070d800000, 0x000000070d800000, 0x000000070da00000|  0%| F|  |TAMS 0x000000070d800000| PB 0x000000070d800000| Untracked |  0
|  65|0x000000070da00000, 0x000000070dc00000, 0x000000070dc00000|100%|HS|  |TAMS 0x000000070da00000| PB 0x000000070da00000| Complete |  0
|  66|0x000000070dc00000, 0x000000070de00000, 0x000000070de00000|100%|HS|  |TAMS 0x000000070dc00000| PB 0x000000070dc00000| Complete |  0
|  67|0x000000070de00000, 0x000000070e000000, 0x000000070e000000|100%|HS|  |TAMS 0x000000070de00000| PB 0x000000070de00000| Complete |  0
|  68|0x000000070e000000, 0x000000070e200000, 0x000000070e200000|100%|HS|  |TAMS 0x000000070e000000| PB 0x000000070e000000| Complete |  0
|  69|0x000000070e200000, 0x000000070e400000, 0x000000070e400000|100%|HS|  |TAMS 0x000000070e200000| PB 0x000000070e200000| Complete |  0
|  70|0x000000070e400000, 0x000000070e600000, 0x000000070e600000|100%|HS|  |TAMS 0x000000070e400000| PB 0x000000070e400000| Complete |  0
|  71|0x000000070e600000, 0x000000070e800000, 0x000000070e800000|100%|HS|  |TAMS 0x000000070e600000| PB 0x000000070e600000| Complete |  0
|  72|0x000000070e800000, 0x000000070ea00000, 0x000000070ea00000|100%|HS|  |TAMS 0x000000070e800000| PB 0x000000070e800000| Complete |  0
|  73|0x000000070ea00000, 0x000000070ec00000, 0x000000070ec00000|100%|HS|  |TAMS 0x000000070ea00000| PB 0x000000070ea00000| Complete |  0
|  74|0x000000070ec00000, 0x000000070ee00000, 0x000000070ee00000|100%|HS|  |TAMS 0x000000070ec00000| PB 0x000000070ec00000| Complete |  0
|  75|0x000000070ee00000, 0x000000070f000000, 0x000000070f000000|100%|HS|  |TAMS 0x000000070ee00000| PB 0x000000070ee00000| Complete |  0
|  76|0x000000070f000000, 0x000000070f200000, 0x000000070f200000|100%|HS|  |TAMS 0x000000070f000000| PB 0x000000070f000000| Complete |  0
|  77|0x000000070f200000, 0x000000070f400000, 0x000000070f400000|100%|HS|  |TAMS 0x000000070f200000| PB 0x000000070f200000| Complete |  0
|  78|0x000000070f400000, 0x000000070f600000, 0x000000070f600000|100%|HS|  |TAMS 0x000000070f400000| PB 0x000000070f400000| Complete |  0
|  79|0x000000070f600000, 0x000000070f800000, 0x000000070f800000|100%|HS|  |TAMS 0x000000070f600000| PB 0x000000070f600000| Complete |  0
|  80|0x000000070f800000, 0x000000070fa00000, 0x000000070fa00000|100%|HS|  |TAMS 0x000000070f800000| PB 0x000000070f800000| Complete |  0
|  81|0x000000070fa00000, 0x000000070fc00000, 0x000000070fc00000|100%|HS|  |TAMS 0x000000070fa00000| PB 0x000000070fa00000| Complete |  0
|  82|0x000000070fc00000, 0x000000070fe00000, 0x000000070fe00000|100%|HS|  |TAMS 0x000000070fc00000| PB 0x000000070fc00000| Complete |  0
|  83|0x000000070fe00000, 0x0000000710000000, 0x0000000710000000|100%|HS|  |TAMS 0x000000070fe00000| PB 0x000000070fe00000| Complete |  0
|  84|0x0000000710000000, 0x0000000710200000, 0x0000000710200000|100%|HS|  |TAMS 0x0000000710000000| PB 0x0000000710000000| Complete |  0
|  85|0x0000000710200000, 0x0000000710400000, 0x0000000710400000|100%|HS|  |TAMS 0x0000000710200000| PB 0x0000000710200000| Complete |  0
|  86|0x0000000710400000, 0x0000000710600000, 0x0000000710600000|100%|HS|  |TAMS 0x0000000710400000| PB 0x0000000710400000| Complete |  0
|  87|0x0000000710600000, 0x0000000710800000, 0x0000000710800000|100%|HS|  |TAMS 0x0000000710600000| PB 0x0000000710600000| Complete |  0
|  88|0x0000000710800000, 0x0000000710a00000, 0x0000000710a00000|100%|HS|  |TAMS 0x0000000710800000| PB 0x0000000710800000| Complete |  0
|  89|0x0000000710a00000, 0x0000000710c00000, 0x0000000710c00000|100%|HS|  |TAMS 0x0000000710a00000| PB 0x0000000710a00000| Complete |  0
|  90|0x0000000710c00000, 0x0000000710e00000, 0x0000000710e00000|100%|HS|  |TAMS 0x0000000710c00000| PB 0x0000000710c00000| Complete |  0
|  91|0x0000000710e00000, 0x0000000711000000, 0x0000000711000000|100%|HS|  |TAMS 0x0000000710e00000| PB 0x0000000710e00000| Complete |  0
|  92|0x0000000711000000, 0x0000000711200000, 0x0000000711200000|100%|HS|  |TAMS 0x0000000711000000| PB 0x0000000711000000| Complete |  0
|  93|0x0000000711200000, 0x0000000711400000, 0x0000000711400000|100%|HS|  |TAMS 0x0000000711200000| PB 0x0000000711200000| Complete |  0
|  94|0x0000000711400000, 0x0000000711600000, 0x0000000711600000|100%|HS|  |TAMS 0x0000000711400000| PB 0x0000000711400000| Complete |  0
|  95|0x0000000711600000, 0x0000000711800000, 0x0000000711800000|100%|HS|  |TAMS 0x0000000711600000| PB 0x0000000711600000| Complete |  0
|  96|0x0000000711800000, 0x0000000711a00000, 0x0000000711a00000|100%|HS|  |TAMS 0x0000000711800000| PB 0x0000000711800000| Complete |  0
|  97|0x0000000711a00000, 0x0000000711c00000, 0x0000000711c00000|100%|HS|  |TAMS 0x0000000711a00000| PB 0x0000000711a00000| Complete |  0
|  98|0x0000000711c00000, 0x0000000711e00000, 0x0000000711e00000|100%|HS|  |TAMS 0x0000000711c00000| PB 0x0000000711c00000| Complete |  0
|  99|0x0000000711e00000, 0x0000000712000000, 0x0000000712000000|100%|HS|  |TAMS 0x0000000711e00000| PB 0x0000000711e00000| Complete |  0
| 100|0x0000000712000000, 0x0000000712200000, 0x0000000712200000|100%|HS|  |TAMS 0x0000000712000000| PB 0x0000000712000000| Complete |  0
| 101|0x0000000712200000, 0x0000000712400000, 0x0000000712400000|100%|HS|  |TAMS 0x0000000712200000| PB 0x0000000712200000| Complete |  0
| 102|0x0000000712400000, 0x0000000712600000, 0x0000000712600000|100%|HS|  |TAMS 0x0000000712400000| PB 0x0000000712400000| Complete |  0
| 103|0x0000000712600000, 0x0000000712800000, 0x0000000712800000|100%|HS|  |TAMS 0x0000000712600000| PB 0x0000000712600000| Complete |  0
| 104|0x0000000712800000, 0x0000000712a00000, 0x0000000712a00000|100%|HS|  |TAMS 0x0000000712800000| PB 0x0000000712800000| Complete |  0
| 105|0x0000000712a00000, 0x0000000712c00000, 0x0000000712c00000|100%|HS|  |TAMS 0x0000000712a00000| PB 0x0000000712a00000| Complete |  0
| 106|0x0000000712c00000, 0x0000000712e00000, 0x0000000712e00000|100%|HS|  |TAMS 0x0000000712c00000| PB 0x0000000712c00000| Complete |  0
| 107|0x0000000712e00000, 0x0000000713000000, 0x0000000713000000|100%| O|  |TAMS 0x0000000712e00000| PB 0x0000000712e00000| Untracked |  0
| 108|0x0000000713000000, 0x0000000713200000, 0x0000000713200000|100%| O|Cm|TAMS 0x0000000713000000| PB 0x0000000713000000| Complete |  0
| 109|0x0000000713200000, 0x0000000713200000, 0x0000000713400000|  0%| F|  |TAMS 0x0000000713200000| PB 0x0000000713200000| Untracked |  0
| 110|0x0000000713400000, 0x0000000713600000, 0x0000000713600000|100%| O|  |TAMS 0x0000000713400000| PB 0x0000000713400000| Untracked |  0
| 111|0x0000000713600000, 0x0000000713779c00, 0x0000000713800000| 73%| O|  |TAMS 0x0000000713600000| PB 0x0000000713600000| Untracked |  0
| 112|0x0000000713800000, 0x0000000713800000, 0x0000000713a00000|  0%| F|  |TAMS 0x0000000713800000| PB 0x0000000713800000| Untracked |  0
| 113|0x0000000713a00000, 0x0000000713a00000, 0x0000000713c00000|  0%| F|  |TAMS 0x0000000713a00000| PB 0x0000000713a00000| Untracked |  0
| 114|0x0000000713c00000, 0x0000000713c00000, 0x0000000713e00000|  0%| F|  |TAMS 0x0000000713c00000| PB 0x0000000713c00000| Untracked |  0
| 115|0x0000000713e00000, 0x0000000713e00000, 0x0000000714000000|  0%| F|  |TAMS 0x0000000713e00000| PB 0x0000000713e00000| Untracked |  0
| 116|0x0000000714000000, 0x0000000714000000, 0x0000000714200000|  0%| F|  |TAMS 0x0000000714000000| PB 0x0000000714000000| Untracked |  0
| 117|0x0000000714200000, 0x0000000714200000, 0x0000000714400000|  0%| F|  |TAMS 0x0000000714200000| PB 0x0000000714200000| Untracked |  0
| 118|0x0000000714400000, 0x00000007144756c0, 0x0000000714600000| 22%| S|CS|TAMS 0x0000000714400000| PB 0x0000000714400000| Complete |  0
| 119|0x0000000714600000, 0x0000000714600000, 0x0000000714800000|  0%| F|  |TAMS 0x0000000714600000| PB 0x0000000714600000| Untracked |  0
| 120|0x0000000714800000, 0x0000000714800000, 0x0000000714a00000|  0%| F|  |TAMS 0x0000000714800000| PB 0x0000000714800000| Untracked |  0
| 121|0x0000000714a00000, 0x0000000714a00000, 0x0000000714c00000|  0%| F|  |TAMS 0x0000000714a00000| PB 0x0000000714a00000| Untracked |  0
| 122|0x0000000714c00000, 0x0000000714c00000, 0x0000000714e00000|  0%| F|  |TAMS 0x0000000714c00000| PB 0x0000000714c00000| Untracked |  0
| 123|0x0000000714e00000, 0x0000000714e00000, 0x0000000715000000|  0%| F|  |TAMS 0x0000000714e00000| PB 0x0000000714e00000| Untracked |  0
| 124|0x0000000715000000, 0x0000000715000000, 0x0000000715200000|  0%| F|  |TAMS 0x0000000715000000| PB 0x0000000715000000| Untracked |  0
| 125|0x0000000715200000, 0x0000000715200000, 0x0000000715400000|  0%| F|  |TAMS 0x0000000715200000| PB 0x0000000715200000| Untracked |  0
| 126|0x0000000715400000, 0x0000000715400000, 0x0000000715600000|  0%| F|  |TAMS 0x0000000715400000| PB 0x0000000715400000| Untracked |  0
| 127|0x0000000715600000, 0x0000000715600000, 0x0000000715800000|  0%| F|  |TAMS 0x0000000715600000| PB 0x0000000715600000| Untracked |  0
| 128|0x0000000715800000, 0x0000000715800000, 0x0000000715a00000|  0%| F|  |TAMS 0x0000000715800000| PB 0x0000000715800000| Untracked |  0
| 129|0x0000000715a00000, 0x0000000715a00000, 0x0000000715c00000|  0%| F|  |TAMS 0x0000000715a00000| PB 0x0000000715a00000| Untracked |  0
| 130|0x0000000715c00000, 0x0000000715c00000, 0x0000000715e00000|  0%| F|  |TAMS 0x0000000715c00000| PB 0x0000000715c00000| Untracked |  0
| 131|0x0000000715e00000, 0x0000000715e00000, 0x0000000716000000|  0%| F|  |TAMS 0x0000000715e00000| PB 0x0000000715e00000| Untracked |  0
| 132|0x0000000716000000, 0x0000000716000000, 0x0000000716200000|  0%| F|  |TAMS 0x0000000716000000| PB 0x0000000716000000| Untracked |  0
| 133|0x0000000716200000, 0x0000000716200000, 0x0000000716400000|  0%| F|  |TAMS 0x0000000716200000| PB 0x0000000716200000| Untracked |  0
| 134|0x0000000716400000, 0x000000071644e640, 0x0000000716600000| 15%| E|  |TAMS 0x0000000716400000| PB 0x0000000716400000| Complete |  0
| 135|0x0000000716600000, 0x0000000716800000, 0x0000000716800000|100%| E|CS|TAMS 0x0000000716600000| PB 0x0000000716600000| Complete |  0
| 136|0x0000000716800000, 0x0000000716a00000, 0x0000000716a00000|100%| E|CS|TAMS 0x0000000716800000| PB 0x0000000716800000| Complete |  0
| 137|0x0000000716a00000, 0x0000000716c00000, 0x0000000716c00000|100%| E|CS|TAMS 0x0000000716a00000| PB 0x0000000716a00000| Complete |  0
| 138|0x0000000716c00000, 0x0000000716e00000, 0x0000000716e00000|100%| E|CS|TAMS 0x0000000716c00000| PB 0x0000000716c00000| Complete |  0
| 139|0x0000000716e00000, 0x0000000717000000, 0x0000000717000000|100%| E|CS|TAMS 0x0000000716e00000| PB 0x0000000716e00000| Complete |  0
| 140|0x0000000717000000, 0x0000000717200000, 0x0000000717200000|100%| E|CS|TAMS 0x0000000717000000| PB 0x0000000717000000| Complete |  0
| 141|0x0000000717200000, 0x0000000717400000, 0x0000000717400000|100%| E|CS|TAMS 0x0000000717200000| PB 0x0000000717200000| Complete |  0
| 142|0x0000000717400000, 0x0000000717600000, 0x0000000717600000|100%| E|CS|TAMS 0x0000000717400000| PB 0x0000000717400000| Complete |  0
| 143|0x0000000717600000, 0x0000000717800000, 0x0000000717800000|100%| E|CS|TAMS 0x0000000717600000| PB 0x0000000717600000| Complete |  0
| 144|0x0000000717800000, 0x0000000717a00000, 0x0000000717a00000|100%| E|CS|TAMS 0x0000000717800000| PB 0x0000000717800000| Complete |  0
| 145|0x0000000717a00000, 0x0000000717c00000, 0x0000000717c00000|100%| E|CS|TAMS 0x0000000717a00000| PB 0x0000000717a00000| Complete |  0
| 146|0x0000000717c00000, 0x0000000717e00000, 0x0000000717e00000|100%| E|CS|TAMS 0x0000000717c00000| PB 0x0000000717c00000| Complete |  0
| 147|0x0000000717e00000, 0x0000000718000000, 0x0000000718000000|100%| E|CS|TAMS 0x0000000717e00000| PB 0x0000000717e00000| Complete |  0
| 148|0x0000000718000000, 0x0000000718200000, 0x0000000718200000|100%| E|CS|TAMS 0x0000000718000000| PB 0x0000000718000000| Complete |  0
| 149|0x0000000718200000, 0x0000000718400000, 0x0000000718400000|100%| E|CS|TAMS 0x0000000718200000| PB 0x0000000718200000| Complete |  0
| 150|0x0000000718400000, 0x0000000718600000, 0x0000000718600000|100%| E|CS|TAMS 0x0000000718400000| PB 0x0000000718400000| Complete |  0
| 151|0x0000000718600000, 0x0000000718800000, 0x0000000718800000|100%| E|CS|TAMS 0x0000000718600000| PB 0x0000000718600000| Complete |  0
| 152|0x0000000718800000, 0x0000000718a00000, 0x0000000718a00000|100%| E|CS|TAMS 0x0000000718800000| PB 0x0000000718800000| Complete |  0
| 153|0x0000000718a00000, 0x0000000718c00000, 0x0000000718c00000|100%| E|CS|TAMS 0x0000000718a00000| PB 0x0000000718a00000| Complete |  0
| 154|0x0000000718c00000, 0x0000000718e00000, 0x0000000718e00000|100%| E|CS|TAMS 0x0000000718c00000| PB 0x0000000718c00000| Complete |  0
| 155|0x0000000718e00000, 0x0000000719000000, 0x0000000719000000|100%| E|CS|TAMS 0x0000000718e00000| PB 0x0000000718e00000| Complete |  0
| 156|0x0000000719000000, 0x0000000719200000, 0x0000000719200000|100%| E|CS|TAMS 0x0000000719000000| PB 0x0000000719000000| Complete |  0
| 157|0x0000000719200000, 0x0000000719400000, 0x0000000719400000|100%| E|CS|TAMS 0x0000000719200000| PB 0x0000000719200000| Complete |  0
| 158|0x0000000719400000, 0x0000000719600000, 0x0000000719600000|100%| E|CS|TAMS 0x0000000719400000| PB 0x0000000719400000| Complete |  0
| 159|0x0000000719600000, 0x0000000719800000, 0x0000000719800000|100%| E|CS|TAMS 0x0000000719600000| PB 0x0000000719600000| Complete |  0
| 160|0x0000000719800000, 0x0000000719a00000, 0x0000000719a00000|100%| E|CS|TAMS 0x0000000719800000| PB 0x0000000719800000| Complete |  0
| 161|0x0000000719a00000, 0x0000000719c00000, 0x0000000719c00000|100%| E|CS|TAMS 0x0000000719a00000| PB 0x0000000719a00000| Complete |  0
| 162|0x0000000719c00000, 0x0000000719e00000, 0x0000000719e00000|100%| E|CS|TAMS 0x0000000719c00000| PB 0x0000000719c00000| Complete |  0
| 163|0x0000000719e00000, 0x000000071a000000, 0x000000071a000000|100%| E|CS|TAMS 0x0000000719e00000| PB 0x0000000719e00000| Complete |  0
| 164|0x000000071a000000, 0x000000071a200000, 0x000000071a200000|100%| E|CS|TAMS 0x000000071a000000| PB 0x000000071a000000| Complete |  0
| 165|0x000000071a200000, 0x000000071a400000, 0x000000071a400000|100%| E|CS|TAMS 0x000000071a200000| PB 0x000000071a200000| Complete |  0
| 166|0x000000071a400000, 0x000000071a600000, 0x000000071a600000|100%| E|CS|TAMS 0x000000071a400000| PB 0x000000071a400000| Complete |  0
| 167|0x000000071a600000, 0x000000071a800000, 0x000000071a800000|100%| E|CS|TAMS 0x000000071a600000| PB 0x000000071a600000| Complete |  0
| 168|0x000000071a800000, 0x000000071aa00000, 0x000000071aa00000|100%| E|CS|TAMS 0x000000071a800000| PB 0x000000071a800000| Complete |  0
| 169|0x000000071aa00000, 0x000000071ac00000, 0x000000071ac00000|100%| E|CS|TAMS 0x000000071aa00000| PB 0x000000071aa00000| Complete |  0
| 170|0x000000071ac00000, 0x000000071ae00000, 0x000000071ae00000|100%| E|CS|TAMS 0x000000071ac00000| PB 0x000000071ac00000| Complete |  0
| 171|0x000000071ae00000, 0x000000071b000000, 0x000000071b000000|100%| E|CS|TAMS 0x000000071ae00000| PB 0x000000071ae00000| Complete |  0
| 172|0x000000071b000000, 0x000000071b200000, 0x000000071b200000|100%| E|CS|TAMS 0x000000071b000000| PB 0x000000071b000000| Complete |  0
| 173|0x000000071b200000, 0x000000071b400000, 0x000000071b400000|100%| E|CS|TAMS 0x000000071b200000| PB 0x000000071b200000| Complete |  0
| 174|0x000000071b400000, 0x000000071b600000, 0x000000071b600000|100%| E|CS|TAMS 0x000000071b400000| PB 0x000000071b400000| Complete |  0
| 175|0x000000071b600000, 0x000000071b800000, 0x000000071b800000|100%| E|CS|TAMS 0x000000071b600000| PB 0x000000071b600000| Complete |  0
| 176|0x000000071b800000, 0x000000071ba00000, 0x000000071ba00000|100%| E|CS|TAMS 0x000000071b800000| PB 0x000000071b800000| Complete |  0
| 177|0x000000071ba00000, 0x000000071bc00000, 0x000000071bc00000|100%| E|CS|TAMS 0x000000071ba00000| PB 0x000000071ba00000| Complete |  0
| 178|0x000000071bc00000, 0x000000071be00000, 0x000000071be00000|100%| E|CS|TAMS 0x000000071bc00000| PB 0x000000071bc00000| Complete |  0
| 179|0x000000071be00000, 0x000000071c000000, 0x000000071c000000|100%| E|CS|TAMS 0x000000071be00000| PB 0x000000071be00000| Complete |  0
| 180|0x000000071c000000, 0x000000071c200000, 0x000000071c200000|100%| E|CS|TAMS 0x000000071c000000| PB 0x000000071c000000| Complete |  0
| 181|0x000000071c200000, 0x000000071c400000, 0x000000071c400000|100%| E|CS|TAMS 0x000000071c200000| PB 0x000000071c200000| Complete |  0
| 182|0x000000071c400000, 0x000000071c600000, 0x000000071c600000|100%| E|CS|TAMS 0x000000071c400000| PB 0x000000071c400000| Complete |  0
| 183|0x000000071c600000, 0x000000071c800000, 0x000000071c800000|100%| E|CS|TAMS 0x000000071c600000| PB 0x000000071c600000| Complete |  0
| 184|0x000000071c800000, 0x000000071ca00000, 0x000000071ca00000|100%| E|CS|TAMS 0x000000071c800000| PB 0x000000071c800000| Complete |  0
| 185|0x000000071ca00000, 0x000000071cc00000, 0x000000071cc00000|100%| E|CS|TAMS 0x000000071ca00000| PB 0x000000071ca00000| Complete |  0
|2003|0x00000007ffe00000, 0x0000000800000000, 0x0000000800000000|100%| E|CS|TAMS 0x00000007ffe00000| PB 0x00000007ffe00000| Complete |  0

Card table byte_map: [0x0000021658470000,0x0000021658c50000] _byte_map_base: 0x0000021654c44000

Marking Bits: (CMBitMap*) 0x000002163fe0d900
 Bits: [0x0000021658c50000, 0x000002165caf0000)

Polling page: 0x000002163dc90000

Metaspace:
Metaspace        used 18750K, committed 19008K, reserved 1114112K
 class space     used 2098K, committed 2240K, reserved 1048576K

Usage:
  Non-class:     16.26 MB used.
      Class:      2.05 MB used.
       Both:     18.31 MB used.

Virtual space:
  Non-class space:       64.00 MB reserved,      16.38 MB ( 26%) committed,  1 nodes.
      Class space:        1.00 GB reserved,       2.19 MB ( <1%) committed,  1 nodes.
             Both:        1.06 GB reserved,      18.56 MB (  2%) committed. 

Chunk freelists:
   Non-Class:  14.94 MB
       Class:  13.84 MB
        Both:  28.78 MB

MaxMetaspaceSize: unlimited
CompressedClassSpaceSize: 1.00 GB
Initial GC threshold: 21.00 MB
Current GC threshold: 30.94 MB
CDS: on
 - commit_granule_bytes: 65536.
 - commit_granule_words: 8192.
 - virtual_space_node_default_size: 8388608.
 - enlarge_chunks_in_place: 1.
UseCompressedClassPointers 1, UseCompactObjectHeaders 0
Narrow klass pointer bits 32, Max shift 3
Narrow klass base: 0x0000000017000000, Narrow klass shift: 0
Encoding Range: [0x0000000017000000 - 0x0000000117000000), (4294967296 bytes)
Klass Range:    [0x0000000017010000 - 0x0000000058000000), (1090453504 bytes)
Klass ID Range:  [65536 - 1090519033) (1090453497)
Protection zone: [0x0000000017000000 - 0x0000000017010000), (65536 bytes)


Internal statistics:

num_allocs_failed_limit: 0.
num_arena_births: 180.
num_arena_deaths: 0.
num_vsnodes_births: 2.
num_vsnodes_deaths: 0.
num_space_committed: 297.
num_space_uncommitted: 0.
num_chunks_returned_to_freelist: 0.
num_chunks_taken_from_freelist: 732.
num_chunk_merges: 0.
num_chunk_splits: 508.
num_chunks_enlarged: 419.
num_inconsistent_stats: 0.

CodeHeap 'non-profiled nmethods': size=120064Kb used=1591Kb max_used=1628Kb free=118472Kb
 bounds [0x00000216500e0000, 0x0000021650350000, 0x0000021657620000]
CodeHeap 'profiled nmethods': size=120000Kb used=6393Kb max_used=6672Kb free=113607Kb
 bounds [0x0000021648620000, 0x0000021648cb0000, 0x000002164fb50000]
CodeHeap 'non-nmethods': size=5696Kb used=1799Kb max_used=1936Kb free=3897Kb
 bounds [0x000002164fb50000, 0x000002164fdc0000, 0x00000216500e0000]
CodeCache: size=245760Kb, used=9783Kb, max_used=10236Kb, free=235976Kb
 total_blobs=4985, nmethods=4063, adapters=823, full_count=0
Compilation: enabled, stopped_count=0, restarted_count=0

Compilation events (20 events):
Event: 20.598 Thread 0x000002165f581400 4696       4       java.lang.Thread::<init> (10 bytes)
Event: 20.599 Thread 0x000002165f581400 nmethod 4696 0x0000021650277008 code [0x0000021650277100, 0x00000216502771b0]
Event: 20.790 Thread 0x000002165f581400 4697       4       java.util.concurrent.LinkedBlockingQueue::dequeue (32 bytes)
Event: 20.791 Thread 0x000002165f581400 nmethod 4697 0x00000216501a2608 code [0x00000216501a2700, 0x00000216501a2a80]
Event: 20.791 Thread 0x000002165f581400 4698       4       java.util.concurrent.atomic.AtomicInteger::getAndDecrement (12 bytes)
Event: 20.792 Thread 0x000002165f581400 nmethod 4698 0x000002165014c708 code [0x000002165014c800, 0x000002165014c880]
Event: 21.750 Thread 0x000002165f581400 4699       4       java.util.concurrent.locks.LockSupport::setCurrentBlocker (14 bytes)
Event: 21.751 Thread 0x000002165f581400 nmethod 4699 0x000002165024b208 code [0x000002165024b300, 0x000002165024b478]
Event: 21.821 Thread 0x000002165f581400 4700       4       java.util.concurrent.locks.AbstractQueuedSynchronizer$ConditionObject::canReacquire (38 bytes)
Event: 21.823 Thread 0x000002165f581400 nmethod 4700 0x000002165024d908 code [0x000002165024da00, 0x000002165024dad0]
Event: 21.919 Thread 0x000002165f581400 4701       4       java.util.HashMap$EntryIterator::next (5 bytes)
Event: 21.924 Thread 0x000002165f581400 nmethod 4701 0x0000021650130888 code [0x0000021650130980, 0x0000021650130f78]
Event: 54.009 Thread 0x000002165f581400 4702       4       java.util.TaskQueue::getMin (7 bytes)
Event: 54.011 Thread 0x000002165f581400 nmethod 4702 0x000002165025f108 code [0x000002165025f200, 0x000002165025f2b8]
Event: 76.186 Thread 0x000002165f581400 4703       4       com.sun.javafx.tk.quantum.QuantumToolkit::postPulse (133 bytes)
Event: 76.207 Thread 0x000002165f581400 nmethod 4703 0x0000021650223d88 code [0x0000021650223e80, 0x0000021650225478]
Event: 86.522 Thread 0x000002165f581400 4704       4       com.sun.javafx.tk.quantum.QuantumToolkit$$Lambda/0x000000001806ef10::run (8 bytes)
Event: 86.524 Thread 0x000002165f581400 nmethod 4704 0x0000021650139308 code [0x0000021650139400, 0x00000216501394c8]
Event: 88.311 Thread 0x000002165f5867c0 4705       1       java.util.logging.Logger::getName (5 bytes)
Event: 88.311 Thread 0x000002165f5867c0 nmethod 4705 0x0000021650264608 code [0x0000021650264700, 0x00000216502647c8]

GC Heap Usage History (20 events):
Event: 5.010 {heap Before GC invocations=8 (full 0):
 garbage-first heap   total reserved 4104192K, committed 268288K, used 248399K [0x0000000705800000, 0x0000000800000000)
  region size 2048K, 12 young (24576K), 1 survivors (2048K)
}
Event: 5.012 {heap After GC invocations=9 (full 0):
 garbage-first heap   total reserved 4104192K, committed 268288K, used 225865K [0x0000000705800000, 0x0000000800000000)
  region size 2048K, 1 young (2048K), 1 survivors (2048K)
}
Event: 6.649 {heap Before GC invocations=10 (full 0):
 garbage-first heap   total reserved 4104192K, committed 382976K, used 244297K [0x0000000705800000, 0x0000000800000000)
  region size 2048K, 10 young (20480K), 1 survivors (2048K)
}
Event: 6.650 {heap After GC invocations=11 (full 0):
 garbage-first heap   total reserved 4104192K, committed 382976K, used 225943K [0x0000000705800000, 0x0000000800000000)
  region size 2048K, 1 young (2048K), 1 survivors (2048K)
}
Event: 8.718 {heap Before GC invocations=11 (full 0):
 garbage-first heap   total reserved 4104192K, committed 382976K, used 357015K [0x0000000705800000, 0x0000000800000000)
  region size 2048K, 65 young (133120K), 1 survivors (2048K)
}
Event: 8.719 {heap After GC invocations=12 (full 0):
 garbage-first heap   total reserved 4104192K, committed 382976K, used 225311K [0x0000000705800000, 0x0000000800000000)
  region size 2048K, 1 young (2048K), 1 survivors (2048K)
}
Event: 9.983 {heap Before GC invocations=12 (full 0):
 garbage-first heap   total reserved 4104192K, committed 382976K, used 360479K [0x0000000705800000, 0x0000000800000000)
  region size 2048K, 67 young (137216K), 1 survivors (2048K)
}
Event: 9.985 {heap After GC invocations=13 (full 0):
 garbage-first heap   total reserved 4104192K, committed 382976K, used 225340K [0x0000000705800000, 0x0000000800000000)
  region size 2048K, 1 young (2048K), 1 survivors (2048K)
}
Event: 11.278 {heap Before GC invocations=14 (full 0):
 garbage-first heap   total reserved 4104192K, committed 382976K, used 360508K [0x0000000705800000, 0x0000000800000000)
  region size 2048K, 67 young (137216K), 1 survivors (2048K)
}
Event: 11.280 {heap After GC invocations=15 (full 0):
 garbage-first heap   total reserved 4104192K, committed 382976K, used 225331K [0x0000000705800000, 0x0000000800000000)
  region size 2048K, 1 young (2048K), 1 survivors (2048K)
}
Event: 13.182 {heap Before GC invocations=15 (full 0):
 garbage-first heap   total reserved 4104192K, committed 382976K, used 362547K [0x0000000705800000, 0x0000000800000000)
  region size 2048K, 67 young (137216K), 1 survivors (2048K)
}
Event: 13.186 {heap After GC invocations=16 (full 0):
 garbage-first heap   total reserved 4104192K, committed 382976K, used 227133K [0x0000000705800000, 0x0000000800000000)
  region size 2048K, 1 young (2048K), 1 survivors (2048K)
}
Event: 14.289 {heap Before GC invocations=16 (full 0):
 garbage-first heap   total reserved 4104192K, committed 382976K, used 360253K [0x0000000705800000, 0x0000000800000000)
  region size 2048K, 66 young (135168K), 1 survivors (2048K)
}
Event: 14.292 {heap After GC invocations=17 (full 0):
 garbage-first heap   total reserved 4104192K, committed 382976K, used 227118K [0x0000000705800000, 0x0000000800000000)
  region size 2048K, 1 young (2048K), 1 survivors (2048K)
}
Event: 17.024 {heap Before GC invocations=18 (full 0):
 garbage-first heap   total reserved 4104192K, committed 382976K, used 358190K [0x0000000705800000, 0x0000000800000000)
  region size 2048K, 66 young (135168K), 1 survivors (2048K)
}
Event: 17.026 {heap After GC invocations=19 (full 0):
 garbage-first heap   total reserved 4104192K, committed 382976K, used 225094K [0x0000000705800000, 0x0000000800000000)
  region size 2048K, 1 young (2048K), 1 survivors (2048K)
}
Event: 18.697 {heap Before GC invocations=19 (full 0):
 garbage-first heap   total reserved 4104192K, committed 382976K, used 360262K [0x0000000705800000, 0x0000000800000000)
  region size 2048K, 67 young (137216K), 1 survivors (2048K)
}
Event: 18.699 {heap After GC invocations=20 (full 0):
 garbage-first heap   total reserved 4104192K, committed 382976K, used 223225K [0x0000000705800000, 0x0000000800000000)
  region size 2048K, 1 young (2048K), 1 survivors (2048K)
}
Event: 20.621 {heap Before GC invocations=20 (full 0):
 garbage-first heap   total reserved 4104192K, committed 382976K, used 360441K [0x0000000705800000, 0x0000000800000000)
  region size 2048K, 68 young (139264K), 1 survivors (2048K)
}
Event: 20.623 {heap After GC invocations=21 (full 0):
 garbage-first heap   total reserved 4104192K, committed 382976K, used 223164K [0x0000000705800000, 0x0000000800000000)
  region size 2048K, 1 young (2048K), 1 survivors (2048K)
}

Metaspace Usage History (20 events):
Event: 5.010 {metaspace Before GC invocations=8 (full 0):
 Metaspace       used 17698K, committed 17984K, reserved 1114112K
  class space    used 2025K, committed 2176K, reserved 1048576K
}
Event: 5.012 {metaspace After GC invocations=9 (full 0):
 Metaspace       used 17698K, committed 17984K, reserved 1114112K
  class space    used 2025K, committed 2176K, reserved 1048576K
}
Event: 6.649 {metaspace Before GC invocations=10 (full 0):
 Metaspace       used 17928K, committed 18240K, reserved 1114112K
  class space    used 2029K, committed 2176K, reserved 1048576K
}
Event: 6.650 {metaspace After GC invocations=11 (full 0):
 Metaspace       used 17928K, committed 18240K, reserved 1114112K
  class space    used 2029K, committed 2176K, reserved 1048576K
}
Event: 8.718 {metaspace Before GC invocations=11 (full 0):
 Metaspace       used 18185K, committed 18496K, reserved 1114112K
  class space    used 2036K, committed 2176K, reserved 1048576K
}
Event: 8.719 {metaspace After GC invocations=12 (full 0):
 Metaspace       used 18185K, committed 18496K, reserved 1114112K
  class space    used 2036K, committed 2176K, reserved 1048576K
}
Event: 9.983 {metaspace Before GC invocations=12 (full 0):
 Metaspace       used 18306K, committed 18560K, reserved 1114112K
  class space    used 2036K, committed 2176K, reserved 1048576K
}
Event: 9.985 {metaspace After GC invocations=13 (full 0):
 Metaspace       used 18306K, committed 18560K, reserved 1114112K
  class space    used 2036K, committed 2176K, reserved 1048576K
}
Event: 11.278 {metaspace Before GC invocations=14 (full 0):
 Metaspace       used 18318K, committed 18560K, reserved 1114112K
  class space    used 2036K, committed 2176K, reserved 1048576K
}
Event: 11.280 {metaspace After GC invocations=15 (full 0):
 Metaspace       used 18318K, committed 18560K, reserved 1114112K
  class space    used 2036K, committed 2176K, reserved 1048576K
}
Event: 13.182 {metaspace Before GC invocations=15 (full 0):
 Metaspace       used 18707K, committed 19008K, reserved 1114112K
  class space    used 2093K, committed 2240K, reserved 1048576K
}
Event: 13.186 {metaspace After GC invocations=16 (full 0):
 Metaspace       used 18707K, committed 19008K, reserved 1114112K
  class space    used 2093K, committed 2240K, reserved 1048576K
}
Event: 14.289 {metaspace Before GC invocations=16 (full 0):
 Metaspace       used 18711K, committed 19008K, reserved 1114112K
  class space    used 2093K, committed 2240K, reserved 1048576K
}
Event: 14.292 {metaspace After GC invocations=17 (full 0):
 Metaspace       used 18711K, committed 19008K, reserved 1114112K
  class space    used 2093K, committed 2240K, reserved 1048576K
}
Event: 17.024 {metaspace Before GC invocations=18 (full 0):
 Metaspace       used 18714K, committed 19008K, reserved 1114112K
  class space    used 2093K, committed 2240K, reserved 1048576K
}
Event: 17.026 {metaspace After GC invocations=19 (full 0):
 Metaspace       used 18714K, committed 19008K, reserved 1114112K
  class space    used 2093K, committed 2240K, reserved 1048576K
}
Event: 18.697 {metaspace Before GC invocations=19 (full 0):
 Metaspace       used 18719K, committed 19008K, reserved 1114112K
  class space    used 2093K, committed 2240K, reserved 1048576K
}
Event: 18.699 {metaspace After GC invocations=20 (full 0):
 Metaspace       used 18719K, committed 19008K, reserved 1114112K
  class space    used 2093K, committed 2240K, reserved 1048576K
}
Event: 20.621 {metaspace Before GC invocations=20 (full 0):
 Metaspace       used 18740K, committed 19008K, reserved 1114112K
  class space    used 2097K, committed 2240K, reserved 1048576K
}
Event: 20.623 {metaspace After GC invocations=21 (full 0):
 Metaspace       used 18740K, committed 19008K, reserved 1114112K
  class space    used 2097K, committed 2240K, reserved 1048576K
}

Dll operation events (20 events):
Event: 0.295 Loaded shared library C:\Users\HP\Downloads\javafx-sdk-25\bin\api-ms-win-crt-locale-l1-1-0.dll
Event: 0.296 Loaded shared library C:\Users\HP\Downloads\javafx-sdk-25\bin\api-ms-win-crt-math-l1-1-0.dll
Event: 0.298 Loaded shared library C:\Users\HP\Downloads\javafx-sdk-25\bin\api-ms-win-crt-multibyte-l1-1-0.dll
Event: 0.299 Loaded shared library C:\Users\HP\Downloads\javafx-sdk-25\bin\api-ms-win-crt-private-l1-1-0.dll
Event: 0.300 Loaded shared library C:\Users\HP\Downloads\javafx-sdk-25\bin\api-ms-win-crt-process-l1-1-0.dll
Event: 0.300 Loaded shared library C:\Users\HP\Downloads\javafx-sdk-25\bin\api-ms-win-crt-runtime-l1-1-0.dll
Event: 0.301 Loaded shared library C:\Users\HP\Downloads\javafx-sdk-25\bin\api-ms-win-crt-stdio-l1-1-0.dll
Event: 0.302 Loaded shared library C:\Users\HP\Downloads\javafx-sdk-25\bin\api-ms-win-crt-string-l1-1-0.dll
Event: 0.303 Loaded shared library C:\Users\HP\Downloads\javafx-sdk-25\bin\api-ms-win-crt-time-l1-1-0.dll
Event: 0.303 Loaded shared library C:\Users\HP\Downloads\javafx-sdk-25\bin\api-ms-win-crt-utility-l1-1-0.dll
Event: 0.304 Loaded shared library C:\Users\HP\Downloads\javafx-sdk-25\bin\ucrtbase.dll
Event: 0.305 Loaded shared library C:\Users\HP\Downloads\javafx-sdk-25\bin\vcruntime140.dll
Event: 0.306 Loaded shared library C:\Users\HP\Downloads\javafx-sdk-25\bin\vcruntime140_1.dll
Event: 0.307 Loaded shared library C:\Users\HP\Downloads\javafx-sdk-25\bin\msvcp140.dll
Event: 0.308 Loaded shared library C:\Users\HP\Downloads\javafx-sdk-25\bin\msvcp140_1.dll
Event: 0.309 Loaded shared library C:\Users\HP\Downloads\javafx-sdk-25\bin\msvcp140_2.dll
Event: 0.333 Loaded shared library C:\Users\HP\Downloads\javafx-sdk-25\bin\prism_d3d.dll
Event: 0.402 Loaded shared library C:\Users\HP\Downloads\javafx-sdk-25\bin\glass.dll
Event: 0.571 Loaded shared library C:\Users\HP\Downloads\javafx-sdk-25\bin\javafx_font.dll
Event: 3.103 Loaded shared library C:\Users\HP\Downloads\javafx-sdk-25\bin\javafx_iio.dll

Deoptimization events (20 events):
Event: 18.937 Thread 0x00000216644edf30 Uncommon trap: trap_request=0xffffffc6 fr.pc=0x00000216501b07f4 relative=0x0000000000000074
Event: 18.937 Thread 0x00000216644edf30 Uncommon trap: reason=bimorphic_or_optimized_type_check action=maybe_recompile pc=0x00000216501b07f4 method=com.sun.javafx.binding.ExpressionHelper.fireValueChangedEvent(Lcom/sun/javafx/binding/ExpressionHelper;)V @ 5 c2
Event: 18.937 Thread 0x00000216644edf30 DEOPT PACKING pc=0x00000216501b07f4 sp=0x0000001838bfafa0
Event: 18.938 Thread 0x00000216644edf30 DEOPT UNPACKING pc=0x000002164fc71b02 sp=0x0000001838bfaf30 mode 2
Event: 18.980 Thread 0x00000216644edf30 Uncommon trap: trap_request=0xffffff45 fr.pc=0x000002165024fd78 relative=0x00000000000001f8
Event: 18.981 Thread 0x00000216644edf30 Uncommon trap: reason=unstable_if action=reinterpret pc=0x000002165024fd78 method=java.util.HashMap$HashIterator.<init>(Ljava/util/HashMap;)V @ 50 c2
Event: 18.981 Thread 0x00000216644edf30 DEOPT PACKING pc=0x000002165024fd78 sp=0x0000001838bfc4b0
Event: 18.981 Thread 0x00000216644edf30 DEOPT UNPACKING pc=0x000002164fc71b02 sp=0x0000001838bfc468 mode 2
Event: 88.308 Thread 0x000002165f57aac0 Uncommon trap: trap_request=0xffffff45 fr.pc=0x0000021650275850 relative=0x0000000000001150
Event: 88.308 Thread 0x000002165f57aac0 Uncommon trap: reason=unstable_if action=reinterpret pc=0x0000021650275850 method=java.lang.Thread.<init>(Ljava/lang/ThreadGroup;Ljava/lang/String;ILjava/lang/Runnable;J)V @ 151 c2
Event: 88.308 Thread 0x000002165f57aac0 DEOPT PACKING pc=0x0000021650275850 sp=0x00000018377ff090
Event: 88.308 Thread 0x000002165f57aac0 DEOPT UNPACKING pc=0x000002164fc71b02 sp=0x00000018377ff080 mode 2
Event: 88.311 Thread 0x000002167f658ba0 Uncommon trap: trap_request=0xffffffcc fr.pc=0x000002165024e9a0 relative=0x00000000000003a0
Event: 88.311 Thread 0x000002167f658ba0 Uncommon trap: reason=intrinsic_or_type_checked_inlining action=make_not_entrant pc=0x000002165024e9a0 method=java.util.Arrays.copyOf([Ljava/lang/Object;ILjava/lang/Class;)[Ljava/lang/Object; @ 35 c2
Event: 88.311 Thread 0x000002167f658ba0 DEOPT PACKING pc=0x000002165024e9a0 sp=0x0000001836bfeec0
Event: 88.311 Thread 0x000002167f658ba0 DEOPT UNPACKING pc=0x000002164fc71b02 sp=0x0000001836bfee68 mode 2
Event: 88.315 Thread 0x0000021665dc5430 Uncommon trap: trap_request=0xffffff45 fr.pc=0x00000216502245a4 relative=0x0000000000000724
Event: 88.315 Thread 0x0000021665dc5430 Uncommon trap: reason=unstable_if action=reinterpret pc=0x00000216502245a4 method=com.sun.javafx.tk.quantum.QuantumToolkit.postPulse()V @ 7 c2
Event: 88.315 Thread 0x0000021665dc5430 DEOPT PACKING pc=0x00000216502245a4 sp=0x00000018392ff6e0
Event: 88.315 Thread 0x0000021665dc5430 DEOPT UNPACKING pc=0x000002164fc71b02 sp=0x00000018392ff698 mode 2

Classes loaded (20 events):
Event: 1.502 Loading class java/util/TaskQueue
Event: 1.502 Loading class java/util/TaskQueue done
Event: 1.502 Loading class java/util/TimerThread
Event: 1.502 Loading class java/util/TimerThread done
Event: 1.502 Loading class java/util/Timer$ThreadReaper
Event: 1.502 Loading class java/util/Timer$ThreadReaper done
Event: 2.939 Loading class java/io/UnsupportedEncodingException
Event: 2.939 Loading class java/io/UnsupportedEncodingException done
Event: 9.950 Loading class java/lang/Throwable$WrappedPrintStream
Event: 9.950 Loading class java/lang/Throwable$PrintStreamOrWriter
Event: 9.950 Loading class java/lang/Throwable$PrintStreamOrWriter done
Event: 9.950 Loading class java/lang/Throwable$WrappedPrintStream done
Event: 9.950 Loading class java/lang/StackTraceElement$HashedModules
Event: 9.950 Loading class java/lang/StackTraceElement$HashedModules done
Event: 18.927 Loading class java/util/concurrent/LinkedBlockingQueue$Itr
Event: 18.927 Loading class java/util/concurrent/LinkedBlockingQueue$Itr done
Event: 18.936 Loading class java/io/FileOutputStream$1
Event: 18.936 Loading class java/io/FileOutputStream$1 done
Event: 88.308 Loading class jdk/internal/misc/Signal$1
Event: 88.308 Loading class jdk/internal/misc/Signal$1 done

Classes unloaded (0 events):
No events

Classes redefined (0 events):
No events

Internal exceptions (20 events):
Event: 1.264 Thread 0x00000216644edf30 Exception <a 'java/lang/NoSuchMethodError'{0x00000007142240d0}: 'java.lang.Object java.lang.invoke.DirectMethodHandle$Holder.invokeStatic(java.lang.Object, java.lang.Object, java.lang.Object, java.lang.Object, int)'> (0x00000007142240d0) 
thrown [s\open\src\hotspot\share\interpreter\linkResolver.cpp, line 804]
Event: 1.279 Thread 0x00000216644edf30 Exception <a 'java/lang/NoSuchMethodError'{0x00000007142e0560}: 'java.lang.Object java.lang.invoke.DirectMethodHandle$Holder.newInvokeSpecial(java.lang.Object, java.lang.Object, int)'> (0x00000007142e0560) 
thrown [s\open\src\hotspot\share\interpreter\linkResolver.cpp, line 804]
Event: 1.332 Thread 0x00000216644edf30 Exception <a 'java/lang/NoSuchMethodError'{0x0000000714342868}: 'long java.lang.invoke.DirectMethodHandle$Holder.invokeStatic(java.lang.Object, java.lang.Object, java.lang.Object)'> (0x0000000714342868) 
thrown [s\open\src\hotspot\share\interpreter\linkResolver.cpp, line 804]
Event: 1.332 Thread 0x00000216644edf30 Exception <a 'java/lang/NoSuchMethodError'{0x000000071434a700}: 'long java.lang.invoke.DirectMethodHandle$Holder.invokeStaticInit(java.lang.Object, java.lang.Object, java.lang.Object)'> (0x000000071434a700) 
thrown [s\open\src\hotspot\share\interpreter\linkResolver.cpp, line 804]
Event: 1.344 Thread 0x00000216644edf30 Exception <a 'java/lang/NoSuchMethodError'{0x00000007140790f0}: 'void java.lang.invoke.DirectMethodHandle$Holder.invokeSpecial(java.lang.Object, java.lang.Object, double)'> (0x00000007140790f0) 
thrown [s\open\src\hotspot\share\interpreter\linkResolver.cpp, line 804]
Event: 1.345 Thread 0x00000216644edf30 Exception <a 'java/lang/NoSuchMethodError'{0x00000007140882a8}: 'java.lang.Object java.lang.invoke.DirectMethodHandle$Holder.newInvokeSpecial(java.lang.Object, java.lang.Object, double)'> (0x00000007140882a8) 
thrown [s\open\src\hotspot\share\interpreter\linkResolver.cpp, line 804]
Event: 1.348 Thread 0x000002166456e5d0 Exception <a 'java/lang/NoSuchMethodError'{0x00000007140d14e8}: 'int java.lang.invoke.DirectMethodHandle$Holder.invokeStaticInit(java.lang.Object, java.lang.Object)'> (0x00000007140d14e8) 
thrown [s\open\src\hotspot\share\interpreter\linkResolver.cpp, line 804]
Event: 1.367 Thread 0x000002166456e5d0 Exception <a 'java/lang/NoSuchMethodError'{0x0000000713e64990}: 'java.lang.Object java.lang.invoke.Invokers$Holder.invokeExact_MT(java.lang.Object, java.lang.Object, java.lang.Object, java.lang.Object, java.lang.Object, java.lang.Object)'> (0x0000000713e64990) 
thrown [s\open\src\hotspot\share\interpreter\linkResolver.cpp, line 804]
Event: 1.398 Thread 0x000002166456e5d0 Exception <a 'java/lang/NoSuchMethodError'{0x0000000713f7b178}: 'long java.lang.invoke.DirectMethodHandle$Holder.invokeStatic(java.lang.Object, java.lang.Object)'> (0x0000000713f7b178) 
thrown [s\open\src\hotspot\share\interpreter\linkResolver.cpp, line 804]
Event: 1.399 Thread 0x000002166456e5d0 Exception <a 'java/lang/NoSuchMethodError'{0x0000000713f83480}: 'long java.lang.invoke.DirectMethodHandle$Holder.invokeStaticInit(java.lang.Object, java.lang.Object)'> (0x0000000713f83480) 
thrown [s\open\src\hotspot\share\interpreter\linkResolver.cpp, line 804]
Event: 1.399 Thread 0x000002166456e5d0 Exception <a 'java/lang/NoSuchMethodError'{0x0000000713f8bb98}: 'java.lang.Object java.lang.invoke.DirectMethodHandle$Holder.invokeStatic(java.lang.Object, long, java.lang.Object)'> (0x0000000713f8bb98) 
thrown [s\open\src\hotspot\share\interpreter\linkResolver.cpp, line 804]
Event: 1.400 Thread 0x000002166456e5d0 Exception <a 'java/lang/NoSuchMethodError'{0x0000000713f93f98}: 'java.lang.Object java.lang.invoke.DirectMethodHandle$Holder.invokeStaticInit(java.lang.Object, long, java.lang.Object)'> (0x0000000713f93f98) 
thrown [s\open\src\hotspot\share\interpreter\linkResolver.cpp, line 804]
Event: 1.400 Thread 0x000002166456e5d0 Exception <a 'java/lang/NoSuchMethodError'{0x0000000713f9d3f8}: 'java.lang.Object java.lang.invoke.DirectMethodHandle$Holder.invokeStaticInit(java.lang.Object, long)'> (0x0000000713f9d3f8) 
thrown [s\open\src\hotspot\share\interpreter\linkResolver.cpp, line 804]
Event: 1.407 Thread 0x000002166456e5d0 Exception <a 'java/lang/NoSuchMethodError'{0x0000000713c30488}: 'long java.lang.invoke.DirectMethodHandle$Holder.invokeStaticInit(java.lang.Object, long, long, long, long)'> (0x0000000713c30488) 
thrown [s\open\src\hotspot\share\interpreter\linkResolver.cpp, line 804]
Event: 1.408 Thread 0x000002166456e5d0 Exception <a 'java/lang/NoSuchMethodError'{0x0000000713c38e78}: 'java.lang.Object java.lang.invoke.DirectMethodHandle$Holder.invokeInterface(java.lang.Object, java.lang.Object, long, long)'> (0x0000000713c38e78) 
thrown [s\open\src\hotspot\share\interpreter\linkResolver.cpp, line 804]
Event: 1.408 Thread 0x000002166456e5d0 Exception <a 'java/lang/NoSuchMethodError'{0x0000000713c51780}: 'void java.lang.invoke.DirectMethodHandle$Holder.invokeStaticInit(java.lang.Object, java.lang.Object, long, java.lang.Object)'> (0x0000000713c51780) 
thrown [s\open\src\hotspot\share\interpreter\linkResolver.cpp, line 804]
Event: 1.409 Thread 0x000002166456e5d0 Exception <a 'java/lang/NoSuchMethodError'{0x0000000713c5a008}: 'long java.lang.invoke.DirectMethodHandle$Holder.invokeStatic(java.lang.Object, long, long)'> (0x0000000713c5a008) 
thrown [s\open\src\hotspot\share\interpreter\linkResolver.cpp, line 804]
Event: 2.190 Thread 0x00000216644edf30 Exception <a 'java/lang/NoSuchMethodError'{0x0000000714168988}: 'void java.lang.invoke.DirectMethodHandle$Holder.invokeVirtual(java.lang.Object, java.lang.Object)'> (0x0000000714168988) 
thrown [s\open\src\hotspot\share\interpreter\linkResolver.cpp, line 804]
Event: 2.951 Thread 0x00000216644edf30 Exception <a 'java/lang/NoSuchMethodError'{0x00000007152912c0}: 'java.lang.Object java.lang.invoke.DirectMethodHandle$Holder.newInvokeSpecial(java.lang.Object, java.lang.Object, int, int, int, int, int, java.lang.Object)'> (0x00000007152912c0) 
thrown [s\open\src\hotspot\share\interpreter\linkResolver.cpp, line 804]
Event: 12.762 Thread 0x000002166456e5d0 Implicit null exception at 0x0000021650139433 to 0x00000216501394b4

VM Operations (20 events):
Event: 14.292 Executing safepoint VM operation: G1CollectForAllocation (G1 Evacuation Pause) done
Event: 14.330 Executing safepoint VM operation: G1PauseRemark
Event: 14.332 Executing safepoint VM operation: G1PauseRemark done
Event: 14.335 Executing safepoint VM operation: G1PauseCleanup
Event: 14.335 Executing safepoint VM operation: G1PauseCleanup done
Event: 17.024 Executing safepoint VM operation: G1CollectForAllocation (G1 Evacuation Pause)
Event: 17.026 Executing safepoint VM operation: G1CollectForAllocation (G1 Evacuation Pause) done
Event: 18.697 Executing safepoint VM operation: G1CollectForAllocation (G1 Evacuation Pause)
Event: 18.699 Executing safepoint VM operation: G1CollectForAllocation (G1 Evacuation Pause) done
Event: 20.621 Executing safepoint VM operation: G1CollectForAllocation (G1 Evacuation Pause)
Event: 20.623 Executing safepoint VM operation: G1CollectForAllocation (G1 Evacuation Pause) done
Event: 20.635 Executing safepoint VM operation: G1PauseRemark
Event: 20.638 Executing safepoint VM operation: G1PauseRemark done
Event: 20.641 Executing safepoint VM operation: G1PauseCleanup
Event: 20.642 Executing safepoint VM operation: G1PauseCleanup done
Event: 60.169 Executing non-safepoint VM operation: HandshakeAllThreads (HandshakeForDeflation)
Event: 60.170 Executing non-safepoint VM operation: HandshakeAllThreads (HandshakeForDeflation) done
Event: 60.170 Executing non-safepoint VM operation: RendezvousGCThreads
Event: 60.170 Executing non-safepoint VM operation: RendezvousGCThreads done
Event: 88.414 Executing safepoint VM operation: Exit

Memory protections (0 events):
No events

Nmethod flushes (20 events):
Event: 20.637 Thread 0x000002165f5663d0 flushing  nmethod 0x000002165011c188
Event: 20.637 Thread 0x000002165f5663d0 flushing  nmethod 0x000002165011c908
Event: 20.637 Thread 0x000002165f5663d0 flushing  nmethod 0x000002165014c708
Event: 20.637 Thread 0x000002165f5663d0 flushing  nmethod 0x000002164895d788
Event: 20.637 Thread 0x000002165f5663d0 flushing  nmethod 0x00000216489c6308
Event: 20.637 Thread 0x000002165f5663d0 flushing  nmethod 0x0000021648a91688
Event: 20.637 Thread 0x000002165f5663d0 flushing  nmethod 0x0000021648a98288
Event: 20.637 Thread 0x000002165f5663d0 flushing  nmethod 0x0000021648a98b88
Event: 20.637 Thread 0x000002165f5663d0 flushing  nmethod 0x0000021648aff008
Event: 20.637 Thread 0x000002165f5663d0 flushing  nmethod 0x0000021648b42a88
Event: 20.637 Thread 0x000002165f5663d0 flushing  nmethod 0x0000021648b44608
Event: 20.637 Thread 0x000002165f5663d0 flushing  nmethod 0x0000021648ba8c08
Event: 20.637 Thread 0x000002165f5663d0 flushing  nmethod 0x000002165024d908
Event: 20.637 Thread 0x000002165f5663d0 flushing  nmethod 0x000002165025b908
Event: 20.637 Thread 0x000002165f5663d0 flushing  nmethod 0x000002165025f108
Event: 20.637 Thread 0x000002165f5663d0 flushing  nmethod 0x000002165025f708
Event: 20.637 Thread 0x000002165f5663d0 flushing  nmethod 0x000002164880f408
Event: 20.637 Thread 0x000002165f5663d0 flushing  nmethod 0x00000216488e7008
Event: 20.637 Thread 0x000002165f5663d0 flushing  nmethod 0x0000021648932c08
Event: 20.637 Thread 0x000002165f5663d0 flushing  nmethod 0x0000021648b22e08

Events (20 events):
Event: 23.789 Thread 0x000002167f652de0 Thread added: 0x000002167f652de0
Event: 23.789 Thread 0x000002167f652de0 Thread exited: 0x000002167f652de0
Event: 23.819 Thread 0x000002167f654d20 Thread added: 0x000002167f654d20
Event: 23.819 Thread 0x000002167f654d20 Thread exited: 0x000002167f654d20
Event: 23.863 Thread 0x000002167f659370 Thread added: 0x000002167f659370
Event: 23.863 Thread 0x000002167f659370 Thread exited: 0x000002167f659370
Event: 88.308 Thread 0x000002165f57aac0 Thread added: 0x000002167f654d20
Event: 88.309 Thread 0x000002167f654d20 Thread added: 0x000002167f658ba0
Event: 88.310 Thread 0x000002167f654d20 Thread added: 0x000002167f656490
Event: 88.310 Thread 0x000002167f654d20 Thread added: 0x000002167f6583d0
Event: 88.310 Thread 0x000002167f654d20 Thread added: 0x000002167f656c60
Event: 88.311 Thread 0x00000216644e7fa0 Thread added: 0x000002167f659b40
Event: 88.311 Thread 0x000002167f658ba0 Thread exited: 0x000002167f658ba0
Event: 88.312 Thread 0x000002167f656c60 Thread exited: 0x000002167f656c60
Event: 88.314 Thread 0x000002167f6583d0 Thread added: 0x000002167f65d1f0
Event: 88.315 Thread 0x000002167f6583d0 Thread exited: 0x000002167f6583d0
Event: 88.315 Thread 0x000002167f65d1f0 Thread exited: 0x000002167f65d1f0
Event: 88.317 Thread 0x00000216644e7fa0 Thread exited: 0x00000216644e7fa0
Event: 88.414 Thread 0x000002167f656490 Thread exited: 0x000002167f656490
Event: 88.414 Thread 0x000002167f654d20 Before exit entered


Dynamic libraries:
0x00007ff7438f0000 - 0x00007ff7438fe000 	C:\Users\HP\.jdks\openjdk-25\bin\java.exe
0x00007ffe421d0000 - 0x00007ffe423e7000 	C:\windows\SYSTEM32\ntdll.dll
0x00007ffe1e0c0000 - 0x00007ffe1e0e0000 	C:\Program Files\Avast Software\Avast\aswhook.dll
0x00007ffe40da0000 - 0x00007ffe40e64000 	C:\windows\System32\KERNEL32.DLL
0x00007ffe3f770000 - 0x00007ffe3fb40000 	C:\windows\System32\KERNELBASE.dll
0x00007ffe3f650000 - 0x00007ffe3f761000 	C:\windows\System32\ucrtbase.dll
0x00007ffe0cb30000 - 0x00007ffe0cb47000 	C:\Users\HP\.jdks\openjdk-25\bin\jli.dll
0x00007ffe373d0000 - 0x00007ffe373ee000 	C:\Users\HP\.jdks\openjdk-25\bin\VCRUNTIME140.dll
0x00007ffe41cd0000 - 0x00007ffe41e7e000 	C:\windows\System32\USER32.dll
0x00007ffe3fca0000 - 0x00007ffe3fcc6000 	C:\windows\System32\win32u.dll
0x00007ffe17aa0000 - 0x00007ffe17d32000 	C:\windows\WinSxS\amd64_microsoft.windows.common-controls_6595b64144ccf1df_6.0.22621.4830_none_270fe7d773858e80\COMCTL32.dll
0x00007ffe411c0000 - 0x00007ffe411e9000 	C:\windows\System32\GDI32.dll
0x00007ffe41080000 - 0x00007ffe41127000 	C:\windows\System32\msvcrt.dll
0x00007ffe3f480000 - 0x00007ffe3f59b000 	C:\windows\System32\gdi32full.dll
0x00007ffe3fb40000 - 0x00007ffe3fbda000 	C:\windows\System32\msvcp_win.dll
0x00007ffe40570000 - 0x00007ffe405a1000 	C:\windows\System32\IMM32.DLL
0x00007ffe1db30000 - 0x00007ffe1db3c000 	C:\Users\HP\.jdks\openjdk-25\bin\vcruntime140_1.dll
0x00007ffde8a80000 - 0x00007ffde8b0d000 	C:\Users\HP\.jdks\openjdk-25\bin\msvcp140.dll
0x00007ffdd4960000 - 0x00007ffdd57bf000 	C:\Users\HP\.jdks\openjdk-25\bin\server\jvm.dll
0x00007ffe41f90000 - 0x00007ffe42041000 	C:\windows\System32\ADVAPI32.dll
0x00007ffe40f50000 - 0x00007ffe40ff7000 	C:\windows\System32\sechost.dll
0x00007ffe3f620000 - 0x00007ffe3f648000 	C:\windows\System32\bcrypt.dll
0x00007ffe41b00000 - 0x00007ffe41c14000 	C:\windows\System32\RPCRT4.dll
0x00007ffe41140000 - 0x00007ffe411b1000 	C:\windows\System32\WS2_32.dll
0x00007ffe3f350000 - 0x00007ffe3f39d000 	C:\windows\SYSTEM32\POWRPROF.dll
0x00007ffe362d0000 - 0x00007ffe36304000 	C:\windows\SYSTEM32\WINMM.dll
0x00007ffe33430000 - 0x00007ffe3343a000 	C:\windows\SYSTEM32\VERSION.dll
0x00007ffe3f280000 - 0x00007ffe3f293000 	C:\windows\SYSTEM32\UMPDC.dll
0x00007ffe3e4c0000 - 0x00007ffe3e4d8000 	C:\windows\SYSTEM32\kernel.appcore.dll
0x00007ffe0cb20000 - 0x00007ffe0cb2a000 	C:\Users\HP\.jdks\openjdk-25\bin\jimage.dll
0x00007ffe3cda0000 - 0x00007ffe3cfd2000 	C:\windows\SYSTEM32\DBGHELP.DLL
0x00007ffe40180000 - 0x00007ffe40510000 	C:\windows\System32\combase.dll
0x00007ffe40e70000 - 0x00007ffe40f47000 	C:\windows\System32\OLEAUT32.dll
0x00007ffe30fd0000 - 0x00007ffe31002000 	C:\windows\SYSTEM32\dbgcore.DLL
0x00007ffe3f5a0000 - 0x00007ffe3f61b000 	C:\windows\System32\bcryptPrimitives.dll
0x00007ffe09350000 - 0x00007ffe09360000 	C:\Users\HP\.jdks\openjdk-25\bin\instrument.dll
0x00007ffe09330000 - 0x00007ffe0934f000 	C:\Users\HP\.jdks\openjdk-25\bin\java.dll
0x00007ffe40a30000 - 0x00007ffe40bd1000 	C:\windows\System32\ole32.dll
0x00007ffe41280000 - 0x00007ffe41af8000 	C:\windows\System32\SHELL32.dll
0x00007ffe3d3d0000 - 0x00007ffe3dce0000 	C:\windows\SYSTEM32\windows.storage.dll
0x00007ffe3d290000 - 0x00007ffe3d3cf000 	C:\windows\SYSTEM32\wintypes.dll
0x00007ffe41e80000 - 0x00007ffe41f8a000 	C:\windows\System32\SHCORE.dll
0x00007ffe40510000 - 0x00007ffe4056e000 	C:\windows\System32\shlwapi.dll
0x00007ffe3f3b0000 - 0x00007ffe3f3db000 	C:\windows\SYSTEM32\profapi.dll
0x00007ffe02f40000 - 0x00007ffe02f57000 	C:\Users\HP\.jdks\openjdk-25\bin\zip.dll
0x00007ffe05a50000 - 0x00007ffe05a62000 	C:\Users\HP\.jdks\openjdk-25\bin\net.dll
0x00007ffe3e940000 - 0x00007ffe3e9aa000 	C:\windows\system32\mswsock.dll
0x00007ffe04df0000 - 0x00007ffe04e06000 	C:\Users\HP\.jdks\openjdk-25\bin\nio.dll
0x00007ffe09320000 - 0x00007ffe09329000 	C:\Users\HP\.jdks\openjdk-25\bin\extnet.dll
0x00007ffde0560000 - 0x00007ffde0602000 	C:\Users\HP\Downloads\javafx-sdk-25\bin\glib-lite.dll
0x00007ffde02b0000 - 0x00007ffde03ad000 	C:\Users\HP\Downloads\javafx-sdk-25\bin\gstreamer-lite.dll
0x00007ffddffb0000 - 0x00007ffde0052000 	C:\windows\SYSTEM32\DSOUND.dll
0x00007ffddfe70000 - 0x00007ffddff21000 	C:\windows\SYSTEM32\ResampleDmo.DLL
0x00007ffe02c70000 - 0x00007ffe02c99000 	C:\windows\SYSTEM32\winmmbase.dll
0x00007ffe1f4a0000 - 0x00007ffe1f4ab000 	C:\windows\SYSTEM32\msdmo.dll
0x00007ffdf7280000 - 0x00007ffdf72a8000 	C:\Users\HP\Downloads\javafx-sdk-25\bin\jfxmedia.dll
0x00007ffddfce0000 - 0x00007ffddfe63000 	C:\Users\HP\.jdks\openjdk-25\bin\awt.dll
0x00007ffe39300000 - 0x00007ffe39397000 	C:\windows\SYSTEM32\apphelp.dll
0x00007ffe39e10000 - 0x00007ffe39ec1000 	C:\windows\system32\uxtheme.dll
0x00007ffe40be0000 - 0x00007ffe40d3f000 	C:\windows\System32\MSCTF.dll
0x000002163fd30000 - 0x000002163fd34000 	C:\Users\HP\Downloads\javafx-sdk-25\bin\api-ms-win-core-console-l1-1-0.dll
0x000002163fd40000 - 0x000002163fd44000 	C:\Users\HP\Downloads\javafx-sdk-25\bin\api-ms-win-core-console-l1-2-0.dll
0x000002163fd50000 - 0x000002163fd54000 	C:\Users\HP\Downloads\javafx-sdk-25\bin\api-ms-win-core-datetime-l1-1-0.dll
0x000002165fc20000 - 0x000002165fc24000 	C:\Users\HP\Downloads\javafx-sdk-25\bin\api-ms-win-core-debug-l1-1-0.dll
0x000002165fc30000 - 0x000002165fc34000 	C:\Users\HP\Downloads\javafx-sdk-25\bin\api-ms-win-core-errorhandling-l1-1-0.dll
0x000002165fc40000 - 0x000002165fc45000 	C:\Users\HP\Downloads\javafx-sdk-25\bin\api-ms-win-core-file-l1-1-0.dll
0x000002165fc50000 - 0x000002165fc54000 	C:\Users\HP\Downloads\javafx-sdk-25\bin\api-ms-win-core-file-l1-2-0.dll
0x000002165fc60000 - 0x000002165fc64000 	C:\Users\HP\Downloads\javafx-sdk-25\bin\api-ms-win-core-file-l2-1-0.dll
0x000002165fc70000 - 0x000002165fc74000 	C:\Users\HP\Downloads\javafx-sdk-25\bin\api-ms-win-core-handle-l1-1-0.dll
0x000002165fc80000 - 0x000002165fc84000 	C:\Users\HP\Downloads\javafx-sdk-25\bin\api-ms-win-core-heap-l1-1-0.dll
0x000002165fc90000 - 0x000002165fc94000 	C:\Users\HP\Downloads\javafx-sdk-25\bin\api-ms-win-core-interlocked-l1-1-0.dll
0x000002165fca0000 - 0x000002165fca4000 	C:\Users\HP\Downloads\javafx-sdk-25\bin\api-ms-win-core-libraryloader-l1-1-0.dll
0x000002165fcb0000 - 0x000002165fcb4000 	C:\Users\HP\Downloads\javafx-sdk-25\bin\api-ms-win-core-localization-l1-2-0.dll
0x000002165fcc0000 - 0x000002165fcc4000 	C:\Users\HP\Downloads\javafx-sdk-25\bin\api-ms-win-core-memory-l1-1-0.dll
0x000002165fcd0000 - 0x000002165fcd4000 	C:\Users\HP\Downloads\javafx-sdk-25\bin\api-ms-win-core-namedpipe-l1-1-0.dll
0x000002165fce0000 - 0x000002165fce4000 	C:\Users\HP\Downloads\javafx-sdk-25\bin\api-ms-win-core-processenvironment-l1-1-0.dll
0x000002165fcf0000 - 0x000002165fcf4000 	C:\Users\HP\Downloads\javafx-sdk-25\bin\api-ms-win-core-processthreads-l1-1-0.dll
0x000002165fd00000 - 0x000002165fd04000 	C:\Users\HP\Downloads\javafx-sdk-25\bin\api-ms-win-core-processthreads-l1-1-1.dll
0x000002165fd10000 - 0x000002165fd14000 	C:\Users\HP\Downloads\javafx-sdk-25\bin\api-ms-win-core-profile-l1-1-0.dll
0x000002165fd20000 - 0x000002165fd24000 	C:\Users\HP\Downloads\javafx-sdk-25\bin\api-ms-win-core-rtlsupport-l1-1-0.dll
0x000002165fd30000 - 0x000002165fd34000 	C:\Users\HP\Downloads\javafx-sdk-25\bin\api-ms-win-core-string-l1-1-0.dll
0x000002165fd40000 - 0x000002165fd44000 	C:\Users\HP\Downloads\javafx-sdk-25\bin\api-ms-win-core-synch-l1-1-0.dll
0x000002165fd50000 - 0x000002165fd54000 	C:\Users\HP\Downloads\javafx-sdk-25\bin\api-ms-win-core-synch-l1-2-0.dll
0x000002165fd60000 - 0x000002165fd64000 	C:\Users\HP\Downloads\javafx-sdk-25\bin\api-ms-win-core-sysinfo-l1-1-0.dll
0x000002165fd70000 - 0x000002165fd74000 	C:\Users\HP\Downloads\javafx-sdk-25\bin\api-ms-win-core-timezone-l1-1-0.dll
0x000002165fd80000 - 0x000002165fd84000 	C:\Users\HP\Downloads\javafx-sdk-25\bin\api-ms-win-core-util-l1-1-0.dll
0x000002165fd90000 - 0x000002165fd94000 	C:\Users\HP\Downloads\javafx-sdk-25\bin\api-ms-win-crt-conio-l1-1-0.dll
0x000002165fda0000 - 0x000002165fda5000 	C:\Users\HP\Downloads\javafx-sdk-25\bin\api-ms-win-crt-convert-l1-1-0.dll
0x000002165fdc0000 - 0x000002165fdc4000 	C:\Users\HP\Downloads\javafx-sdk-25\bin\api-ms-win-crt-environment-l1-1-0.dll
0x000002165fdd0000 - 0x000002165fdd4000 	C:\Users\HP\Downloads\javafx-sdk-25\bin\api-ms-win-crt-filesystem-l1-1-0.dll
0x000002165fde0000 - 0x000002165fde4000 	C:\Users\HP\Downloads\javafx-sdk-25\bin\api-ms-win-crt-heap-l1-1-0.dll
0x000002165fdf0000 - 0x000002165fdf4000 	C:\Users\HP\Downloads\javafx-sdk-25\bin\api-ms-win-crt-locale-l1-1-0.dll
0x000002165fe00000 - 0x000002165fe06000 	C:\Users\HP\Downloads\javafx-sdk-25\bin\api-ms-win-crt-math-l1-1-0.dll
0x000002165fe10000 - 0x000002165fe16000 	C:\Users\HP\Downloads\javafx-sdk-25\bin\api-ms-win-crt-multibyte-l1-1-0.dll
0x000002165fe20000 - 0x000002165fe31000 	C:\Users\HP\Downloads\javafx-sdk-25\bin\api-ms-win-crt-private-l1-1-0.dll
0x000002165fe40000 - 0x000002165fe44000 	C:\Users\HP\Downloads\javafx-sdk-25\bin\api-ms-win-crt-process-l1-1-0.dll
0x000002165fe50000 - 0x000002165fe55000 	C:\Users\HP\Downloads\javafx-sdk-25\bin\api-ms-win-crt-runtime-l1-1-0.dll
0x000002165fe60000 - 0x000002165fe65000 	C:\Users\HP\Downloads\javafx-sdk-25\bin\api-ms-win-crt-stdio-l1-1-0.dll
0x000002165fe70000 - 0x000002165fe75000 	C:\Users\HP\Downloads\javafx-sdk-25\bin\api-ms-win-crt-string-l1-1-0.dll
0x000002165fe80000 - 0x000002165fe84000 	C:\Users\HP\Downloads\javafx-sdk-25\bin\api-ms-win-crt-time-l1-1-0.dll
0x000002165fe90000 - 0x000002165fe94000 	C:\Users\HP\Downloads\javafx-sdk-25\bin\api-ms-win-crt-utility-l1-1-0.dll
0x00007ffddb0e0000 - 0x00007ffddb1f1000 	C:\Users\HP\Downloads\javafx-sdk-25\bin\ucrtbase.dll
0x00007ffe01c10000 - 0x00007ffe01c2e000 	C:\Users\HP\Downloads\javafx-sdk-25\bin\vcruntime140.dll
0x00007ffe063e0000 - 0x00007ffe063ec000 	C:\Users\HP\Downloads\javafx-sdk-25\bin\vcruntime140_1.dll
0x00007ffde3080000 - 0x00007ffde310d000 	C:\Users\HP\Downloads\javafx-sdk-25\bin\msvcp140.dll
0x00007ffe04400000 - 0x00007ffe04409000 	C:\Users\HP\Downloads\javafx-sdk-25\bin\msvcp140_1.dll
0x00007ffdf6c00000 - 0x00007ffdf6c41000 	C:\Users\HP\Downloads\javafx-sdk-25\bin\msvcp140_2.dll
0x00007ffdf5680000 - 0x00007ffdf56b0000 	C:\Users\HP\Downloads\javafx-sdk-25\bin\prism_d3d.dll
0x00007ffdb0cf0000 - 0x00007ffdb0e98000 	C:\windows\system32\d3d9.dll
0x00007ffe3a070000 - 0x00007ffe3a09b000 	C:\windows\SYSTEM32\dwmapi.dll
0x00007ffe39f20000 - 0x00007ffe39f57000 	C:\windows\SYSTEM32\dxcore.dll
0x00007ffe39f60000 - 0x00007ffe3a057000 	C:\windows\SYSTEM32\dxgi.dll
0x00007ffe3f0f0000 - 0x00007ffe3f13e000 	C:\windows\SYSTEM32\cfgmgr32.dll
0x00007ffe33b70000 - 0x00007ffe33cd3000 	C:\windows\SYSTEM32\drvstore.dll
0x00007ffe35780000 - 0x00007ffe357c9000 	C:\windows\SYSTEM32\directxdatabasehelper.dll
0x00007ffe36340000 - 0x00007ffe365e5000 	C:\windows\SYSTEM32\twinapi.appcore.dll
0x00007ffdead60000 - 0x00007ffdeada9000 	C:\Users\HP\Downloads\javafx-sdk-25\bin\glass.dll
0x00007ffe42070000 - 0x00007ffe42172000 	C:\windows\System32\COMDLG32.dll
0x00007ffe41c20000 - 0x00007ffe41cd0000 	C:\windows\System32\clbcatq.dll
0x00007ffe1e1b0000 - 0x00007ffe1e32d000 	C:\Windows\System32\Windows.UI.dll
0x00007ffdfa090000 - 0x00007ffdfa17d000 	C:\Windows\System32\Windows.Networking.Connectivity.dll
0x00007ffe06780000 - 0x00007ffe068f5000 	C:\Windows\System32\Windows.UI.Immersive.dll
0x00007ffe33f00000 - 0x00007ffe33f18000 	C:\windows\System32\npmproxy.dll
0x00007ffe33d30000 - 0x00007ffe33d7b000 	C:\Windows\System32\CapabilityAccessManagerClient.dll
0x00007ffe35ad0000 - 0x00007ffe35b56000 	C:\windows\SYSTEM32\wlanapi.dll
0x00007ffe39590000 - 0x00007ffe395af000 	C:\windows\SYSTEM32\MobileNetworking.dll
0x00007ffe3df40000 - 0x00007ffe3df6d000 	C:\Windows\System32\IPHLPAPI.DLL
0x00007ffe3ff30000 - 0x00007ffe3ff39000 	C:\windows\System32\NSI.dll

JVMTI agents:
C:\Program Files\JetBrains\IntelliJ IDEA Community Edition 2025.2.3\lib\idea_rt.jar path:C:\Users\HP\.jdks\openjdk-25\bin\instrument.dll, loaded, initialized, instrumentlib options:57391

dbghelp: loaded successfully - version: 4.0.5 - missing functions: none
symbol engine: initialized successfully - sym options: 0x614 - pdb path: .;C:\Users\HP\.jdks\openjdk-25\bin;C:\windows\SYSTEM32;C:\Program Files\Avast Software\Avast;C:\windows\WinSxS\amd64_microsoft.windows.common-controls_6595b64144ccf1df_6.0.22621.4830_none_270fe7d773858e80;C:\Users\HP\.jdks\openjdk-25\bin\server;C:\Users\HP\Downloads\javafx-sdk-25\bin;C:\windows\System32\DriverStore\FileRepository\iigd_dch.inf_amd64_64dc54263337697d;C:\Program Files\Common Files\Microsoft Shared\Ink

VM Arguments:
jvm_args: -javaagent:C:\Program Files\JetBrains\IntelliJ IDEA Community Edition 2025.2.3\lib\idea_rt.jar=57391 -Dfile.encoding=UTF-8 -Dsun.stdout.encoding=UTF-8 -Dsun.stderr.encoding=UTF-8 
java_command: MainGame
java_class_path (initial): C:\Users\HP\Documents\GitHub\demo-repository\out\production\demo-repository;C:\Users\HP\Downloads\javafx-sdk-25\lib\javafx-swt.jar;C:\Users\HP\Downloads\javafx-sdk-25\lib\javafx.web.jar;C:\Users\HP\Downloads\javafx-sdk-25\lib\javafx.base.jar;C:\Users\HP\Downloads\javafx-sdk-25\lib\javafx.fxml.jar;C:\Users\HP\Downloads\javafx-sdk-25\lib\javafx.media.jar;C:\Users\HP\Downloads\javafx-sdk-25\lib\javafx.swing.jar;C:\Users\HP\Downloads\javafx-sdk-25\lib\jdk.jsobject.jar;C:\Users\HP\Downloads\javafx-sdk-25\lib\javafx.controls.jar;C:\Users\HP\Downloads\javafx-sdk-25\lib\javafx.graphics.jar;C:\Users\HP\Downloads\javafx-sdk-25\lib\jfx.incubator.input.jar;C:\Users\HP\Downloads\javafx-sdk-25\lib\jfx.incubator.richtext.jar
Launcher Type: SUN_STANDARD

[Global flags]
     intx CICompilerCount                          = 4                                         {product} {ergonomic}
     uint ConcGCThreads                            = 3                                         {product} {ergonomic}
     uint G1ConcRefinementThreads                  = 10                                        {product} {ergonomic}
   size_t G1HeapRegionSize                         = 2097152                                   {product} {ergonomic}
   size_t InitialHeapSize                          = 264241152                                 {product} {ergonomic}
   size_t MarkStackSize                            = 4194304                                   {product} {ergonomic}
   size_t MarkStackSizeMax                         = 536870912                                 {product} {ergonomic}
   size_t MaxHeapSize                              = 4202692608                                {product} {ergonomic}
   size_t MaxNewSize                               = 2520776704                                {product} {ergonomic}
   size_t MinHeapDeltaBytes                        = 2097152                                   {product} {ergonomic}
   size_t MinHeapSize                              = 8388608                                   {product} {ergonomic}
    uintx NonNMethodCodeHeapSize                   = 5832704                                {pd product} {ergonomic}
    uintx NonProfiledCodeHeapSize                  = 122945536                              {pd product} {ergonomic}
    uintx ProfiledCodeHeapSize                     = 122880000                              {pd product} {ergonomic}
    uintx ReservedCodeCacheSize                    = 251658240                              {pd product} {ergonomic}
     bool SegmentedCodeCache                       = true                                      {product} {ergonomic}
   size_t SoftMaxHeapSize                          = 4202692608                             {manageable} {ergonomic}
     bool UseCompressedOops                        = true                           {product lp64_product} {ergonomic}
     bool UseG1GC                                  = true                                      {product} {ergonomic}
     bool UseLargePagesIndividualAllocation        = false                                  {pd product} {ergonomic}

Logging:
Log output configuration:
 #0: stdout all=off uptime,level,tags foldmultilines=false
 #1: stderr all=off uptime,level,tags foldmultilines=false

Release file:
IMPLEMENTOR="Oracle Corporation" 
JAVA_RUNTIME_VERSION="25+36-3489" 
JAVA_VERSION="25" 
JAVA_VERSION_DATE="2025-09-16" 
LIBC="default" 
MODULES="java.base java.compiler java.datatransfer java.xml java.prefs java.desktop java.instrument java.logging java.management java.security.sasl java.naming java.rmi java.management.rmi java.net.http java.scripting java.security.jgss java.transaction.xa java.sql java.sql.rowset java.xml.crypto java.se java.smartcardio jdk.accessibility jdk.internal.jvmstat jdk.attach jdk.charsets jdk.internal.opt jdk.zipfs jdk.compiler jdk.crypto.cryptoki jdk.crypto.ec jdk.crypto.mscapi jdk.dynalink jdk.internal.ed jdk.editpad jdk.internal.vm.ci jdk.graal.compiler jdk.graal.compiler.management jdk.hotspot.agent jdk.httpserver jdk.incubator.vector jdk.internal.le jdk.internal.md jdk.jartool jdk.javadoc jdk.jcmd jdk.management jdk.management.agent jdk.jconsole jdk.jdeps jdk.jdwp.agent jdk.jdi jdk.jfr jdk.jlink jdk.jpackage jdk.jshell jdk.jsobject jdk.jstatd jdk.localedata jdk.management.jfr jdk.naming.dns jdk.naming.rmi jdk.net jdk.nio.mapmode jdk.sctp jdk.security.auth jdk.security.jgss jdk.unsupported jdk.unsupported.desktop jdk.xml.dom" 
OS_ARCH="x86_64" 
OS_NAME="Windows" 
SOURCE=".:git:6c48f4ed707b" 

Environment Variables:
PATH=C:\windows\system32;C:\windows;C:\windows\System32\Wbem;C:\windows\System32\WindowsPowerShell\v1.0\;C:\windows\System32\OpenSSH\;C:\Program Files\HP\HP One Agent;C:\Program Files\Git\cmd;C:\Users\HP\AppData\Local\Microsoft\WindowsApps;C:\Users\HP\AppData\Local\GitHubDesktop\bin
USERNAME=HP
OS=Windows_NT
PROCESSOR_IDENTIFIER=Intel64 Family 6 Model 186 Stepping 3, GenuineIntel
TMP=C:\Users\HP\AppData\Local\Temp
TEMP=C:\Users\HP\AppData\Local\Temp




Compilation memory statistics disabled.

Periodic native trim disabled

---------------  S Y S T E M  ---------------

OS:
 Windows 11 , 64 bit Build 22621 (10.0.22621.4830)
OS uptime: 1 days 19:11 hours

CPU: total 12 (initial active 12) (6 cores per cpu, 2 threads per core) family 6 model 186 stepping 3 microcode 0x4121, cx8, cmov, fxsr, ht, mmx, 3dnowpref, sse, sse2, sse3, ssse3, sse4.1, sse4.2, popcnt, lzcnt, tsc, tscinvbit, avx, avx2, aes, erms, clmul, bmi1, bmi2, adx, sha, fma, vzeroupper, clflush, clflushopt, clwb, serialize, rdtscp, rdpid, fsrm, gfni, f16c, pku, cet_ibt, cet_ss
Processor Information for processor 0
  Max Mhz: 1700, Current Mhz: 1700, Mhz Limit: 1700
Processor Information for processor 1
  Max Mhz: 1700, Current Mhz: 1700, Mhz Limit: 1700
Processor Information for processor 2
  Max Mhz: 1700, Current Mhz: 1700, Mhz Limit: 1700
Processor Information for processor 3
  Max Mhz: 1700, Current Mhz: 1700, Mhz Limit: 1700
Processor Information for processor 4
  Max Mhz: 1700, Current Mhz: 1200, Mhz Limit: 1190
Processor Information for processor 5
  Max Mhz: 1700, Current Mhz: 1200, Mhz Limit: 1190
Processor Information for processor 6
  Max Mhz: 1700, Current Mhz: 1200, Mhz Limit: 1190
Processor Information for processor 7
  Max Mhz: 1700, Current Mhz: 1200, Mhz Limit: 1190
Processor Information for processor 8
  Max Mhz: 1700, Current Mhz: 1200, Mhz Limit: 1190
Processor Information for processor 9
  Max Mhz: 1700, Current Mhz: 1200, Mhz Limit: 1190
Processor Information for processor 10
  Max Mhz: 1700, Current Mhz: 1200, Mhz Limit: 1190
Processor Information for processor 11
  Max Mhz: 1700, Current Mhz: 1200, Mhz Limit: 1190

Memory: 4k page, system-wide physical 16027M (3244M free)
TotalPageFile size 25243M (AvailPageFile size 5069M)
current process WorkingSet (physical memory assigned to process): 899M, peak: 1132M
current process commit charge ("private bytes"): 1073M, peak: 1335M

vm_info: OpenJDK 64-Bit Server VM (25+36-3489) for windows-amd64 JRE (25+36-3489), built on 2025-08-12T17:19:28Z with unknown MS VC++:1943

END.
