#
# A fatal error has been detected by the Java Runtime Environment:
#
#  EXCEPTION_ACCESS_VIOLATION (0xc0000005) at pc=0x00007ff8a66da5d7, pid=31916, tid=32240
#
# JRE version: OpenJDK Runtime Environment (25.0+36) (build 25+36-3489)
# Java VM: OpenJDK 64-Bit Server VM (25+36-3489, mixed mode, sharing, tiered, compressed oops, compressed class ptrs, g1 gc, windows-amd64)
# Problematic frame:
# C  [glass.dll+0x2a5d7]
#
# No core dump will be written. Minidumps are not enabled by default on client versions of Windows
#
# If you would like to submit a bug report, please visit:
#   https://bugreport.java.com/bugreport/crash.jsp
#

---------------  S U M M A R Y ------------

Command Line: -javaagent:C:\Program Files\JetBrains\IntelliJ IDEA Community Edition 2025.2.3\lib\idea_rt.jar=59288 -Dfile.encoding=UTF-8 -Dsun.stdout.encoding=UTF-8 -Dsun.stderr.encoding=UTF-8 MainGame

Host: 13th Gen Intel(R) Core(TM) i7-1355U, 12 cores, 15G,  Windows 11 , 64 bit Build 22621 (10.0.22621.4830)
Time: Sat Oct 25 22:40:47 2025 SE Asia Standard Time elapsed time: 198.695112 seconds (0d 0h 3m 18s)

---------------  T H R E A D  ---------------

Current thread (0x0000011930754ee0):  VMThread "VM Thread"          [id=32240, stack(0x0000001191000000,0x0000001191100000) (1024K)]

Stack: [0x0000001191000000,0x0000001191100000],  sp=0x00000011910fecc0,  free space=1019k
Native frames: (J=compiled Java code, j=interpreted, Vv=VM code, C=native code)
C  [glass.dll+0x2a5d7]  (no source info available)
C  [ucrtbase.dll+0x53a93]  (no source info available)
C  [ucrtbase.dll+0x2042e]  (no source info available)
C  [ucrtbase.dll+0x1dddd]  (no source info available)
C  [glass.dll+0x27b65]  (no source info available)
C  [glass.dll+0x27c81]  (no source info available)
C  [ntdll.dll+0x28b8f]  (no source info available)
C  [ntdll.dll+0x51596]  (no source info available)
C  [ntdll.dll+0x5118d]  (no source info available)
C  [KERNEL32.DLL+0x17fcb]  (no source info available)
C  [ucrtbase.dll+0x1bed8]  (no source info available)
C  [ucrtbase.dll+0x1c099]  (no source info available)
V  [jvm.dll+0x79ea1a]  (no source info available)
V  [jvm.dll+0x79eee1]  (no source info available)
V  [jvm.dll+0x79ea00]  (no source info available)
V  [jvm.dll+0x47a124]  (no source info available)
V  [jvm.dll+0x96ee71]  (no source info available)
V  [jvm.dll+0x97018d]  (no source info available)
V  [jvm.dll+0x970709]  (no source info available)
V  [jvm.dll+0x9709b3]  (no source info available)
V  [jvm.dll+0x90681d]  (no source info available)
V  [jvm.dll+0x7a5015]  (no source info available)
C  [ucrtbase.dll+0x29333]  (no source info available)
C  [KERNEL32.DLL+0x1259d]  (no source info available)
C  [ntdll.dll+0x5af38]  (no source info available)


siginfo: EXCEPTION_ACCESS_VIOLATION (0xc0000005), reading address 0x0000000000000000


Registers:
RAX=0x0000000000000000, RBX=0x00000119421bba92, RCX=0x0000011930754ee0, RDX=0x00000011910fecc0
RSP=0x00000011910fecc0, RBP=0x0000011936fd23a0, RSI=0x00000011910fedc8, RDI=0x0000011936fd2380
R8 =0x0000000000010002, R9 =0x00007ff806677090, R10=0x85f13e9656da4870, R11=0x00000011910fec50
R12=0x00007ff8a66d7cc8, R13=0x00007ff806f31b30, R14=0x000040407821df97, R15=0x0000011936fd2380
RIP=0x00007ff8a66da5d7, EFLAGS=0x0000000000010206

XMM[0]=0x0000000000000000 0x0000000000000000
XMM[1]=0x0000000000000000 0x0000000000000000
XMM[2]=0x0000000000000000 0x0000000000000000
XMM[3]=0x0000000000000000 0x0000000000000000
XMM[4]=0x0000000000000000 0x0000000000000000
XMM[5]=0x0000000000000000 0x0000000000000000
XMM[6]=0x0000000000000000 0x0000000000000000
XMM[7]=0x0000000000000000 0x0000000000000000
XMM[8]=0x0000000000000000 0x404e000000000000
XMM[9]=0x0000000000000000 0x0000000000000000
XMM[10]=0x0000000000000000 0x0000000000000000
XMM[11]=0x0000000000000000 0x0000000000000000
XMM[12]=0x0000000000000000 0x0000000000000000
XMM[13]=0x0000000000000000 0x0000000000000000
XMM[14]=0x0000000000000000 0x0000000000000000
XMM[15]=0x0000000000000000 0x0000000000000000
  MXCSR=0x00001fa0


Register to memory mapping:

RAX=0x0 is null
RBX=0x00000119421bba92 is a global jni handle
RCX=0x0000011930754ee0 points into unknown readable memory: 0x00007ff806d1e2a0 | a0 e2 d1 06 f8 7f 00 00
RDX=0x00000011910fecc0 points into unknown readable memory: 0x0000000000000000 | 00 00 00 00 00 00 00 00
RSP=0x00000011910fecc0 points into unknown readable memory: 0x0000000000000000 | 00 00 00 00 00 00 00 00
RBP=0x0000011936fd23a0 points into unknown readable memory: 0x000040407821df97 | 97 df 21 78 40 40 00 00
RSI=0x00000011910fedc8 points into unknown readable memory: 0x00000011910fedb0 | b0 ed 0f 91 11 00 00 00
RDI=0x0000011936fd2380 points into unknown readable memory: 0x000040407821df97 | 97 df 21 78 40 40 00 00
R8 =0x0000000000010002 is an unknown value
R9 =0x00007ff806677090 jvm.dll
R10=0x85f13e9656da4870 is an unknown value
R11=0x00000011910fec50 points into unknown readable memory: 0x0000011936fd2380 | 80 23 fd 36 19 01 00 00
R12=0x00007ff8a66d7cc8 glass.dll
R13=0x00007ff806f31b30 jvm.dll
R14=0x000040407821df97 is an unknown value
R15=0x0000011936fd2380 points into unknown readable memory: 0x000040407821df97 | 97 df 21 78 40 40 00 00

Top of Stack: (sp=0x00000011910fecc0)
0x00000011910fecc0:   0000000000000000 00000011910fedc8   ................
0x00000011910fecd0:   00007ff806f31b30 00007ff8a66d7cc8   0........|m.....
0x00000011910fece0:   0000011936fd2380 00007ff8f8973a93   .#.6.....:......
0x00000011910fecf0:   0000011936fd2380 0000011900000000   .#.6............
0x00000011910fed00:   0000011936fd23a0 00000011910fedc8   .#.6............
0x00000011910fed10:   fffffffffffffffe 0000000000000000   ................
0x00000011910fed20:   0000000000000001 00007ff8a66b0000   ..........k.....
0x00000011910fed30:   00000011910fedb8 00007ff8f894042e   ................
0x00000011910fed40:   0000000000000000 00000011910fedc8   ................
0x00000011910fed50:   00000011910ff0b0 0000000000000001   ................
0x00000011910fed60:   0000000000000001 00007ff8f893dddd   ................
0x00000011910fed70:   0000000000000000 00007ff8a66d7659   ........Yvm.....
0x00000011910fed80:   00007ff8b987c858 00000011910fedb8   X...............
0x00000011910fed90:   fffffffffffffffe 00000011910fed80   ................
0x00000011910feda0:   0000000000000000 00007ff8a66d7b65   ........e{m.....
0x00000011910fedb0:   00007ff8a66f0e90 00007ff800000002   ..o.............
0x00000011910fedc0:   00007ff800000002 00000011910fedb0   ................
0x00000011910fedd0:   0000000000000000 00007ff8fad78af3   ................
0x00000011910fede0:   0000000000000000 00007ff8a66d7c81   .........|m.....
0x00000011910fedf0:   0000000000000001 0000000000000001   ................
0x00000011910fee00:   0000000000000001 0000000000000000   ................
0x00000011910fee10:   00007ff8f9d00000 00007ff8f9d02061   ........a ......
0x00000011910fee20:   00007ff800000001 000001193f040000   ...........?....
0x00000011910fee30:   00007ff8a66b0000 000000007ffe0384   ..k.............
0x00000011910fee40:   0000000000000000 00007ff8fad78b8f   ................
0x00000011910fee50:   00007ff8a66b0000 0000000000000000   ..k.............
0x00000011910fee60:   0000000000000001 000000007ffe0385   ................
0x00000011910fee70:   00007ff8fae87940 00007ff8b18f1550   @y......P.......
0x00000011910fee80:   0000fbc2515c7e00 00007ff8b1840000   .~\Q............
0x00000011910fee90:   00007ff8a66d7cc8 0000000000000000   .|m.............
0x00000011910feea0:   0000000000000000 000000119046a000   ..........F.....
0x00000011910feeb0:   00000119373cd090 00007ff8fada1596   ..<7............

Instructions: (pc=0x00007ff8a66da5d7)
  0x00007ff8a66da4d7:   8b 4d 58 e8 cd ce ff ff 48 8b 4d 60 e8 c4 ce ff
  0x00007ff8a66da4e7:   ff 48 8b 95 80 00 00 00 48 8b 8d 18 01 00 00 e8
  0x00007ff8a66da4f7:   76 c4 ff ff 33 d2 33 c9 e8 7c e0 ff ff 90 48 89
  0x00007ff8a66da507:   54 24 10 55 48 83 ec 20 48 8b ea 48 b8 00 00 00
  0x00007ff8a66da517:   00 00 00 00 00 48 83 c4 20 5d c3 cc 40 55 48 8b
  0x00007ff8a66da527:   ea 48 8b 01 33 c9 81 38 05 00 00 c0 0f 94 c1 8b
  0x00007ff8a66da537:   c1 5d c3 cc 40 55 48 83 ec 20 48 8b ea 8a 4d 40
  0x00007ff8a66da547:   48 83 c4 20 5d e9 a3 d2 ff ff cc 40 55 48 83 ec
  0x00007ff8a66da557:   20 48 8b ea 8a 4d 20 e8 91 d2 ff ff 90 48 83 c4
  0x00007ff8a66da567:   20 5d c3 cc 40 55 48 83 ec 20 48 8b ea 48 83 c4
  0x00007ff8a66da577:   20 5d e9 02 d1 ff ff cc 40 55 48 83 ec 30 48 8b
  0x00007ff8a66da587:   ea 48 8b 01 8b 10 48 89 4c 24 28 89 54 24 20 4c
  0x00007ff8a66da597:   8d 0d 1b d4 ff ff 4c 8b 45 70 8b 55 68 48 8b 4d
  0x00007ff8a66da5a7:   60 e8 43 d0 ff ff 90 48 83 c4 30 5d c3 cc cc cc
  0x00007ff8a66da5b7:   cc cc cc cc cc cc cc cc cc 40 53 48 83 ec 20 48
  0x00007ff8a66da5c7:   8b 1d 6b 63 01 00 48 85 db 74 19 e8 a9 89 ff ff
=>0x00007ff8a66da5d7:   48 8b 08 4c 8b 81 b0 00 00 00 48 8b d3 48 8b c8
  0x00007ff8a66da5e7:   41 ff d0 90 48 83 c4 20 5b c3 cc cc cc cc cc cc
  0x00007ff8a66da5f7:   cc cc cc cc cc cc cc cc cc 40 53 48 83 ec 20 48
  0x00007ff8a66da607:   8b 1d 9b 64 01 00 48 85 db 74 57 b8 ff ff ff ff
  0x00007ff8a66da617:   f0 0f c1 43 10 83 f8 01 75 3d 48 85 db 74 38 48
  0x00007ff8a66da627:   8b 0b 48 85 c9 74 0d ff 15 64 0c 00 00 48 c7 03
  0x00007ff8a66da637:   00 00 00 00 48 8b 4b 08 48 85 c9 74 0d e8 63 cd
  0x00007ff8a66da647:   ff ff 48 c7 43 08 00 00 00 00 ba 18 00 00 00 48
  0x00007ff8a66da657:   8b cb e8 4e cd ff ff 48 c7 05 3f 64 01 00 00 00
  0x00007ff8a66da667:   00 00 48 83 c4 20 5b c3 cc 40 53 48 83 ec 20 48
  0x00007ff8a66da677:   8b 1d 0b 64 01 00 48 85 db 74 57 b8 ff ff ff ff
  0x00007ff8a66da687:   f0 0f c1 43 10 83 f8 01 75 3d 48 85 db 74 38 48
  0x00007ff8a66da697:   8b 0b 48 85 c9 74 0d ff 15 f4 0b 00 00 48 c7 03
  0x00007ff8a66da6a7:   00 00 00 00 48 8b 4b 08 48 85 c9 74 0d e8 f3 cc
  0x00007ff8a66da6b7:   ff ff 48 c7 43 08 00 00 00 00 ba 18 00 00 00 48
  0x00007ff8a66da6c7:   8b cb e8 de cc ff ff 48 c7 05 af 63 01 00 00 00


Stack slot to memory mapping:

stack at sp + 0 slots: 0x0 is null
stack at sp + 1 slots: 0x00000011910fedc8 points into unknown readable memory: 0x00000011910fedb0 | b0 ed 0f 91 11 00 00 00
stack at sp + 2 slots: 0x00007ff806f31b30 jvm.dll
stack at sp + 3 slots: 0x00007ff8a66d7cc8 glass.dll
stack at sp + 4 slots: 0x0000011936fd2380 points into unknown readable memory: 0x000040407821df97 | 97 df 21 78 40 40 00 00
stack at sp + 5 slots: 0x00007ff8f8973a93 ucrtbase.dll
stack at sp + 6 slots: 0x0000011936fd2380 points into unknown readable memory: 0x000040407821df97 | 97 df 21 78 40 40 00 00
stack at sp + 7 slots: 0x0000011900000000 is an unknown value

VM_Operation (0x00000011907ff440): Exit, mode: safepoint, requested by thread 0x0000011941dd2300


---------------  P R O C E S S  ---------------

Threads class SMR info:
_java_thread_list=0x00000119352dbd60, length=25, elements={
0x0000011930767680, 0x00000119307688f0, 0x000001193076c630, 0x000001193076d320,
0x000001193076e960, 0x0000011930771a70, 0x00000119307942e0, 0x0000011930772b60,
0x0000011930a2dbd0, 0x0000011930b7ce20, 0x0000011930b7d5e0, 0x0000011935036010,
0x00000119354faef0, 0x00000119354fc7d0, 0x0000011935506c10, 0x0000011910f28e90,
0x0000011935649910, 0x000001193564b080, 0x00000119373c1770, 0x000001193782ee60,
0x000001193782d6f0, 0x000001193f8637d0, 0x000001193f703940, 0x0000011941dd1b30,
0x0000011941dd2300
}

Java Threads: ( => current thread )
  0x0000011930767680 JavaThread "Reference Handler"          daemon [_thread_blocked, id=31888, stack(0x0000001191100000,0x0000001191200000) (1024K)]
  0x00000119307688f0 JavaThread "Finalizer"                  daemon [_thread_blocked, id=2024, stack(0x0000001191200000,0x0000001191300000) (1024K)]
  0x000001193076c630 JavaThread "Signal Dispatcher"          daemon [_thread_blocked, id=32192, stack(0x0000001191300000,0x0000001191400000) (1024K)]
  0x000001193076d320 JavaThread "Attach Listener"            daemon [_thread_blocked, id=3500, stack(0x0000001191400000,0x0000001191500000) (1024K)]
  0x000001193076e960 JavaThread "Service Thread"             daemon [_thread_blocked, id=34068, stack(0x0000001191500000,0x0000001191600000) (1024K)]
  0x0000011930771a70 JavaThread "Monitor Deflation Thread"   daemon [_thread_blocked, id=8776, stack(0x0000001191600000,0x0000001191700000) (1024K)]
  0x00000119307942e0 JavaThread "C2 CompilerThread0"         daemon [_thread_blocked, id=23984, stack(0x0000001191700000,0x0000001191800000) (1024K)]
  0x0000011930772b60 JavaThread "C1 CompilerThread0"         daemon [_thread_blocked, id=32836, stack(0x0000001191800000,0x0000001191900000) (1024K)]
  0x0000011930a2dbd0 JavaThread "Common-Cleaner"             daemon [_thread_blocked, id=3932, stack(0x0000001191900000,0x0000001191a00000) (1024K)]
  0x0000011930b7ce20 JavaThread "Monitor Ctrl-Break"         daemon [_thread_in_native, id=32976, stack(0x0000001191a00000,0x0000001191b00000) (1024K)]
  0x0000011930b7d5e0 JavaThread "Notification Thread"        daemon [_thread_blocked, id=33244, stack(0x0000001191b00000,0x0000001191c00000) (1024K)]
  0x0000011935036010 JavaThread "Media Resource Disposer"    daemon [_thread_blocked, id=31420, stack(0x0000001191d00000,0x0000001191e00000) (1024K)]
  0x00000119354faef0 JavaThread "Java2D Disposer"            daemon [_thread_blocked, id=12504, stack(0x0000001191e00000,0x0000001191f00000) (1024K)]
  0x00000119354fc7d0 JavaThread "AWT-Shutdown"                      [_thread_blocked, id=34252, stack(0x0000001191f00000,0x0000001192000000) (1024K)]
  0x0000011935506c10 JavaThread "AWT-EventQueue-0"                  [_thread_blocked, id=32364, stack(0x0000001192100000,0x0000001192200000) (1024K)]
  0x0000011910f28e90 JavaThread "DestroyJavaVM"                     [_thread_blocked, id=28428, stack(0x0000001190900000,0x0000001190a00000) (1024K)]
  0x0000011935649910 JavaThread "InvokeLaterDispatcher"      daemon [_thread_blocked, id=33576, stack(0x0000001192800000,0x0000001192900000) (1024K)]
  0x000001193564b080 JavaThread "JavaFX Application Thread"         [_thread_blocked, id=31600, stack(0x0000001192900000,0x0000001192a00000) (1024K)]
  0x00000119373c1770 JavaThread "Thread-3"                   daemon [_thread_in_native, id=28560, stack(0x0000001192200000,0x0000001192300000) (1024K)]
  0x000001193782ee60 JavaThread "JFXMedia Player EventQueueThread" daemon [_thread_blocked, id=27440, stack(0x0000001193100000,0x0000001193200000) (1024K)]
  0x000001193782d6f0 JavaThread "Image Animator 3"           daemon [_thread_blocked, id=34200, stack(0x0000001193700000,0x0000001193800000) (1024K)]
  0x000001193f8637d0 JavaThread "Thread-19"                  daemon [_thread_blocked, id=5600, stack(0x0000001194300000,0x0000001194400000) (1024K)]
  0x000001193f703940 JavaThread "Prism Font Disposer"        daemon [_thread_blocked, id=2832, stack(0x0000001194500000,0x0000001194600000) (1024K)]
  0x0000011941dd1b30 JavaThread "Cleaner-0"                  daemon [_thread_blocked, id=32100, stack(0x0000001195700000,0x0000001195800000) (1024K)]
  0x0000011941dd2300 JavaThread "SIGINT handler"             daemon [_thread_blocked, id=29080, stack(0x0000001190700000,0x0000001190800000) (1024K)]
Total: 25

Other Threads:
=>0x0000011930754ee0 VMThread "VM Thread"                           [id=32240, stack(0x0000001191000000,0x0000001191100000) (1024K)]
  0x0000011910f8d990 WorkerThread "GC Thread#0"                     [id=33872, stack(0x0000001190a00000,0x0000001190b00000) (1024K)]
  0x00000119350e9e10 WorkerThread "GC Thread#1"                     [id=24384, stack(0x0000001191c00000,0x0000001191d00000) (1024K)]
  0x00000119350ea260 WorkerThread "GC Thread#2"                     [id=31880, stack(0x0000001193d00000,0x0000001193e00000) (1024K)]
  0x00000119350eb7f0 WorkerThread "GC Thread#3"                     [id=29116, stack(0x0000001193e00000,0x0000001193f00000) (1024K)]
  0x00000119350ec090 WorkerThread "GC Thread#4"                     [id=27936, stack(0x0000001193f00000,0x0000001194000000) (1024K)]
  0x00000119350ea6b0 WorkerThread "GC Thread#5"                     [id=34460, stack(0x0000001194000000,0x0000001194100000) (1024K)]
  0x000001193f5d7820 WorkerThread "GC Thread#6"                     [id=16440, stack(0x0000001194100000,0x0000001194200000) (1024K)]
  0x000001193f5d59f0 WorkerThread "GC Thread#7"                     [id=14232, stack(0x0000001194200000,0x0000001194300000) (1024K)]
  0x00000119350580a0 WorkerThread "GC Thread#8"                     [id=12728, stack(0x0000001195300000,0x0000001195400000) (1024K)]
  0x0000011935056270 WorkerThread "GC Thread#9"                     [id=31988, stack(0x0000001195400000,0x0000001195500000) (1024K)]
  0x0000011910fa6370 ConcurrentGCThread "G1 Main Marker"            terminated
  0x0000011910fa7ec0 WorkerThread "G1 Conc#0"                       [id=28852, stack(0x0000001190c00000,0x0000001190d00000) (1024K)]
  0x000001193f5d6b30 WorkerThread "G1 Conc#1"                       [id=34480, stack(0x0000001193c00000,0x0000001193d00000) (1024K)]
  0x000001193f5d5150 WorkerThread "G1 Conc#2"                       [id=23644, stack(0x0000001194400000,0x0000001194500000) (1024K)]
  0x000001193060edc0 ConcurrentGCThread "G1 Refine#0"               terminated
  0x000001193060f8d0 ConcurrentGCThread "G1 Service"                terminated
Total: 17

Threads with active compile tasks:
Total: 0

VM state: at safepoint (shutting down)

VM Mutex/Monitor currently owned by a thread:  ([mutex/lock_event])
[0x00007ff806f091a8] ThreadsLockThrottle_lock - owner thread: 0x000001193076c630
[0x00007ff806f094a8] Threads_lock - owner thread: 0x0000011930754ee0
[0x00007ff806f09628] Heap_lock - owner thread: 0x0000011941dd2300

Heap address: 0x0000000705800000, size: 4008 MB, Compressed Oops mode: Zero based, Oop shift amount: 3

CDS archive(s) mapped at: [0x000000003c000000-0x000000003cdd0000-0x000000003cdd0000), size 14483456, SharedBaseAddress: 0x000000003c000000, ArchiveRelocationMode: 1.
Compressed class space mapped at: 0x000000003d000000-0x000000007d000000, reserved size: 1073741824
UseCompressedClassPointers 1, UseCompactObjectHeaders 0
Narrow klass pointer bits 32, Max shift 3
Narrow klass base: 0x000000003c000000, Narrow klass shift: 0
Encoding Range: [0x000000003c000000 - 0x000000013c000000), (4294967296 bytes)
Klass Range:    [0x000000003c010000 - 0x000000007d000000), (1090453504 bytes)
Klass ID Range:  [65536 - 1090519033) (1090453497)
Protection zone: [0x000000003c000000 - 0x000000003c010000), (65536 bytes)

GC Precious Log:
 CardTable entry size: 512
 Card Set container configuration: InlinePtr #cards 4 size 8 Array Of Cards #cards 16 size 48 Howl #buckets 8 coarsen threshold 3686 Howl Bitmap #cards 512 size 80 coarsen threshold 460 Card regions per heap region 1 cards per card region 4096
 CPUs: 12 total, 12 available
 Memory: 16027M
 Large Page Support: Disabled
 NUMA Support: Disabled
 Compressed Oops: Enabled (Zero based)
 Heap Region Size: 2M
 Heap Min Capacity: 8M
 Heap Initial Capacity: 252M
 Heap Max Capacity: 4008M
 Pre-touch: Disabled
 Parallel Workers: 10
 Concurrent Workers: 3
 Concurrent Refinement Workers: 10
 Periodic GC: Disabled

Heap:
 garbage-first heap   total reserved 4104192K, committed 342016K, used 253386K [0x0000000705800000, 0x0000000800000000)
  region size 2048K, 28 young (57344K), 2 survivors (4096K)

Heap Regions: E=young(eden), S=young(survivor), O=old, HS=humongous(starts), HC=humongous(continues), CS=collection set, F=free, TAMS=top-at-mark-start, PB=parsable bottom
|   0|0x0000000705800000, 0x0000000705a00000, 0x0000000705a00000|100%|HS|  |TAMS 0x0000000705800000| PB 0x0000000705800000| Complete |  0
|   1|0x0000000705a00000, 0x0000000705c00000, 0x0000000705c00000|100%|HC|  |TAMS 0x0000000705a00000| PB 0x0000000705a00000| Complete |  0
|   2|0x0000000705c00000, 0x0000000705e00000, 0x0000000705e00000|100%| O|  |TAMS 0x0000000705c00000| PB 0x0000000705c00000| Untracked |  0
|   3|0x0000000705e00000, 0x0000000706000000, 0x0000000706000000|100%|HS|  |TAMS 0x0000000705e00000| PB 0x0000000705e00000| Complete |  0
|   4|0x0000000706000000, 0x0000000706200000, 0x0000000706200000|100%|HS|  |TAMS 0x0000000706000000| PB 0x0000000706000000| Complete |  0
|   5|0x0000000706200000, 0x0000000706400000, 0x0000000706400000|100%|HS|  |TAMS 0x0000000706200000| PB 0x0000000706200000| Complete |  0
|   6|0x0000000706400000, 0x0000000706600000, 0x0000000706600000|100%|HS|  |TAMS 0x0000000706400000| PB 0x0000000706400000| Complete |  0
|   7|0x0000000706600000, 0x0000000706800000, 0x0000000706800000|100%|HS|  |TAMS 0x0000000706600000| PB 0x0000000706600000| Complete |  0
|   8|0x0000000706800000, 0x0000000706a00000, 0x0000000706a00000|100%|HS|  |TAMS 0x0000000706800000| PB 0x0000000706800000| Complete |  0
|   9|0x0000000706a00000, 0x0000000706c00000, 0x0000000706c00000|100%|HS|  |TAMS 0x0000000706a00000| PB 0x0000000706a00000| Complete |  0
|  10|0x0000000706c00000, 0x0000000706e00000, 0x0000000706e00000|100%|HS|  |TAMS 0x0000000706c00000| PB 0x0000000706c00000| Complete |  0
|  11|0x0000000706e00000, 0x0000000707000000, 0x0000000707000000|100%|HS|  |TAMS 0x0000000706e00000| PB 0x0000000706e00000| Complete |  0
|  12|0x0000000707000000, 0x0000000707200000, 0x0000000707200000|100%|HS|  |TAMS 0x0000000707000000| PB 0x0000000707000000| Complete |  0
|  13|0x0000000707200000, 0x0000000707400000, 0x0000000707400000|100%|HS|  |TAMS 0x0000000707200000| PB 0x0000000707200000| Complete |  0
|  14|0x0000000707400000, 0x0000000707600000, 0x0000000707600000|100%|HS|  |TAMS 0x0000000707400000| PB 0x0000000707400000| Complete |  0
|  15|0x0000000707600000, 0x0000000707800000, 0x0000000707800000|100%|HS|  |TAMS 0x0000000707600000| PB 0x0000000707600000| Complete |  0
|  16|0x0000000707800000, 0x0000000707a00000, 0x0000000707a00000|100%|HS|  |TAMS 0x0000000707800000| PB 0x0000000707800000| Complete |  0
|  17|0x0000000707a00000, 0x0000000707c00000, 0x0000000707c00000|100%|HS|  |TAMS 0x0000000707a00000| PB 0x0000000707a00000| Complete |  0
|  18|0x0000000707c00000, 0x0000000707e00000, 0x0000000707e00000|100%|HS|  |TAMS 0x0000000707c00000| PB 0x0000000707c00000| Complete |  0
|  19|0x0000000707e00000, 0x0000000708000000, 0x0000000708000000|100%|HS|  |TAMS 0x0000000707e00000| PB 0x0000000707e00000| Complete |  0
|  20|0x0000000708000000, 0x0000000708200000, 0x0000000708200000|100%|HS|  |TAMS 0x0000000708000000| PB 0x0000000708000000| Complete |  0
|  21|0x0000000708200000, 0x0000000708400000, 0x0000000708400000|100%|HS|  |TAMS 0x0000000708200000| PB 0x0000000708200000| Complete |  0
|  22|0x0000000708400000, 0x0000000708600000, 0x0000000708600000|100%|HS|  |TAMS 0x0000000708400000| PB 0x0000000708400000| Complete |  0
|  23|0x0000000708600000, 0x0000000708800000, 0x0000000708800000|100%|HS|  |TAMS 0x0000000708600000| PB 0x0000000708600000| Complete |  0
|  24|0x0000000708800000, 0x0000000708a00000, 0x0000000708a00000|100%|HS|  |TAMS 0x0000000708800000| PB 0x0000000708800000| Complete |  0
|  25|0x0000000708a00000, 0x0000000708c00000, 0x0000000708c00000|100%|HS|  |TAMS 0x0000000708a00000| PB 0x0000000708a00000| Complete |  0
|  26|0x0000000708c00000, 0x0000000708e00000, 0x0000000708e00000|100%|HS|  |TAMS 0x0000000708c00000| PB 0x0000000708c00000| Complete |  0
|  27|0x0000000708e00000, 0x0000000709000000, 0x0000000709000000|100%|HS|  |TAMS 0x0000000708e00000| PB 0x0000000708e00000| Complete |  0
|  28|0x0000000709000000, 0x0000000709200000, 0x0000000709200000|100%|HS|  |TAMS 0x0000000709000000| PB 0x0000000709000000| Complete |  0
|  29|0x0000000709200000, 0x0000000709400000, 0x0000000709400000|100%|HS|  |TAMS 0x0000000709200000| PB 0x0000000709200000| Complete |  0
|  30|0x0000000709400000, 0x0000000709600000, 0x0000000709600000|100%|HS|  |TAMS 0x0000000709400000| PB 0x0000000709400000| Complete |  0
|  31|0x0000000709600000, 0x0000000709800000, 0x0000000709800000|100%|HS|  |TAMS 0x0000000709600000| PB 0x0000000709600000| Complete |  0
|  32|0x0000000709800000, 0x0000000709a00000, 0x0000000709a00000|100%|HS|  |TAMS 0x0000000709800000| PB 0x0000000709800000| Complete |  0
|  33|0x0000000709a00000, 0x0000000709c00000, 0x0000000709c00000|100%|HS|  |TAMS 0x0000000709a00000| PB 0x0000000709a00000| Complete |  0
|  34|0x0000000709c00000, 0x0000000709e00000, 0x0000000709e00000|100%|HS|  |TAMS 0x0000000709c00000| PB 0x0000000709c00000| Complete |  0
|  35|0x0000000709e00000, 0x000000070a000000, 0x000000070a000000|100%|HS|  |TAMS 0x0000000709e00000| PB 0x0000000709e00000| Complete |  0
|  36|0x000000070a000000, 0x000000070a200000, 0x000000070a200000|100%|HS|  |TAMS 0x000000070a000000| PB 0x000000070a000000| Complete |  0
|  37|0x000000070a200000, 0x000000070a400000, 0x000000070a400000|100%|HS|  |TAMS 0x000000070a200000| PB 0x000000070a200000| Complete |  0
|  38|0x000000070a400000, 0x000000070a600000, 0x000000070a600000|100%|HS|  |TAMS 0x000000070a400000| PB 0x000000070a400000| Complete |  0
|  39|0x000000070a600000, 0x000000070a800000, 0x000000070a800000|100%|HS|  |TAMS 0x000000070a600000| PB 0x000000070a600000| Complete |  0
|  40|0x000000070a800000, 0x000000070aa00000, 0x000000070aa00000|100%|HS|  |TAMS 0x000000070a800000| PB 0x000000070a800000| Complete |  0
|  41|0x000000070aa00000, 0x000000070ac00000, 0x000000070ac00000|100%|HS|  |TAMS 0x000000070aa00000| PB 0x000000070aa00000| Complete |  0
|  42|0x000000070ac00000, 0x000000070ae00000, 0x000000070ae00000|100%|HS|  |TAMS 0x000000070ac00000| PB 0x000000070ac00000| Complete |  0
|  43|0x000000070ae00000, 0x000000070b000000, 0x000000070b000000|100%|HS|  |TAMS 0x000000070ae00000| PB 0x000000070ae00000| Complete |  0
|  44|0x000000070b000000, 0x000000070b200000, 0x000000070b200000|100%|HS|  |TAMS 0x000000070b000000| PB 0x000000070b000000| Complete |  0
|  45|0x000000070b200000, 0x000000070b400000, 0x000000070b400000|100%|HS|  |TAMS 0x000000070b200000| PB 0x000000070b200000| Complete |  0
|  46|0x000000070b400000, 0x000000070b600000, 0x000000070b600000|100%|HS|  |TAMS 0x000000070b400000| PB 0x000000070b400000| Complete |  0
|  47|0x000000070b600000, 0x000000070b800000, 0x000000070b800000|100%|HS|  |TAMS 0x000000070b600000| PB 0x000000070b600000| Complete |  0
|  48|0x000000070b800000, 0x000000070ba00000, 0x000000070ba00000|100%|HS|  |TAMS 0x000000070b800000| PB 0x000000070b800000| Complete |  0
|  49|0x000000070ba00000, 0x000000070bc00000, 0x000000070bc00000|100%|HS|  |TAMS 0x000000070ba00000| PB 0x000000070ba00000| Complete |  0
|  50|0x000000070bc00000, 0x000000070be00000, 0x000000070be00000|100%|HS|  |TAMS 0x000000070bc00000| PB 0x000000070bc00000| Complete |  0
|  51|0x000000070be00000, 0x000000070c000000, 0x000000070c000000|100%|HS|  |TAMS 0x000000070be00000| PB 0x000000070be00000| Complete |  0
|  52|0x000000070c000000, 0x000000070c200000, 0x000000070c200000|100%|HS|  |TAMS 0x000000070c000000| PB 0x000000070c000000| Complete |  0
|  53|0x000000070c200000, 0x000000070c400000, 0x000000070c400000|100%|HS|  |TAMS 0x000000070c200000| PB 0x000000070c200000| Complete |  0
|  54|0x000000070c400000, 0x000000070c600000, 0x000000070c600000|100%|HS|  |TAMS 0x000000070c400000| PB 0x000000070c400000| Complete |  0
|  55|0x000000070c600000, 0x000000070c800000, 0x000000070c800000|100%|HS|  |TAMS 0x000000070c600000| PB 0x000000070c600000| Complete |  0
|  56|0x000000070c800000, 0x000000070ca00000, 0x000000070ca00000|100%|HS|  |TAMS 0x000000070c800000| PB 0x000000070c800000| Complete |  0
|  57|0x000000070ca00000, 0x000000070cc00000, 0x000000070cc00000|100%|HS|  |TAMS 0x000000070ca00000| PB 0x000000070ca00000| Complete |  0
|  58|0x000000070cc00000, 0x000000070ce00000, 0x000000070ce00000|100%|HS|  |TAMS 0x000000070cc00000| PB 0x000000070cc00000| Complete |  0
|  59|0x000000070ce00000, 0x000000070d000000, 0x000000070d000000|100%|HS|  |TAMS 0x000000070ce00000| PB 0x000000070ce00000| Complete |  0
|  60|0x000000070d000000, 0x000000070d200000, 0x000000070d200000|100%|HS|  |TAMS 0x000000070d000000| PB 0x000000070d000000| Complete |  0
|  61|0x000000070d200000, 0x000000070d2f1e00, 0x000000070d400000| 47%| O|  |TAMS 0x000000070d200000| PB 0x000000070d200000| Untracked |  0
|  62|0x000000070d400000, 0x000000070d600000, 0x000000070d600000|100%| O|  |TAMS 0x000000070d400000| PB 0x000000070d400000| Untracked |  0
|  63|0x000000070d600000, 0x000000070d800000, 0x000000070d800000|100%| O|  |TAMS 0x000000070d600000| PB 0x000000070d600000| Untracked |  0
|  64|0x000000070d800000, 0x000000070da00000, 0x000000070da00000|100%| O|  |TAMS 0x000000070d800000| PB 0x000000070d800000| Untracked |  0
|  65|0x000000070da00000, 0x000000070dc00000, 0x000000070dc00000|100%| O|  |TAMS 0x000000070da00000| PB 0x000000070da00000| Untracked |  0
|  66|0x000000070dc00000, 0x000000070de00000, 0x000000070de00000|100%|HS|  |TAMS 0x000000070dc00000| PB 0x000000070dc00000| Complete |  0
|  67|0x000000070de00000, 0x000000070e000000, 0x000000070e000000|100%| O|  |TAMS 0x000000070de00000| PB 0x000000070de00000| Untracked |  0
|  68|0x000000070e000000, 0x000000070e200000, 0x000000070e200000|100%|HS|  |TAMS 0x000000070e000000| PB 0x000000070e000000| Complete |  0
|  69|0x000000070e200000, 0x000000070e400000, 0x000000070e400000|100%|HS|  |TAMS 0x000000070e200000| PB 0x000000070e200000| Complete |  0
|  70|0x000000070e400000, 0x000000070e600000, 0x000000070e600000|100%|HS|  |TAMS 0x000000070e400000| PB 0x000000070e400000| Complete |  0
|  71|0x000000070e600000, 0x000000070e800000, 0x000000070e800000|100%|HS|  |TAMS 0x000000070e600000| PB 0x000000070e600000| Complete |  0
|  72|0x000000070e800000, 0x000000070ea00000, 0x000000070ea00000|100%|HS|  |TAMS 0x000000070e800000| PB 0x000000070e800000| Complete |  0
|  73|0x000000070ea00000, 0x000000070ec00000, 0x000000070ec00000|100%|HS|  |TAMS 0x000000070ea00000| PB 0x000000070ea00000| Complete |  0
|  74|0x000000070ec00000, 0x000000070ee00000, 0x000000070ee00000|100%|HS|  |TAMS 0x000000070ec00000| PB 0x000000070ec00000| Complete |  0
|  75|0x000000070ee00000, 0x000000070f000000, 0x000000070f000000|100%|HS|  |TAMS 0x000000070ee00000| PB 0x000000070ee00000| Complete |  0
|  76|0x000000070f000000, 0x000000070f200000, 0x000000070f200000|100%|HS|  |TAMS 0x000000070f000000| PB 0x000000070f000000| Complete |  0
|  77|0x000000070f200000, 0x000000070f400000, 0x000000070f400000|100%|HS|  |TAMS 0x000000070f200000| PB 0x000000070f200000| Complete |  0
|  78|0x000000070f400000, 0x000000070f600000, 0x000000070f600000|100%|HS|  |TAMS 0x000000070f400000| PB 0x000000070f400000| Complete |  0
|  79|0x000000070f600000, 0x000000070f800000, 0x000000070f800000|100%|HS|  |TAMS 0x000000070f600000| PB 0x000000070f600000| Complete |  0
|  80|0x000000070f800000, 0x000000070fa00000, 0x000000070fa00000|100%|HS|  |TAMS 0x000000070f800000| PB 0x000000070f800000| Complete |  0
|  81|0x000000070fa00000, 0x000000070fc00000, 0x000000070fc00000|100%|HS|  |TAMS 0x000000070fa00000| PB 0x000000070fa00000| Complete |  0
|  82|0x000000070fc00000, 0x000000070fe00000, 0x000000070fe00000|100%|HS|  |TAMS 0x000000070fc00000| PB 0x000000070fc00000| Complete |  0
|  83|0x000000070fe00000, 0x0000000710000000, 0x0000000710000000|100%|HS|  |TAMS 0x000000070fe00000| PB 0x000000070fe00000| Complete |  0
|  84|0x0000000710000000, 0x0000000710200000, 0x0000000710200000|100%|HS|  |TAMS 0x0000000710000000| PB 0x0000000710000000| Complete |  0
|  85|0x0000000710200000, 0x0000000710400000, 0x0000000710400000|100%|HS|  |TAMS 0x0000000710200000| PB 0x0000000710200000| Complete |  0
|  86|0x0000000710400000, 0x0000000710600000, 0x0000000710600000|100%|HS|  |TAMS 0x0000000710400000| PB 0x0000000710400000| Complete |  0
|  87|0x0000000710600000, 0x0000000710800000, 0x0000000710800000|100%|HS|  |TAMS 0x0000000710600000| PB 0x0000000710600000| Complete |  0
|  88|0x0000000710800000, 0x0000000710a00000, 0x0000000710a00000|100%|HS|  |TAMS 0x0000000710800000| PB 0x0000000710800000| Complete |  0
|  89|0x0000000710a00000, 0x0000000710c00000, 0x0000000710c00000|100%|HS|  |TAMS 0x0000000710a00000| PB 0x0000000710a00000| Complete |  0
|  90|0x0000000710c00000, 0x0000000710e00000, 0x0000000710e00000|100%|HS|  |TAMS 0x0000000710c00000| PB 0x0000000710c00000| Complete |  0
|  91|0x0000000710e00000, 0x0000000711000000, 0x0000000711000000|100%|HS|  |TAMS 0x0000000710e00000| PB 0x0000000710e00000| Complete |  0
|  92|0x0000000711000000, 0x0000000711200000, 0x0000000711200000|100%| O|  |TAMS 0x0000000711000000| PB 0x0000000711000000| Untracked |  0
|  93|0x0000000711200000, 0x0000000711400000, 0x0000000711400000|100%| O|  |TAMS 0x0000000711200000| PB 0x0000000711200000| Untracked |  0
|  94|0x0000000711400000, 0x0000000711400000, 0x0000000711600000|  0%| F|  |TAMS 0x0000000711400000| PB 0x0000000711400000| Untracked |  0
|  95|0x0000000711600000, 0x0000000711800000, 0x0000000711800000|100%| O|  |TAMS 0x0000000711600000| PB 0x0000000711600000| Untracked |  0
|  96|0x0000000711800000, 0x0000000711a00000, 0x0000000711a00000|100%| O|  |TAMS 0x0000000711800000| PB 0x0000000711800000| Untracked |  0
|  97|0x0000000711a00000, 0x0000000711c00000, 0x0000000711c00000|100%| O|  |TAMS 0x0000000711a00000| PB 0x0000000711a00000| Untracked |  0
|  98|0x0000000711c00000, 0x0000000711e00000, 0x0000000711e00000|100%| O|  |TAMS 0x0000000711c00000| PB 0x0000000711c00000| Untracked |  0
|  99|0x0000000711e00000, 0x0000000711e00000, 0x0000000712000000|  0%| F|  |TAMS 0x0000000711e00000| PB 0x0000000711e00000| Untracked |  0
| 100|0x0000000712000000, 0x0000000712000000, 0x0000000712200000|  0%| F|  |TAMS 0x0000000712000000| PB 0x0000000712000000| Untracked |  0
| 101|0x0000000712200000, 0x0000000712200000, 0x0000000712400000|  0%| F|  |TAMS 0x0000000712200000| PB 0x0000000712200000| Untracked |  0
| 102|0x0000000712400000, 0x0000000712400000, 0x0000000712600000|  0%| F|  |TAMS 0x0000000712400000| PB 0x0000000712400000| Untracked |  0
| 103|0x0000000712600000, 0x0000000712600000, 0x0000000712800000|  0%| F|  |TAMS 0x0000000712600000| PB 0x0000000712600000| Untracked |  0
| 104|0x0000000712800000, 0x0000000712800000, 0x0000000712a00000|  0%| F|  |TAMS 0x0000000712800000| PB 0x0000000712800000| Untracked |  0
| 105|0x0000000712a00000, 0x0000000712a80c50, 0x0000000712c00000| 25%| S|CS|TAMS 0x0000000712a00000| PB 0x0000000712a00000| Complete |  0
| 106|0x0000000712c00000, 0x0000000712e00000, 0x0000000712e00000|100%| S|CS|TAMS 0x0000000712c00000| PB 0x0000000712c00000| Complete |  0
| 107|0x0000000712e00000, 0x0000000712e00000, 0x0000000713000000|  0%| F|  |TAMS 0x0000000712e00000| PB 0x0000000712e00000| Untracked |  0
| 108|0x0000000713000000, 0x0000000713000000, 0x0000000713200000|  0%| F|  |TAMS 0x0000000713000000| PB 0x0000000713000000| Untracked |  0
| 109|0x0000000713200000, 0x0000000713200000, 0x0000000713400000|  0%| F|  |TAMS 0x0000000713200000| PB 0x0000000713200000| Untracked |  0
| 110|0x0000000713400000, 0x0000000713400000, 0x0000000713600000|  0%| F|  |TAMS 0x0000000713400000| PB 0x0000000713400000| Untracked |  0
| 111|0x0000000713600000, 0x0000000713600000, 0x0000000713800000|  0%| F|  |TAMS 0x0000000713600000| PB 0x0000000713600000| Untracked |  0
| 112|0x0000000713800000, 0x0000000713800000, 0x0000000713a00000|  0%| F|  |TAMS 0x0000000713800000| PB 0x0000000713800000| Untracked |  0
| 113|0x0000000713a00000, 0x0000000713a00000, 0x0000000713c00000|  0%| F|  |TAMS 0x0000000713a00000| PB 0x0000000713a00000| Untracked |  0
| 114|0x0000000713c00000, 0x0000000713c00000, 0x0000000713e00000|  0%| F|  |TAMS 0x0000000713c00000| PB 0x0000000713c00000| Untracked |  0
| 115|0x0000000713e00000, 0x0000000713e00000, 0x0000000714000000|  0%| F|  |TAMS 0x0000000713e00000| PB 0x0000000713e00000| Untracked |  0
| 116|0x0000000714000000, 0x0000000714000000, 0x0000000714200000|  0%| F|  |TAMS 0x0000000714000000| PB 0x0000000714000000| Untracked |  0
| 117|0x0000000714200000, 0x0000000714200000, 0x0000000714400000|  0%| F|  |TAMS 0x0000000714200000| PB 0x0000000714200000| Untracked |  0
| 118|0x0000000714400000, 0x0000000714400000, 0x0000000714600000|  0%| F|  |TAMS 0x0000000714400000| PB 0x0000000714400000| Untracked |  0
| 119|0x0000000714600000, 0x0000000714600000, 0x0000000714800000|  0%| F|  |TAMS 0x0000000714600000| PB 0x0000000714600000| Untracked |  0
| 120|0x0000000714800000, 0x0000000714800000, 0x0000000714a00000|  0%| F|  |TAMS 0x0000000714800000| PB 0x0000000714800000| Untracked |  0
| 121|0x0000000714a00000, 0x0000000714a00000, 0x0000000714c00000|  0%| F|  |TAMS 0x0000000714a00000| PB 0x0000000714a00000| Untracked |  0
| 122|0x0000000714c00000, 0x0000000714c00000, 0x0000000714e00000|  0%| F|  |TAMS 0x0000000714c00000| PB 0x0000000714c00000| Untracked |  0
| 123|0x0000000714e00000, 0x0000000714e00000, 0x0000000715000000|  0%| F|  |TAMS 0x0000000714e00000| PB 0x0000000714e00000| Untracked |  0
| 124|0x0000000715000000, 0x0000000715000000, 0x0000000715200000|  0%| F|  |TAMS 0x0000000715000000| PB 0x0000000715000000| Untracked |  0
| 125|0x0000000715200000, 0x0000000715200000, 0x0000000715400000|  0%| F|  |TAMS 0x0000000715200000| PB 0x0000000715200000| Untracked |  0
| 126|0x0000000715400000, 0x0000000715400000, 0x0000000715600000|  0%| F|  |TAMS 0x0000000715400000| PB 0x0000000715400000| Untracked |  0
| 127|0x0000000715600000, 0x0000000715600000, 0x0000000715800000|  0%| F|  |TAMS 0x0000000715600000| PB 0x0000000715600000| Untracked |  0
| 128|0x0000000715800000, 0x0000000715800000, 0x0000000715a00000|  0%| F|  |TAMS 0x0000000715800000| PB 0x0000000715800000| Untracked |  0
| 129|0x0000000715a00000, 0x0000000715a00000, 0x0000000715c00000|  0%| F|  |TAMS 0x0000000715a00000| PB 0x0000000715a00000| Untracked |  0
| 130|0x0000000715c00000, 0x0000000715c00000, 0x0000000715e00000|  0%| F|  |TAMS 0x0000000715c00000| PB 0x0000000715c00000| Untracked |  0
| 131|0x0000000715e00000, 0x0000000715e00000, 0x0000000716000000|  0%| F|  |TAMS 0x0000000715e00000| PB 0x0000000715e00000| Untracked |  0
| 132|0x0000000716000000, 0x0000000716000000, 0x0000000716200000|  0%| F|  |TAMS 0x0000000716000000| PB 0x0000000716000000| Untracked |  0
| 133|0x0000000716200000, 0x0000000716200000, 0x0000000716400000|  0%| F|  |TAMS 0x0000000716200000| PB 0x0000000716200000| Untracked |  0
| 134|0x0000000716400000, 0x0000000716400000, 0x0000000716600000|  0%| F|  |TAMS 0x0000000716400000| PB 0x0000000716400000| Untracked |  0
| 135|0x0000000716600000, 0x0000000716600000, 0x0000000716800000|  0%| F|  |TAMS 0x0000000716600000| PB 0x0000000716600000| Untracked |  0
| 136|0x0000000716800000, 0x0000000716800000, 0x0000000716a00000|  0%| F|  |TAMS 0x0000000716800000| PB 0x0000000716800000| Untracked |  0
| 137|0x0000000716a00000, 0x0000000716a00000, 0x0000000716c00000|  0%| F|  |TAMS 0x0000000716a00000| PB 0x0000000716a00000| Untracked |  0
| 138|0x0000000716c00000, 0x0000000716c00000, 0x0000000716e00000|  0%| F|  |TAMS 0x0000000716c00000| PB 0x0000000716c00000| Untracked |  0
| 139|0x0000000716e00000, 0x0000000716e00000, 0x0000000717000000|  0%| F|  |TAMS 0x0000000716e00000| PB 0x0000000716e00000| Untracked |  0
| 140|0x0000000717000000, 0x0000000717000000, 0x0000000717200000|  0%| F|  |TAMS 0x0000000717000000| PB 0x0000000717000000| Untracked |  0
| 141|0x0000000717200000, 0x000000071720dec8, 0x0000000717400000|  2%| E|  |TAMS 0x0000000717200000| PB 0x0000000717200000| Complete |  0
| 142|0x0000000717400000, 0x0000000717600000, 0x0000000717600000|100%| E|CS|TAMS 0x0000000717400000| PB 0x0000000717400000| Complete |  0
| 143|0x0000000717600000, 0x0000000717800000, 0x0000000717800000|100%| E|CS|TAMS 0x0000000717600000| PB 0x0000000717600000| Complete |  0
| 144|0x0000000717800000, 0x0000000717a00000, 0x0000000717a00000|100%| E|CS|TAMS 0x0000000717800000| PB 0x0000000717800000| Complete |  2
| 145|0x0000000717a00000, 0x0000000717c00000, 0x0000000717c00000|100%| E|CS|TAMS 0x0000000717a00000| PB 0x0000000717a00000| Complete |  0
| 146|0x0000000717c00000, 0x0000000717e00000, 0x0000000717e00000|100%| E|CS|TAMS 0x0000000717c00000| PB 0x0000000717c00000| Complete |  0
| 147|0x0000000717e00000, 0x0000000718000000, 0x0000000718000000|100%| E|CS|TAMS 0x0000000717e00000| PB 0x0000000717e00000| Complete |  0
| 148|0x0000000718000000, 0x0000000718200000, 0x0000000718200000|100%| E|CS|TAMS 0x0000000718000000| PB 0x0000000718000000| Complete |  0
| 149|0x0000000718200000, 0x0000000718400000, 0x0000000718400000|100%| E|CS|TAMS 0x0000000718200000| PB 0x0000000718200000| Complete |  0
| 150|0x0000000718400000, 0x0000000718600000, 0x0000000718600000|100%| E|CS|TAMS 0x0000000718400000| PB 0x0000000718400000| Complete |  0
| 151|0x0000000718600000, 0x0000000718800000, 0x0000000718800000|100%| E|CS|TAMS 0x0000000718600000| PB 0x0000000718600000| Complete |  0
| 152|0x0000000718800000, 0x0000000718a00000, 0x0000000718a00000|100%| E|CS|TAMS 0x0000000718800000| PB 0x0000000718800000| Complete |  0
| 153|0x0000000718a00000, 0x0000000718c00000, 0x0000000718c00000|100%| E|CS|TAMS 0x0000000718a00000| PB 0x0000000718a00000| Complete |  0
| 154|0x0000000718c00000, 0x0000000718e00000, 0x0000000718e00000|100%| E|CS|TAMS 0x0000000718c00000| PB 0x0000000718c00000| Complete |  0
| 155|0x0000000718e00000, 0x0000000719000000, 0x0000000719000000|100%| E|CS|TAMS 0x0000000718e00000| PB 0x0000000718e00000| Complete |  0
| 156|0x0000000719000000, 0x0000000719200000, 0x0000000719200000|100%| E|CS|TAMS 0x0000000719000000| PB 0x0000000719000000| Complete |  0
| 157|0x0000000719200000, 0x0000000719400000, 0x0000000719400000|100%| E|CS|TAMS 0x0000000719200000| PB 0x0000000719200000| Complete |  0
| 158|0x0000000719400000, 0x0000000719600000, 0x0000000719600000|100%| E|CS|TAMS 0x0000000719400000| PB 0x0000000719400000| Complete |  0
| 159|0x0000000719600000, 0x0000000719800000, 0x0000000719800000|100%| E|CS|TAMS 0x0000000719600000| PB 0x0000000719600000| Complete |  0
| 160|0x0000000719800000, 0x0000000719a00000, 0x0000000719a00000|100%| E|CS|TAMS 0x0000000719800000| PB 0x0000000719800000| Complete |  0
| 161|0x0000000719a00000, 0x0000000719c00000, 0x0000000719c00000|100%| E|CS|TAMS 0x0000000719a00000| PB 0x0000000719a00000| Complete |  0
| 162|0x0000000719c00000, 0x0000000719e00000, 0x0000000719e00000|100%| E|CS|TAMS 0x0000000719c00000| PB 0x0000000719c00000| Complete |  0
| 163|0x0000000719e00000, 0x000000071a000000, 0x000000071a000000|100%| E|CS|TAMS 0x0000000719e00000| PB 0x0000000719e00000| Complete |  0
| 164|0x000000071a000000, 0x000000071a200000, 0x000000071a200000|100%| E|CS|TAMS 0x000000071a000000| PB 0x000000071a000000| Complete |  0
| 165|0x000000071a200000, 0x000000071a400000, 0x000000071a400000|100%| E|CS|TAMS 0x000000071a200000| PB 0x000000071a200000| Complete |  0
|2003|0x00000007ffe00000, 0x0000000800000000, 0x0000000800000000|100%| E|CS|TAMS 0x00000007ffe00000| PB 0x00000007ffe00000| Complete |  0

Card table byte_map: [0x00000119295e0000,0x0000011929dc0000] _byte_map_base: 0x0000011925db4000

Marking Bits: (CMBitMap*) 0x0000011910f8e020
 Bits: [0x0000011929dc0000, 0x000001192dc60000)

Polling page: 0x000001190ee00000

Metaspace:
Metaspace        used 22638K, committed 22848K, reserved 1114112K
 class space     used 2385K, committed 2496K, reserved 1048576K

Usage:
  Non-class:     19.78 MB used.
      Class:      2.33 MB used.
       Both:     22.11 MB used.

Virtual space:
  Non-class space:       64.00 MB reserved,      19.88 MB ( 31%) committed,  1 nodes.
      Class space:        1.00 GB reserved,       2.44 MB ( <1%) committed,  1 nodes.
             Both:        1.06 GB reserved,      22.31 MB (  2%) committed. 

Chunk freelists:
   Non-Class:  11.77 MB
       Class:  13.51 MB
        Both:  25.28 MB

MaxMetaspaceSize: unlimited
CompressedClassSpaceSize: 1.00 GB
Initial GC threshold: 21.00 MB
Current GC threshold: 37.19 MB
CDS: on
 - commit_granule_bytes: 65536.
 - commit_granule_words: 8192.
 - virtual_space_node_default_size: 8388608.
 - enlarge_chunks_in_place: 1.
UseCompressedClassPointers 1, UseCompactObjectHeaders 0
Narrow klass pointer bits 32, Max shift 3
Narrow klass base: 0x000000003c000000, Narrow klass shift: 0
Encoding Range: [0x000000003c000000 - 0x000000013c000000), (4294967296 bytes)
Klass Range:    [0x000000003c010000 - 0x000000007d000000), (1090453504 bytes)
Klass ID Range:  [65536 - 1090519033) (1090453497)
Protection zone: [0x000000003c000000 - 0x000000003c010000), (65536 bytes)


Internal statistics:

num_allocs_failed_limit: 0.
num_arena_births: 192.
num_arena_deaths: 0.
num_vsnodes_births: 2.
num_vsnodes_deaths: 0.
num_space_committed: 357.
num_space_uncommitted: 0.
num_chunks_returned_to_freelist: 0.
num_chunks_taken_from_freelist: 705.
num_chunk_merges: 0.
num_chunk_splits: 486.
num_chunks_enlarged: 398.
num_inconsistent_stats: 0.

CodeHeap 'non-profiled nmethods': size=120064Kb used=1746Kb max_used=1752Kb free=118317Kb
 bounds [0x0000011921260000, 0x00000119214d0000, 0x00000119287a0000]
CodeHeap 'profiled nmethods': size=120000Kb used=7355Kb max_used=7496Kb free=112645Kb
 bounds [0x00000119197a0000, 0x0000011919f00000, 0x0000011920cd0000]
CodeHeap 'non-nmethods': size=5696Kb used=1865Kb max_used=2046Kb free=3830Kb
 bounds [0x0000011920cd0000, 0x0000011920f40000, 0x0000011921260000]
CodeCache: size=245760Kb, used=10966Kb, max_used=11294Kb, free=234792Kb
 total_blobs=5807, nmethods=4814, adapters=895, full_count=0
Compilation: enabled, stopped_count=0, restarted_count=0

Compilation events (20 events):
Event: 70.536 Thread 0x00000119307942e0 5411       4       com.sun.javafx.tk.quantum.QuantumToolkit::postPulse (133 bytes)
Event: 70.560 Thread 0x00000119307942e0 nmethod 5411 0x0000011921413588 code [0x0000011921413680, 0x0000011921414eb0]
Event: 72.554 Thread 0x00000119307942e0 5412       4       sun.awt.image.GifImageDecoder::ExtractByte (8 bytes)
Event: 72.554 Thread 0x00000119307942e0 nmethod 5412 0x0000011921414f08 code [0x0000011921415000, 0x00000119214150a8]
Event: 74.131 Thread 0x0000011930772b60 5413       3       java.awt.image.IndexColorModel::setTransparency (56 bytes)
Event: 74.131 Thread 0x0000011930772b60 nmethod 5413 0x0000011919ef1c08 code [0x0000011919ef1d00, 0x0000011919ef1fa0]
Event: 86.504 Thread 0x00000119307942e0 5414       4       com.sun.javafx.tk.quantum.QuantumToolkit$$Lambda/0x000000003d0d8648::run (8 bytes)
Event: 86.505 Thread 0x00000119307942e0 nmethod 5414 0x0000011921415208 code [0x0000011921415300, 0x00000119214153c8]
Event: 101.248 Thread 0x00000119307942e0 5415 %     4       java.awt.image.IndexColorModel::<init> @ 114 (303 bytes)
Event: 101.270 Thread 0x00000119307942e0 nmethod 5415% 0x0000011921415508 code [0x0000011921415600, 0x0000011921416180]
Event: 103.052 Thread 0x0000011930772b60 5416       3       java.awt.image.IndexColorModel::setTransparentPixel (47 bytes)
Event: 103.052 Thread 0x0000011930772b60 nmethod 5416 0x0000011919dbea08 code [0x0000011919dbeb00, 0x0000011919dbed10]
Event: 103.052 Thread 0x0000011930772b60 5417       3       java.awt.image.IndexColorModel::calculatePixelMask (39 bytes)
Event: 103.052 Thread 0x0000011930772b60 nmethod 5417 0x0000011919827108 code [0x0000011919827200, 0x00000119198273b8]
Event: 114.655 Thread 0x0000011930772b60 5418       3       java.lang.String::<init> (10 bytes)
Event: 114.656 Thread 0x0000011930772b60 nmethod 5418 0x0000011919b61f08 code [0x0000011919b62000, 0x0000011919b62148]
Event: 114.656 Thread 0x0000011930772b60 5419       3       java.lang.String::<init> (128 bytes)
Event: 114.657 Thread 0x0000011930772b60 nmethod 5419 0x0000011919d1e988 code [0x0000011919d1ea80, 0x0000011919d1f1f0]
Event: 115.677 Thread 0x00000119307942e0 5420       4       java.awt.image.IndexColorModel::<init> (303 bytes)
Event: 115.704 Thread 0x00000119307942e0 nmethod 5420 0x00000119213d3f08 code [0x00000119213d4000, 0x00000119213d5200]

GC Heap Usage History (20 events):
Event: 23.105 {heap Before GC invocations=6 (full 0):
 garbage-first heap   total reserved 4104192K, committed 280576K, used 252610K [0x0000000705800000, 0x0000000800000000)
  region size 2048K, 32 young (65536K), 5 survivors (10240K)
}
Event: 23.114 {heap After GC invocations=7 (full 0):
 garbage-first heap   total reserved 4104192K, committed 280576K, used 200291K [0x0000000705800000, 0x0000000800000000)
  region size 2048K, 3 young (6144K), 3 survivors (6144K)
}
Event: 24.489 {heap Before GC invocations=7 (full 0):
 garbage-first heap   total reserved 4104192K, committed 280576K, used 255587K [0x0000000705800000, 0x0000000800000000)
  region size 2048K, 30 young (61440K), 3 survivors (6144K)
}
Event: 24.493 {heap After GC invocations=8 (full 0):
 garbage-first heap   total reserved 4104192K, committed 280576K, used 200114K [0x0000000705800000, 0x0000000800000000)
  region size 2048K, 1 young (2048K), 1 survivors (2048K)
}
Event: 26.528 {heap Before GC invocations=9 (full 0):
 garbage-first heap   total reserved 4104192K, committed 337920K, used 257458K [0x0000000705800000, 0x0000000800000000)
  region size 2048K, 29 young (59392K), 1 survivors (2048K)
}
Event: 26.531 {heap After GC invocations=10 (full 0):
 garbage-first heap   total reserved 4104192K, committed 337920K, used 200106K [0x0000000705800000, 0x0000000800000000)
  region size 2048K, 1 young (2048K), 1 survivors (2048K)
}
Event: 29.352 {heap Before GC invocations=10 (full 0):
 garbage-first heap   total reserved 4104192K, committed 337920K, used 310698K [0x0000000705800000, 0x0000000800000000)
  region size 2048K, 56 young (114688K), 1 survivors (2048K)
}
Event: 29.354 {heap After GC invocations=11 (full 0):
 garbage-first heap   total reserved 4104192K, committed 337920K, used 198390K [0x0000000705800000, 0x0000000800000000)
  region size 2048K, 1 young (2048K), 1 survivors (2048K)
}
Event: 32.378 {heap Before GC invocations=11 (full 0):
 garbage-first heap   total reserved 4104192K, committed 337920K, used 317174K [0x0000000705800000, 0x0000000800000000)
  region size 2048K, 59 young (120832K), 1 survivors (2048K)
}
Event: 32.379 {heap After GC invocations=12 (full 0):
 garbage-first heap   total reserved 4104192K, committed 337920K, used 198391K [0x0000000705800000, 0x0000000800000000)
  region size 2048K, 1 young (2048K), 1 survivors (2048K)
}
Event: 44.597 {heap Before GC invocations=13 (full 0):
 garbage-first heap   total reserved 4104192K, committed 337920K, used 319223K [0x0000000705800000, 0x0000000800000000)
  region size 2048K, 59 young (120832K), 1 survivors (2048K)
}
Event: 44.603 {heap After GC invocations=14 (full 0):
 garbage-first heap   total reserved 4104192K, committed 337920K, used 202701K [0x0000000705800000, 0x0000000800000000)
  region size 2048K, 2 young (4096K), 2 survivors (4096K)
}
Event: 65.294 {heap Before GC invocations=14 (full 0):
 garbage-first heap   total reserved 4104192K, committed 337920K, used 317389K [0x0000000705800000, 0x0000000800000000)
  region size 2048K, 58 young (118784K), 2 survivors (4096K)
}
Event: 65.297 {heap After GC invocations=15 (full 0):
 garbage-first heap   total reserved 4104192K, committed 337920K, used 202464K [0x0000000705800000, 0x0000000800000000)
  region size 2048K, 2 young (4096K), 2 survivors (4096K)
}
Event: 102.602 {heap Before GC invocations=15 (full 0):
 garbage-first heap   total reserved 4104192K, committed 337920K, used 317152K [0x0000000705800000, 0x0000000800000000)
  region size 2048K, 58 young (118784K), 2 survivors (4096K)
}
Event: 102.604 {heap After GC invocations=16 (full 0):
 garbage-first heap   total reserved 4104192K, committed 337920K, used 202490K [0x0000000705800000, 0x0000000800000000)
  region size 2048K, 2 young (4096K), 2 survivors (4096K)
}
Event: 140.876 {heap Before GC invocations=17 (full 0):
 garbage-first heap   total reserved 4104192K, committed 342016K, used 317178K [0x0000000705800000, 0x0000000800000000)
  region size 2048K, 58 young (118784K), 2 survivors (4096K)
}
Event: 140.887 {heap After GC invocations=18 (full 0):
 garbage-first heap   total reserved 4104192K, committed 342016K, used 202251K [0x0000000705800000, 0x0000000800000000)
  region size 2048K, 2 young (4096K), 2 survivors (4096K)
}
Event: 182.367 {heap Before GC invocations=18 (full 0):
 garbage-first heap   total reserved 4104192K, committed 342016K, used 321035K [0x0000000705800000, 0x0000000800000000)
  region size 2048K, 60 young (122880K), 2 survivors (4096K)
}
Event: 182.373 {heap After GC invocations=19 (full 0):
 garbage-first heap   total reserved 4104192K, committed 342016K, used 202186K [0x0000000705800000, 0x0000000800000000)
  region size 2048K, 2 young (4096K), 2 survivors (4096K)
}

Metaspace Usage History (20 events):
Event: 23.105 {metaspace Before GC invocations=6 (full 0):
 Metaspace       used 19425K, committed 19648K, reserved 1114112K
  class space    used 1860K, committed 1984K, reserved 1048576K
}
Event: 23.114 {metaspace After GC invocations=7 (full 0):
 Metaspace       used 19425K, committed 19648K, reserved 1114112K
  class space    used 1860K, committed 1984K, reserved 1048576K
}
Event: 24.489 {metaspace Before GC invocations=7 (full 0):
 Metaspace       used 19447K, committed 19648K, reserved 1114112K
  class space    used 1862K, committed 1984K, reserved 1048576K
}
Event: 24.494 {metaspace After GC invocations=8 (full 0):
 Metaspace       used 19447K, committed 19648K, reserved 1114112K
  class space    used 1862K, committed 1984K, reserved 1048576K
}
Event: 26.528 {metaspace Before GC invocations=9 (full 0):
 Metaspace       used 19447K, committed 19648K, reserved 1114112K
  class space    used 1862K, committed 1984K, reserved 1048576K
}
Event: 26.531 {metaspace After GC invocations=10 (full 0):
 Metaspace       used 19447K, committed 19648K, reserved 1114112K
  class space    used 1862K, committed 1984K, reserved 1048576K
}
Event: 29.352 {metaspace Before GC invocations=10 (full 0):
 Metaspace       used 19460K, committed 19712K, reserved 1114112K
  class space    used 1862K, committed 1984K, reserved 1048576K
}
Event: 29.355 {metaspace After GC invocations=11 (full 0):
 Metaspace       used 19460K, committed 19712K, reserved 1114112K
  class space    used 1862K, committed 1984K, reserved 1048576K
}
Event: 32.378 {metaspace Before GC invocations=11 (full 0):
 Metaspace       used 19471K, committed 19712K, reserved 1114112K
  class space    used 1862K, committed 1984K, reserved 1048576K
}
Event: 32.380 {metaspace After GC invocations=12 (full 0):
 Metaspace       used 19471K, committed 19712K, reserved 1114112K
  class space    used 1862K, committed 1984K, reserved 1048576K
}
Event: 44.597 {metaspace Before GC invocations=13 (full 0):
 Metaspace       used 22592K, committed 22848K, reserved 1114112K
  class space    used 2378K, committed 2496K, reserved 1048576K
}
Event: 44.603 {metaspace After GC invocations=14 (full 0):
 Metaspace       used 22592K, committed 22848K, reserved 1114112K
  class space    used 2378K, committed 2496K, reserved 1048576K
}
Event: 65.294 {metaspace Before GC invocations=14 (full 0):
 Metaspace       used 22628K, committed 22848K, reserved 1114112K
  class space    used 2383K, committed 2496K, reserved 1048576K
}
Event: 65.297 {metaspace After GC invocations=15 (full 0):
 Metaspace       used 22628K, committed 22848K, reserved 1114112K
  class space    used 2383K, committed 2496K, reserved 1048576K
}
Event: 102.602 {metaspace Before GC invocations=15 (full 0):
 Metaspace       used 22628K, committed 22848K, reserved 1114112K
  class space    used 2383K, committed 2496K, reserved 1048576K
}
Event: 102.604 {metaspace After GC invocations=16 (full 0):
 Metaspace       used 22628K, committed 22848K, reserved 1114112K
  class space    used 2383K, committed 2496K, reserved 1048576K
}
Event: 140.876 {metaspace Before GC invocations=17 (full 0):
 Metaspace       used 22629K, committed 22848K, reserved 1114112K
  class space    used 2383K, committed 2496K, reserved 1048576K
}
Event: 140.887 {metaspace After GC invocations=18 (full 0):
 Metaspace       used 22629K, committed 22848K, reserved 1114112K
  class space    used 2383K, committed 2496K, reserved 1048576K
}
Event: 182.367 {metaspace Before GC invocations=18 (full 0):
 Metaspace       used 22629K, committed 22848K, reserved 1114112K
  class space    used 2383K, committed 2496K, reserved 1048576K
}
Event: 182.373 {metaspace After GC invocations=19 (full 0):
 Metaspace       used 22629K, committed 22848K, reserved 1114112K
  class space    used 2383K, committed 2496K, reserved 1048576K
}

Dll operation events (20 events):
Event: 0.308 Loaded shared library C:\Users\HP\Downloads\openjfx-25_windows-x64_bin-sdk\javafx-sdk-25\bin\api-ms-win-crt-multibyte-l1-1-0.dll
Event: 0.308 Loaded shared library C:\Users\HP\Downloads\openjfx-25_windows-x64_bin-sdk\javafx-sdk-25\bin\api-ms-win-crt-private-l1-1-0.dll
Event: 0.309 Loaded shared library C:\Users\HP\Downloads\openjfx-25_windows-x64_bin-sdk\javafx-sdk-25\bin\api-ms-win-crt-process-l1-1-0.dll
Event: 0.309 Loaded shared library C:\Users\HP\Downloads\openjfx-25_windows-x64_bin-sdk\javafx-sdk-25\bin\api-ms-win-crt-runtime-l1-1-0.dll
Event: 0.310 Loaded shared library C:\Users\HP\Downloads\openjfx-25_windows-x64_bin-sdk\javafx-sdk-25\bin\api-ms-win-crt-stdio-l1-1-0.dll
Event: 0.311 Loaded shared library C:\Users\HP\Downloads\openjfx-25_windows-x64_bin-sdk\javafx-sdk-25\bin\api-ms-win-crt-string-l1-1-0.dll
Event: 0.311 Loaded shared library C:\Users\HP\Downloads\openjfx-25_windows-x64_bin-sdk\javafx-sdk-25\bin\api-ms-win-crt-time-l1-1-0.dll
Event: 0.312 Loaded shared library C:\Users\HP\Downloads\openjfx-25_windows-x64_bin-sdk\javafx-sdk-25\bin\api-ms-win-crt-utility-l1-1-0.dll
Event: 0.313 Loaded shared library C:\Users\HP\Downloads\openjfx-25_windows-x64_bin-sdk\javafx-sdk-25\bin\ucrtbase.dll
Event: 0.314 Loaded shared library C:\Users\HP\Downloads\openjfx-25_windows-x64_bin-sdk\javafx-sdk-25\bin\vcruntime140.dll
Event: 0.314 Loaded shared library C:\Users\HP\Downloads\openjfx-25_windows-x64_bin-sdk\javafx-sdk-25\bin\vcruntime140_1.dll
Event: 0.315 Loaded shared library C:\Users\HP\Downloads\openjfx-25_windows-x64_bin-sdk\javafx-sdk-25\bin\msvcp140.dll
Event: 0.316 Loaded shared library C:\Users\HP\Downloads\openjfx-25_windows-x64_bin-sdk\javafx-sdk-25\bin\msvcp140_1.dll
Event: 0.317 Loaded shared library C:\Users\HP\Downloads\openjfx-25_windows-x64_bin-sdk\javafx-sdk-25\bin\msvcp140_2.dll
Event: 0.336 Loaded shared library C:\Users\HP\Downloads\openjfx-25_windows-x64_bin-sdk\javafx-sdk-25\bin\prism_d3d.dll
Event: 0.392 Loaded shared library C:\Users\HP\Downloads\openjfx-25_windows-x64_bin-sdk\javafx-sdk-25\bin\glass.dll
Event: 0.540 Loaded shared library C:\Users\HP\.jdks\openjdk-25\bin\freetype.dll
Event: 0.541 Loaded shared library C:\Users\HP\.jdks\openjdk-25\bin\fontmanager.dll
Event: 10.937 Loaded shared library C:\Users\HP\Downloads\openjfx-25_windows-x64_bin-sdk\javafx-sdk-25\bin\javafx_iio.dll
Event: 11.536 Loaded shared library C:\Users\HP\Downloads\openjfx-25_windows-x64_bin-sdk\javafx-sdk-25\bin\javafx_font.dll

Deoptimization events (20 events):
Event: 44.800 Thread 0x000001193564b080 DEOPT PACKING pc=0x00000119212c3774 sp=0x00000011929fa850
Event: 44.800 Thread 0x000001193564b080 DEOPT UNPACKING pc=0x0000011920df1002 sp=0x00000011929fa7e0 mode 2
Event: 44.805 Thread 0x000001193564b080 Uncommon trap: trap_request=0xffffffde fr.pc=0x00000119213a5b84 relative=0x00000000000003e4
Event: 44.805 Thread 0x000001193564b080 Uncommon trap: reason=class_check action=maybe_recompile pc=0x00000119213a5b84 method=javafx.scene.Node.updateLocalToParentTransform()V @ 11 c2
Event: 44.805 Thread 0x000001193564b080 DEOPT PACKING pc=0x00000119213a5b84 sp=0x00000011929f8680
Event: 44.805 Thread 0x000001193564b080 DEOPT UNPACKING pc=0x0000011920df1002 sp=0x00000011929f85f0 mode 2
Event: 44.805 Thread 0x000001193564b080 Uncommon trap: trap_request=0xffffffc6 fr.pc=0x0000011921412cfc relative=0x00000000000003dc
Event: 44.805 Thread 0x000001193564b080 Uncommon trap: reason=bimorphic_or_optimized_type_check action=maybe_recompile pc=0x0000011921412cfc method=javafx.scene.Node.getGeomBounds(Lcom/sun/javafx/geom/BaseBounds;Lcom/sun/javafx/geom/transform/BaseTransform;)Lcom/sun/javafx/geom/BaseBounds; @ 21
Event: 44.805 Thread 0x000001193564b080 DEOPT PACKING pc=0x0000011921412cfc sp=0x00000011929f85a0
Event: 44.805 Thread 0x000001193564b080 DEOPT UNPACKING pc=0x0000011920df1002 sp=0x00000011929f8550 mode 2
Event: 44.880 Thread 0x000001193564b080 Uncommon trap: trap_request=0xffffff45 fr.pc=0x0000011921331a78 relative=0x00000000000001f8
Event: 44.880 Thread 0x000001193564b080 Uncommon trap: reason=unstable_if action=reinterpret pc=0x0000011921331a78 method=java.util.HashMap$HashIterator.<init>(Ljava/util/HashMap;)V @ 50 c2
Event: 44.880 Thread 0x000001193564b080 DEOPT PACKING pc=0x0000011921331a78 sp=0x00000011929fbde0
Event: 44.880 Thread 0x000001193564b080 DEOPT UNPACKING pc=0x0000011920df1002 sp=0x00000011929fbd98 mode 2
Event: 115.677 Thread 0x000001193782d6f0 DEOPT PACKING pc=0x0000011919ef1a5f sp=0x00000011937ff3d0
Event: 115.677 Thread 0x000001193782d6f0 DEOPT UNPACKING pc=0x0000011920d21702 sp=0x00000011937fe890 mode 0
Event: 198.282 Thread 0x0000011941dd4a10 Uncommon trap: trap_request=0xffffffcc fr.pc=0x00000119213efca0 relative=0x00000000000003a0
Event: 198.282 Thread 0x0000011941dd4a10 Uncommon trap: reason=intrinsic_or_type_checked_inlining action=make_not_entrant pc=0x00000119213efca0 method=java.util.Arrays.copyOf([Ljava/lang/Object;ILjava/lang/Class;)[Ljava/lang/Object; @ 35 c2
Event: 198.282 Thread 0x0000011941dd4a10 DEOPT PACKING pc=0x00000119213efca0 sp=0x0000001192bff4c0
Event: 198.282 Thread 0x0000011941dd4a10 DEOPT UNPACKING pc=0x0000011920df1002 sp=0x0000001192bff468 mode 2

Classes loaded (20 events):
Event: 34.608 Loading class jdk/internal/ref/CleanerImpl$InnocuousThreadFactory
Event: 34.608 Loading class jdk/internal/ref/CleanerImpl$InnocuousThreadFactory done
Event: 34.614 Loading class jdk/internal/foreign/ConfinedSession
Event: 34.614 Loading class jdk/internal/foreign/ConfinedSession done
Event: 34.615 Loading class jdk/internal/foreign/ConfinedSession$ConfinedResourceList
Event: 34.615 Loading class jdk/internal/foreign/MemorySessionImpl$ResourceList
Event: 34.615 Loading class jdk/internal/foreign/MemorySessionImpl$ResourceList done
Event: 34.615 Loading class jdk/internal/foreign/ConfinedSession$ConfinedResourceList done
Event: 34.619 Loading class jdk/internal/foreign/Utils$1VarHandleCache
Event: 34.619 Loading class jdk/internal/foreign/Utils$1VarHandleCache done
Event: 34.619 Loading class java/lang/invoke/VarHandleSegmentAsInts
Event: 34.619 Loading class java/lang/invoke/VarHandleSegmentAsInts done
Event: 34.619 Loading class java/lang/invoke/VarHandleSegmentAsIntsAligned
Event: 34.620 Loading class java/lang/invoke/VarHandleSegmentAsIntsAligned done
Event: 34.641 Loading class java/lang/FdLibm$Hypot
Event: 34.642 Loading class java/lang/FdLibm$Hypot done
Event: 44.872 Loading class java/util/concurrent/LinkedBlockingQueue$Itr
Event: 44.874 Loading class java/util/concurrent/LinkedBlockingQueue$Itr done
Event: 198.277 Loading class jdk/internal/misc/Signal$1
Event: 198.277 Loading class jdk/internal/misc/Signal$1 done

Classes unloaded (0 events):
No events

Classes redefined (0 events):
No events

Internal exceptions (20 events):
Event: 0.731 Thread 0x0000011935506c10 Exception <a 'java/lang/NoSuchMethodError'{0x0000000712a9d4e0}: 'float java.lang.invoke.DelegatingMethodHandle$Holder.reinvoke_L(java.lang.Object, java.lang.Object, java.lang.Object, long)'> (0x0000000712a9d4e0) 
thrown [s\open\src\hotspot\share\interpreter\linkResolver.cpp, line 804]
Event: 10.319 Thread 0x0000011935506c10 Implicit null exception at 0x000001192131bdd5 to 0x000001192131be88
Event: 10.878 Thread 0x000001193564b080 Exception <a 'java/lang/NoSuchMethodError'{0x000000070fe4fd08}: 'java.lang.Object java.lang.invoke.DirectMethodHandle$Holder.invokeStaticInit(java.lang.Object, java.lang.Object, java.lang.Object, java.lang.Object)'> (0x000000070fe4fd08) 
thrown [s\open\src\hotspot\share\interpreter\linkResolver.cpp, line 804]
Event: 10.932 Thread 0x000001193564b080 Exception <a 'java/lang/NullPointerException'{0x000000070f1408c0}> (0x000000070f1408c0) 
thrown [s\open\src\hotspot\share\interpreter\linkResolver.cpp, line 1416]
Event: 11.560 Thread 0x000001193564b080 Exception <a 'java/lang/NoSuchMethodError'{0x000000071422dd48}: 'void java.lang.invoke.DirectMethodHandle$Holder.invokeSpecialIFC(java.lang.Object, java.lang.Object, java.lang.Object)'> (0x000000071422dd48) 
thrown [s\open\src\hotspot\share\interpreter\linkResolver.cpp, line 804]
Event: 11.585 Thread 0x000001193564b080 Implicit null exception at 0x00000119212c5c50 to 0x00000119212c5ce0
Event: 11.806 Thread 0x000001193564b080 Exception <a 'java/lang/NoSuchMethodError'{0x00000007133f50b0}: 'java.lang.Object java.lang.invoke.DirectMethodHandle$Holder.newInvokeSpecial(java.lang.Object, java.lang.Object, int)'> (0x00000007133f50b0) 
thrown [s\open\src\hotspot\share\interpreter\linkResolver.cpp, line 804]
Event: 11.878 Thread 0x000001193564b080 Exception <a 'java/lang/NoSuchMethodError'{0x00000007130f5570}: 'long java.lang.invoke.DirectMethodHandle$Holder.invokeStatic(java.lang.Object, java.lang.Object, java.lang.Object)'> (0x00000007130f5570) 
thrown [s\open\src\hotspot\share\interpreter\linkResolver.cpp, line 804]
Event: 11.878 Thread 0x000001193564b080 Exception <a 'java/lang/NoSuchMethodError'{0x00000007130fd408}: 'long java.lang.invoke.DirectMethodHandle$Holder.invokeStaticInit(java.lang.Object, java.lang.Object, java.lang.Object)'> (0x00000007130fd408) 
thrown [s\open\src\hotspot\share\interpreter\linkResolver.cpp, line 804]
Event: 11.888 Thread 0x000001193079f1b0 Exception <a 'java/lang/NoSuchMethodError'{0x0000000712f10958}: 'int java.lang.invoke.DirectMethodHandle$Holder.invokeStaticInit(java.lang.Object, java.lang.Object)'> (0x0000000712f10958) 
thrown [s\open\src\hotspot\share\interpreter\linkResolver.cpp, line 804]
Event: 11.898 Thread 0x000001193079f1b0 Exception <a 'java/lang/NoSuchMethodError'{0x0000000712faaee8}: 'java.lang.Object java.lang.invoke.Invokers$Holder.invokeExact_MT(java.lang.Object, java.lang.Object, java.lang.Object, java.lang.Object, java.lang.Object, java.lang.Object)'> (0x0000000712faaee8) 
thrown [s\open\src\hotspot\share\interpreter\linkResolver.cpp, line 804]
Event: 14.896 Thread 0x000001193564b080 Exception <a 'java/lang/NoSuchMethodError'{0x0000000712547df0}: 'java.lang.Object java.lang.invoke.DirectMethodHandle$Holder.invokeStatic(java.lang.Object, java.lang.Object, java.lang.Object, java.lang.Object, int)'> (0x0000000712547df0) 
thrown [s\open\src\hotspot\share\interpreter\linkResolver.cpp, line 804]
Event: 14.900 Thread 0x000001193564b080 Exception <a 'java/lang/NoSuchMethodError'{0x00000007125861c8}: 'void java.lang.invoke.DirectMethodHandle$Holder.invokeSpecial(java.lang.Object, java.lang.Object, double)'> (0x00000007125861c8) 
thrown [s\open\src\hotspot\share\interpreter\linkResolver.cpp, line 804]
Event: 14.901 Thread 0x000001193564b080 Exception <a 'java/lang/NoSuchMethodError'{0x0000000712595380}: 'java.lang.Object java.lang.invoke.DirectMethodHandle$Holder.newInvokeSpecial(java.lang.Object, java.lang.Object, double)'> (0x0000000712595380) 
thrown [s\open\src\hotspot\share\interpreter\linkResolver.cpp, line 804]
Event: 21.160 Thread 0x000001193564b080 Implicit null exception at 0x00000119213c7e9f to 0x00000119213c7fbc
Event: 34.469 Thread 0x000001193564b080 Exception <a 'java/lang/NoSuchMethodError'{0x00000007166db530}: 'void java.lang.invoke.DirectMethodHandle$Holder.invokeStaticInit(java.lang.Object, java.lang.Object)'> (0x00000007166db530) 
thrown [s\open\src\hotspot\share\interpreter\linkResolver.cpp, line 804]
Event: 34.482 Thread 0x000001193564b080 Exception <a 'java/lang/NoSuchMethodError'{0x0000000716793b38}: 'void java.lang.invoke.DirectMethodHandle$Holder.invokeStatic(java.lang.Object, java.lang.Object, java.lang.Object, java.lang.Object)'> (0x0000000716793b38) 
thrown [s\open\src\hotspot\share\interpreter\linkResolver.cpp, line 804]
Event: 34.522 Thread 0x000001193564b080 Exception <a 'java/lang/NoSuchMethodError'{0x0000000716382ff0}: 'java.lang.Object java.lang.invoke.DirectMethodHandle$Holder.invokeInterface(java.lang.Object, java.lang.Object, java.lang.Object)'> (0x0000000716382ff0) 
thrown [s\open\src\hotspot\share\interpreter\linkResolver.cpp, line 804]
Event: 34.522 Thread 0x000001193564b080 Exception <a 'java/lang/IncompatibleClassChangeError'{0x000000071638b080}: Found class java.lang.Object, but interface was expected> (0x000000071638b080) 
thrown [s\open\src\hotspot\share\interpreter\linkResolver.cpp, line 871]
Event: 34.591 Thread 0x000001193079f1b0 Implicit null exception at 0x00000119212e8fd6 to 0x00000119212e94c4

VM Operations (20 events):
Event: 34.629 Executing non-safepoint VM operation: HandshakeAllThreads (Deoptimize) done
Event: 44.597 Executing safepoint VM operation: G1CollectForAllocation (G1 Evacuation Pause)
Event: 44.603 Executing safepoint VM operation: G1CollectForAllocation (G1 Evacuation Pause) done
Event: 60.150 Executing non-safepoint VM operation: HandshakeAllThreads (HandshakeForDeflation)
Event: 60.150 Executing non-safepoint VM operation: HandshakeAllThreads (HandshakeForDeflation) done
Event: 60.150 Executing non-safepoint VM operation: RendezvousGCThreads
Event: 60.150 Executing non-safepoint VM operation: RendezvousGCThreads done
Event: 65.294 Executing safepoint VM operation: G1CollectForAllocation (G1 Evacuation Pause)
Event: 65.297 Executing safepoint VM operation: G1CollectForAllocation (G1 Evacuation Pause) done
Event: 102.602 Executing safepoint VM operation: G1CollectForAllocation (G1 Evacuation Pause)
Event: 102.604 Executing safepoint VM operation: G1CollectForAllocation (G1 Evacuation Pause) done
Event: 102.610 Executing safepoint VM operation: G1PauseRemark
Event: 102.612 Executing safepoint VM operation: G1PauseRemark done
Event: 102.614 Executing safepoint VM operation: G1PauseCleanup
Event: 102.614 Executing safepoint VM operation: G1PauseCleanup done
Event: 140.876 Executing safepoint VM operation: G1CollectForAllocation (G1 Evacuation Pause)
Event: 140.887 Executing safepoint VM operation: G1CollectForAllocation (G1 Evacuation Pause) done
Event: 182.367 Executing safepoint VM operation: G1CollectForAllocation (G1 Evacuation Pause)
Event: 182.373 Executing safepoint VM operation: G1CollectForAllocation (G1 Evacuation Pause) done
Event: 198.383 Executing safepoint VM operation: Exit

Memory protections (0 events):
No events

Nmethod flushes (20 events):
Event: 102.611 Thread 0x0000011930754ee0 flushing  nmethod 0x000001191992be88
Event: 102.611 Thread 0x0000011930754ee0 flushing  nmethod 0x00000119199e9a08
Event: 102.611 Thread 0x0000011930754ee0 flushing  nmethod 0x00000119199ea488
Event: 102.611 Thread 0x0000011930754ee0 flushing  nmethod 0x0000011919bc4b08
Event: 102.611 Thread 0x0000011930754ee0 flushing  nmethod 0x0000011919bc9008
Event: 102.611 Thread 0x0000011930754ee0 flushing  nmethod 0x0000011919c05788
Event: 102.611 Thread 0x0000011930754ee0 flushing  nmethod 0x0000011919d9c808
Event: 102.611 Thread 0x0000011930754ee0 flushing  nmethod 0x00000119199f6088
Event: 102.611 Thread 0x0000011930754ee0 flushing  nmethod 0x0000011919bebd88
Event: 102.611 Thread 0x0000011930754ee0 flushing  nmethod 0x0000011919bef688
Event: 102.611 Thread 0x0000011930754ee0 flushing  nmethod 0x0000011919dbea08
Event: 102.611 Thread 0x0000011930754ee0 flushing  nmethod 0x0000011919bd2a88
Event: 102.611 Thread 0x0000011930754ee0 flushing  nmethod 0x0000011919cefc88
Event: 102.611 Thread 0x0000011930754ee0 flushing  nmethod 0x0000011919827108
Event: 102.611 Thread 0x0000011930754ee0 flushing  nmethod 0x0000011919bff688
Event: 102.611 Thread 0x0000011930754ee0 flushing  nmethod 0x0000011919cd2808
Event: 102.611 Thread 0x0000011930754ee0 flushing  nmethod 0x0000011919d30908
Event: 102.611 Thread 0x0000011930754ee0 flushing  nmethod 0x0000011919d82a08
Event: 102.611 Thread 0x0000011930754ee0 flushing  nmethod 0x0000011919d8a388
Event: 102.611 Thread 0x0000011930754ee0 flushing  nmethod 0x0000011919df1588

Events (20 events):
Event: 44.850 Thread 0x0000011941dd78f0 Thread added: 0x0000011941dd78f0
Event: 44.851 Thread 0x000001193f863fa0 Thread exited: 0x000001193f863fa0
Event: 44.851 Thread 0x0000011935465520 Thread exited: 0x0000011935465520
Event: 44.851 Thread 0x0000011941dd78f0 Thread exited: 0x0000011941dd78f0
Event: 44.851 Thread 0x0000011941dd78f0 Thread added: 0x0000011941dd78f0
Event: 44.852 Thread 0x0000011941dd78f0 Thread exited: 0x0000011941dd78f0
Event: 198.277 Thread 0x000001193076c630 Thread added: 0x0000011941dd2300
Event: 198.279 Thread 0x0000011941dd2300 Thread added: 0x0000011941dd59b0
Event: 198.279 Thread 0x0000011941dd2300 Thread added: 0x0000011941dd4a10
Event: 198.279 Thread 0x0000011941dd2300 Thread added: 0x0000011941dda000
Event: 198.279 Thread 0x0000011941dd2300 Thread added: 0x0000011941dd4240
Event: 198.280 Thread 0x0000011941dd59b0 Thread exited: 0x0000011941dd59b0
Event: 198.282 Thread 0x0000011941dd4a10 Thread exited: 0x0000011941dd4a10
Event: 198.285 Thread 0x0000011941dd4240 Thread added: 0x0000011941dd4a10
Event: 198.287 Thread 0x0000011941dd4a10 Thread exited: 0x0000011941dd4a10
Event: 198.287 Thread 0x0000011941dd4240 Thread exited: 0x0000011941dd4240
Event: 198.298 Thread 0x00000119354fcf90 Thread exited: 0x00000119354fcf90
Event: 198.334 Thread 0x000001193079f1b0 Thread exited: 0x000001193079f1b0
Event: 198.382 Thread 0x0000011941dda000 Thread exited: 0x0000011941dda000
Event: 198.383 Thread 0x0000011941dd2300 Before exit entered


Dynamic libraries:
0x00007ff758230000 - 0x00007ff75823e000 	C:\Users\HP\.jdks\openjdk-25\bin\java.exe
0x00007ff8fad50000 - 0x00007ff8faf67000 	C:\windows\SYSTEM32\ntdll.dll
0x00007ff8f1960000 - 0x00007ff8f1980000 	C:\Program Files\Avast Software\Avast\aswhook.dll
0x00007ff8f96a0000 - 0x00007ff8f9764000 	C:\windows\System32\KERNEL32.DLL
0x00007ff8f8520000 - 0x00007ff8f88f0000 	C:\windows\System32\KERNELBASE.dll
0x00007ff8f8920000 - 0x00007ff8f8a31000 	C:\windows\System32\ucrtbase.dll
0x00007ff8ef5e0000 - 0x00007ff8ef5f7000 	C:\Users\HP\.jdks\openjdk-25\bin\jli.dll
0x00007ff8ce710000 - 0x00007ff8ce72e000 	C:\Users\HP\.jdks\openjdk-25\bin\VCRUNTIME140.dll
0x00007ff8f9d10000 - 0x00007ff8f9ebe000 	C:\windows\System32\USER32.dll
0x00007ff8f88f0000 - 0x00007ff8f8916000 	C:\windows\System32\win32u.dll
0x00007ff8fa820000 - 0x00007ff8fa849000 	C:\windows\System32\GDI32.dll
0x00007ff8f82c0000 - 0x00007ff8f83db000 	C:\windows\System32\gdi32full.dll
0x00007ff8cffe0000 - 0x00007ff8d0272000 	C:\windows\WinSxS\amd64_microsoft.windows.common-controls_6595b64144ccf1df_6.0.22621.4830_none_270fe7d773858e80\COMCTL32.dll
0x00007ff8f8170000 - 0x00007ff8f820a000 	C:\windows\System32\msvcp_win.dll
0x00007ff8fa850000 - 0x00007ff8fa8f7000 	C:\windows\System32\msvcrt.dll
0x00007ff8f99a0000 - 0x00007ff8f99d1000 	C:\windows\System32\IMM32.DLL
0x00007ff8f1990000 - 0x00007ff8f199c000 	C:\Users\HP\.jdks\openjdk-25\bin\vcruntime140_1.dll
0x00007ff8c78a0000 - 0x00007ff8c792d000 	C:\Users\HP\.jdks\openjdk-25\bin\msvcp140.dll
0x00007ff806190000 - 0x00007ff806fef000 	C:\Users\HP\.jdks\openjdk-25\bin\server\jvm.dll
0x00007ff8f98e0000 - 0x00007ff8f9991000 	C:\windows\System32\ADVAPI32.dll
0x00007ff8f99e0000 - 0x00007ff8f9a87000 	C:\windows\System32\sechost.dll
0x00007ff8f8290000 - 0x00007ff8f82b8000 	C:\windows\System32\bcrypt.dll
0x00007ff8f97a0000 - 0x00007ff8f98b4000 	C:\windows\System32\RPCRT4.dll
0x00007ff8fac90000 - 0x00007ff8fad01000 	C:\windows\System32\WS2_32.dll
0x00007ff8f7ed0000 - 0x00007ff8f7f1d000 	C:\windows\SYSTEM32\POWRPROF.dll
0x00007ff8ef070000 - 0x00007ff8ef0a4000 	C:\windows\SYSTEM32\WINMM.dll
0x00007ff8ecf50000 - 0x00007ff8ecf5a000 	C:\windows\SYSTEM32\VERSION.dll
0x00007ff8f7eb0000 - 0x00007ff8f7ec3000 	C:\windows\SYSTEM32\UMPDC.dll
0x00007ff8f6fe0000 - 0x00007ff8f6ff8000 	C:\windows\SYSTEM32\kernel.appcore.dll
0x00007ff8ee3e0000 - 0x00007ff8ee3ea000 	C:\Users\HP\.jdks\openjdk-25\bin\jimage.dll
0x00007ff8f5940000 - 0x00007ff8f5b72000 	C:\windows\SYSTEM32\DBGHELP.DLL
0x00007ff8fa900000 - 0x00007ff8fac90000 	C:\windows\System32\combase.dll
0x00007ff8f93b0000 - 0x00007ff8f9487000 	C:\windows\System32\OLEAUT32.dll
0x00007ff8e4bb0000 - 0x00007ff8e4be2000 	C:\windows\SYSTEM32\dbgcore.DLL
0x00007ff8f83e0000 - 0x00007ff8f845b000 	C:\windows\System32\bcryptPrimitives.dll
0x00007ff8ce760000 - 0x00007ff8ce770000 	C:\Users\HP\.jdks\openjdk-25\bin\instrument.dll
0x00007ff8c7880000 - 0x00007ff8c789f000 	C:\Users\HP\.jdks\openjdk-25\bin\java.dll
0x00007ff8fa660000 - 0x00007ff8fa801000 	C:\windows\System32\ole32.dll
0x00007ff8f8b30000 - 0x00007ff8f93a8000 	C:\windows\System32\SHELL32.dll
0x00007ff8f5f50000 - 0x00007ff8f6860000 	C:\windows\SYSTEM32\windows.storage.dll
0x00007ff8f5e10000 - 0x00007ff8f5f4f000 	C:\windows\SYSTEM32\wintypes.dll
0x00007ff8f94a0000 - 0x00007ff8f95aa000 	C:\windows\System32\SHCORE.dll
0x00007ff8f8a40000 - 0x00007ff8f8a9e000 	C:\windows\System32\shlwapi.dll
0x00007ff8f7f30000 - 0x00007ff8f7f5b000 	C:\windows\SYSTEM32\profapi.dll
0x00007ff8c7820000 - 0x00007ff8c7837000 	C:\Users\HP\.jdks\openjdk-25\bin\zip.dll
0x00007ff8c7860000 - 0x00007ff8c7872000 	C:\Users\HP\.jdks\openjdk-25\bin\net.dll
0x00007ff8f74c0000 - 0x00007ff8f752a000 	C:\windows\system32\mswsock.dll
0x00007ff8c7840000 - 0x00007ff8c7856000 	C:\Users\HP\.jdks\openjdk-25\bin\nio.dll
0x00007ff8ce700000 - 0x00007ff8ce709000 	C:\Users\HP\.jdks\openjdk-25\bin\extnet.dll
0x00007ff8c7690000 - 0x00007ff8c7813000 	C:\Users\HP\.jdks\openjdk-25\bin\awt.dll
0x00007ff8f1f20000 - 0x00007ff8f1fb7000 	C:\windows\SYSTEM32\apphelp.dll
0x00007ff8c7520000 - 0x00007ff8c75c2000 	C:\Users\HP\Downloads\openjfx-25_windows-x64_bin-sdk\javafx-sdk-25\bin\glib-lite.dll
0x00007ff8c7420000 - 0x00007ff8c751d000 	C:\Users\HP\Downloads\openjfx-25_windows-x64_bin-sdk\javafx-sdk-25\bin\gstreamer-lite.dll
0x00007ff8a6c60000 - 0x00007ff8a6d02000 	C:\windows\SYSTEM32\DSOUND.dll
0x00007ff8a6a80000 - 0x00007ff8a6b31000 	C:\windows\SYSTEM32\ResampleDmo.DLL
0x00007ff8d7800000 - 0x00007ff8d780b000 	C:\windows\SYSTEM32\msdmo.dll
0x00007ff897d20000 - 0x00007ff897d49000 	C:\windows\SYSTEM32\winmmbase.dll
0x00007ff8c7660000 - 0x00007ff8c7688000 	C:\Users\HP\Downloads\openjfx-25_windows-x64_bin-sdk\javafx-sdk-25\bin\jfxmedia.dll
0x00007ff8f2980000 - 0x00007ff8f2a31000 	C:\windows\system32\uxtheme.dll
0x00007ff8f9ba0000 - 0x00007ff8f9cff000 	C:\windows\System32\MSCTF.dll
0x00007ff8f2bf0000 - 0x00007ff8f2c1b000 	C:\windows\system32\DWMAPI.DLL
0x00007ff8120a0000 - 0x00007ff8121a0000 	C:\windows\system32\opengl32.dll
0x00007ff89b430000 - 0x00007ff89b45d000 	C:\windows\SYSTEM32\GLU32.dll
0x00007ff8f2a80000 - 0x00007ff8f2ab7000 	C:\windows\SYSTEM32\dxcore.dll
0x0000011930db0000 - 0x0000011930db4000 	C:\Users\HP\Downloads\openjfx-25_windows-x64_bin-sdk\javafx-sdk-25\bin\api-ms-win-core-console-l1-1-0.dll
0x0000011930dc0000 - 0x0000011930dc4000 	C:\Users\HP\Downloads\openjfx-25_windows-x64_bin-sdk\javafx-sdk-25\bin\api-ms-win-core-console-l1-2-0.dll
0x0000011930dd0000 - 0x0000011930dd4000 	C:\Users\HP\Downloads\openjfx-25_windows-x64_bin-sdk\javafx-sdk-25\bin\api-ms-win-core-datetime-l1-1-0.dll
0x0000011930de0000 - 0x0000011930de4000 	C:\Users\HP\Downloads\openjfx-25_windows-x64_bin-sdk\javafx-sdk-25\bin\api-ms-win-core-debug-l1-1-0.dll
0x0000011930df0000 - 0x0000011930df4000 	C:\Users\HP\Downloads\openjfx-25_windows-x64_bin-sdk\javafx-sdk-25\bin\api-ms-win-core-errorhandling-l1-1-0.dll
0x0000011930e00000 - 0x0000011930e05000 	C:\Users\HP\Downloads\openjfx-25_windows-x64_bin-sdk\javafx-sdk-25\bin\api-ms-win-core-file-l1-1-0.dll
0x0000011930e10000 - 0x0000011930e14000 	C:\Users\HP\Downloads\openjfx-25_windows-x64_bin-sdk\javafx-sdk-25\bin\api-ms-win-core-file-l1-2-0.dll
0x0000011930e20000 - 0x0000011930e24000 	C:\Users\HP\Downloads\openjfx-25_windows-x64_bin-sdk\javafx-sdk-25\bin\api-ms-win-core-file-l2-1-0.dll
0x0000011930e30000 - 0x0000011930e34000 	C:\Users\HP\Downloads\openjfx-25_windows-x64_bin-sdk\javafx-sdk-25\bin\api-ms-win-core-handle-l1-1-0.dll
0x0000011930e50000 - 0x0000011930e54000 	C:\Users\HP\Downloads\openjfx-25_windows-x64_bin-sdk\javafx-sdk-25\bin\api-ms-win-core-heap-l1-1-0.dll
0x0000011930e60000 - 0x0000011930e64000 	C:\Users\HP\Downloads\openjfx-25_windows-x64_bin-sdk\javafx-sdk-25\bin\api-ms-win-core-interlocked-l1-1-0.dll
0x0000011930e80000 - 0x0000011930e84000 	C:\Users\HP\Downloads\openjfx-25_windows-x64_bin-sdk\javafx-sdk-25\bin\api-ms-win-core-libraryloader-l1-1-0.dll
0x0000011930e90000 - 0x0000011930e94000 	C:\Users\HP\Downloads\openjfx-25_windows-x64_bin-sdk\javafx-sdk-25\bin\api-ms-win-core-localization-l1-2-0.dll
0x0000011930ea0000 - 0x0000011930ea4000 	C:\Users\HP\Downloads\openjfx-25_windows-x64_bin-sdk\javafx-sdk-25\bin\api-ms-win-core-memory-l1-1-0.dll
0x0000011930eb0000 - 0x0000011930eb4000 	C:\Users\HP\Downloads\openjfx-25_windows-x64_bin-sdk\javafx-sdk-25\bin\api-ms-win-core-namedpipe-l1-1-0.dll
0x0000011930ec0000 - 0x0000011930ec4000 	C:\Users\HP\Downloads\openjfx-25_windows-x64_bin-sdk\javafx-sdk-25\bin\api-ms-win-core-processenvironment-l1-1-0.dll
0x0000011930ed0000 - 0x0000011930ed4000 	C:\Users\HP\Downloads\openjfx-25_windows-x64_bin-sdk\javafx-sdk-25\bin\api-ms-win-core-processthreads-l1-1-0.dll
0x0000011930ee0000 - 0x0000011930ee4000 	C:\Users\HP\Downloads\openjfx-25_windows-x64_bin-sdk\javafx-sdk-25\bin\api-ms-win-core-processthreads-l1-1-1.dll
0x0000011930ef0000 - 0x0000011930ef4000 	C:\Users\HP\Downloads\openjfx-25_windows-x64_bin-sdk\javafx-sdk-25\bin\api-ms-win-core-profile-l1-1-0.dll
0x0000011930f00000 - 0x0000011930f04000 	C:\Users\HP\Downloads\openjfx-25_windows-x64_bin-sdk\javafx-sdk-25\bin\api-ms-win-core-rtlsupport-l1-1-0.dll
0x0000011930f10000 - 0x0000011930f14000 	C:\Users\HP\Downloads\openjfx-25_windows-x64_bin-sdk\javafx-sdk-25\bin\api-ms-win-core-string-l1-1-0.dll
0x0000011930f20000 - 0x0000011930f24000 	C:\Users\HP\Downloads\openjfx-25_windows-x64_bin-sdk\javafx-sdk-25\bin\api-ms-win-core-synch-l1-1-0.dll
0x0000011930f30000 - 0x0000011930f34000 	C:\Users\HP\Downloads\openjfx-25_windows-x64_bin-sdk\javafx-sdk-25\bin\api-ms-win-core-synch-l1-2-0.dll
0x0000011930f40000 - 0x0000011930f44000 	C:\Users\HP\Downloads\openjfx-25_windows-x64_bin-sdk\javafx-sdk-25\bin\api-ms-win-core-sysinfo-l1-1-0.dll
0x0000011930f50000 - 0x0000011930f54000 	C:\Users\HP\Downloads\openjfx-25_windows-x64_bin-sdk\javafx-sdk-25\bin\api-ms-win-core-timezone-l1-1-0.dll
0x0000011930f60000 - 0x0000011930f64000 	C:\Users\HP\Downloads\openjfx-25_windows-x64_bin-sdk\javafx-sdk-25\bin\api-ms-win-core-util-l1-1-0.dll
0x0000011930f70000 - 0x0000011930f74000 	C:\Users\HP\Downloads\openjfx-25_windows-x64_bin-sdk\javafx-sdk-25\bin\api-ms-win-crt-conio-l1-1-0.dll
0x0000011930f80000 - 0x0000011930f85000 	C:\Users\HP\Downloads\openjfx-25_windows-x64_bin-sdk\javafx-sdk-25\bin\api-ms-win-crt-convert-l1-1-0.dll
0x0000011930f90000 - 0x0000011930f94000 	C:\Users\HP\Downloads\openjfx-25_windows-x64_bin-sdk\javafx-sdk-25\bin\api-ms-win-crt-environment-l1-1-0.dll
0x0000011930fa0000 - 0x0000011930fa4000 	C:\Users\HP\Downloads\openjfx-25_windows-x64_bin-sdk\javafx-sdk-25\bin\api-ms-win-crt-filesystem-l1-1-0.dll
0x0000011930fb0000 - 0x0000011930fb4000 	C:\Users\HP\Downloads\openjfx-25_windows-x64_bin-sdk\javafx-sdk-25\bin\api-ms-win-crt-heap-l1-1-0.dll
0x0000011930fc0000 - 0x0000011930fc4000 	C:\Users\HP\Downloads\openjfx-25_windows-x64_bin-sdk\javafx-sdk-25\bin\api-ms-win-crt-locale-l1-1-0.dll
0x0000011930fd0000 - 0x0000011930fd6000 	C:\Users\HP\Downloads\openjfx-25_windows-x64_bin-sdk\javafx-sdk-25\bin\api-ms-win-crt-math-l1-1-0.dll
0x0000011930fe0000 - 0x0000011930fe6000 	C:\Users\HP\Downloads\openjfx-25_windows-x64_bin-sdk\javafx-sdk-25\bin\api-ms-win-crt-multibyte-l1-1-0.dll
0x00000119369f0000 - 0x0000011936a01000 	C:\Users\HP\Downloads\openjfx-25_windows-x64_bin-sdk\javafx-sdk-25\bin\api-ms-win-crt-private-l1-1-0.dll
0x0000011930ff0000 - 0x0000011930ff4000 	C:\Users\HP\Downloads\openjfx-25_windows-x64_bin-sdk\javafx-sdk-25\bin\api-ms-win-crt-process-l1-1-0.dll
0x0000011936a10000 - 0x0000011936a15000 	C:\Users\HP\Downloads\openjfx-25_windows-x64_bin-sdk\javafx-sdk-25\bin\api-ms-win-crt-runtime-l1-1-0.dll
0x0000011936a20000 - 0x0000011936a25000 	C:\Users\HP\Downloads\openjfx-25_windows-x64_bin-sdk\javafx-sdk-25\bin\api-ms-win-crt-stdio-l1-1-0.dll
0x0000011936a30000 - 0x0000011936a35000 	C:\Users\HP\Downloads\openjfx-25_windows-x64_bin-sdk\javafx-sdk-25\bin\api-ms-win-crt-string-l1-1-0.dll
0x0000011936a40000 - 0x0000011936a44000 	C:\Users\HP\Downloads\openjfx-25_windows-x64_bin-sdk\javafx-sdk-25\bin\api-ms-win-crt-time-l1-1-0.dll
0x0000011936a50000 - 0x0000011936a54000 	C:\Users\HP\Downloads\openjfx-25_windows-x64_bin-sdk\javafx-sdk-25\bin\api-ms-win-crt-utility-l1-1-0.dll
0x00007ff8a61d0000 - 0x00007ff8a62e1000 	C:\Users\HP\Downloads\openjfx-25_windows-x64_bin-sdk\javafx-sdk-25\bin\ucrtbase.dll
0x00007ff8c7400000 - 0x00007ff8c741e000 	C:\Users\HP\Downloads\openjfx-25_windows-x64_bin-sdk\javafx-sdk-25\bin\vcruntime140.dll
0x00007ff8c7620000 - 0x00007ff8c762c000 	C:\Users\HP\Downloads\openjfx-25_windows-x64_bin-sdk\javafx-sdk-25\bin\vcruntime140_1.dll
0x00007ff8a6bd0000 - 0x00007ff8a6c5d000 	C:\Users\HP\Downloads\openjfx-25_windows-x64_bin-sdk\javafx-sdk-25\bin\msvcp140.dll
0x00007ff8c73f0000 - 0x00007ff8c73f9000 	C:\Users\HP\Downloads\openjfx-25_windows-x64_bin-sdk\javafx-sdk-25\bin\msvcp140_1.dll
0x00007ff8a6a30000 - 0x00007ff8a6a71000 	C:\Users\HP\Downloads\openjfx-25_windows-x64_bin-sdk\javafx-sdk-25\bin\msvcp140_2.dll
0x00007ff8c73c0000 - 0x00007ff8c73f0000 	C:\Users\HP\Downloads\openjfx-25_windows-x64_bin-sdk\javafx-sdk-25\bin\prism_d3d.dll
0x00007ff81d490000 - 0x00007ff81d638000 	C:\windows\system32\d3d9.dll
0x00007ff8f2ae0000 - 0x00007ff8f2bd7000 	C:\windows\SYSTEM32\dxgi.dll
0x00007ff8f7bd0000 - 0x00007ff8f7c1e000 	C:\windows\SYSTEM32\cfgmgr32.dll
0x00007ff8ecf60000 - 0x00007ff8ed0c3000 	C:\windows\SYSTEM32\drvstore.dll
0x00007ff8ee070000 - 0x00007ff8ee0b9000 	C:\windows\SYSTEM32\directxdatabasehelper.dll
0x00007ff8eeb70000 - 0x00007ff8eee15000 	C:\windows\SYSTEM32\twinapi.appcore.dll
0x00007ff8a66b0000 - 0x00007ff8a66f9000 	C:\Users\HP\Downloads\openjfx-25_windows-x64_bin-sdk\javafx-sdk-25\bin\glass.dll
0x00007ff8f9a90000 - 0x00007ff8f9b92000 	C:\windows\System32\COMDLG32.dll
0x00007ff8fa080000 - 0x00007ff8fa130000 	C:\windows\System32\clbcatq.dll
0x00007ff8d55f0000 - 0x00007ff8d576d000 	C:\Windows\System32\Windows.UI.dll
0x00007ff8b97a0000 - 0x00007ff8b988d000 	C:\Windows\System32\Windows.Networking.Connectivity.dll
0x00007ff8bd070000 - 0x00007ff8bd1e5000 	C:\Windows\System32\Windows.UI.Immersive.dll
0x00007ff8ec640000 - 0x00007ff8ec658000 	C:\windows\System32\npmproxy.dll
0x00007ff8ee160000 - 0x00007ff8ee1ab000 	C:\Windows\System32\CapabilityAccessManagerClient.dll
0x00007ff8eefa0000 - 0x00007ff8ef026000 	C:\windows\SYSTEM32\wlanapi.dll
0x00007ff8f1fc0000 - 0x00007ff8f1fdf000 	C:\windows\SYSTEM32\MobileNetworking.dll

JVMTI agents:
C:\Program Files\JetBrains\IntelliJ IDEA Community Edition 2025.2.3\lib\idea_rt.jar path:C:\Users\HP\.jdks\openjdk-25\bin\instrument.dll, loaded, initialized, instrumentlib options:59288

dbghelp: loaded successfully - version: 4.0.5 - missing functions: none
symbol engine: initialized successfully - sym options: 0x614 - pdb path: .;C:\Users\HP\.jdks\openjdk-25\bin;C:\windows\SYSTEM32;C:\Program Files\Avast Software\Avast;C:\windows\WinSxS\amd64_microsoft.windows.common-controls_6595b64144ccf1df_6.0.22621.4830_none_270fe7d773858e80;C:\Users\HP\.jdks\openjdk-25\bin\server;C:\Users\HP\Downloads\openjfx-25_windows-x64_bin-sdk\javafx-sdk-25\bin;C:\windows\System32\DriverStore\FileRepository\iigd_dch.inf_amd64_64dc54263337697d;C:\Program Files\Common Files\Microsoft Shared\Ink

VM Arguments:
jvm_args: -javaagent:C:\Program Files\JetBrains\IntelliJ IDEA Community Edition 2025.2.3\lib\idea_rt.jar=59288 -Dfile.encoding=UTF-8 -Dsun.stdout.encoding=UTF-8 -Dsun.stderr.encoding=UTF-8 
java_command: MainGame
java_class_path (initial): C:\Users\HP\Documents\GitHub\demo-repository\out\production\demo-repository;C:\Users\HP\Downloads\openjfx-25_windows-x64_bin-sdk\javafx-sdk-25\lib\javafx-swt.jar;C:\Users\HP\Downloads\openjfx-25_windows-x64_bin-sdk\javafx-sdk-25\lib\javafx.web.jar;C:\Users\HP\Downloads\openjfx-25_windows-x64_bin-sdk\javafx-sdk-25\lib\javafx.base.jar;C:\Users\HP\Downloads\openjfx-25_windows-x64_bin-sdk\javafx-sdk-25\lib\javafx.fxml.jar;C:\Users\HP\Downloads\openjfx-25_windows-x64_bin-sdk\javafx-sdk-25\lib\javafx.media.jar;C:\Users\HP\Downloads\openjfx-25_windows-x64_bin-sdk\javafx-sdk-25\lib\javafx.swing.jar;C:\Users\HP\Downloads\openjfx-25_windows-x64_bin-sdk\javafx-sdk-25\lib\jdk.jsobject.jar;C:\Users\HP\Downloads\openjfx-25_windows-x64_bin-sdk\javafx-sdk-25\lib\javafx.controls.jar;C:\Users\HP\Downloads\openjfx-25_windows-x64_bin-sdk\javafx-sdk-25\lib\javafx.graphics.jar;C:\Users\HP\Downloads\openjfx-25_windows-x64_bin-sdk\javafx-sdk-25\lib\jfx.incubator.input.jar;C:\Users\HP\Downloads\openjfx-25_windows-x64_bin-sdk\javafx-sdk-25\lib\jfx.incubator.richtext.jar
Launcher Type: SUN_STANDARD

[Global flags]
     intx CICompilerCount                          = 4                                         {product} {ergonomic}
     uint ConcGCThreads                            = 3                                         {product} {ergonomic}
     uint G1ConcRefinementThreads                  = 10                                        {product} {ergonomic}
   size_t G1HeapRegionSize                         = 2097152                                   {product} {ergonomic}
   size_t InitialHeapSize                          = 264241152                                 {product} {ergonomic}
   size_t MarkStackSize                            = 4194304                                   {product} {ergonomic}
   size_t MarkStackSizeMax                         = 536870912                                 {product} {ergonomic}
   size_t MaxHeapSize                              = 4202692608                                {product} {ergonomic}
   size_t MaxNewSize                               = 2520776704                                {product} {ergonomic}
   size_t MinHeapDeltaBytes                        = 2097152                                   {product} {ergonomic}
   size_t MinHeapSize                              = 8388608                                   {product} {ergonomic}
    uintx NonNMethodCodeHeapSize                   = 5832704                                {pd product} {ergonomic}
    uintx NonProfiledCodeHeapSize                  = 122945536                              {pd product} {ergonomic}
    uintx ProfiledCodeHeapSize                     = 122880000                              {pd product} {ergonomic}
    uintx ReservedCodeCacheSize                    = 251658240                              {pd product} {ergonomic}
     bool SegmentedCodeCache                       = true                                      {product} {ergonomic}
   size_t SoftMaxHeapSize                          = 4202692608                             {manageable} {ergonomic}
     bool UseCompressedOops                        = true                           {product lp64_product} {ergonomic}
     bool UseG1GC                                  = true                                      {product} {ergonomic}
     bool UseLargePagesIndividualAllocation        = false                                  {pd product} {ergonomic}

Logging:
Log output configuration:
 #0: stdout all=off uptime,level,tags foldmultilines=false
 #1: stderr all=off uptime,level,tags foldmultilines=false

Release file:
IMPLEMENTOR="Oracle Corporation" 
JAVA_RUNTIME_VERSION="25+36-3489" 
JAVA_VERSION="25" 
JAVA_VERSION_DATE="2025-09-16" 
LIBC="default" 
MODULES="java.base java.compiler java.datatransfer java.xml java.prefs java.desktop java.instrument java.logging java.management java.security.sasl java.naming java.rmi java.management.rmi java.net.http java.scripting java.security.jgss java.transaction.xa java.sql java.sql.rowset java.xml.crypto java.se java.smartcardio jdk.accessibility jdk.internal.jvmstat jdk.attach jdk.charsets jdk.internal.opt jdk.zipfs jdk.compiler jdk.crypto.cryptoki jdk.crypto.ec jdk.crypto.mscapi jdk.dynalink jdk.internal.ed jdk.editpad jdk.internal.vm.ci jdk.graal.compiler jdk.graal.compiler.management jdk.hotspot.agent jdk.httpserver jdk.incubator.vector jdk.internal.le jdk.internal.md jdk.jartool jdk.javadoc jdk.jcmd jdk.management jdk.management.agent jdk.jconsole jdk.jdeps jdk.jdwp.agent jdk.jdi jdk.jfr jdk.jlink jdk.jpackage jdk.jshell jdk.jsobject jdk.jstatd jdk.localedata jdk.management.jfr jdk.naming.dns jdk.naming.rmi jdk.net jdk.nio.mapmode jdk.sctp jdk.security.auth jdk.security.jgss jdk.unsupported jdk.unsupported.desktop jdk.xml.dom" 
OS_ARCH="x86_64" 
OS_NAME="Windows" 
SOURCE=".:git:6c48f4ed707b" 

Environment Variables:
PATH=C:\windows\system32;C:\windows;C:\windows\System32\Wbem;C:\windows\System32\WindowsPowerShell\v1.0\;C:\windows\System32\OpenSSH\;C:\Program Files\HP\HP One Agent;C:\Program Files\Git\cmd;C:\Users\HP\AppData\Local\Microsoft\WindowsApps;C:\Users\HP\AppData\Local\GitHubDesktop\bin
USERNAME=HP
OS=Windows_NT
PROCESSOR_IDENTIFIER=Intel64 Family 6 Model 186 Stepping 3, GenuineIntel
TMP=C:\Users\HP\AppData\Local\Temp
TEMP=C:\Users\HP\AppData\Local\Temp




Compilation memory statistics disabled.

Periodic native trim disabled

---------------  S Y S T E M  ---------------

OS:
 Windows 11 , 64 bit Build 22621 (10.0.22621.4830)
OS uptime: 0 days 13:12 hours

CPU: total 12 (initial active 12) (6 cores per cpu, 2 threads per core) family 6 model 186 stepping 3 microcode 0x4121, cx8, cmov, fxsr, ht, mmx, 3dnowpref, sse, sse2, sse3, ssse3, sse4.1, sse4.2, popcnt, lzcnt, tsc, tscinvbit, avx, avx2, aes, erms, clmul, bmi1, bmi2, adx, sha, fma, vzeroupper, clflush, clflushopt, clwb, serialize, rdtscp, rdpid, fsrm, gfni, f16c, pku, cet_ibt, cet_ss
Processor Information for processor 0
  Max Mhz: 1700, Current Mhz: 1700, Mhz Limit: 1700
Processor Information for processor 1
  Max Mhz: 1700, Current Mhz: 1700, Mhz Limit: 1700
Processor Information for processor 2
  Max Mhz: 1700, Current Mhz: 1700, Mhz Limit: 1700
Processor Information for processor 3
  Max Mhz: 1700, Current Mhz: 1700, Mhz Limit: 1700
Processor Information for processor 4
  Max Mhz: 1700, Current Mhz: 1200, Mhz Limit: 1190
Processor Information for processor 5
  Max Mhz: 1700, Current Mhz: 1200, Mhz Limit: 1190
Processor Information for processor 6
  Max Mhz: 1700, Current Mhz: 1200, Mhz Limit: 1190
Processor Information for processor 7
  Max Mhz: 1700, Current Mhz: 1200, Mhz Limit: 1190
Processor Information for processor 8
  Max Mhz: 1700, Current Mhz: 1200, Mhz Limit: 1190
Processor Information for processor 9
  Max Mhz: 1700, Current Mhz: 1200, Mhz Limit: 1190
Processor Information for processor 10
  Max Mhz: 1700, Current Mhz: 1200, Mhz Limit: 1190
Processor Information for processor 11
  Max Mhz: 1700, Current Mhz: 1200, Mhz Limit: 1190

Memory: 4k page, system-wide physical 16027M (2676M free)
TotalPageFile size 28244M (AvailPageFile size 3743M)
current process WorkingSet (physical memory assigned to process): 788M, peak: 940M
current process commit charge ("private bytes"): 849M, peak: 1022M

vm_info: OpenJDK 64-Bit Server VM (25+36-3489) for windows-amd64 JRE (25+36-3489), built on 2025-08-12T17:19:28Z with unknown MS VC++:1943

END.
