#
# A fatal error has been detected by the Java Runtime Environment:
#
#  EXCEPTION_ACCESS_VIOLATION (0xc0000005) at pc=0x00007ff83acaa5d7, pid=28816, tid=32328
#
# JRE version: OpenJDK Runtime Environment (25.0+36) (build 25+36-3489)
# Java VM: OpenJDK 64-Bit Server VM (25+36-3489, mixed mode, sharing, tiered, compressed oops, compressed class ptrs, g1 gc, windows-amd64)
# Problematic frame:
# C  [glass.dll+0x2a5d7]
#
# No core dump will be written. Minidumps are not enabled by default on client versions of Windows
#
# If you would like to submit a bug report, please visit:
#   https://bugreport.java.com/bugreport/crash.jsp
#

---------------  S U M M A R Y ------------

Command Line: -javaagent:C:\Program Files\JetBrains\IntelliJ IDEA Community Edition 2025.2.3\lib\idea_rt.jar=54476 -Dfile.encoding=UTF-8 -Dsun.stdout.encoding=UTF-8 -Dsun.stderr.encoding=UTF-8 MainGame

Host: 13th Gen Intel(R) Core(TM) i7-1355U, 12 cores, 15G,  Windows 11 , 64 bit Build 22621 (10.0.22621.4830)
Time: Sat Oct 25 17:21:51 2025 SE Asia Standard Time elapsed time: 28.314551 seconds (0d 0h 0m 28s)

---------------  T H R E A D  ---------------

Current thread (0x0000021d714a0c90):  VMThread "VM Thread"          [id=32328, stack(0x0000005cadd00000,0x0000005cade00000) (1024K)]

Stack: [0x0000005cadd00000,0x0000005cade00000],  sp=0x0000005caddff100,  free space=1020k
Native frames: (J=compiled Java code, j=interpreted, Vv=VM code, C=native code)
C  [glass.dll+0x2a5d7]  (no source info available)
C  [ucrtbase.dll+0x53a93]  (no source info available)
C  [ucrtbase.dll+0x2042e]  (no source info available)
C  [ucrtbase.dll+0x1dddd]  (no source info available)
C  [glass.dll+0x27b65]  (no source info available)
C  [glass.dll+0x27c81]  (no source info available)
C  [ntdll.dll+0x28b8f]  (no source info available)
C  [ntdll.dll+0x51596]  (no source info available)
C  [ntdll.dll+0x5118d]  (no source info available)
C  [KERNEL32.DLL+0x17fcb]  (no source info available)
C  [ucrtbase.dll+0x1bed8]  (no source info available)
C  [ucrtbase.dll+0x1c099]  (no source info available)
V  [jvm.dll+0x79ea1a]  (no source info available)
V  [jvm.dll+0x79eee1]  (no source info available)
V  [jvm.dll+0x79ea00]  (no source info available)
V  [jvm.dll+0x47a124]  (no source info available)
V  [jvm.dll+0x96ee71]  (no source info available)
V  [jvm.dll+0x97018d]  (no source info available)
V  [jvm.dll+0x970709]  (no source info available)
V  [jvm.dll+0x9709b3]  (no source info available)
V  [jvm.dll+0x90681d]  (no source info available)
V  [jvm.dll+0x7a5015]  (no source info available)
C  [ucrtbase.dll+0x29333]  (no source info available)
C  [KERNEL32.DLL+0x1259d]  (no source info available)
C  [ntdll.dll+0x5af38]  (no source info available)


siginfo: EXCEPTION_ACCESS_VIOLATION (0xc0000005), reading address 0x0000000000000000


Registers:
RAX=0x0000000000000000, RBX=0x0000021d040f2e52, RCX=0x0000021d714a0c90, RDX=0x0000005caddff100
RSP=0x0000005caddff100, RBP=0x0000021d77f6f7e0, RSI=0x0000005caddff208, RDI=0x0000021d77f6f7c0
R8 =0x0000000000010002, R9 =0x00007ff806677090, R10=0x85f13e9656da4870, R11=0x0000005caddff090
R12=0x00007ff83aca7cc8, R13=0x00007ff806f31b30, R14=0x0000a1d30defbc09, R15=0x0000021d77f6f7c0
RIP=0x00007ff83acaa5d7, EFLAGS=0x0000000000010202

XMM[0]=0x0000000000000000 0x0000000000000000
XMM[1]=0x0000000000000000 0x0000000000000000
XMM[2]=0x0000000000000000 0x0000000000000000
XMM[3]=0x0000000000000000 0x0000000000000000
XMM[4]=0x0000000000000000 0x0000000000000000
XMM[5]=0x0000000000000000 0x0000000000000000
XMM[6]=0x0000000000000000 0x0000000000000000
XMM[7]=0x0000000000000000 0x0000000000000000
XMM[8]=0x0000000000000000 0x404e000000000000
XMM[9]=0x0000000000000000 0x0000000000000000
XMM[10]=0x0000000000000000 0x0000000000000000
XMM[11]=0x0000000000000000 0x0000000000000000
XMM[12]=0x0000000000000000 0x0000000000000000
XMM[13]=0x0000000000000000 0x0000000000000000
XMM[14]=0x0000000000000000 0x0000000000000000
XMM[15]=0x0000000000000000 0x0000000000000000
  MXCSR=0x00001fa0


Register to memory mapping:

RAX=0x0 is null
RBX=0x0000021d040f2e52 is a global jni handle
RCX=0x0000021d714a0c90 points into unknown readable memory: 0x00007ff806d1e2a0 | a0 e2 d1 06 f8 7f 00 00
RDX=0x0000005caddff100 points into unknown readable memory: 0x0000000000000000 | 00 00 00 00 00 00 00 00
RSP=0x0000005caddff100 points into unknown readable memory: 0x0000000000000000 | 00 00 00 00 00 00 00 00
RBP=0x0000021d77f6f7e0 points into unknown readable memory: 0x0000a1d30defbc09 | 09 bc ef 0d d3 a1 00 00
RSI=0x0000005caddff208 points into unknown readable memory: 0x0000005caddff1f0 | f0 f1 df ad 5c 00 00 00
RDI=0x0000021d77f6f7c0 points into unknown readable memory: 0x0000a1d30defbc09 | 09 bc ef 0d d3 a1 00 00
R8 =0x0000000000010002 is an unknown value
R9 =0x00007ff806677090 jvm.dll
R10=0x85f13e9656da4870 is an unknown value
R11=0x0000005caddff090 points into unknown readable memory: 0x0000021d77f6f7c0 | c0 f7 f6 77 1d 02 00 00
R12=0x00007ff83aca7cc8 glass.dll
R13=0x00007ff806f31b30 jvm.dll
R14=0x0000a1d30defbc09 is an unknown value
R15=0x0000021d77f6f7c0 points into unknown readable memory: 0x0000a1d30defbc09 | 09 bc ef 0d d3 a1 00 00

Top of Stack: (sp=0x0000005caddff100)
0x0000005caddff100:   0000000000000000 0000005caddff208   ............\...
0x0000005caddff110:   00007ff806f31b30 00007ff83aca7cc8   0........|.:....
0x0000005caddff120:   0000021d77f6f7c0 00007ff8f8973a93   ...w.....:......
0x0000005caddff130:   0000021d77f6f7c0 0000021d00000000   ...w............
0x0000005caddff140:   0000021d77f6f7e0 0000005caddff208   ...w........\...
0x0000005caddff150:   fffffffffffffffe 0000000000000000   ................
0x0000005caddff160:   0000000000000001 00007ff83ac80000   ...........:....
0x0000005caddff170:   0000005caddff1f8 00007ff8f894042e   ....\...........
0x0000005caddff180:   0000000000000000 0000005caddff208   ............\...
0x0000005caddff190:   0000005caddff4f0 0000000000000001   ....\...........
0x0000005caddff1a0:   0000000000000001 00007ff8f893dddd   ................
0x0000005caddff1b0:   0000000000000000 00007ff83aca7659   ........Yv.:....
0x0000005caddff1c0:   00007ff8b987c858 0000005caddff1f8   X...........\...
0x0000005caddff1d0:   fffffffffffffffe 0000005caddff1c0   ............\...
0x0000005caddff1e0:   0000000000000000 00007ff83aca7b65   ........e{.:....
0x0000005caddff1f0:   00007ff83acc0e90 00007ff800000002   ...:............
0x0000005caddff200:   00007ff800000002 0000005caddff1f0   ............\...
0x0000005caddff210:   0000000000000000 00007ff8fad78af3   ................
0x0000005caddff220:   0000000000000000 00007ff83aca7c81   .........|.:....
0x0000005caddff230:   0000000000000001 0000000000000001   ................
0x0000005caddff240:   0000000000000001 0000000000000000   ................
0x0000005caddff250:   00007ff8f9d00000 00007ff8f9d02061   ........a ......
0x0000005caddff260:   00007ff800000001 0000021d7fd50000   ................
0x0000005caddff270:   00007ff83ac80000 000000007ffe0384   ...:............
0x0000005caddff280:   0000000000000000 00007ff8fad78b8f   ................
0x0000005caddff290:   00007ff83ac80000 0000000000000000   ...:............
0x0000005caddff2a0:   0000000000000001 000000007ffe0385   ................
0x0000005caddff2b0:   00007ff8fae87940 00007ff8b18f1550   @y......P.......
0x0000005caddff2c0:   000041e3d42e8400 00007ff8b1840000   .....A..........
0x0000005caddff2d0:   00007ff83aca7cc8 0000000000000000   .|.:............
0x0000005caddff2e0:   0000000000000000 0000005cad1db000   ............\...
0x0000005caddff2f0:   0000021d78212820 00007ff8fada1596    (!x............

Instructions: (pc=0x00007ff83acaa5d7)
  0x00007ff83acaa4d7:   8b 4d 58 e8 cd ce ff ff 48 8b 4d 60 e8 c4 ce ff
  0x00007ff83acaa4e7:   ff 48 8b 95 80 00 00 00 48 8b 8d 18 01 00 00 e8
  0x00007ff83acaa4f7:   76 c4 ff ff 33 d2 33 c9 e8 7c e0 ff ff 90 48 89
  0x00007ff83acaa507:   54 24 10 55 48 83 ec 20 48 8b ea 48 b8 00 00 00
  0x00007ff83acaa517:   00 00 00 00 00 48 83 c4 20 5d c3 cc 40 55 48 8b
  0x00007ff83acaa527:   ea 48 8b 01 33 c9 81 38 05 00 00 c0 0f 94 c1 8b
  0x00007ff83acaa537:   c1 5d c3 cc 40 55 48 83 ec 20 48 8b ea 8a 4d 40
  0x00007ff83acaa547:   48 83 c4 20 5d e9 a3 d2 ff ff cc 40 55 48 83 ec
  0x00007ff83acaa557:   20 48 8b ea 8a 4d 20 e8 91 d2 ff ff 90 48 83 c4
  0x00007ff83acaa567:   20 5d c3 cc 40 55 48 83 ec 20 48 8b ea 48 83 c4
  0x00007ff83acaa577:   20 5d e9 02 d1 ff ff cc 40 55 48 83 ec 30 48 8b
  0x00007ff83acaa587:   ea 48 8b 01 8b 10 48 89 4c 24 28 89 54 24 20 4c
  0x00007ff83acaa597:   8d 0d 1b d4 ff ff 4c 8b 45 70 8b 55 68 48 8b 4d
  0x00007ff83acaa5a7:   60 e8 43 d0 ff ff 90 48 83 c4 30 5d c3 cc cc cc
  0x00007ff83acaa5b7:   cc cc cc cc cc cc cc cc cc 40 53 48 83 ec 20 48
  0x00007ff83acaa5c7:   8b 1d 6b 63 01 00 48 85 db 74 19 e8 a9 89 ff ff
=>0x00007ff83acaa5d7:   48 8b 08 4c 8b 81 b0 00 00 00 48 8b d3 48 8b c8
  0x00007ff83acaa5e7:   41 ff d0 90 48 83 c4 20 5b c3 cc cc cc cc cc cc
  0x00007ff83acaa5f7:   cc cc cc cc cc cc cc cc cc 40 53 48 83 ec 20 48
  0x00007ff83acaa607:   8b 1d 9b 64 01 00 48 85 db 74 57 b8 ff ff ff ff
  0x00007ff83acaa617:   f0 0f c1 43 10 83 f8 01 75 3d 48 85 db 74 38 48
  0x00007ff83acaa627:   8b 0b 48 85 c9 74 0d ff 15 64 0c 00 00 48 c7 03
  0x00007ff83acaa637:   00 00 00 00 48 8b 4b 08 48 85 c9 74 0d e8 63 cd
  0x00007ff83acaa647:   ff ff 48 c7 43 08 00 00 00 00 ba 18 00 00 00 48
  0x00007ff83acaa657:   8b cb e8 4e cd ff ff 48 c7 05 3f 64 01 00 00 00
  0x00007ff83acaa667:   00 00 48 83 c4 20 5b c3 cc 40 53 48 83 ec 20 48
  0x00007ff83acaa677:   8b 1d 0b 64 01 00 48 85 db 74 57 b8 ff ff ff ff
  0x00007ff83acaa687:   f0 0f c1 43 10 83 f8 01 75 3d 48 85 db 74 38 48
  0x00007ff83acaa697:   8b 0b 48 85 c9 74 0d ff 15 f4 0b 00 00 48 c7 03
  0x00007ff83acaa6a7:   00 00 00 00 48 8b 4b 08 48 85 c9 74 0d e8 f3 cc
  0x00007ff83acaa6b7:   ff ff 48 c7 43 08 00 00 00 00 ba 18 00 00 00 48
  0x00007ff83acaa6c7:   8b cb e8 de cc ff ff 48 c7 05 af 63 01 00 00 00


Stack slot to memory mapping:

stack at sp + 0 slots: 0x0 is null
stack at sp + 1 slots: 0x0000005caddff208 points into unknown readable memory: 0x0000005caddff1f0 | f0 f1 df ad 5c 00 00 00
stack at sp + 2 slots: 0x00007ff806f31b30 jvm.dll
stack at sp + 3 slots: 0x00007ff83aca7cc8 glass.dll
stack at sp + 4 slots: 0x0000021d77f6f7c0 points into unknown readable memory: 0x0000a1d30defbc09 | 09 bc ef 0d d3 a1 00 00
stack at sp + 5 slots: 0x00007ff8f8973a93 ucrtbase.dll
stack at sp + 6 slots: 0x0000021d77f6f7c0 points into unknown readable memory: 0x0000a1d30defbc09 | 09 bc ef 0d d3 a1 00 00
stack at sp + 7 slots: 0x0000021d00000000 points into unknown readable memory: 0x0000000000000000 | 00 00 00 00 00 00 00 00

VM_Operation (0x0000005cb13fef80): Exit, mode: safepoint, requested by thread 0x0000021d04463ac0


---------------  P R O C E S S  ---------------

Threads class SMR info:
_java_thread_list=0x0000021d04859f20, length=24, elements={
0x0000021d714b3a10, 0x0000021d714b4320, 0x0000021d714babe0, 0x0000021d714bb7a0,
0x0000021d714bc360, 0x0000021d714bd9f0, 0x0000021d714bf8d0, 0x0000021d71776d90,
0x0000021d7185caf0, 0x0000021d7185dac0, 0x0000021d764d17f0, 0x0000021d764df270,
0x0000021d764dfa30, 0x0000021d764e2e50, 0x0000021d4f865000, 0x0000021d78314a00,
0x0000021d78313a60, 0x0000021d7837e350, 0x0000021d7837a4d0, 0x0000021d78823400,
0x0000021d0034ca00, 0x0000021d00aecf30, 0x0000021d04465230, 0x0000021d04463ac0
}

Java Threads: ( => current thread )
  0x0000021d714b3a10 JavaThread "Reference Handler"          daemon [_thread_blocked, id=28904, stack(0x0000005cade00000,0x0000005cadf00000) (1024K)]
  0x0000021d714b4320 JavaThread "Finalizer"                  daemon [_thread_blocked, id=16616, stack(0x0000005cadf00000,0x0000005cae000000) (1024K)]
  0x0000021d714babe0 JavaThread "Attach Listener"            daemon [_thread_blocked, id=27872, stack(0x0000005cae100000,0x0000005cae200000) (1024K)]
  0x0000021d714bb7a0 JavaThread "Service Thread"             daemon [_thread_blocked, id=16688, stack(0x0000005cae200000,0x0000005cae300000) (1024K)]
  0x0000021d714bc360 JavaThread "Monitor Deflation Thread"   daemon [_thread_blocked, id=9952, stack(0x0000005cae300000,0x0000005cae400000) (1024K)]
  0x0000021d714bd9f0 JavaThread "C2 CompilerThread0"         daemon [_thread_blocked, id=4392, stack(0x0000005cae400000,0x0000005cae500000) (1024K)]
  0x0000021d714bf8d0 JavaThread "C1 CompilerThread0"         daemon [_thread_blocked, id=31128, stack(0x0000005cae500000,0x0000005cae600000) (1024K)]
  0x0000021d71776d90 JavaThread "Common-Cleaner"             daemon [_thread_blocked, id=20296, stack(0x0000005cae600000,0x0000005cae700000) (1024K)]
  0x0000021d7185caf0 JavaThread "Monitor Ctrl-Break"         daemon [_thread_in_native, id=32684, stack(0x0000005cae800000,0x0000005cae900000) (1024K)]
  0x0000021d7185dac0 JavaThread "Notification Thread"        daemon [_thread_blocked, id=21068, stack(0x0000005cae900000,0x0000005caea00000) (1024K)]
  0x0000021d764d17f0 JavaThread "Media Resource Disposer"    daemon [_thread_blocked, id=32188, stack(0x0000005caea00000,0x0000005caeb00000) (1024K)]
  0x0000021d764df270 JavaThread "Java2D Disposer"            daemon [_thread_blocked, id=23288, stack(0x0000005caeb00000,0x0000005caec00000) (1024K)]
  0x0000021d764dfa30 JavaThread "AWT-Shutdown"                      [_thread_blocked, id=2024, stack(0x0000005caec00000,0x0000005caed00000) (1024K)]
  0x0000021d764e2e50 JavaThread "AWT-EventQueue-0"                  [_thread_blocked, id=31528, stack(0x0000005caee00000,0x0000005caef00000) (1024K)]
  0x0000021d4f865000 JavaThread "DestroyJavaVM"                     [_thread_blocked, id=31872, stack(0x0000005cad600000,0x0000005cad700000) (1024K)]
  0x0000021d78314a00 JavaThread "InvokeLaterDispatcher"      daemon [_thread_blocked, id=28712, stack(0x0000005caf500000,0x0000005caf600000) (1024K)]
  0x0000021d78313a60 JavaThread "JavaFX Application Thread"         [_thread_blocked, id=27164, stack(0x0000005cae700000,0x0000005cae800000) (1024K)]
  0x0000021d7837e350 JavaThread "Thread-3"                   daemon [_thread_in_native, id=7636, stack(0x0000005caef00000,0x0000005caf000000) (1024K)]
  0x0000021d7837a4d0 JavaThread "JFXMedia Player EventQueueThread" daemon [_thread_blocked, id=31920, stack(0x0000005cafd00000,0x0000005cafe00000) (1024K)]
  0x0000021d78823400 JavaThread "Image Animator 3"           daemon [_thread_blocked, id=26780, stack(0x0000005cb0300000,0x0000005cb0400000) (1024K)]
  0x0000021d0034ca00 JavaThread "Thread-11"                  daemon [_thread_blocked, id=29024, stack(0x0000005cb0a00000,0x0000005cb0b00000) (1024K)]
  0x0000021d00aecf30 JavaThread "Prism Font Disposer"        daemon [_thread_blocked, id=27788, stack(0x0000005cb1400000,0x0000005cb1500000) (1024K)]
  0x0000021d04465230 JavaThread "Cleaner-0"                  daemon [_thread_blocked, id=24008, stack(0x0000005cb1f00000,0x0000005cb2000000) (1024K)]
  0x0000021d04463ac0 JavaThread "SIGINT handler"             daemon [_thread_blocked, id=26656, stack(0x0000005cb1300000,0x0000005cb1400000) (1024K)]
Total: 24

Other Threads:
=>0x0000021d714a0c90 VMThread "VM Thread"                           [id=32328, stack(0x0000005cadd00000,0x0000005cade00000) (1024K)]
  0x0000021d51c3da60 WorkerThread "GC Thread#0"                     [id=20124, stack(0x0000005cad700000,0x0000005cad800000) (1024K)]
  0x0000021d7651eab0 WorkerThread "GC Thread#1"                     [id=16264, stack(0x0000005cb0c00000,0x0000005cb0d00000) (1024K)]
  0x0000021d7651ddc0 WorkerThread "GC Thread#2"                     [id=28316, stack(0x0000005cb0d00000,0x0000005cb0e00000) (1024K)]
  0x0000021d002037c0 WorkerThread "GC Thread#3"                     [id=29920, stack(0x0000005cb0e00000,0x0000005cb0f00000) (1024K)]
  0x0000021d00202f20 WorkerThread "GC Thread#4"                     [id=31320, stack(0x0000005cb0f00000,0x0000005cb1000000) (1024K)]
  0x0000021d002096a0 WorkerThread "GC Thread#5"                     [id=28036, stack(0x0000005cb1000000,0x0000005cb1100000) (1024K)]
  0x0000021d00202680 WorkerThread "GC Thread#6"                     [id=31040, stack(0x0000005cb1100000,0x0000005cb1200000) (1024K)]
  0x0000021d00203c10 WorkerThread "GC Thread#7"                     [id=29376, stack(0x0000005cb1200000,0x0000005cb1300000) (1024K)]
  0x0000021d00202230 WorkerThread "GC Thread#8"                     [id=30712, stack(0x0000005cb1c00000,0x0000005cb1d00000) (1024K)]
  0x0000021d002044b0 WorkerThread "GC Thread#9"                     [id=12476, stack(0x0000005cb1d00000,0x0000005cb1e00000) (1024K)]
  0x0000021d51c57480 ConcurrentGCThread "G1 Main Marker"            terminated
  0x0000021d51c587c0 WorkerThread "G1 Conc#0"                       [id=26828, stack(0x0000005cad900000,0x0000005cada00000) (1024K)]
  0x0000021d002089b0 WorkerThread "G1 Conc#1"                       [id=5464, stack(0x0000005cb0800000,0x0000005cb0900000) (1024K)]
  0x0000021d002062e0 WorkerThread "G1 Conc#2"                       [id=29700, stack(0x0000005cb0b00000,0x0000005cb0c00000) (1024K)]
  0x0000021d7135f810 ConcurrentGCThread "G1 Refine#0"               terminated
  0x0000021d71360320 ConcurrentGCThread "G1 Service"                terminated
Total: 17

Threads with active compile tasks:
Total: 0

VM state: at safepoint (shutting down)

VM Mutex/Monitor currently owned by a thread:  ([mutex/lock_event])
[0x00007ff806f094a8] Threads_lock - owner thread: 0x0000021d714a0c90
[0x00007ff806f09628] Heap_lock - owner thread: 0x0000021d04463ac0

Heap address: 0x0000000705800000, size: 4008 MB, Compressed Oops mode: Zero based, Oop shift amount: 3

CDS archive(s) mapped at: [0x000000001b000000-0x000000001bdd0000-0x000000001bdd0000), size 14483456, SharedBaseAddress: 0x000000001b000000, ArchiveRelocationMode: 1.
Compressed class space mapped at: 0x000000001c000000-0x000000005c000000, reserved size: 1073741824
UseCompressedClassPointers 1, UseCompactObjectHeaders 0
Narrow klass pointer bits 32, Max shift 3
Narrow klass base: 0x000000001b000000, Narrow klass shift: 0
Encoding Range: [0x000000001b000000 - 0x000000011b000000), (4294967296 bytes)
Klass Range:    [0x000000001b010000 - 0x000000005c000000), (1090453504 bytes)
Klass ID Range:  [65536 - 1090519033) (1090453497)
Protection zone: [0x000000001b000000 - 0x000000001b010000), (65536 bytes)

GC Precious Log:
 CardTable entry size: 512
 Card Set container configuration: InlinePtr #cards 4 size 8 Array Of Cards #cards 16 size 48 Howl #buckets 8 coarsen threshold 3686 Howl Bitmap #cards 512 size 80 coarsen threshold 460 Card regions per heap region 1 cards per card region 4096
 CPUs: 12 total, 12 available
 Memory: 16027M
 Large Page Support: Disabled
 NUMA Support: Disabled
 Compressed Oops: Enabled (Zero based)
 Heap Region Size: 2M
 Heap Min Capacity: 8M
 Heap Initial Capacity: 252M
 Heap Max Capacity: 4008M
 Pre-touch: Disabled
 Parallel Workers: 10
 Concurrent Workers: 3
 Concurrent Refinement Workers: 10
 Periodic GC: Disabled

Heap:
 garbage-first heap   total reserved 4104192K, committed 346112K, used 217246K [0x0000000705800000, 0x0000000800000000)
  region size 2048K, 9 young (18432K), 1 survivors (2048K)

Heap Regions: E=young(eden), S=young(survivor), O=old, HS=humongous(starts), HC=humongous(continues), CS=collection set, F=free, TAMS=top-at-mark-start, PB=parsable bottom
|   0|0x0000000705800000, 0x0000000705a00000, 0x0000000705a00000|100%|HS|  |TAMS 0x0000000705800000| PB 0x0000000705800000| Complete |  0
|   1|0x0000000705a00000, 0x0000000705c00000, 0x0000000705c00000|100%|HC|  |TAMS 0x0000000705a00000| PB 0x0000000705a00000| Complete |  0
|   2|0x0000000705c00000, 0x0000000705e00000, 0x0000000705e00000|100%| O|  |TAMS 0x0000000705c00000| PB 0x0000000705c00000| Untracked |  0
|   3|0x0000000705e00000, 0x0000000706000000, 0x0000000706000000|100%|HS|  |TAMS 0x0000000705e00000| PB 0x0000000705e00000| Complete |  0
|   4|0x0000000706000000, 0x0000000706200000, 0x0000000706200000|100%|HS|  |TAMS 0x0000000706000000| PB 0x0000000706000000| Complete |  0
|   5|0x0000000706200000, 0x0000000706400000, 0x0000000706400000|100%|HS|  |TAMS 0x0000000706200000| PB 0x0000000706200000| Complete |  0
|   6|0x0000000706400000, 0x0000000706600000, 0x0000000706600000|100%|HS|  |TAMS 0x0000000706400000| PB 0x0000000706400000| Complete |  0
|   7|0x0000000706600000, 0x0000000706800000, 0x0000000706800000|100%|HS|  |TAMS 0x0000000706600000| PB 0x0000000706600000| Complete |  0
|   8|0x0000000706800000, 0x0000000706a00000, 0x0000000706a00000|100%|HS|  |TAMS 0x0000000706800000| PB 0x0000000706800000| Complete |  0
|   9|0x0000000706a00000, 0x0000000706c00000, 0x0000000706c00000|100%|HS|  |TAMS 0x0000000706a00000| PB 0x0000000706a00000| Complete |  0
|  10|0x0000000706c00000, 0x0000000706e00000, 0x0000000706e00000|100%|HS|  |TAMS 0x0000000706c00000| PB 0x0000000706c00000| Complete |  0
|  11|0x0000000706e00000, 0x0000000707000000, 0x0000000707000000|100%|HS|  |TAMS 0x0000000706e00000| PB 0x0000000706e00000| Complete |  0
|  12|0x0000000707000000, 0x0000000707200000, 0x0000000707200000|100%|HS|  |TAMS 0x0000000707000000| PB 0x0000000707000000| Complete |  0
|  13|0x0000000707200000, 0x0000000707400000, 0x0000000707400000|100%|HS|  |TAMS 0x0000000707200000| PB 0x0000000707200000| Complete |  0
|  14|0x0000000707400000, 0x0000000707600000, 0x0000000707600000|100%|HS|  |TAMS 0x0000000707400000| PB 0x0000000707400000| Complete |  0
|  15|0x0000000707600000, 0x0000000707800000, 0x0000000707800000|100%|HS|  |TAMS 0x0000000707600000| PB 0x0000000707600000| Complete |  0
|  16|0x0000000707800000, 0x0000000707a00000, 0x0000000707a00000|100%|HS|  |TAMS 0x0000000707800000| PB 0x0000000707800000| Complete |  0
|  17|0x0000000707a00000, 0x0000000707c00000, 0x0000000707c00000|100%|HS|  |TAMS 0x0000000707a00000| PB 0x0000000707a00000| Complete |  0
|  18|0x0000000707c00000, 0x0000000707e00000, 0x0000000707e00000|100%|HS|  |TAMS 0x0000000707c00000| PB 0x0000000707c00000| Complete |  0
|  19|0x0000000707e00000, 0x0000000708000000, 0x0000000708000000|100%|HS|  |TAMS 0x0000000707e00000| PB 0x0000000707e00000| Complete |  0
|  20|0x0000000708000000, 0x0000000708200000, 0x0000000708200000|100%|HS|  |TAMS 0x0000000708000000| PB 0x0000000708000000| Complete |  0
|  21|0x0000000708200000, 0x0000000708400000, 0x0000000708400000|100%|HS|  |TAMS 0x0000000708200000| PB 0x0000000708200000| Complete |  0
|  22|0x0000000708400000, 0x0000000708600000, 0x0000000708600000|100%|HS|  |TAMS 0x0000000708400000| PB 0x0000000708400000| Complete |  0
|  23|0x0000000708600000, 0x0000000708800000, 0x0000000708800000|100%|HS|  |TAMS 0x0000000708600000| PB 0x0000000708600000| Complete |  0
|  24|0x0000000708800000, 0x0000000708a00000, 0x0000000708a00000|100%|HS|  |TAMS 0x0000000708800000| PB 0x0000000708800000| Complete |  0
|  25|0x0000000708a00000, 0x0000000708c00000, 0x0000000708c00000|100%|HS|  |TAMS 0x0000000708a00000| PB 0x0000000708a00000| Complete |  0
|  26|0x0000000708c00000, 0x0000000708e00000, 0x0000000708e00000|100%|HS|  |TAMS 0x0000000708c00000| PB 0x0000000708c00000| Complete |  0
|  27|0x0000000708e00000, 0x0000000709000000, 0x0000000709000000|100%|HS|  |TAMS 0x0000000708e00000| PB 0x0000000708e00000| Complete |  0
|  28|0x0000000709000000, 0x0000000709200000, 0x0000000709200000|100%|HS|  |TAMS 0x0000000709000000| PB 0x0000000709000000| Complete |  0
|  29|0x0000000709200000, 0x0000000709400000, 0x0000000709400000|100%|HS|  |TAMS 0x0000000709200000| PB 0x0000000709200000| Complete |  0
|  30|0x0000000709400000, 0x0000000709600000, 0x0000000709600000|100%|HS|  |TAMS 0x0000000709400000| PB 0x0000000709400000| Complete |  0
|  31|0x0000000709600000, 0x0000000709800000, 0x0000000709800000|100%|HS|  |TAMS 0x0000000709600000| PB 0x0000000709600000| Complete |  0
|  32|0x0000000709800000, 0x0000000709a00000, 0x0000000709a00000|100%|HS|  |TAMS 0x0000000709800000| PB 0x0000000709800000| Complete |  0
|  33|0x0000000709a00000, 0x0000000709c00000, 0x0000000709c00000|100%|HS|  |TAMS 0x0000000709a00000| PB 0x0000000709a00000| Complete |  0
|  34|0x0000000709c00000, 0x0000000709e00000, 0x0000000709e00000|100%|HS|  |TAMS 0x0000000709c00000| PB 0x0000000709c00000| Complete |  0
|  35|0x0000000709e00000, 0x000000070a000000, 0x000000070a000000|100%|HS|  |TAMS 0x0000000709e00000| PB 0x0000000709e00000| Complete |  0
|  36|0x000000070a000000, 0x000000070a200000, 0x000000070a200000|100%|HS|  |TAMS 0x000000070a000000| PB 0x000000070a000000| Complete |  0
|  37|0x000000070a200000, 0x000000070a400000, 0x000000070a400000|100%|HS|  |TAMS 0x000000070a200000| PB 0x000000070a200000| Complete |  0
|  38|0x000000070a400000, 0x000000070a600000, 0x000000070a600000|100%|HS|  |TAMS 0x000000070a400000| PB 0x000000070a400000| Complete |  0
|  39|0x000000070a600000, 0x000000070a800000, 0x000000070a800000|100%|HS|  |TAMS 0x000000070a600000| PB 0x000000070a600000| Complete |  0
|  40|0x000000070a800000, 0x000000070aa00000, 0x000000070aa00000|100%|HS|  |TAMS 0x000000070a800000| PB 0x000000070a800000| Complete |  0
|  41|0x000000070aa00000, 0x000000070ac00000, 0x000000070ac00000|100%|HS|  |TAMS 0x000000070aa00000| PB 0x000000070aa00000| Complete |  0
|  42|0x000000070ac00000, 0x000000070ae00000, 0x000000070ae00000|100%|HS|  |TAMS 0x000000070ac00000| PB 0x000000070ac00000| Complete |  0
|  43|0x000000070ae00000, 0x000000070b000000, 0x000000070b000000|100%|HS|  |TAMS 0x000000070ae00000| PB 0x000000070ae00000| Complete |  0
|  44|0x000000070b000000, 0x000000070b200000, 0x000000070b200000|100%|HS|  |TAMS 0x000000070b000000| PB 0x000000070b000000| Complete |  0
|  45|0x000000070b200000, 0x000000070b400000, 0x000000070b400000|100%|HS|  |TAMS 0x000000070b200000| PB 0x000000070b200000| Complete |  0
|  46|0x000000070b400000, 0x000000070b600000, 0x000000070b600000|100%|HS|  |TAMS 0x000000070b400000| PB 0x000000070b400000| Complete |  0
|  47|0x000000070b600000, 0x000000070b800000, 0x000000070b800000|100%|HS|  |TAMS 0x000000070b600000| PB 0x000000070b600000| Complete |  0
|  48|0x000000070b800000, 0x000000070ba00000, 0x000000070ba00000|100%|HS|  |TAMS 0x000000070b800000| PB 0x000000070b800000| Complete |  0
|  49|0x000000070ba00000, 0x000000070bc00000, 0x000000070bc00000|100%|HS|  |TAMS 0x000000070ba00000| PB 0x000000070ba00000| Complete |  0
|  50|0x000000070bc00000, 0x000000070be00000, 0x000000070be00000|100%|HS|  |TAMS 0x000000070bc00000| PB 0x000000070bc00000| Complete |  0
|  51|0x000000070be00000, 0x000000070c000000, 0x000000070c000000|100%|HS|  |TAMS 0x000000070be00000| PB 0x000000070be00000| Complete |  0
|  52|0x000000070c000000, 0x000000070c200000, 0x000000070c200000|100%|HS|  |TAMS 0x000000070c000000| PB 0x000000070c000000| Complete |  0
|  53|0x000000070c200000, 0x000000070c400000, 0x000000070c400000|100%|HS|  |TAMS 0x000000070c200000| PB 0x000000070c200000| Complete |  0
|  54|0x000000070c400000, 0x000000070c600000, 0x000000070c600000|100%|HS|  |TAMS 0x000000070c400000| PB 0x000000070c400000| Complete |  0
|  55|0x000000070c600000, 0x000000070c800000, 0x000000070c800000|100%|HS|  |TAMS 0x000000070c600000| PB 0x000000070c600000| Complete |  0
|  56|0x000000070c800000, 0x000000070ca00000, 0x000000070ca00000|100%| O|  |TAMS 0x000000070c800000| PB 0x000000070c800000| Untracked |  0
|  57|0x000000070ca00000, 0x000000070cc00000, 0x000000070cc00000|100%| O|  |TAMS 0x000000070ca00000| PB 0x000000070ca00000| Untracked |  0
|  58|0x000000070cc00000, 0x000000070ce00000, 0x000000070ce00000|100%| O|  |TAMS 0x000000070cc00000| PB 0x000000070cc00000| Untracked |  0
|  59|0x000000070ce00000, 0x000000070d000000, 0x000000070d000000|100%| O|  |TAMS 0x000000070ce00000| PB 0x000000070ce00000| Untracked |  0
|  60|0x000000070d000000, 0x000000070d200000, 0x000000070d200000|100%| O|  |TAMS 0x000000070d000000| PB 0x000000070d000000| Untracked |  0
|  61|0x000000070d200000, 0x000000070d400000, 0x000000070d400000|100%| O|  |TAMS 0x000000070d200000| PB 0x000000070d200000| Untracked |  0
|  62|0x000000070d400000, 0x000000070d600000, 0x000000070d600000|100%| O|Cm|TAMS 0x000000070d400000| PB 0x000000070d400000| Complete |  0
|  63|0x000000070d600000, 0x000000070d800000, 0x000000070d800000|100%|HS|  |TAMS 0x000000070d600000| PB 0x000000070d600000| Complete |  0
|  64|0x000000070d800000, 0x000000070da00000, 0x000000070da00000|100%|HS|  |TAMS 0x000000070d800000| PB 0x000000070d800000| Complete |  0
|  65|0x000000070da00000, 0x000000070dc00000, 0x000000070dc00000|100%|HS|  |TAMS 0x000000070da00000| PB 0x000000070da00000| Complete |  0
|  66|0x000000070dc00000, 0x000000070de00000, 0x000000070de00000|100%|HS|  |TAMS 0x000000070dc00000| PB 0x000000070dc00000| Complete |  0
|  67|0x000000070de00000, 0x000000070e000000, 0x000000070e000000|100%|HS|  |TAMS 0x000000070de00000| PB 0x000000070de00000| Complete |  0
|  68|0x000000070e000000, 0x000000070e200000, 0x000000070e200000|100%|HS|  |TAMS 0x000000070e000000| PB 0x000000070e000000| Complete |  0
|  69|0x000000070e200000, 0x000000070e400000, 0x000000070e400000|100%|HS|  |TAMS 0x000000070e200000| PB 0x000000070e200000| Complete |  0
|  70|0x000000070e400000, 0x000000070e600000, 0x000000070e600000|100%|HS|  |TAMS 0x000000070e400000| PB 0x000000070e400000| Complete |  0
|  71|0x000000070e600000, 0x000000070e800000, 0x000000070e800000|100%|HS|  |TAMS 0x000000070e600000| PB 0x000000070e600000| Complete |  0
|  72|0x000000070e800000, 0x000000070ea00000, 0x000000070ea00000|100%|HS|  |TAMS 0x000000070e800000| PB 0x000000070e800000| Complete |  0
|  73|0x000000070ea00000, 0x000000070ec00000, 0x000000070ec00000|100%|HS|  |TAMS 0x000000070ea00000| PB 0x000000070ea00000| Complete |  0
|  74|0x000000070ec00000, 0x000000070ee00000, 0x000000070ee00000|100%|HS|  |TAMS 0x000000070ec00000| PB 0x000000070ec00000| Complete |  0
|  75|0x000000070ee00000, 0x000000070f000000, 0x000000070f000000|100%|HS|  |TAMS 0x000000070ee00000| PB 0x000000070ee00000| Complete |  0
|  76|0x000000070f000000, 0x000000070f200000, 0x000000070f200000|100%|HS|  |TAMS 0x000000070f000000| PB 0x000000070f000000| Complete |  0
|  77|0x000000070f200000, 0x000000070f400000, 0x000000070f400000|100%|HS|  |TAMS 0x000000070f200000| PB 0x000000070f200000| Complete |  0
|  78|0x000000070f400000, 0x000000070f600000, 0x000000070f600000|100%|HS|  |TAMS 0x000000070f400000| PB 0x000000070f400000| Complete |  0
|  79|0x000000070f600000, 0x000000070f800000, 0x000000070f800000|100%|HS|  |TAMS 0x000000070f600000| PB 0x000000070f600000| Complete |  0
|  80|0x000000070f800000, 0x000000070fa00000, 0x000000070fa00000|100%|HS|  |TAMS 0x000000070f800000| PB 0x000000070f800000| Complete |  0
|  81|0x000000070fa00000, 0x000000070fc00000, 0x000000070fc00000|100%|HS|  |TAMS 0x000000070fa00000| PB 0x000000070fa00000| Complete |  0
|  82|0x000000070fc00000, 0x000000070fe00000, 0x000000070fe00000|100%|HS|  |TAMS 0x000000070fc00000| PB 0x000000070fc00000| Complete |  0
|  83|0x000000070fe00000, 0x0000000710000000, 0x0000000710000000|100%|HS|  |TAMS 0x000000070fe00000| PB 0x000000070fe00000| Complete |  0
|  84|0x0000000710000000, 0x0000000710200000, 0x0000000710200000|100%|HS|  |TAMS 0x0000000710000000| PB 0x0000000710000000| Complete |  0
|  85|0x0000000710200000, 0x0000000710400000, 0x0000000710400000|100%|HS|  |TAMS 0x0000000710200000| PB 0x0000000710200000| Complete |  0
|  86|0x0000000710400000, 0x0000000710600000, 0x0000000710600000|100%|HS|  |TAMS 0x0000000710400000| PB 0x0000000710400000| Complete |  0
|  87|0x0000000710600000, 0x0000000710800000, 0x0000000710800000|100%|HS|  |TAMS 0x0000000710600000| PB 0x0000000710600000| Complete |  0
|  88|0x0000000710800000, 0x0000000710a00000, 0x0000000710a00000|100%|HS|  |TAMS 0x0000000710800000| PB 0x0000000710800000| Complete |  0
|  89|0x0000000710a00000, 0x0000000710c00000, 0x0000000710c00000|100%|HS|  |TAMS 0x0000000710a00000| PB 0x0000000710a00000| Complete |  0
|  90|0x0000000710c00000, 0x0000000710e00000, 0x0000000710e00000|100%|HS|  |TAMS 0x0000000710c00000| PB 0x0000000710c00000| Complete |  0
|  91|0x0000000710e00000, 0x0000000711000000, 0x0000000711000000|100%|HS|  |TAMS 0x0000000710e00000| PB 0x0000000710e00000| Complete |  0
|  92|0x0000000711000000, 0x0000000711200000, 0x0000000711200000|100%|HS|  |TAMS 0x0000000711000000| PB 0x0000000711000000| Complete |  0
|  93|0x0000000711200000, 0x0000000711400000, 0x0000000711400000|100%| O|  |TAMS 0x0000000711200000| PB 0x0000000711200000| Untracked |  0
|  94|0x0000000711400000, 0x0000000711600000, 0x0000000711600000|100%| O|  |TAMS 0x0000000711400000| PB 0x0000000711400000| Untracked |  0
|  95|0x0000000711600000, 0x0000000711800000, 0x0000000711800000|100%| O|  |TAMS 0x0000000711600000| PB 0x0000000711600000| Untracked |  0
|  96|0x0000000711800000, 0x0000000711a00000, 0x0000000711a00000|100%| O|  |TAMS 0x0000000711800000| PB 0x0000000711800000| Untracked |  0
|  97|0x0000000711a00000, 0x0000000711c00000, 0x0000000711c00000|100%| O|  |TAMS 0x0000000711a00000| PB 0x0000000711a00000| Untracked |  0
|  98|0x0000000711c00000, 0x0000000711c2a710, 0x0000000711e00000|  8%| O|  |TAMS 0x0000000711c00000| PB 0x0000000711c00000| Untracked |  0
|  99|0x0000000711e00000, 0x0000000711e00000, 0x0000000712000000|  0%| F|  |TAMS 0x0000000711e00000| PB 0x0000000711e00000| Untracked |  0
| 100|0x0000000712000000, 0x0000000712000000, 0x0000000712200000|  0%| F|  |TAMS 0x0000000712000000| PB 0x0000000712000000| Untracked |  0
| 101|0x0000000712200000, 0x0000000712200000, 0x0000000712400000|  0%| F|  |TAMS 0x0000000712200000| PB 0x0000000712200000| Untracked |  0
| 102|0x0000000712400000, 0x0000000712400000, 0x0000000712600000|  0%| F|  |TAMS 0x0000000712400000| PB 0x0000000712400000| Untracked |  0
| 103|0x0000000712600000, 0x0000000712600000, 0x0000000712800000|  0%| F|  |TAMS 0x0000000712600000| PB 0x0000000712600000| Untracked |  0
| 104|0x0000000712800000, 0x0000000712800000, 0x0000000712a00000|  0%| F|  |TAMS 0x0000000712800000| PB 0x0000000712800000| Untracked |  0
| 105|0x0000000712a00000, 0x0000000712a00000, 0x0000000712c00000|  0%| F|  |TAMS 0x0000000712a00000| PB 0x0000000712a00000| Untracked |  0
| 106|0x0000000712c00000, 0x0000000712c00000, 0x0000000712e00000|  0%| F|  |TAMS 0x0000000712c00000| PB 0x0000000712c00000| Untracked |  0
| 107|0x0000000712e00000, 0x0000000712e00000, 0x0000000713000000|  0%| F|  |TAMS 0x0000000712e00000| PB 0x0000000712e00000| Untracked |  0
| 108|0x0000000713000000, 0x0000000713000000, 0x0000000713200000|  0%| F|  |TAMS 0x0000000713000000| PB 0x0000000713000000| Untracked |  0
| 109|0x0000000713200000, 0x0000000713200000, 0x0000000713400000|  0%| F|  |TAMS 0x0000000713200000| PB 0x0000000713200000| Untracked |  0
| 110|0x0000000713400000, 0x0000000713400000, 0x0000000713600000|  0%| F|  |TAMS 0x0000000713400000| PB 0x0000000713400000| Untracked |  0
| 111|0x0000000713600000, 0x0000000713600000, 0x0000000713800000|  0%| F|  |TAMS 0x0000000713600000| PB 0x0000000713600000| Untracked |  0
| 112|0x0000000713800000, 0x0000000713800000, 0x0000000713a00000|  0%| F|  |TAMS 0x0000000713800000| PB 0x0000000713800000| Untracked |  0
| 113|0x0000000713a00000, 0x0000000713a00000, 0x0000000713c00000|  0%| F|  |TAMS 0x0000000713a00000| PB 0x0000000713a00000| Untracked |  0
| 114|0x0000000713c00000, 0x0000000713c00000, 0x0000000713e00000|  0%| F|  |TAMS 0x0000000713c00000| PB 0x0000000713c00000| Untracked |  0
| 115|0x0000000713e00000, 0x0000000713e00000, 0x0000000714000000|  0%| F|  |TAMS 0x0000000713e00000| PB 0x0000000713e00000| Untracked |  0
| 116|0x0000000714000000, 0x0000000714000000, 0x0000000714200000|  0%| F|  |TAMS 0x0000000714000000| PB 0x0000000714000000| Untracked |  0
| 117|0x0000000714200000, 0x0000000714200000, 0x0000000714400000|  0%| F|  |TAMS 0x0000000714200000| PB 0x0000000714200000| Untracked |  0
| 118|0x0000000714400000, 0x0000000714400000, 0x0000000714600000|  0%| F|  |TAMS 0x0000000714400000| PB 0x0000000714400000| Untracked |  0
| 119|0x0000000714600000, 0x0000000714600000, 0x0000000714800000|  0%| F|  |TAMS 0x0000000714600000| PB 0x0000000714600000| Untracked |  0
| 120|0x0000000714800000, 0x0000000714800000, 0x0000000714a00000|  0%| F|  |TAMS 0x0000000714800000| PB 0x0000000714800000| Untracked |  0
| 121|0x0000000714a00000, 0x0000000714a00000, 0x0000000714c00000|  0%| F|  |TAMS 0x0000000714a00000| PB 0x0000000714a00000| Untracked |  0
| 122|0x0000000714c00000, 0x0000000714c00000, 0x0000000714e00000|  0%| F|  |TAMS 0x0000000714c00000| PB 0x0000000714c00000| Untracked |  0
| 123|0x0000000714e00000, 0x0000000714e00000, 0x0000000715000000|  0%| F|  |TAMS 0x0000000714e00000| PB 0x0000000714e00000| Untracked |  0
| 124|0x0000000715000000, 0x0000000715000000, 0x0000000715200000|  0%| F|  |TAMS 0x0000000715000000| PB 0x0000000715000000| Untracked |  0
| 125|0x0000000715200000, 0x0000000715200000, 0x0000000715400000|  0%| F|  |TAMS 0x0000000715200000| PB 0x0000000715200000| Untracked |  0
| 126|0x0000000715400000, 0x0000000715400000, 0x0000000715600000|  0%| F|  |TAMS 0x0000000715400000| PB 0x0000000715400000| Untracked |  0
| 127|0x0000000715600000, 0x0000000715600000, 0x0000000715800000|  0%| F|  |TAMS 0x0000000715600000| PB 0x0000000715600000| Untracked |  0
| 128|0x0000000715800000, 0x0000000715800000, 0x0000000715a00000|  0%| F|  |TAMS 0x0000000715800000| PB 0x0000000715800000| Untracked |  0
| 129|0x0000000715a00000, 0x0000000715a00000, 0x0000000715c00000|  0%| F|  |TAMS 0x0000000715a00000| PB 0x0000000715a00000| Untracked |  0
| 130|0x0000000715c00000, 0x0000000715c00000, 0x0000000715e00000|  0%| F|  |TAMS 0x0000000715c00000| PB 0x0000000715c00000| Untracked |  0
| 131|0x0000000715e00000, 0x0000000715e00000, 0x0000000716000000|  0%| F|  |TAMS 0x0000000715e00000| PB 0x0000000715e00000| Untracked |  0
| 132|0x0000000716000000, 0x0000000716000000, 0x0000000716200000|  0%| F|  |TAMS 0x0000000716000000| PB 0x0000000716000000| Untracked |  0
| 133|0x0000000716200000, 0x0000000716200000, 0x0000000716400000|  0%| F|  |TAMS 0x0000000716200000| PB 0x0000000716200000| Untracked |  0
| 134|0x0000000716400000, 0x0000000716400000, 0x0000000716600000|  0%| F|  |TAMS 0x0000000716400000| PB 0x0000000716400000| Untracked |  0
| 135|0x0000000716600000, 0x0000000716600000, 0x0000000716800000|  0%| F|  |TAMS 0x0000000716600000| PB 0x0000000716600000| Untracked |  0
| 136|0x0000000716800000, 0x0000000716800000, 0x0000000716a00000|  0%| F|  |TAMS 0x0000000716800000| PB 0x0000000716800000| Untracked |  0
| 137|0x0000000716a00000, 0x0000000716a00000, 0x0000000716c00000|  0%| F|  |TAMS 0x0000000716a00000| PB 0x0000000716a00000| Untracked |  0
| 138|0x0000000716c00000, 0x0000000716c00000, 0x0000000716e00000|  0%| F|  |TAMS 0x0000000716c00000| PB 0x0000000716c00000| Untracked |  0
| 139|0x0000000716e00000, 0x0000000716e00000, 0x0000000717000000|  0%| F|  |TAMS 0x0000000716e00000| PB 0x0000000716e00000| Untracked |  0
| 140|0x0000000717000000, 0x0000000717000000, 0x0000000717200000|  0%| F|  |TAMS 0x0000000717000000| PB 0x0000000717000000| Untracked |  0
| 141|0x0000000717200000, 0x0000000717200000, 0x0000000717400000|  0%| F|  |TAMS 0x0000000717200000| PB 0x0000000717200000| Untracked |  0
| 142|0x0000000717400000, 0x0000000717400000, 0x0000000717600000|  0%| F|  |TAMS 0x0000000717400000| PB 0x0000000717400000| Untracked |  0
| 143|0x0000000717600000, 0x0000000717600000, 0x0000000717800000|  0%| F|  |TAMS 0x0000000717600000| PB 0x0000000717600000| Untracked |  0
| 144|0x0000000717800000, 0x0000000717800000, 0x0000000717a00000|  0%| F|  |TAMS 0x0000000717800000| PB 0x0000000717800000| Untracked |  0
| 145|0x0000000717a00000, 0x0000000717bfd128, 0x0000000717c00000| 99%| S|CS|TAMS 0x0000000717a00000| PB 0x0000000717a00000| Complete |  0
| 146|0x0000000717c00000, 0x0000000717c00000, 0x0000000717e00000|  0%| F|  |TAMS 0x0000000717c00000| PB 0x0000000717c00000| Untracked |  0
| 147|0x0000000717e00000, 0x0000000717e00000, 0x0000000718000000|  0%| F|  |TAMS 0x0000000717e00000| PB 0x0000000717e00000| Untracked |  0
| 148|0x0000000718000000, 0x0000000718000000, 0x0000000718200000|  0%| F|  |TAMS 0x0000000718000000| PB 0x0000000718000000| Untracked |  0
| 149|0x0000000718200000, 0x0000000718200000, 0x0000000718400000|  0%| F|  |TAMS 0x0000000718200000| PB 0x0000000718200000| Untracked |  0
| 150|0x0000000718400000, 0x0000000718400000, 0x0000000718600000|  0%| F|  |TAMS 0x0000000718400000| PB 0x0000000718400000| Untracked |  0
| 151|0x0000000718600000, 0x0000000718600000, 0x0000000718800000|  0%| F|  |TAMS 0x0000000718600000| PB 0x0000000718600000| Untracked |  0
| 152|0x0000000718800000, 0x0000000718800000, 0x0000000718a00000|  0%| F|  |TAMS 0x0000000718800000| PB 0x0000000718800000| Untracked |  0
| 153|0x0000000718a00000, 0x0000000718a00000, 0x0000000718c00000|  0%| F|  |TAMS 0x0000000718a00000| PB 0x0000000718a00000| Untracked |  0
| 154|0x0000000718c00000, 0x0000000718c00000, 0x0000000718e00000|  0%| F|  |TAMS 0x0000000718c00000| PB 0x0000000718c00000| Untracked |  0
| 155|0x0000000718e00000, 0x0000000718e00000, 0x0000000719000000|  0%| F|  |TAMS 0x0000000718e00000| PB 0x0000000718e00000| Untracked |  0
| 156|0x0000000719000000, 0x0000000719000000, 0x0000000719200000|  0%| F|  |TAMS 0x0000000719000000| PB 0x0000000719000000| Untracked |  0
| 157|0x0000000719200000, 0x0000000719200000, 0x0000000719400000|  0%| F|  |TAMS 0x0000000719200000| PB 0x0000000719200000| Untracked |  0
| 158|0x0000000719400000, 0x0000000719400000, 0x0000000719600000|  0%| F|  |TAMS 0x0000000719400000| PB 0x0000000719400000| Untracked |  0
| 159|0x0000000719600000, 0x0000000719600000, 0x0000000719800000|  0%| F|  |TAMS 0x0000000719600000| PB 0x0000000719600000| Untracked |  0
| 160|0x0000000719800000, 0x0000000719800000, 0x0000000719a00000|  0%| F|  |TAMS 0x0000000719800000| PB 0x0000000719800000| Untracked |  0
| 161|0x0000000719a00000, 0x0000000719b181e8, 0x0000000719c00000| 54%| E|  |TAMS 0x0000000719a00000| PB 0x0000000719a00000| Complete |  0
| 162|0x0000000719c00000, 0x0000000719e00000, 0x0000000719e00000|100%| E|CS|TAMS 0x0000000719c00000| PB 0x0000000719c00000| Complete |  2
| 163|0x0000000719e00000, 0x000000071a000000, 0x000000071a000000|100%| E|CS|TAMS 0x0000000719e00000| PB 0x0000000719e00000| Complete |  0
| 164|0x000000071a000000, 0x000000071a200000, 0x000000071a200000|100%| E|CS|TAMS 0x000000071a000000| PB 0x000000071a000000| Complete |  0
| 165|0x000000071a200000, 0x000000071a400000, 0x000000071a400000|100%| E|CS|TAMS 0x000000071a200000| PB 0x000000071a200000| Complete |  0
| 166|0x000000071a400000, 0x000000071a600000, 0x000000071a600000|100%| E|CS|TAMS 0x000000071a400000| PB 0x000000071a400000| Complete |  0
| 167|0x000000071a600000, 0x000000071a800000, 0x000000071a800000|100%| E|CS|TAMS 0x000000071a600000| PB 0x000000071a600000| Complete |  0
|2003|0x00000007ffe00000, 0x0000000800000000, 0x0000000800000000|100%| E|CS|TAMS 0x00000007ffe00000| PB 0x00000007ffe00000| Complete |  0

Card table byte_map: [0x0000021d6a2a0000,0x0000021d6aa80000] _byte_map_base: 0x0000021d66a74000

Marking Bits: (CMBitMap*) 0x0000021d51c3e1f0
 Bits: [0x0000021d6aa80000, 0x0000021d6e920000)

Polling page: 0x0000021d513a0000

Metaspace:
Metaspace        used 21805K, committed 22080K, reserved 1114112K
 class space     used 2384K, committed 2496K, reserved 1048576K

Usage:
  Non-class:     18.97 MB used.
      Class:      2.33 MB used.
       Both:     21.29 MB used.

Virtual space:
  Non-class space:       64.00 MB reserved,      19.12 MB ( 30%) committed,  1 nodes.
      Class space:        1.00 GB reserved,       2.44 MB ( <1%) committed,  1 nodes.
             Both:        1.06 GB reserved,      21.56 MB (  2%) committed. 

Chunk freelists:
   Non-Class:  12.61 MB
       Class:  13.51 MB
        Both:  26.12 MB

MaxMetaspaceSize: unlimited
CompressedClassSpaceSize: 1.00 GB
Initial GC threshold: 21.00 MB
Current GC threshold: 35.75 MB
CDS: on
 - commit_granule_bytes: 65536.
 - commit_granule_words: 8192.
 - virtual_space_node_default_size: 8388608.
 - enlarge_chunks_in_place: 1.
UseCompressedClassPointers 1, UseCompactObjectHeaders 0
Narrow klass pointer bits 32, Max shift 3
Narrow klass base: 0x000000001b000000, Narrow klass shift: 0
Encoding Range: [0x000000001b000000 - 0x000000011b000000), (4294967296 bytes)
Klass Range:    [0x000000001b010000 - 0x000000005c000000), (1090453504 bytes)
Klass ID Range:  [65536 - 1090519033) (1090453497)
Protection zone: [0x000000001b000000 - 0x000000001b010000), (65536 bytes)


Internal statistics:

num_allocs_failed_limit: 0.
num_arena_births: 190.
num_arena_deaths: 0.
num_vsnodes_births: 2.
num_vsnodes_deaths: 0.
num_space_committed: 345.
num_space_uncommitted: 0.
num_chunks_returned_to_freelist: 0.
num_chunks_taken_from_freelist: 694.
num_chunk_merges: 0.
num_chunk_splits: 475.
num_chunks_enlarged: 388.
num_inconsistent_stats: 0.

CodeHeap 'non-profiled nmethods': size=120064Kb used=1305Kb max_used=1362Kb free=118758Kb
 bounds [0x0000021d61f10000, 0x0000021d62180000, 0x0000021d69450000]
CodeHeap 'profiled nmethods': size=120000Kb used=5895Kb max_used=6300Kb free=114104Kb
 bounds [0x0000021d5a450000, 0x0000021d5aa80000, 0x0000021d61980000]
CodeHeap 'non-nmethods': size=5696Kb used=1858Kb max_used=2028Kb free=3837Kb
 bounds [0x0000021d61980000, 0x0000021d61bf0000, 0x0000021d61f10000]
CodeCache: size=245760Kb, used=9058Kb, max_used=9690Kb, free=236699Kb
 total_blobs=4853, nmethods=3860, adapters=895, full_count=0
Compilation: enabled, stopped_count=0, restarted_count=0

Compilation events (20 events):
Event: 9.291 Thread 0x0000021d714bf8d0 4098       3       java.util.concurrent.CountDownLatch$Sync::tryAcquireShared (13 bytes)
Event: 9.291 Thread 0x0000021d714bf8d0 nmethod 4098 0x0000021d5a466a88 code [0x0000021d5a466b80, 0x0000021d5a466d88]
Event: 9.292 Thread 0x0000021d714bf8d0 4099       3       java.util.ArrayList::toArray (57 bytes)
Event: 9.292 Thread 0x0000021d714bf8d0 nmethod 4099 0x0000021d5a68b708 code [0x0000021d5a68b800, 0x0000021d5a68bdb0]
Event: 10.177 Thread 0x0000021d714bd9f0 4100   !   4       sun.awt.image.GifImageDecoder::readBytes (44 bytes)
Event: 10.182 Thread 0x0000021d714bd9f0 nmethod 4100 0x0000021d61f83308 code [0x0000021d61f83400, 0x0000021d61f83588]
Event: 15.158 Thread 0x0000021d714bf8d0 4101       3       sun.awt.image.GifImageDecoder::ExtractByte (8 bytes)
Event: 15.158 Thread 0x0000021d714bf8d0 nmethod 4101 0x0000021d5a469488 code [0x0000021d5a469580, 0x0000021d5a469698]
Event: 15.494 Thread 0x0000021d714bf8d0 4102       1       java.awt.image.IndexColorModel::getTransparentPixel (5 bytes)
Event: 15.494 Thread 0x0000021d714bf8d0 nmethod 4102 0x0000021d61f36b88 code [0x0000021d61f36c80, 0x0000021d61f36d48]
Event: 15.494 Thread 0x0000021d714bf8d0 4103       1       sun.awt.image.ImageRepresentation::setHints (6 bytes)
Event: 15.494 Thread 0x0000021d714bf8d0 nmethod 4103 0x0000021d61f36888 code [0x0000021d61f36980, 0x0000021d61f36a48]
Event: 15.497 Thread 0x0000021d714bf8d0 4105       1       jdk.internal.event.ThreadSleepEvent::isEnabled (2 bytes)
Event: 15.497 Thread 0x0000021d714bf8d0 nmethod 4105 0x0000021d61f77288 code [0x0000021d61f77380, 0x0000021d61f77448]
Event: 15.838 Thread 0x0000021d714bf8d0 4107       1       java.awt.color.ColorSpace::getType (5 bytes)
Event: 15.839 Thread 0x0000021d714bf8d0 nmethod 4107 0x0000021d61f51b08 code [0x0000021d61f51c00, 0x0000021d61f51cc8]
Event: 27.880 Thread 0x0000021d714bf8d0 4108       3       java.util.Collections$3::hasMoreElements (10 bytes)
Event: 27.880 Thread 0x0000021d714bf8d0 nmethod 4108 0x0000021d5a46d088 code [0x0000021d5a46d180, 0x0000021d5a46d358]
Event: 27.880 Thread 0x0000021d714bf8d0 4109       3       java.util.Collections$3::nextElement (10 bytes)
Event: 27.880 Thread 0x0000021d714bf8d0 nmethod 4109 0x0000021d5a473288 code [0x0000021d5a473380, 0x0000021d5a473550]

GC Heap Usage History (16 events):
Event: 1.295 {heap Before GC invocations=0 (full 0):
 garbage-first heap   total reserved 4104192K, committed 260096K, used 54419K [0x0000000705800000, 0x0000000800000000)
  region size 2048K, 24 young (49152K), 0 survivors (0K)
}
Event: 1.300 {heap After GC invocations=1 (full 0):
 garbage-first heap   total reserved 4104192K, committed 260096K, used 12933K [0x0000000705800000, 0x0000000800000000)
  region size 2048K, 3 young (6144K), 3 survivors (6144K)
}
Event: 1.613 {heap Before GC invocations=1 (full 0):
 garbage-first heap   total reserved 4104192K, committed 260096K, used 121477K [0x0000000705800000, 0x0000000800000000)
  region size 2048K, 56 young (114688K), 3 survivors (6144K)
}
Event: 1.621 {heap After GC invocations=2 (full 0):
 garbage-first heap   total reserved 4104192K, committed 260096K, used 12427K [0x0000000705800000, 0x0000000800000000)
  region size 2048K, 3 young (6144K), 3 survivors (6144K)
}
Event: 2.322 {heap Before GC invocations=2 (full 0):
 garbage-first heap   total reserved 4104192K, committed 260096K, used 204939K [0x0000000705800000, 0x0000000800000000)
  region size 2048K, 47 young (96256K), 3 survivors (6144K)
}
Event: 2.330 {heap After GC invocations=3 (full 0):
 garbage-first heap   total reserved 4104192K, committed 260096K, used 125930K [0x0000000705800000, 0x0000000800000000)
  region size 2048K, 7 young (14336K), 7 survivors (14336K)
}
Event: 2.335 {heap Before GC invocations=3 (full 0):
 garbage-first heap   total reserved 4104192K, committed 260096K, used 127978K [0x0000000705800000, 0x0000000800000000)
  region size 2048K, 8 young (16384K), 7 survivors (14336K)
}
Event: 2.341 {heap After GC invocations=4 (full 0):
 garbage-first heap   total reserved 4104192K, committed 260096K, used 128748K [0x0000000705800000, 0x0000000800000000)
  region size 2048K, 1 young (2048K), 1 survivors (2048K)
}
Event: 6.654 {heap Before GC invocations=5 (full 0):
 garbage-first heap   total reserved 4104192K, committed 260096K, used 253676K [0x0000000705800000, 0x0000000800000000)
  region size 2048K, 34 young (69632K), 1 survivors (2048K)
}
Event: 6.660 {heap After GC invocations=6 (full 0):
 garbage-first heap   total reserved 4104192K, committed 272384K, used 199922K [0x0000000705800000, 0x0000000800000000)
  region size 2048K, 6 young (12288K), 6 survivors (12288K)
}
Event: 7.877 {heap Before GC invocations=6 (full 0):
 garbage-first heap   total reserved 4104192K, committed 272384K, used 247026K [0x0000000705800000, 0x0000000800000000)
  region size 2048K, 28 young (57344K), 6 survivors (12288K)
}
Event: 7.888 {heap After GC invocations=7 (full 0):
 garbage-first heap   total reserved 4104192K, committed 272384K, used 203173K [0x0000000705800000, 0x0000000800000000)
  region size 2048K, 2 young (4096K), 2 survivors (4096K)
}
Event: 8.797 {heap Before GC invocations=7 (full 0):
 garbage-first heap   total reserved 4104192K, committed 272384K, used 248229K [0x0000000705800000, 0x0000000800000000)
  region size 2048K, 24 young (49152K), 2 survivors (4096K)
}
Event: 8.802 {heap After GC invocations=8 (full 0):
 garbage-first heap   total reserved 4104192K, committed 272384K, used 203032K [0x0000000705800000, 0x0000000800000000)
  region size 2048K, 2 young (4096K), 2 survivors (4096K)
}
Event: 23.967 {heap Before GC invocations=9 (full 0):
 garbage-first heap   total reserved 4104192K, committed 346112K, used 248088K [0x0000000705800000, 0x0000000800000000)
  region size 2048K, 25 young (51200K), 2 survivors (4096K)
}
Event: 23.970 {heap After GC invocations=10 (full 0):
 garbage-first heap   total reserved 4104192K, committed 346112K, used 202910K [0x0000000705800000, 0x0000000800000000)
  region size 2048K, 1 young (2048K), 1 survivors (2048K)
}

Metaspace Usage History (16 events):
Event: 1.295 {metaspace Before GC invocations=0 (full 0):
 Metaspace       used 13100K, committed 13312K, reserved 1114112K
  class space    used 1099K, committed 1216K, reserved 1048576K
}
Event: 1.300 {metaspace After GC invocations=1 (full 0):
 Metaspace       used 13100K, committed 13312K, reserved 1114112K
  class space    used 1099K, committed 1216K, reserved 1048576K
}
Event: 1.613 {metaspace Before GC invocations=1 (full 0):
 Metaspace       used 13160K, committed 13376K, reserved 1114112K
  class space    used 1100K, committed 1216K, reserved 1048576K
}
Event: 1.621 {metaspace After GC invocations=2 (full 0):
 Metaspace       used 13160K, committed 13376K, reserved 1114112K
  class space    used 1100K, committed 1216K, reserved 1048576K
}
Event: 2.322 {metaspace Before GC invocations=2 (full 0):
 Metaspace       used 14575K, committed 14720K, reserved 1114112K
  class space    used 1327K, committed 1408K, reserved 1048576K
}
Event: 2.330 {metaspace After GC invocations=3 (full 0):
 Metaspace       used 14575K, committed 14720K, reserved 1114112K
  class space    used 1327K, committed 1408K, reserved 1048576K
}
Event: 2.335 {metaspace Before GC invocations=3 (full 0):
 Metaspace       used 14575K, committed 14720K, reserved 1114112K
  class space    used 1327K, committed 1408K, reserved 1048576K
}
Event: 2.341 {metaspace After GC invocations=4 (full 0):
 Metaspace       used 14575K, committed 14720K, reserved 1114112K
  class space    used 1327K, committed 1408K, reserved 1048576K
}
Event: 6.654 {metaspace Before GC invocations=5 (full 0):
 Metaspace       used 18968K, committed 19200K, reserved 1114112K
  class space    used 1964K, committed 2112K, reserved 1048576K
}
Event: 6.660 {metaspace After GC invocations=6 (full 0):
 Metaspace       used 18968K, committed 19200K, reserved 1114112K
  class space    used 1964K, committed 2112K, reserved 1048576K
}
Event: 7.877 {metaspace Before GC invocations=6 (full 0):
 Metaspace       used 21706K, committed 21952K, reserved 1114112K
  class space    used 2370K, committed 2496K, reserved 1048576K
}
Event: 7.888 {metaspace After GC invocations=7 (full 0):
 Metaspace       used 21706K, committed 21952K, reserved 1114112K
  class space    used 2370K, committed 2496K, reserved 1048576K
}
Event: 8.797 {metaspace Before GC invocations=7 (full 0):
 Metaspace       used 21713K, committed 21952K, reserved 1114112K
  class space    used 2370K, committed 2496K, reserved 1048576K
}
Event: 8.802 {metaspace After GC invocations=8 (full 0):
 Metaspace       used 21713K, committed 21952K, reserved 1114112K
  class space    used 2370K, committed 2496K, reserved 1048576K
}
Event: 23.967 {metaspace Before GC invocations=9 (full 0):
 Metaspace       used 21795K, committed 22016K, reserved 1114112K
  class space    used 2382K, committed 2496K, reserved 1048576K
}
Event: 23.970 {metaspace After GC invocations=10 (full 0):
 Metaspace       used 21795K, committed 22016K, reserved 1114112K
  class space    used 2382K, committed 2496K, reserved 1048576K
}

Dll operation events (20 events):
Event: 0.386 Loaded shared library C:\Users\HP\Downloads\openjfx-25_windows-x64_bin-sdk\javafx-sdk-25\bin\api-ms-win-crt-multibyte-l1-1-0.dll
Event: 0.386 Loaded shared library C:\Users\HP\Downloads\openjfx-25_windows-x64_bin-sdk\javafx-sdk-25\bin\api-ms-win-crt-private-l1-1-0.dll
Event: 0.387 Loaded shared library C:\Users\HP\Downloads\openjfx-25_windows-x64_bin-sdk\javafx-sdk-25\bin\api-ms-win-crt-process-l1-1-0.dll
Event: 0.388 Loaded shared library C:\Users\HP\Downloads\openjfx-25_windows-x64_bin-sdk\javafx-sdk-25\bin\api-ms-win-crt-runtime-l1-1-0.dll
Event: 0.388 Loaded shared library C:\Users\HP\Downloads\openjfx-25_windows-x64_bin-sdk\javafx-sdk-25\bin\api-ms-win-crt-stdio-l1-1-0.dll
Event: 0.389 Loaded shared library C:\Users\HP\Downloads\openjfx-25_windows-x64_bin-sdk\javafx-sdk-25\bin\api-ms-win-crt-string-l1-1-0.dll
Event: 0.390 Loaded shared library C:\Users\HP\Downloads\openjfx-25_windows-x64_bin-sdk\javafx-sdk-25\bin\api-ms-win-crt-time-l1-1-0.dll
Event: 0.390 Loaded shared library C:\Users\HP\Downloads\openjfx-25_windows-x64_bin-sdk\javafx-sdk-25\bin\api-ms-win-crt-utility-l1-1-0.dll
Event: 0.391 Loaded shared library C:\Users\HP\Downloads\openjfx-25_windows-x64_bin-sdk\javafx-sdk-25\bin\ucrtbase.dll
Event: 0.393 Loaded shared library C:\Users\HP\Downloads\openjfx-25_windows-x64_bin-sdk\javafx-sdk-25\bin\vcruntime140.dll
Event: 0.394 Loaded shared library C:\Users\HP\Downloads\openjfx-25_windows-x64_bin-sdk\javafx-sdk-25\bin\vcruntime140_1.dll
Event: 0.394 Loaded shared library C:\Users\HP\Downloads\openjfx-25_windows-x64_bin-sdk\javafx-sdk-25\bin\msvcp140.dll
Event: 0.395 Loaded shared library C:\Users\HP\Downloads\openjfx-25_windows-x64_bin-sdk\javafx-sdk-25\bin\msvcp140_1.dll
Event: 0.396 Loaded shared library C:\Users\HP\Downloads\openjfx-25_windows-x64_bin-sdk\javafx-sdk-25\bin\msvcp140_2.dll
Event: 0.418 Loaded shared library C:\Users\HP\Downloads\openjfx-25_windows-x64_bin-sdk\javafx-sdk-25\bin\prism_d3d.dll
Event: 0.504 Loaded shared library C:\Users\HP\Downloads\openjfx-25_windows-x64_bin-sdk\javafx-sdk-25\bin\glass.dll
Event: 0.673 Loaded shared library C:\Users\HP\.jdks\openjdk-25\bin\freetype.dll
Event: 0.674 Loaded shared library C:\Users\HP\.jdks\openjdk-25\bin\fontmanager.dll
Event: 2.027 Loaded shared library C:\Users\HP\Downloads\openjfx-25_windows-x64_bin-sdk\javafx-sdk-25\bin\javafx_iio.dll
Event: 2.573 Loaded shared library C:\Users\HP\Downloads\openjfx-25_windows-x64_bin-sdk\javafx-sdk-25\bin\javafx_font.dll

Deoptimization events (20 events):
Event: 7.859 Thread 0x0000021d78313a60 Uncommon trap: trap_request=0xffffffde fr.pc=0x0000021d62049d90 relative=0x0000000000000090
Event: 7.859 Thread 0x0000021d78313a60 Uncommon trap: reason=class_check action=maybe_recompile pc=0x0000021d62049d90 method=java.util.AbstractList$Itr.hasNext()Z @ 8 c2
Event: 7.859 Thread 0x0000021d78313a60 DEOPT PACKING pc=0x0000021d62049d90 sp=0x0000005cae7fcb60
Event: 7.859 Thread 0x0000021d78313a60 DEOPT UNPACKING pc=0x0000021d61a9f882 sp=0x0000005cae7fcaf8 mode 2
Event: 8.485 Thread 0x0000021d78313a60 Uncommon trap: trap_request=0xffffffde fr.pc=0x0000021d62062948 relative=0x0000000000000828
Event: 8.485 Thread 0x0000021d78313a60 Uncommon trap: reason=class_check action=maybe_recompile pc=0x0000021d62062948 method=javafx.scene.Node.updateLocalToParentTransform()V @ 11 c2
Event: 8.485 Thread 0x0000021d78313a60 DEOPT PACKING pc=0x0000021d62062948 sp=0x0000005cae7fac10
Event: 8.485 Thread 0x0000021d78313a60 DEOPT UNPACKING pc=0x0000021d61a9f882 sp=0x0000005cae7faba0 mode 2
Event: 8.517 Thread 0x0000021d78313a60 Uncommon trap: trap_request=0xffffffde fr.pc=0x0000021d62062948 relative=0x0000000000000828
Event: 8.517 Thread 0x0000021d78313a60 Uncommon trap: reason=class_check action=maybe_recompile pc=0x0000021d62062948 method=javafx.scene.Node.updateLocalToParentTransform()V @ 11 c2
Event: 8.517 Thread 0x0000021d78313a60 DEOPT PACKING pc=0x0000021d62062948 sp=0x0000005cae7fcb70
Event: 8.517 Thread 0x0000021d78313a60 DEOPT UNPACKING pc=0x0000021d61a9f882 sp=0x0000005cae7fcb00 mode 2
Event: 9.205 Thread 0x0000021d78313a60 Uncommon trap: trap_request=0xffffffde fr.pc=0x0000021d62062948 relative=0x0000000000000828
Event: 9.205 Thread 0x0000021d78313a60 Uncommon trap: reason=class_check action=maybe_recompile pc=0x0000021d62062948 method=javafx.scene.Node.updateLocalToParentTransform()V @ 11 c2
Event: 9.205 Thread 0x0000021d78313a60 DEOPT PACKING pc=0x0000021d62062948 sp=0x0000005cae7f8510
Event: 9.205 Thread 0x0000021d78313a60 DEOPT UNPACKING pc=0x0000021d61a9f882 sp=0x0000005cae7f84a0 mode 2
Event: 9.293 Thread 0x0000021d78313a60 Uncommon trap: trap_request=0xffffff45 fr.pc=0x0000021d62009df8 relative=0x00000000000001f8
Event: 9.293 Thread 0x0000021d78313a60 Uncommon trap: reason=unstable_if action=reinterpret pc=0x0000021d62009df8 method=java.util.HashMap$HashIterator.<init>(Ljava/util/HashMap;)V @ 50 c2
Event: 9.293 Thread 0x0000021d78313a60 DEOPT PACKING pc=0x0000021d62009df8 sp=0x0000005cae7fbd90
Event: 9.293 Thread 0x0000021d78313a60 DEOPT UNPACKING pc=0x0000021d61a9f882 sp=0x0000005cae7fbd48 mode 2

Classes loaded (20 events):
Event: 6.823 Loading class jdk/internal/foreign/MemorySessionImpl$ResourceList done
Event: 6.823 Loading class jdk/internal/foreign/ConfinedSession$ConfinedResourceList done
Event: 6.827 Loading class jdk/internal/foreign/Utils$1VarHandleCache
Event: 6.827 Loading class jdk/internal/foreign/Utils$1VarHandleCache done
Event: 6.827 Loading class java/lang/invoke/VarHandleSegmentAsInts
Event: 6.827 Loading class java/lang/invoke/VarHandleSegmentAsInts done
Event: 6.827 Loading class java/lang/invoke/VarHandleSegmentAsIntsAligned
Event: 6.827 Loading class java/lang/invoke/VarHandleSegmentAsIntsAligned done
Event: 6.840 Loading class java/lang/FdLibm$Atan2
Event: 6.840 Loading class java/lang/FdLibm$Atan2 done
Event: 6.840 Loading class java/lang/FdLibm
Event: 6.840 Loading class java/lang/FdLibm done
Event: 6.865 Loading class java/lang/FdLibm$Hypot
Event: 6.865 Loading class java/lang/FdLibm$Hypot done
Event: 9.117 Loading class java/io/UnsupportedEncodingException
Event: 9.117 Loading class java/io/UnsupportedEncodingException done
Event: 9.268 Loading class java/util/concurrent/LinkedBlockingQueue$Itr
Event: 9.290 Loading class java/util/concurrent/LinkedBlockingQueue$Itr done
Event: 27.877 Loading class jdk/internal/misc/Signal$1
Event: 27.877 Loading class jdk/internal/misc/Signal$1 done

Classes unloaded (0 events):
No events

Classes redefined (0 events):
No events

Internal exceptions (20 events):
Event: 0.923 Thread 0x0000021d764e01f0 Exception <a 'java/lang/NoSuchMethodError'{0x0000000714b05c10}: 'void java.lang.invoke.DirectMethodHandle$Holder.invokeVirtual(java.lang.Object, java.lang.Object)'> (0x0000000714b05c10) 
thrown [s\open\src\hotspot\share\interpreter\linkResolver.cpp, line 804]
Event: 0.945 Thread 0x0000021d764e2e50 Exception <a 'java/lang/NoSuchMethodError'{0x0000000712659280}: 'void java.lang.invoke.DelegatingMethodHandle$Holder.reinvoke_L(java.lang.Object, java.lang.Object, java.lang.Object, long, float)'> (0x0000000712659280) 
thrown [s\open\src\hotspot\share\interpreter\linkResolver.cpp, line 804]
Event: 0.947 Thread 0x0000021d764e2e50 Exception <a 'java/lang/NoSuchMethodError'{0x0000000712671270}: 'java.lang.Object java.lang.invoke.DirectMethodHandle$Holder.invokeStatic(java.lang.Object, java.lang.Object, java.lang.Object, java.lang.Object, long)'> (0x0000000712671270) 
thrown [s\open\src\hotspot\share\interpreter\linkResolver.cpp, line 804]
Event: 0.948 Thread 0x0000021d764e2e50 Exception <a 'java/lang/NoSuchMethodError'{0x00000007126934b0}: 'float java.lang.invoke.DelegatingMethodHandle$Holder.reinvoke_L(java.lang.Object, java.lang.Object, java.lang.Object, long)'> (0x00000007126934b0) 
thrown [s\open\src\hotspot\share\interpreter\linkResolver.cpp, line 804]
Event: 1.964 Thread 0x0000021d78313a60 Exception <a 'java/lang/NoSuchMethodError'{0x0000000712766768}: 'java.lang.Object java.lang.invoke.DirectMethodHandle$Holder.invokeStaticInit(java.lang.Object, java.lang.Object, java.lang.Object, java.lang.Object)'> (0x0000000712766768) 
thrown [s\open\src\hotspot\share\interpreter\linkResolver.cpp, line 804]
Event: 2.022 Thread 0x0000021d78313a60 Exception <a 'java/lang/NullPointerException'{0x00000007119d0380}> (0x00000007119d0380) 
thrown [s\open\src\hotspot\share\interpreter\linkResolver.cpp, line 1416]
Event: 2.596 Thread 0x0000021d78313a60 Exception <a 'java/lang/NoSuchMethodError'{0x0000000713660d68}: 'void java.lang.invoke.DirectMethodHandle$Holder.invokeSpecialIFC(java.lang.Object, java.lang.Object, java.lang.Object)'> (0x0000000713660d68) 
thrown [s\open\src\hotspot\share\interpreter\linkResolver.cpp, line 804]
Event: 2.618 Thread 0x0000021d78313a60 Implicit null exception at 0x0000021d61f74150 to 0x0000021d61f741e0
Event: 2.848 Thread 0x0000021d78313a60 Exception <a 'java/lang/NoSuchMethodError'{0x000000071240f050}: 'java.lang.Object java.lang.invoke.DirectMethodHandle$Holder.newInvokeSpecial(java.lang.Object, java.lang.Object, int)'> (0x000000071240f050) 
thrown [s\open\src\hotspot\share\interpreter\linkResolver.cpp, line 804]
Event: 2.921 Thread 0x0000021d78313a60 Exception <a 'java/lang/NoSuchMethodError'{0x00000007122875e0}: 'long java.lang.invoke.DirectMethodHandle$Holder.invokeStatic(java.lang.Object, java.lang.Object, java.lang.Object)'> (0x00000007122875e0) 
thrown [s\open\src\hotspot\share\interpreter\linkResolver.cpp, line 804]
Event: 2.921 Thread 0x0000021d78313a60 Exception <a 'java/lang/NoSuchMethodError'{0x000000071228f478}: 'long java.lang.invoke.DirectMethodHandle$Holder.invokeStaticInit(java.lang.Object, java.lang.Object, java.lang.Object)'> (0x000000071228f478) 
thrown [s\open\src\hotspot\share\interpreter\linkResolver.cpp, line 804]
Event: 2.928 Thread 0x0000021d764e57b0 Exception <a 'java/lang/NoSuchMethodError'{0x0000000712388a88}: 'int java.lang.invoke.DirectMethodHandle$Holder.invokeStaticInit(java.lang.Object, java.lang.Object)'> (0x0000000712388a88) 
thrown [s\open\src\hotspot\share\interpreter\linkResolver.cpp, line 804]
Event: 2.941 Thread 0x0000021d764e57b0 Exception <a 'java/lang/NoSuchMethodError'{0x00000007120231d8}: 'java.lang.Object java.lang.invoke.Invokers$Holder.invokeExact_MT(java.lang.Object, java.lang.Object, java.lang.Object, java.lang.Object, java.lang.Object, java.lang.Object)'> (0x00000007120231d8) 
thrown [s\open\src\hotspot\share\interpreter\linkResolver.cpp, line 804]
Event: 5.953 Thread 0x0000021d78313a60 Exception <a 'java/lang/NoSuchMethodError'{0x0000000711426c58}: 'java.lang.Object java.lang.invoke.DirectMethodHandle$Holder.invokeStatic(java.lang.Object, java.lang.Object, java.lang.Object, java.lang.Object, int)'> (0x0000000711426c58) 
thrown [s\open\src\hotspot\share\interpreter\linkResolver.cpp, line 804]
Event: 5.957 Thread 0x0000021d78313a60 Exception <a 'java/lang/NoSuchMethodError'{0x0000000711465438}: 'void java.lang.invoke.DirectMethodHandle$Holder.invokeSpecial(java.lang.Object, java.lang.Object, double)'> (0x0000000711465438) 
thrown [s\open\src\hotspot\share\interpreter\linkResolver.cpp, line 804]
Event: 5.958 Thread 0x0000021d78313a60 Exception <a 'java/lang/NoSuchMethodError'{0x00000007114745f0}: 'java.lang.Object java.lang.invoke.DirectMethodHandle$Holder.newInvokeSpecial(java.lang.Object, java.lang.Object, double)'> (0x00000007114745f0) 
thrown [s\open\src\hotspot\share\interpreter\linkResolver.cpp, line 804]
Event: 6.672 Thread 0x0000021d78313a60 Exception <a 'java/lang/NoSuchMethodError'{0x00000007152e86c8}: 'void java.lang.invoke.DirectMethodHandle$Holder.invokeStaticInit(java.lang.Object, java.lang.Object)'> (0x00000007152e86c8) 
thrown [s\open\src\hotspot\share\interpreter\linkResolver.cpp, line 804]
Event: 6.685 Thread 0x0000021d78313a60 Exception <a 'java/lang/NoSuchMethodError'{0x00000007153fe878}: 'void java.lang.invoke.DirectMethodHandle$Holder.invokeStatic(java.lang.Object, java.lang.Object, java.lang.Object, java.lang.Object)'> (0x00000007153fe878) 
thrown [s\open\src\hotspot\share\interpreter\linkResolver.cpp, line 804]
Event: 6.733 Thread 0x0000021d78313a60 Exception <a 'java/lang/NoSuchMethodError'{0x0000000714f9ab68}: 'java.lang.Object java.lang.invoke.DirectMethodHandle$Holder.invokeInterface(java.lang.Object, java.lang.Object, java.lang.Object)'> (0x0000000714f9ab68) 
thrown [s\open\src\hotspot\share\interpreter\linkResolver.cpp, line 804]
Event: 6.733 Thread 0x0000021d78313a60 Exception <a 'java/lang/IncompatibleClassChangeError'{0x0000000714fa2bf8}: Found class java.lang.Object, but interface was expected> (0x0000000714fa2bf8) 
thrown [s\open\src\hotspot\share\interpreter\linkResolver.cpp, line 871]

VM Operations (20 events):
Event: 6.625 Executing non-safepoint VM operation: HandshakeAllThreads (Deoptimize) done
Event: 6.654 Executing safepoint VM operation: G1CollectForAllocation (G1 Evacuation Pause)
Event: 6.660 Executing safepoint VM operation: G1CollectForAllocation (G1 Evacuation Pause) done
Event: 6.752 Executing non-safepoint VM operation: HandshakeAllThreads (Deoptimize)
Event: 6.752 Executing non-safepoint VM operation: HandshakeAllThreads (Deoptimize) done
Event: 6.823 Executing non-safepoint VM operation: HandshakeAllThreads (Deoptimize)
Event: 6.823 Executing non-safepoint VM operation: HandshakeAllThreads (Deoptimize) done
Event: 6.952 Executing non-safepoint VM operation: HandshakeAllThreads (Deoptimize)
Event: 6.952 Executing non-safepoint VM operation: HandshakeAllThreads (Deoptimize) done
Event: 7.877 Executing safepoint VM operation: G1CollectForAllocation (G1 Evacuation Pause)
Event: 7.888 Executing safepoint VM operation: G1CollectForAllocation (G1 Evacuation Pause) done
Event: 8.797 Executing safepoint VM operation: G1CollectForAllocation (G1 Evacuation Pause)
Event: 8.802 Executing safepoint VM operation: G1CollectForAllocation (G1 Evacuation Pause) done
Event: 8.815 Executing safepoint VM operation: G1PauseRemark
Event: 8.822 Executing safepoint VM operation: G1PauseRemark done
Event: 8.828 Executing safepoint VM operation: G1PauseCleanup
Event: 8.828 Executing safepoint VM operation: G1PauseCleanup done
Event: 23.967 Executing safepoint VM operation: G1CollectForAllocation (G1 Evacuation Pause)
Event: 23.970 Executing safepoint VM operation: G1CollectForAllocation (G1 Evacuation Pause) done
Event: 27.980 Executing safepoint VM operation: Exit

Memory protections (0 events):
No events

Nmethod flushes (20 events):
Event: 8.818 Thread 0x0000021d714a0c90 flushing  nmethod 0x0000021d5a45b008
Event: 8.818 Thread 0x0000021d714a0c90 flushing  nmethod 0x0000021d5a45ba08
Event: 8.818 Thread 0x0000021d714a0c90 flushing  nmethod 0x0000021d5a45bf08
Event: 8.818 Thread 0x0000021d714a0c90 flushing  nmethod 0x0000021d5a45c388
Event: 8.818 Thread 0x0000021d714a0c90 flushing  nmethod 0x0000021d5a45c808
Event: 8.818 Thread 0x0000021d714a0c90 flushing  nmethod 0x0000021d5a45e488
Event: 8.818 Thread 0x0000021d714a0c90 flushing  nmethod 0x0000021d5a479008
Event: 8.818 Thread 0x0000021d714a0c90 flushing  nmethod 0x0000021d5a47c608
Event: 8.818 Thread 0x0000021d714a0c90 flushing  nmethod 0x0000021d5a4a6e08
Event: 8.818 Thread 0x0000021d714a0c90 flushing  nmethod 0x0000021d5a4c1808
Event: 8.818 Thread 0x0000021d714a0c90 flushing  nmethod 0x0000021d5a4c2c08
Event: 8.818 Thread 0x0000021d714a0c90 flushing  nmethod 0x0000021d5a5f5488
Event: 8.818 Thread 0x0000021d714a0c90 flushing  nmethod 0x0000021d5a654d08
Event: 8.818 Thread 0x0000021d714a0c90 flushing  nmethod 0x0000021d5a65b288
Event: 8.818 Thread 0x0000021d714a0c90 flushing  nmethod 0x0000021d5a65c508
Event: 8.818 Thread 0x0000021d714a0c90 flushing  nmethod 0x0000021d5a699088
Event: 8.818 Thread 0x0000021d714a0c90 flushing  nmethod 0x0000021d5a69a208
Event: 8.818 Thread 0x0000021d714a0c90 flushing  nmethod 0x0000021d5a69a988
Event: 8.818 Thread 0x0000021d714a0c90 flushing  nmethod 0x0000021d5a6df508
Event: 8.818 Thread 0x0000021d714a0c90 flushing  nmethod 0x0000021d5a739e08

Events (20 events):
Event: 9.250 Thread 0x0000021d03bdd750 Thread exited: 0x0000021d03bdd750
Event: 9.250 Thread 0x0000021d78823bd0 Thread exited: 0x0000021d78823bd0
Event: 9.250 Thread 0x0000021d04464a60 Thread exited: 0x0000021d04464a60
Event: 9.250 Thread 0x0000021d044613b0 Thread added: 0x0000021d044613b0
Event: 9.250 Thread 0x0000021d044613b0 Thread exited: 0x0000021d044613b0
Event: 27.877 Thread 0x0000021d714ba020 Thread added: 0x0000021d04463ac0
Event: 27.878 Thread 0x0000021d04463ac0 Thread added: 0x0000021d04464a60
Event: 27.878 Thread 0x0000021d04463ac0 Thread added: 0x0000021d044661d0
Event: 27.878 Thread 0x0000021d04463ac0 Thread added: 0x0000021d04460410
Event: 27.878 Thread 0x0000021d04463ac0 Thread added: 0x0000021d04467170
Event: 27.880 Thread 0x0000021d04460410 Thread exited: 0x0000021d04460410
Event: 27.881 Thread 0x0000021d044661d0 Thread added: 0x0000021d04462350
Event: 27.881 Thread 0x0000021d04467170 Thread exited: 0x0000021d04467170
Event: 27.882 Thread 0x0000021d04462350 Thread exited: 0x0000021d04462350
Event: 27.882 Thread 0x0000021d044661d0 Thread exited: 0x0000021d044661d0
Event: 27.916 Thread 0x0000021d764e01f0 Thread exited: 0x0000021d764e01f0
Event: 27.957 Thread 0x0000021d764e57b0 Thread exited: 0x0000021d764e57b0
Event: 27.980 Thread 0x0000021d04464a60 Thread exited: 0x0000021d04464a60
Event: 27.980 Thread 0x0000021d04463ac0 Before exit entered
Event: 27.980 Thread 0x0000021d714ba020 Thread exited: 0x0000021d714ba020


Dynamic libraries:
0x00007ff758230000 - 0x00007ff75823e000 	C:\Users\HP\.jdks\openjdk-25\bin\java.exe
0x00007ff8fad50000 - 0x00007ff8faf67000 	C:\windows\SYSTEM32\ntdll.dll
0x00007ff8f1960000 - 0x00007ff8f1980000 	C:\Program Files\Avast Software\Avast\aswhook.dll
0x00007ff8f96a0000 - 0x00007ff8f9764000 	C:\windows\System32\KERNEL32.DLL
0x00007ff8f8520000 - 0x00007ff8f88f0000 	C:\windows\System32\KERNELBASE.dll
0x00007ff8f8920000 - 0x00007ff8f8a31000 	C:\windows\System32\ucrtbase.dll
0x00007ff8ce710000 - 0x00007ff8ce72e000 	C:\Users\HP\.jdks\openjdk-25\bin\VCRUNTIME140.dll
0x00007ff8a23c0000 - 0x00007ff8a23d7000 	C:\Users\HP\.jdks\openjdk-25\bin\jli.dll
0x00007ff8f9d10000 - 0x00007ff8f9ebe000 	C:\windows\System32\USER32.dll
0x00007ff8f88f0000 - 0x00007ff8f8916000 	C:\windows\System32\win32u.dll
0x00007ff8cffe0000 - 0x00007ff8d0272000 	C:\windows\WinSxS\amd64_microsoft.windows.common-controls_6595b64144ccf1df_6.0.22621.4830_none_270fe7d773858e80\COMCTL32.dll
0x00007ff8fa820000 - 0x00007ff8fa849000 	C:\windows\System32\GDI32.dll
0x00007ff8f82c0000 - 0x00007ff8f83db000 	C:\windows\System32\gdi32full.dll
0x00007ff8fa850000 - 0x00007ff8fa8f7000 	C:\windows\System32\msvcrt.dll
0x00007ff8f8170000 - 0x00007ff8f820a000 	C:\windows\System32\msvcp_win.dll
0x00007ff8f99a0000 - 0x00007ff8f99d1000 	C:\windows\System32\IMM32.DLL
0x00007ff8f1990000 - 0x00007ff8f199c000 	C:\Users\HP\.jdks\openjdk-25\bin\vcruntime140_1.dll
0x00007ff834070000 - 0x00007ff8340fd000 	C:\Users\HP\.jdks\openjdk-25\bin\msvcp140.dll
0x00007ff806190000 - 0x00007ff806fef000 	C:\Users\HP\.jdks\openjdk-25\bin\server\jvm.dll
0x00007ff8f98e0000 - 0x00007ff8f9991000 	C:\windows\System32\ADVAPI32.dll
0x00007ff8f99e0000 - 0x00007ff8f9a87000 	C:\windows\System32\sechost.dll
0x00007ff8f8290000 - 0x00007ff8f82b8000 	C:\windows\System32\bcrypt.dll
0x00007ff8f97a0000 - 0x00007ff8f98b4000 	C:\windows\System32\RPCRT4.dll
0x00007ff8fac90000 - 0x00007ff8fad01000 	C:\windows\System32\WS2_32.dll
0x00007ff8f7ed0000 - 0x00007ff8f7f1d000 	C:\windows\SYSTEM32\POWRPROF.dll
0x00007ff8ecf50000 - 0x00007ff8ecf5a000 	C:\windows\SYSTEM32\VERSION.dll
0x00007ff8ef070000 - 0x00007ff8ef0a4000 	C:\windows\SYSTEM32\WINMM.dll
0x00007ff8f7eb0000 - 0x00007ff8f7ec3000 	C:\windows\SYSTEM32\UMPDC.dll
0x00007ff8f6fe0000 - 0x00007ff8f6ff8000 	C:\windows\SYSTEM32\kernel.appcore.dll
0x00007ff8ce700000 - 0x00007ff8ce70a000 	C:\Users\HP\.jdks\openjdk-25\bin\jimage.dll
0x00007ff8f5940000 - 0x00007ff8f5b72000 	C:\windows\SYSTEM32\DBGHELP.DLL
0x00007ff8fa900000 - 0x00007ff8fac90000 	C:\windows\System32\combase.dll
0x00007ff8f93b0000 - 0x00007ff8f9487000 	C:\windows\System32\OLEAUT32.dll
0x00007ff8e4bb0000 - 0x00007ff8e4be2000 	C:\windows\SYSTEM32\dbgcore.DLL
0x00007ff8f83e0000 - 0x00007ff8f845b000 	C:\windows\System32\bcryptPrimitives.dll
0x00007ff8ad600000 - 0x00007ff8ad610000 	C:\Users\HP\.jdks\openjdk-25\bin\instrument.dll
0x00007ff89b310000 - 0x00007ff89b32f000 	C:\Users\HP\.jdks\openjdk-25\bin\java.dll
0x00007ff8fa660000 - 0x00007ff8fa801000 	C:\windows\System32\ole32.dll
0x00007ff8f8b30000 - 0x00007ff8f93a8000 	C:\windows\System32\SHELL32.dll
0x00007ff8f5f50000 - 0x00007ff8f6860000 	C:\windows\SYSTEM32\windows.storage.dll
0x00007ff8f5e10000 - 0x00007ff8f5f4f000 	C:\windows\SYSTEM32\wintypes.dll
0x00007ff8f94a0000 - 0x00007ff8f95aa000 	C:\windows\System32\SHCORE.dll
0x00007ff8f8a40000 - 0x00007ff8f8a9e000 	C:\windows\System32\shlwapi.dll
0x00007ff8f7f30000 - 0x00007ff8f7f5b000 	C:\windows\SYSTEM32\profapi.dll
0x00007ff896fd0000 - 0x00007ff896fe7000 	C:\Users\HP\.jdks\openjdk-25\bin\zip.dll
0x00007ff899300000 - 0x00007ff899312000 	C:\Users\HP\.jdks\openjdk-25\bin\net.dll
0x00007ff8f74c0000 - 0x00007ff8f752a000 	C:\windows\system32\mswsock.dll
0x00007ff896ff0000 - 0x00007ff897006000 	C:\Users\HP\.jdks\openjdk-25\bin\nio.dll
0x00007ff8a7f10000 - 0x00007ff8a7f19000 	C:\Users\HP\.jdks\openjdk-25\bin\extnet.dll
0x00007ff811a20000 - 0x00007ff811ba3000 	C:\Users\HP\.jdks\openjdk-25\bin\awt.dll
0x00007ff8f1f20000 - 0x00007ff8f1fb7000 	C:\windows\SYSTEM32\apphelp.dll
0x00007ff810930000 - 0x00007ff8109d2000 	C:\Users\HP\Downloads\openjfx-25_windows-x64_bin-sdk\javafx-sdk-25\bin\glib-lite.dll
0x00007ff810830000 - 0x00007ff81092d000 	C:\Users\HP\Downloads\openjfx-25_windows-x64_bin-sdk\javafx-sdk-25\bin\gstreamer-lite.dll
0x00007ff80d710000 - 0x00007ff80d7b2000 	C:\windows\SYSTEM32\DSOUND.dll
0x00007ff80d650000 - 0x00007ff80d701000 	C:\windows\SYSTEM32\ResampleDmo.DLL
0x00007ff897d20000 - 0x00007ff897d49000 	C:\windows\SYSTEM32\winmmbase.dll
0x00007ff8d7800000 - 0x00007ff8d780b000 	C:\windows\SYSTEM32\msdmo.dll
0x00007ff884990000 - 0x00007ff8849b8000 	C:\Users\HP\Downloads\openjfx-25_windows-x64_bin-sdk\javafx-sdk-25\bin\jfxmedia.dll
0x00007ff8f2980000 - 0x00007ff8f2a31000 	C:\windows\system32\uxtheme.dll
0x00007ff8f9ba0000 - 0x00007ff8f9cff000 	C:\windows\System32\MSCTF.dll
0x00007ff8f2bf0000 - 0x00007ff8f2c1b000 	C:\windows\system32\DWMAPI.DLL
0x00007ff8120a0000 - 0x00007ff8121a0000 	C:\windows\system32\opengl32.dll
0x00007ff89b430000 - 0x00007ff89b45d000 	C:\windows\SYSTEM32\GLU32.dll
0x00007ff8f2a80000 - 0x00007ff8f2ab7000 	C:\windows\SYSTEM32\dxcore.dll
0x0000021d51b80000 - 0x0000021d51b84000 	C:\Users\HP\Downloads\openjfx-25_windows-x64_bin-sdk\javafx-sdk-25\bin\api-ms-win-core-console-l1-1-0.dll
0x0000021d71ac0000 - 0x0000021d71ac4000 	C:\Users\HP\Downloads\openjfx-25_windows-x64_bin-sdk\javafx-sdk-25\bin\api-ms-win-core-console-l1-2-0.dll
0x0000021d71ad0000 - 0x0000021d71ad4000 	C:\Users\HP\Downloads\openjfx-25_windows-x64_bin-sdk\javafx-sdk-25\bin\api-ms-win-core-datetime-l1-1-0.dll
0x0000021d71ae0000 - 0x0000021d71ae4000 	C:\Users\HP\Downloads\openjfx-25_windows-x64_bin-sdk\javafx-sdk-25\bin\api-ms-win-core-debug-l1-1-0.dll
0x0000021d71af0000 - 0x0000021d71af4000 	C:\Users\HP\Downloads\openjfx-25_windows-x64_bin-sdk\javafx-sdk-25\bin\api-ms-win-core-errorhandling-l1-1-0.dll
0x0000021d71b00000 - 0x0000021d71b05000 	C:\Users\HP\Downloads\openjfx-25_windows-x64_bin-sdk\javafx-sdk-25\bin\api-ms-win-core-file-l1-1-0.dll
0x0000021d71b10000 - 0x0000021d71b14000 	C:\Users\HP\Downloads\openjfx-25_windows-x64_bin-sdk\javafx-sdk-25\bin\api-ms-win-core-file-l1-2-0.dll
0x0000021d71b20000 - 0x0000021d71b24000 	C:\Users\HP\Downloads\openjfx-25_windows-x64_bin-sdk\javafx-sdk-25\bin\api-ms-win-core-file-l2-1-0.dll
0x0000021d71b30000 - 0x0000021d71b34000 	C:\Users\HP\Downloads\openjfx-25_windows-x64_bin-sdk\javafx-sdk-25\bin\api-ms-win-core-handle-l1-1-0.dll
0x0000021d71b40000 - 0x0000021d71b44000 	C:\Users\HP\Downloads\openjfx-25_windows-x64_bin-sdk\javafx-sdk-25\bin\api-ms-win-core-heap-l1-1-0.dll
0x0000021d71b50000 - 0x0000021d71b54000 	C:\Users\HP\Downloads\openjfx-25_windows-x64_bin-sdk\javafx-sdk-25\bin\api-ms-win-core-interlocked-l1-1-0.dll
0x0000021d71b70000 - 0x0000021d71b74000 	C:\Users\HP\Downloads\openjfx-25_windows-x64_bin-sdk\javafx-sdk-25\bin\api-ms-win-core-libraryloader-l1-1-0.dll
0x0000021d71b80000 - 0x0000021d71b84000 	C:\Users\HP\Downloads\openjfx-25_windows-x64_bin-sdk\javafx-sdk-25\bin\api-ms-win-core-localization-l1-2-0.dll
0x0000021d71b90000 - 0x0000021d71b94000 	C:\Users\HP\Downloads\openjfx-25_windows-x64_bin-sdk\javafx-sdk-25\bin\api-ms-win-core-memory-l1-1-0.dll
0x0000021d71ba0000 - 0x0000021d71ba4000 	C:\Users\HP\Downloads\openjfx-25_windows-x64_bin-sdk\javafx-sdk-25\bin\api-ms-win-core-namedpipe-l1-1-0.dll
0x0000021d71bc0000 - 0x0000021d71bc4000 	C:\Users\HP\Downloads\openjfx-25_windows-x64_bin-sdk\javafx-sdk-25\bin\api-ms-win-core-processenvironment-l1-1-0.dll
0x0000021d71bd0000 - 0x0000021d71bd4000 	C:\Users\HP\Downloads\openjfx-25_windows-x64_bin-sdk\javafx-sdk-25\bin\api-ms-win-core-processthreads-l1-1-0.dll
0x0000021d71be0000 - 0x0000021d71be4000 	C:\Users\HP\Downloads\openjfx-25_windows-x64_bin-sdk\javafx-sdk-25\bin\api-ms-win-core-processthreads-l1-1-1.dll
0x0000021d71bf0000 - 0x0000021d71bf4000 	C:\Users\HP\Downloads\openjfx-25_windows-x64_bin-sdk\javafx-sdk-25\bin\api-ms-win-core-profile-l1-1-0.dll
0x0000021d71c00000 - 0x0000021d71c04000 	C:\Users\HP\Downloads\openjfx-25_windows-x64_bin-sdk\javafx-sdk-25\bin\api-ms-win-core-rtlsupport-l1-1-0.dll
0x0000021d71c10000 - 0x0000021d71c14000 	C:\Users\HP\Downloads\openjfx-25_windows-x64_bin-sdk\javafx-sdk-25\bin\api-ms-win-core-string-l1-1-0.dll
0x0000021d71c20000 - 0x0000021d71c24000 	C:\Users\HP\Downloads\openjfx-25_windows-x64_bin-sdk\javafx-sdk-25\bin\api-ms-win-core-synch-l1-1-0.dll
0x0000021d71c30000 - 0x0000021d71c34000 	C:\Users\HP\Downloads\openjfx-25_windows-x64_bin-sdk\javafx-sdk-25\bin\api-ms-win-core-synch-l1-2-0.dll
0x0000021d71c40000 - 0x0000021d71c44000 	C:\Users\HP\Downloads\openjfx-25_windows-x64_bin-sdk\javafx-sdk-25\bin\api-ms-win-core-sysinfo-l1-1-0.dll
0x0000021d71c50000 - 0x0000021d71c54000 	C:\Users\HP\Downloads\openjfx-25_windows-x64_bin-sdk\javafx-sdk-25\bin\api-ms-win-core-timezone-l1-1-0.dll
0x0000021d71c60000 - 0x0000021d71c64000 	C:\Users\HP\Downloads\openjfx-25_windows-x64_bin-sdk\javafx-sdk-25\bin\api-ms-win-core-util-l1-1-0.dll
0x0000021d71c70000 - 0x0000021d71c74000 	C:\Users\HP\Downloads\openjfx-25_windows-x64_bin-sdk\javafx-sdk-25\bin\api-ms-win-crt-conio-l1-1-0.dll
0x0000021d71c80000 - 0x0000021d71c85000 	C:\Users\HP\Downloads\openjfx-25_windows-x64_bin-sdk\javafx-sdk-25\bin\api-ms-win-crt-convert-l1-1-0.dll
0x0000021d71c90000 - 0x0000021d71c94000 	C:\Users\HP\Downloads\openjfx-25_windows-x64_bin-sdk\javafx-sdk-25\bin\api-ms-win-crt-environment-l1-1-0.dll
0x0000021d71ca0000 - 0x0000021d71ca4000 	C:\Users\HP\Downloads\openjfx-25_windows-x64_bin-sdk\javafx-sdk-25\bin\api-ms-win-crt-filesystem-l1-1-0.dll
0x0000021d71cb0000 - 0x0000021d71cb4000 	C:\Users\HP\Downloads\openjfx-25_windows-x64_bin-sdk\javafx-sdk-25\bin\api-ms-win-crt-heap-l1-1-0.dll
0x0000021d71cc0000 - 0x0000021d71cc4000 	C:\Users\HP\Downloads\openjfx-25_windows-x64_bin-sdk\javafx-sdk-25\bin\api-ms-win-crt-locale-l1-1-0.dll
0x0000021d71cd0000 - 0x0000021d71cd6000 	C:\Users\HP\Downloads\openjfx-25_windows-x64_bin-sdk\javafx-sdk-25\bin\api-ms-win-crt-math-l1-1-0.dll
0x0000021d71ce0000 - 0x0000021d71ce6000 	C:\Users\HP\Downloads\openjfx-25_windows-x64_bin-sdk\javafx-sdk-25\bin\api-ms-win-crt-multibyte-l1-1-0.dll
0x0000021d71cf0000 - 0x0000021d71d01000 	C:\Users\HP\Downloads\openjfx-25_windows-x64_bin-sdk\javafx-sdk-25\bin\api-ms-win-crt-private-l1-1-0.dll
0x0000021d71d10000 - 0x0000021d71d14000 	C:\Users\HP\Downloads\openjfx-25_windows-x64_bin-sdk\javafx-sdk-25\bin\api-ms-win-crt-process-l1-1-0.dll
0x0000021d71d20000 - 0x0000021d71d25000 	C:\Users\HP\Downloads\openjfx-25_windows-x64_bin-sdk\javafx-sdk-25\bin\api-ms-win-crt-runtime-l1-1-0.dll
0x0000021d71d30000 - 0x0000021d71d35000 	C:\Users\HP\Downloads\openjfx-25_windows-x64_bin-sdk\javafx-sdk-25\bin\api-ms-win-crt-stdio-l1-1-0.dll
0x0000021d71d40000 - 0x0000021d71d45000 	C:\Users\HP\Downloads\openjfx-25_windows-x64_bin-sdk\javafx-sdk-25\bin\api-ms-win-crt-string-l1-1-0.dll
0x0000021d71d50000 - 0x0000021d71d54000 	C:\Users\HP\Downloads\openjfx-25_windows-x64_bin-sdk\javafx-sdk-25\bin\api-ms-win-crt-time-l1-1-0.dll
0x0000021d71d60000 - 0x0000021d71d64000 	C:\Users\HP\Downloads\openjfx-25_windows-x64_bin-sdk\javafx-sdk-25\bin\api-ms-win-crt-utility-l1-1-0.dll
0x00007ff80cf20000 - 0x00007ff80d031000 	C:\Users\HP\Downloads\openjfx-25_windows-x64_bin-sdk\javafx-sdk-25\bin\ucrtbase.dll
0x00007ff896e50000 - 0x00007ff896e6e000 	C:\Users\HP\Downloads\openjfx-25_windows-x64_bin-sdk\javafx-sdk-25\bin\vcruntime140.dll
0x00007ff8a3ba0000 - 0x00007ff8a3bac000 	C:\Users\HP\Downloads\openjfx-25_windows-x64_bin-sdk\javafx-sdk-25\bin\vcruntime140_1.dll
0x00007ff80d5c0000 - 0x00007ff80d64d000 	C:\Users\HP\Downloads\openjfx-25_windows-x64_bin-sdk\javafx-sdk-25\bin\msvcp140.dll
0x00007ff8a1ec0000 - 0x00007ff8a1ec9000 	C:\Users\HP\Downloads\openjfx-25_windows-x64_bin-sdk\javafx-sdk-25\bin\msvcp140_1.dll
0x00007ff884940000 - 0x00007ff884981000 	C:\Users\HP\Downloads\openjfx-25_windows-x64_bin-sdk\javafx-sdk-25\bin\msvcp140_2.dll
0x00007ff848df0000 - 0x00007ff848e20000 	C:\Users\HP\Downloads\openjfx-25_windows-x64_bin-sdk\javafx-sdk-25\bin\prism_d3d.dll
0x00007ff81d490000 - 0x00007ff81d638000 	C:\windows\system32\d3d9.dll
0x00007ff8f2ae0000 - 0x00007ff8f2bd7000 	C:\windows\SYSTEM32\dxgi.dll
0x00007ff8f7bd0000 - 0x00007ff8f7c1e000 	C:\windows\SYSTEM32\cfgmgr32.dll
0x00007ff8ecf60000 - 0x00007ff8ed0c3000 	C:\windows\SYSTEM32\drvstore.dll
0x00007ff8ee070000 - 0x00007ff8ee0b9000 	C:\windows\SYSTEM32\directxdatabasehelper.dll
0x00007ff8eeb70000 - 0x00007ff8eee15000 	C:\windows\SYSTEM32\twinapi.appcore.dll
0x00007ff83ac80000 - 0x00007ff83acc9000 	C:\Users\HP\Downloads\openjfx-25_windows-x64_bin-sdk\javafx-sdk-25\bin\glass.dll
0x00007ff8f9a90000 - 0x00007ff8f9b92000 	C:\windows\System32\COMDLG32.dll
0x00007ff8fa080000 - 0x00007ff8fa130000 	C:\windows\System32\clbcatq.dll
0x00007ff8d55f0000 - 0x00007ff8d576d000 	C:\Windows\System32\Windows.UI.dll
0x00007ff8b97a0000 - 0x00007ff8b988d000 	C:\Windows\System32\Windows.Networking.Connectivity.dll
0x00007ff8bd070000 - 0x00007ff8bd1e5000 	C:\Windows\System32\Windows.UI.Immersive.dll
0x00007ff8ec640000 - 0x00007ff8ec658000 	C:\windows\System32\npmproxy.dll
0x00007ff8ee160000 - 0x00007ff8ee1ab000 	C:\Windows\System32\CapabilityAccessManagerClient.dll
0x00007ff8eefa0000 - 0x00007ff8ef026000 	C:\windows\SYSTEM32\wlanapi.dll
0x00007ff8f1fc0000 - 0x00007ff8f1fdf000 	C:\windows\SYSTEM32\MobileNetworking.dll

JVMTI agents:
C:\Program Files\JetBrains\IntelliJ IDEA Community Edition 2025.2.3\lib\idea_rt.jar path:C:\Users\HP\.jdks\openjdk-25\bin\instrument.dll, loaded, initialized, instrumentlib options:54476

dbghelp: loaded successfully - version: 4.0.5 - missing functions: none
symbol engine: initialized successfully - sym options: 0x614 - pdb path: .;C:\Users\HP\.jdks\openjdk-25\bin;C:\windows\SYSTEM32;C:\Program Files\Avast Software\Avast;C:\windows\WinSxS\amd64_microsoft.windows.common-controls_6595b64144ccf1df_6.0.22621.4830_none_270fe7d773858e80;C:\Users\HP\.jdks\openjdk-25\bin\server;C:\Users\HP\Downloads\openjfx-25_windows-x64_bin-sdk\javafx-sdk-25\bin;C:\windows\System32\DriverStore\FileRepository\iigd_dch.inf_amd64_64dc54263337697d;C:\Program Files\Common Files\Microsoft Shared\Ink

VM Arguments:
jvm_args: -javaagent:C:\Program Files\JetBrains\IntelliJ IDEA Community Edition 2025.2.3\lib\idea_rt.jar=54476 -Dfile.encoding=UTF-8 -Dsun.stdout.encoding=UTF-8 -Dsun.stderr.encoding=UTF-8 
java_command: MainGame
java_class_path (initial): C:\Users\HP\Documents\GitHub\demo-repository\out\production\demo-repository;C:\Users\HP\Downloads\openjfx-25_windows-x64_bin-sdk\javafx-sdk-25\lib\javafx-swt.jar;C:\Users\HP\Downloads\openjfx-25_windows-x64_bin-sdk\javafx-sdk-25\lib\javafx.web.jar;C:\Users\HP\Downloads\openjfx-25_windows-x64_bin-sdk\javafx-sdk-25\lib\javafx.base.jar;C:\Users\HP\Downloads\openjfx-25_windows-x64_bin-sdk\javafx-sdk-25\lib\javafx.fxml.jar;C:\Users\HP\Downloads\openjfx-25_windows-x64_bin-sdk\javafx-sdk-25\lib\javafx.media.jar;C:\Users\HP\Downloads\openjfx-25_windows-x64_bin-sdk\javafx-sdk-25\lib\javafx.swing.jar;C:\Users\HP\Downloads\openjfx-25_windows-x64_bin-sdk\javafx-sdk-25\lib\jdk.jsobject.jar;C:\Users\HP\Downloads\openjfx-25_windows-x64_bin-sdk\javafx-sdk-25\lib\javafx.controls.jar;C:\Users\HP\Downloads\openjfx-25_windows-x64_bin-sdk\javafx-sdk-25\lib\javafx.graphics.jar;C:\Users\HP\Downloads\openjfx-25_windows-x64_bin-sdk\javafx-sdk-25\lib\jfx.incubator.input.jar;C:\Users\HP\Downloads\openjfx-25_windows-x64_bin-sdk\javafx-sdk-25\lib\jfx.incubator.richtext.jar
Launcher Type: SUN_STANDARD

[Global flags]
     intx CICompilerCount                          = 4                                         {product} {ergonomic}
     uint ConcGCThreads                            = 3                                         {product} {ergonomic}
     uint G1ConcRefinementThreads                  = 10                                        {product} {ergonomic}
   size_t G1HeapRegionSize                         = 2097152                                   {product} {ergonomic}
   size_t InitialHeapSize                          = 264241152                                 {product} {ergonomic}
   size_t MarkStackSize                            = 4194304                                   {product} {ergonomic}
   size_t MarkStackSizeMax                         = 536870912                                 {product} {ergonomic}
   size_t MaxHeapSize                              = 4202692608                                {product} {ergonomic}
   size_t MaxNewSize                               = 2520776704                                {product} {ergonomic}
   size_t MinHeapDeltaBytes                        = 2097152                                   {product} {ergonomic}
   size_t MinHeapSize                              = 8388608                                   {product} {ergonomic}
    uintx NonNMethodCodeHeapSize                   = 5832704                                {pd product} {ergonomic}
    uintx NonProfiledCodeHeapSize                  = 122945536                              {pd product} {ergonomic}
    uintx ProfiledCodeHeapSize                     = 122880000                              {pd product} {ergonomic}
    uintx ReservedCodeCacheSize                    = 251658240                              {pd product} {ergonomic}
     bool SegmentedCodeCache                       = true                                      {product} {ergonomic}
   size_t SoftMaxHeapSize                          = 4202692608                             {manageable} {ergonomic}
     bool UseCompressedOops                        = true                           {product lp64_product} {ergonomic}
     bool UseG1GC                                  = true                                      {product} {ergonomic}
     bool UseLargePagesIndividualAllocation        = false                                  {pd product} {ergonomic}

Logging:
Log output configuration:
 #0: stdout all=off uptime,level,tags foldmultilines=false
 #1: stderr all=off uptime,level,tags foldmultilines=false

Release file:
IMPLEMENTOR="Oracle Corporation" 
JAVA_RUNTIME_VERSION="25+36-3489" 
JAVA_VERSION="25" 
JAVA_VERSION_DATE="2025-09-16" 
LIBC="default" 
MODULES="java.base java.compiler java.datatransfer java.xml java.prefs java.desktop java.instrument java.logging java.management java.security.sasl java.naming java.rmi java.management.rmi java.net.http java.scripting java.security.jgss java.transaction.xa java.sql java.sql.rowset java.xml.crypto java.se java.smartcardio jdk.accessibility jdk.internal.jvmstat jdk.attach jdk.charsets jdk.internal.opt jdk.zipfs jdk.compiler jdk.crypto.cryptoki jdk.crypto.ec jdk.crypto.mscapi jdk.dynalink jdk.internal.ed jdk.editpad jdk.internal.vm.ci jdk.graal.compiler jdk.graal.compiler.management jdk.hotspot.agent jdk.httpserver jdk.incubator.vector jdk.internal.le jdk.internal.md jdk.jartool jdk.javadoc jdk.jcmd jdk.management jdk.management.agent jdk.jconsole jdk.jdeps jdk.jdwp.agent jdk.jdi jdk.jfr jdk.jlink jdk.jpackage jdk.jshell jdk.jsobject jdk.jstatd jdk.localedata jdk.management.jfr jdk.naming.dns jdk.naming.rmi jdk.net jdk.nio.mapmode jdk.sctp jdk.security.auth jdk.security.jgss jdk.unsupported jdk.unsupported.desktop jdk.xml.dom" 
OS_ARCH="x86_64" 
OS_NAME="Windows" 
SOURCE=".:git:6c48f4ed707b" 

Environment Variables:
PATH=C:\windows\system32;C:\windows;C:\windows\System32\Wbem;C:\windows\System32\WindowsPowerShell\v1.0\;C:\windows\System32\OpenSSH\;C:\Program Files\HP\HP One Agent;C:\Program Files\Git\cmd;C:\Users\HP\AppData\Local\Microsoft\WindowsApps;C:\Users\HP\AppData\Local\GitHubDesktop\bin
USERNAME=HP
OS=Windows_NT
PROCESSOR_IDENTIFIER=Intel64 Family 6 Model 186 Stepping 3, GenuineIntel
TMP=C:\Users\HP\AppData\Local\Temp
TEMP=C:\Users\HP\AppData\Local\Temp




Compilation memory statistics disabled.

Periodic native trim disabled

---------------  S Y S T E M  ---------------

OS:
 Windows 11 , 64 bit Build 22621 (10.0.22621.4830)
OS uptime: 0 days 7:53 hours

CPU: total 12 (initial active 12) (12 cores per cpu, 1 threads per core) family 6 model 186 stepping 3 microcode 0x4121, cx8, cmov, fxsr, mmx, 3dnowpref, sse, sse2, sse3, ssse3, sse4.1, sse4.2, popcnt, lzcnt, tsc, tscinvbit, avx, avx2, aes, erms, clmul, bmi1, bmi2, adx, sha, fma, vzeroupper, clflush, clflushopt, clwb, serialize, rdtscp, rdpid, fsrm, gfni, f16c, pku, cet_ibt, cet_ss
Processor Information for processor 0
  Max Mhz: 1700, Current Mhz: 1700, Mhz Limit: 1700
Processor Information for processor 1
  Max Mhz: 1700, Current Mhz: 1700, Mhz Limit: 1700
Processor Information for processor 2
  Max Mhz: 1700, Current Mhz: 1700, Mhz Limit: 1700
Processor Information for processor 3
  Max Mhz: 1700, Current Mhz: 1700, Mhz Limit: 1700
Processor Information for processor 4
  Max Mhz: 1700, Current Mhz: 1200, Mhz Limit: 1190
Processor Information for processor 5
  Max Mhz: 1700, Current Mhz: 1200, Mhz Limit: 1190
Processor Information for processor 6
  Max Mhz: 1700, Current Mhz: 1200, Mhz Limit: 1190
Processor Information for processor 7
  Max Mhz: 1700, Current Mhz: 1200, Mhz Limit: 1190
Processor Information for processor 8
  Max Mhz: 1700, Current Mhz: 1200, Mhz Limit: 1190
Processor Information for processor 9
  Max Mhz: 1700, Current Mhz: 1200, Mhz Limit: 1190
Processor Information for processor 10
  Max Mhz: 1700, Current Mhz: 1200, Mhz Limit: 1190
Processor Information for processor 11
  Max Mhz: 1700, Current Mhz: 1200, Mhz Limit: 1190

Memory: 4k page, system-wide physical 16027M (2473M free)
TotalPageFile size 25258M (AvailPageFile size 3867M)
current process WorkingSet (physical memory assigned to process): 760M, peak: 974M
current process commit charge ("private bytes"): 851M, peak: 1110M

vm_info: OpenJDK 64-Bit Server VM (25+36-3489) for windows-amd64 JRE (25+36-3489), built on 2025-08-12T17:19:28Z with unknown MS VC++:1943

END.
