#
# A fatal error has been detected by the Java Runtime Environment:
#
#  EXCEPTION_ACCESS_VIOLATION (0xc0000005) at pc=0x00007ffdf3c0a5d7, pid=4424, tid=19996
#
# JRE version: OpenJDK Runtime Environment (25.0+36) (build 25+36-3489)
# Java VM: OpenJDK 64-Bit Server VM (25+36-3489, mixed mode, sharing, tiered, compressed oops, compressed class ptrs, g1 gc, windows-amd64)
# Problematic frame:
# C  [glass.dll+0x2a5d7]
#
# No core dump will be written. Minidumps are not enabled by default on client versions of Windows
#
# If you would like to submit a bug report, please visit:
#   https://bugreport.java.com/bugreport/crash.jsp
#

---------------  S U M M A R Y ------------

Command Line: -javaagent:C:\Program Files\JetBrains\IntelliJ IDEA Community Edition 2025.2.3\lib\idea_rt.jar=49249 -Dfile.encoding=UTF-8 -Dsun.stdout.encoding=UTF-8 -Dsun.stderr.encoding=UTF-8 MainGame

Host: 13th Gen Intel(R) Core(TM) i7-1355U, 12 cores, 15G,  Windows 11 , 64 bit Build 22621 (10.0.22621.4830)
Time: Wed Nov  5 17:22:28 2025 SE Asia Standard Time elapsed time: 88.983084 seconds (0d 0h 1m 28s)

---------------  T H R E A D  ---------------

Current thread (0x00000233a78b41a0):  VMThread "VM Thread"          [id=19996, stack(0x0000005a90600000,0x0000005a90700000) (1024K)]

Stack: [0x0000005a90600000,0x0000005a90700000],  sp=0x0000005a906fee50,  free space=1019k
Native frames: (J=compiled Java code, j=interpreted, Vv=VM code, C=native code)
C  [glass.dll+0x2a5d7]  (no source info available)
C  [ucrtbase.dll+0x53a93]  (no source info available)
C  [ucrtbase.dll+0x2042e]  (no source info available)
C  [ucrtbase.dll+0x1dddd]  (no source info available)
C  [glass.dll+0x27b65]  (no source info available)
C  [glass.dll+0x27c81]  (no source info available)
C  [ntdll.dll+0x28b8f]  (no source info available)
C  [ntdll.dll+0x51596]  (no source info available)
C  [ntdll.dll+0x5118d]  (no source info available)
C  [KERNEL32.DLL+0x17fcb]  (no source info available)
C  [ucrtbase.dll+0x1bed8]  (no source info available)
C  [ucrtbase.dll+0x1c099]  (no source info available)
V  [jvm.dll+0x79ea1a]  (no source info available)
V  [jvm.dll+0x79eee1]  (no source info available)
V  [jvm.dll+0x79ea00]  (no source info available)
V  [jvm.dll+0x47a124]  (no source info available)
V  [jvm.dll+0x96ee71]  (no source info available)
V  [jvm.dll+0x97018d]  (no source info available)
V  [jvm.dll+0x970709]  (no source info available)
V  [jvm.dll+0x9709b3]  (no source info available)
V  [jvm.dll+0x90681d]  (no source info available)
V  [jvm.dll+0x7a5015]  (no source info available)
C  [ucrtbase.dll+0x29333]  (no source info available)
C  [KERNEL32.DLL+0x1259d]  (no source info available)
C  [ntdll.dll+0x5af38]  (no source info available)


siginfo: EXCEPTION_ACCESS_VIOLATION (0xc0000005), reading address 0x0000000000000000


Registers:
RAX=0x0000000000000000, RBX=0x00000233b9b01c5a, RCX=0x00000233a78b41a0, RDX=0x0000005a906fee50
RSP=0x0000005a906fee50, RBP=0x00000233adc18b40, RSI=0x0000005a906fef58, RDI=0x00000233adc18b20
R8 =0x0000000000010002, R9 =0x00007ffd6eb07090, R10=0x85f13e9656da4870, R11=0x0000005a906fede0
R12=0x00007ffdf3c07cc8, R13=0x00007ffd6f3c1b30, R14=0x0000e521a4ec76d9, R15=0x00000233adc18b20
RIP=0x00007ffdf3c0a5d7, EFLAGS=0x0000000000010206

XMM[0]=0x0000000000000000 0x0000000000000000
XMM[1]=0x0000000000000000 0x0000000000000000
XMM[2]=0x0000000000000000 0x0000000000000000
XMM[3]=0x0000000000000000 0x0000000000000000
XMM[4]=0x0000000000000000 0x0000000000000000
XMM[5]=0x0000000000000000 0x0000000000000000
XMM[6]=0x0000000000000000 0x0000000000000000
XMM[7]=0x0000000000000000 0x0000000000000000
XMM[8]=0x0000000000000000 0x404e000000000000
XMM[9]=0x0000000000000000 0x0000000000000000
XMM[10]=0x0000000000000000 0x0000000000000000
XMM[11]=0x0000000000000000 0x0000000000000000
XMM[12]=0x0000000000000000 0x0000000000000000
XMM[13]=0x0000000000000000 0x0000000000000000
XMM[14]=0x0000000000000000 0x0000000000000000
XMM[15]=0x0000000000000000 0x0000000000000000
  MXCSR=0x00001fa0


Register to memory mapping:

RAX=0x0 is null
RBX=0x00000233b9b01c5a is a global jni handle
RCX=0x00000233a78b41a0 points into unknown readable memory: 0x00007ffd6f1ae2a0 | a0 e2 1a 6f fd 7f 00 00
RDX=0x0000005a906fee50 points into unknown readable memory: 0x0000000000000000 | 00 00 00 00 00 00 00 00
RSP=0x0000005a906fee50 points into unknown readable memory: 0x0000000000000000 | 00 00 00 00 00 00 00 00
RBP=0x00000233adc18b40 points into unknown readable memory: 0x0000e521a4ec76d9 | d9 76 ec a4 21 e5 00 00
RSI=0x0000005a906fef58 points into unknown readable memory: 0x0000005a906fef40 | 40 ef 6f 90 5a 00 00 00
RDI=0x00000233adc18b20 points into unknown readable memory: 0x0000e521a4ec76d9 | d9 76 ec a4 21 e5 00 00
R8 =0x0000000000010002 is an unknown value
R9 =0x00007ffd6eb07090 jvm.dll
R10=0x85f13e9656da4870 is an unknown value
R11=0x0000005a906fede0 points into unknown readable memory: 0x00000233adc18b20 | 20 8b c1 ad 33 02 00 00
R12=0x00007ffdf3c07cc8 glass.dll
R13=0x00007ffd6f3c1b30 jvm.dll
R14=0x0000e521a4ec76d9 is an unknown value
R15=0x00000233adc18b20 points into unknown readable memory: 0x0000e521a4ec76d9 | d9 76 ec a4 21 e5 00 00

Top of Stack: (sp=0x0000005a906fee50)
0x0000005a906fee50:   0000000000000000 0000005a906fef58   ........X.o.Z...
0x0000005a906fee60:   00007ffd6f3c1b30 00007ffdf3c07cc8   0.<o.....|......
0x0000005a906fee70:   00000233adc18b20 00007ffe3f6a3a93    ...3....:j?....
0x0000005a906fee80:   00000233adc18b20 0000023300000000    ...3.......3...
0x0000005a906fee90:   00000233adc18b40 0000005a906fef58   @...3...X.o.Z...
0x0000005a906feea0:   fffffffffffffffe 0000000000000000   ................
0x0000005a906feeb0:   0000000000000001 00007ffdf3be0000   ................
0x0000005a906feec0:   0000005a906fef48 00007ffe3f67042e   H.o.Z.....g?....
0x0000005a906feed0:   0000000000000000 0000005a906fef58   ........X.o.Z...
0x0000005a906feee0:   0000005a906ff240 0000000000000001   @.o.Z...........
0x0000005a906feef0:   0000000000000001 00007ffe3f66dddd   ..........f?....
0x0000005a906fef00:   0000000000000000 00007ffdf3c07659   ........Yv......
0x0000005a906fef10:   00007ffdfa16c858 0000005a906fef48   X.......H.o.Z...
0x0000005a906fef20:   fffffffffffffffe 0000005a906fef10   ..........o.Z...
0x0000005a906fef30:   0000000000000000 00007ffdf3c07b65   ........e{......
0x0000005a906fef40:   00007ffdf3c20e90 00007ffd00000002   ................
0x0000005a906fef50:   00007ffd00000002 0000005a906fef40   ........@.o.Z...
0x0000005a906fef60:   0000000000000000 00007ffe421f8af3   ...........B....
0x0000005a906fef70:   0000000000000000 00007ffdf3c07c81   .........|......
0x0000005a906fef80:   0000000000000001 0000000000000001   ................
0x0000005a906fef90:   0000000000000001 0000000000000000   ................
0x0000005a906fefa0:   00007ffe3ff30000 00007ffe3ff32061   ...?....a .?....
0x0000005a906fefb0:   00007ffd00000001 00000233ba890000   ............3...
0x0000005a906fefc0:   00007ffdf3be0000 000000007ffe0384   ................
0x0000005a906fefd0:   0000000000000000 00007ffe421f8b8f   ...........B....
0x0000005a906fefe0:   00007ffdf3be0000 0000000000000000   ................
0x0000005a906feff0:   0000000000000001 000000007ffe0385   ................
0x0000005a906ff000:   0000000000000000 00007ffe422217d9   .........."B....
0x0000005a906ff010:   00007066b0f4be00 0000000000000014   ....fp..........
0x0000005a906ff020:   00007ffdf3c07cc8 0000000000000000   .|..............
0x0000005a906ff030:   0000000000000000 0000005a8fa75000   .........P..Z...
0x0000005a906ff040:   00000233ad886d10 00007ffe42221596   .m..3....."B....

Instructions: (pc=0x00007ffdf3c0a5d7)
  0x00007ffdf3c0a4d7:   8b 4d 58 e8 cd ce ff ff 48 8b 4d 60 e8 c4 ce ff
  0x00007ffdf3c0a4e7:   ff 48 8b 95 80 00 00 00 48 8b 8d 18 01 00 00 e8
  0x00007ffdf3c0a4f7:   76 c4 ff ff 33 d2 33 c9 e8 7c e0 ff ff 90 48 89
  0x00007ffdf3c0a507:   54 24 10 55 48 83 ec 20 48 8b ea 48 b8 00 00 00
  0x00007ffdf3c0a517:   00 00 00 00 00 48 83 c4 20 5d c3 cc 40 55 48 8b
  0x00007ffdf3c0a527:   ea 48 8b 01 33 c9 81 38 05 00 00 c0 0f 94 c1 8b
  0x00007ffdf3c0a537:   c1 5d c3 cc 40 55 48 83 ec 20 48 8b ea 8a 4d 40
  0x00007ffdf3c0a547:   48 83 c4 20 5d e9 a3 d2 ff ff cc 40 55 48 83 ec
  0x00007ffdf3c0a557:   20 48 8b ea 8a 4d 20 e8 91 d2 ff ff 90 48 83 c4
  0x00007ffdf3c0a567:   20 5d c3 cc 40 55 48 83 ec 20 48 8b ea 48 83 c4
  0x00007ffdf3c0a577:   20 5d e9 02 d1 ff ff cc 40 55 48 83 ec 30 48 8b
  0x00007ffdf3c0a587:   ea 48 8b 01 8b 10 48 89 4c 24 28 89 54 24 20 4c
  0x00007ffdf3c0a597:   8d 0d 1b d4 ff ff 4c 8b 45 70 8b 55 68 48 8b 4d
  0x00007ffdf3c0a5a7:   60 e8 43 d0 ff ff 90 48 83 c4 30 5d c3 cc cc cc
  0x00007ffdf3c0a5b7:   cc cc cc cc cc cc cc cc cc 40 53 48 83 ec 20 48
  0x00007ffdf3c0a5c7:   8b 1d 6b 63 01 00 48 85 db 74 19 e8 a9 89 ff ff
=>0x00007ffdf3c0a5d7:   48 8b 08 4c 8b 81 b0 00 00 00 48 8b d3 48 8b c8
  0x00007ffdf3c0a5e7:   41 ff d0 90 48 83 c4 20 5b c3 cc cc cc cc cc cc
  0x00007ffdf3c0a5f7:   cc cc cc cc cc cc cc cc cc 40 53 48 83 ec 20 48
  0x00007ffdf3c0a607:   8b 1d 9b 64 01 00 48 85 db 74 57 b8 ff ff ff ff
  0x00007ffdf3c0a617:   f0 0f c1 43 10 83 f8 01 75 3d 48 85 db 74 38 48
  0x00007ffdf3c0a627:   8b 0b 48 85 c9 74 0d ff 15 64 0c 00 00 48 c7 03
  0x00007ffdf3c0a637:   00 00 00 00 48 8b 4b 08 48 85 c9 74 0d e8 63 cd
  0x00007ffdf3c0a647:   ff ff 48 c7 43 08 00 00 00 00 ba 18 00 00 00 48
  0x00007ffdf3c0a657:   8b cb e8 4e cd ff ff 48 c7 05 3f 64 01 00 00 00
  0x00007ffdf3c0a667:   00 00 48 83 c4 20 5b c3 cc 40 53 48 83 ec 20 48
  0x00007ffdf3c0a677:   8b 1d 0b 64 01 00 48 85 db 74 57 b8 ff ff ff ff
  0x00007ffdf3c0a687:   f0 0f c1 43 10 83 f8 01 75 3d 48 85 db 74 38 48
  0x00007ffdf3c0a697:   8b 0b 48 85 c9 74 0d ff 15 f4 0b 00 00 48 c7 03
  0x00007ffdf3c0a6a7:   00 00 00 00 48 8b 4b 08 48 85 c9 74 0d e8 f3 cc
  0x00007ffdf3c0a6b7:   ff ff 48 c7 43 08 00 00 00 00 ba 18 00 00 00 48
  0x00007ffdf3c0a6c7:   8b cb e8 de cc ff ff 48 c7 05 af 63 01 00 00 00


Stack slot to memory mapping:

stack at sp + 0 slots: 0x0 is null
stack at sp + 1 slots: 0x0000005a906fef58 points into unknown readable memory: 0x0000005a906fef40 | 40 ef 6f 90 5a 00 00 00
stack at sp + 2 slots: 0x00007ffd6f3c1b30 jvm.dll
stack at sp + 3 slots: 0x00007ffdf3c07cc8 glass.dll
stack at sp + 4 slots: 0x00000233adc18b20 points into unknown readable memory: 0x0000e521a4ec76d9 | d9 76 ec a4 21 e5 00 00
stack at sp + 5 slots: 0x00007ffe3f6a3a93 ucrtbase.dll
stack at sp + 6 slots: 0x00000233adc18b20 points into unknown readable memory: 0x0000e521a4ec76d9 | d9 76 ec a4 21 e5 00 00
stack at sp + 7 slots: 0x0000023300000000 is an unknown value

VM_Operation (0x0000005a8fcff490): Exit, mode: safepoint, requested by thread 0x00000233b7a732c0


---------------  P R O C E S S  ---------------

Threads class SMR info:
_java_thread_list=0x00000233b86c1190, length=26, elements={
0x00000233a78c5d90, 0x00000233a78c66a0, 0x00000233a78ccea0, 0x00000233a78cda60,
0x00000233a78cea30, 0x00000233a78cf720, 0x00000233a78d0740, 0x00000233a78e5490,
0x00000233a7c271e0, 0x00000233a7cae510, 0x00000233a7caecd0, 0x00000233a78d2b10,
0x00000233a78d5220, 0x00000233ac5244e0, 0x00000233adcf13d0, 0x00000233adff6340,
0x00000233adff6b10, 0x00000233adffc8d0, 0x00000233b7d2a300, 0x00000233b7c87470,
0x00000233adff99f0, 0x00000233b984f7c0, 0x00000233bd835bb0, 0x00000233bd837320,
0x00000233b7a732c0, 0x00000233b7a7e670
}

Java Threads: ( => current thread )
  0x00000233a78c5d90 JavaThread "Reference Handler"          daemon [_thread_blocked, id=27156, stack(0x0000005a90700000,0x0000005a90800000) (1024K)]
  0x00000233a78c66a0 JavaThread "Finalizer"                  daemon [_thread_blocked, id=9212, stack(0x0000005a90800000,0x0000005a90900000) (1024K)]
  0x00000233a78ccea0 JavaThread "Signal Dispatcher"          daemon [_thread_blocked, id=2536, stack(0x0000005a90900000,0x0000005a90a00000) (1024K)]
  0x00000233a78cda60 JavaThread "Attach Listener"            daemon [_thread_blocked, id=23524, stack(0x0000005a90a00000,0x0000005a90b00000) (1024K)]
  0x00000233a78cea30 JavaThread "Service Thread"             daemon [_thread_blocked, id=13364, stack(0x0000005a90b00000,0x0000005a90c00000) (1024K)]
  0x00000233a78cf720 JavaThread "Monitor Deflation Thread"   daemon [_thread_blocked, id=3924, stack(0x0000005a90c00000,0x0000005a90d00000) (1024K)]
  0x00000233a78d0740 JavaThread "C2 CompilerThread0"         daemon [_thread_blocked, id=25516, stack(0x0000005a90d00000,0x0000005a90e00000) (1024K)]
  0x00000233a78e5490 JavaThread "C1 CompilerThread0"         daemon [_thread_blocked, id=15688, stack(0x0000005a90e00000,0x0000005a90f00000) (1024K)]
  0x00000233a7c271e0 JavaThread "Common-Cleaner"             daemon [_thread_blocked, id=4112, stack(0x0000005a90f00000,0x0000005a91000000) (1024K)]
  0x00000233a7cae510 JavaThread "Monitor Ctrl-Break"         daemon [_thread_in_native, id=26208, stack(0x0000005a91000000,0x0000005a91100000) (1024K)]
  0x00000233a7caecd0 JavaThread "Notification Thread"        daemon [_thread_blocked, id=14180, stack(0x0000005a91100000,0x0000005a91200000) (1024K)]
  0x00000233a78d2b10 JavaThread "Media Resource Disposer"    daemon [_thread_blocked, id=17476, stack(0x0000005a91300000,0x0000005a91400000) (1024K)]
  0x00000233a78d5220 JavaThread "Java2D Disposer"            daemon [_thread_blocked, id=29140, stack(0x0000005a91400000,0x0000005a91500000) (1024K)]
  0x00000233ac5244e0 JavaThread "InvokeLaterDispatcher"      daemon [_thread_blocked, id=14588, stack(0x0000005a91c00000,0x0000005a91d00000) (1024K)]
  0x00000233adcf13d0 JavaThread "JavaFX Application Thread"         [_thread_blocked, id=16160, stack(0x0000005a91d00000,0x0000005a91e00000) (1024K)]
  0x00000233adff6340 JavaThread "DestroyJavaVM"                     [_thread_blocked, id=14808, stack(0x0000005a8ff00000,0x0000005a90000000) (1024K)]
  0x00000233adff6b10 JavaThread "Thread-1"                   daemon [_thread_in_native, id=17468, stack(0x0000005a92400000,0x0000005a92500000) (1024K)]
  0x00000233adffc8d0 JavaThread "Prism Font Disposer"        daemon [_thread_blocked, id=12192, stack(0x0000005a92600000,0x0000005a92700000) (1024K)]
  0x00000233b7d2a300 JavaThread "JFXMedia Player EventQueueThread" daemon [_thread_blocked, id=29884, stack(0x0000005a93000000,0x0000005a93100000) (1024K)]
  0x00000233b7c87470 JavaThread "Cleaner-0"                  daemon [_thread_blocked, id=14748, stack(0x0000005a93900000,0x0000005a93a00000) (1024K)]
  0x00000233adff99f0 JavaThread "Thread-12"                  daemon [_thread_blocked, id=27904, stack(0x0000005a91200000,0x0000005a91300000) (1024K)]
  0x00000233b984f7c0 JavaThread "JFXMedia Player EventQueueThread" daemon [_thread_blocked, id=12616, stack(0x0000005a93a00000,0x0000005a93b00000) (1024K)]
  0x00000233bd835bb0 JavaThread "Timer-1"                    daemon [_thread_blocked, id=2424, stack(0x0000005a94f00000,0x0000005a95000000) (1024K)]
  0x00000233bd837320 JavaThread "JFXMedia Player EventQueueThread" daemon [_thread_blocked, id=7260, stack(0x0000005a95100000,0x0000005a95200000) (1024K)]
  0x00000233b7a732c0 JavaThread "SIGINT handler"             daemon [_thread_blocked, id=10864, stack(0x0000005a8fc00000,0x0000005a8fd00000) (1024K)]
  0x00000233b7a7e670 JavaThread "AWT-Shutdown"                      [_thread_blocked, id=552, stack(0x0000005a94d00000,0x0000005a94e00000) (1024K)]
Total: 26

Other Threads:
=>0x00000233a78b41a0 VMThread "VM Thread"                           [id=19996, stack(0x0000005a90600000,0x0000005a90700000) (1024K)]
  0x00000233880ed000 WorkerThread "GC Thread#0"                     [id=3756, stack(0x0000005a90000000,0x0000005a90100000) (1024K)]
  0x00000233ac546330 WorkerThread "GC Thread#1"                     [id=27248, stack(0x0000005a92800000,0x0000005a92900000) (1024K)]
  0x00000233b7743220 WorkerThread "GC Thread#2"                     [id=18324, stack(0x0000005a92900000,0x0000005a92a00000) (1024K)]
  0x00000233b7742dd0 WorkerThread "GC Thread#3"                     [id=632, stack(0x0000005a92a00000,0x0000005a92b00000) (1024K)]
  0x00000233b7740b50 WorkerThread "GC Thread#4"                     [id=14804, stack(0x0000005a92b00000,0x0000005a92c00000) (1024K)]
  0x00000233b773f5c0 WorkerThread "GC Thread#5"                     [id=26308, stack(0x0000005a92c00000,0x0000005a92d00000) (1024K)]
  0x00000233b77454a0 WorkerThread "GC Thread#6"                     [id=1016, stack(0x0000005a92d00000,0x0000005a92e00000) (1024K)]
  0x00000233b773ed20 WorkerThread "GC Thread#7"                     [id=4008, stack(0x0000005a92e00000,0x0000005a92f00000) (1024K)]
  0x00000233a7b3d980 WorkerThread "GC Thread#8"                     [id=8656, stack(0x0000005a95600000,0x0000005a95700000) (1024K)]
  0x0000023388106920 ConcurrentGCThread "G1 Main Marker"            terminated
  0x0000023388108470 WorkerThread "G1 Conc#0"                       [id=8264, stack(0x0000005a90200000,0x0000005a90300000) (1024K)]
  0x00000233b7741c90 WorkerThread "G1 Conc#1"                       [id=29380, stack(0x0000005a92700000,0x0000005a92800000) (1024K)]
  0x00000233b77420e0 WorkerThread "G1 Conc#2"                       [id=11816, stack(0x0000005a93c00000,0x0000005a93d00000) (1024K)]
  0x00000233a77725b0 ConcurrentGCThread "G1 Refine#0"               terminated
  0x00000233a77731c0 ConcurrentGCThread "G1 Service"                terminated
Total: 16

Threads with active compile tasks:
Total: 0

VM state: at safepoint (shutting down)

VM Mutex/Monitor currently owned by a thread:  ([mutex/lock_event])
[0x00007ffd6f3994a8] Threads_lock - owner thread: 0x00000233a78b41a0
[0x00007ffd6f399628] Heap_lock - owner thread: 0x00000233b7a732c0

Heap address: 0x0000000705800000, size: 4008 MB, Compressed Oops mode: Zero based, Oop shift amount: 3

CDS archive(s) mapped at: [0x0000000089000000-0x0000000089dd0000-0x0000000089dd0000), size 14483456, SharedBaseAddress: 0x0000000089000000, ArchiveRelocationMode: 1.
Compressed class space mapped at: 0x000000008a000000-0x00000000ca000000, reserved size: 1073741824
UseCompressedClassPointers 1, UseCompactObjectHeaders 0
Narrow klass pointer bits 32, Max shift 3
Narrow klass base: 0x0000000089000000, Narrow klass shift: 0
Encoding Range: [0x0000000089000000 - 0x0000000189000000), (4294967296 bytes)
Klass Range:    [0x0000000089010000 - 0x00000000ca000000), (1090453504 bytes)
Klass ID Range:  [65536 - 1090519033) (1090453497)
Protection zone: [0x0000000089000000 - 0x0000000089010000), (65536 bytes)

GC Precious Log:
 CardTable entry size: 512
 Card Set container configuration: InlinePtr #cards 4 size 8 Array Of Cards #cards 16 size 48 Howl #buckets 8 coarsen threshold 3686 Howl Bitmap #cards 512 size 80 coarsen threshold 460 Card regions per heap region 1 cards per card region 4096
 CPUs: 12 total, 12 available
 Memory: 16027M
 Large Page Support: Disabled
 NUMA Support: Disabled
 Compressed Oops: Enabled (Zero based)
 Heap Region Size: 2M
 Heap Min Capacity: 8M
 Heap Initial Capacity: 252M
 Heap Max Capacity: 4008M
 Pre-touch: Disabled
 Parallel Workers: 10
 Concurrent Workers: 3
 Concurrent Refinement Workers: 10
 Periodic GC: Disabled

Heap:
 garbage-first heap   total reserved 4104192K, committed 389120K, used 357927K [0x0000000705800000, 0x0000000800000000)
  region size 2048K, 65 young (133120K), 1 survivors (2048K)

Heap Regions: E=young(eden), S=young(survivor), O=old, HS=humongous(starts), HC=humongous(continues), CS=collection set, F=free, TAMS=top-at-mark-start, PB=parsable bottom
|   0|0x0000000705800000, 0x0000000705a00000, 0x0000000705a00000|100%|HS|  |TAMS 0x0000000705800000| PB 0x0000000705800000| Complete |  0
|   1|0x0000000705a00000, 0x0000000705c00000, 0x0000000705c00000|100%|HC|  |TAMS 0x0000000705a00000| PB 0x0000000705a00000| Complete |  0
|   2|0x0000000705c00000, 0x0000000705e00000, 0x0000000705e00000|100%|HS|  |TAMS 0x0000000705c00000| PB 0x0000000705c00000| Complete |  0
|   3|0x0000000705e00000, 0x0000000706000000, 0x0000000706000000|100%|HC|  |TAMS 0x0000000705e00000| PB 0x0000000705e00000| Complete |  0
|   4|0x0000000706000000, 0x0000000706200000, 0x0000000706200000|100%|HC|  |TAMS 0x0000000706000000| PB 0x0000000706000000| Complete |  0
|   5|0x0000000706200000, 0x0000000706400000, 0x0000000706400000|100%|HS|  |TAMS 0x0000000706200000| PB 0x0000000706200000| Complete |  0
|   6|0x0000000706400000, 0x0000000706600000, 0x0000000706600000|100%|HC|  |TAMS 0x0000000706400000| PB 0x0000000706400000| Complete |  0
|   7|0x0000000706600000, 0x0000000706800000, 0x0000000706800000|100%|HC|  |TAMS 0x0000000706600000| PB 0x0000000706600000| Complete |  0
|   8|0x0000000706800000, 0x0000000706a00000, 0x0000000706a00000|100%|HS|  |TAMS 0x0000000706800000| PB 0x0000000706800000| Complete |  0
|   9|0x0000000706a00000, 0x0000000706c00000, 0x0000000706c00000|100%|HC|  |TAMS 0x0000000706a00000| PB 0x0000000706a00000| Complete |  0
|  10|0x0000000706c00000, 0x0000000706e00000, 0x0000000706e00000|100%|HC|  |TAMS 0x0000000706c00000| PB 0x0000000706c00000| Complete |  0
|  11|0x0000000706e00000, 0x0000000706e00000, 0x0000000707000000|  0%| F|  |TAMS 0x0000000706e00000| PB 0x0000000706e00000| Untracked |  0
|  12|0x0000000707000000, 0x0000000707200000, 0x0000000707200000|100%|HS|  |TAMS 0x0000000707000000| PB 0x0000000707000000| Complete |  0
|  13|0x0000000707200000, 0x0000000707400000, 0x0000000707400000|100%| O|  |TAMS 0x0000000707200000| PB 0x0000000707200000| Untracked |  0
|  14|0x0000000707400000, 0x0000000707600000, 0x0000000707600000|100%| O|  |TAMS 0x0000000707400000| PB 0x0000000707400000| Untracked |  0
|  15|0x0000000707600000, 0x0000000707800000, 0x0000000707800000|100%|HS|  |TAMS 0x0000000707600000| PB 0x0000000707600000| Complete |  0
|  16|0x0000000707800000, 0x0000000707a00000, 0x0000000707a00000|100%|HS|  |TAMS 0x0000000707800000| PB 0x0000000707800000| Complete |  0
|  17|0x0000000707a00000, 0x0000000707b5a108, 0x0000000707c00000| 67%| O|  |TAMS 0x0000000707a00000| PB 0x0000000707a00000| Untracked |  0
|  18|0x0000000707c00000, 0x0000000707e00000, 0x0000000707e00000|100%|HS|  |TAMS 0x0000000707c00000| PB 0x0000000707c00000| Complete |  0
|  19|0x0000000707e00000, 0x0000000708000000, 0x0000000708000000|100%|HS|  |TAMS 0x0000000707e00000| PB 0x0000000707e00000| Complete |  0
|  20|0x0000000708000000, 0x0000000708200000, 0x0000000708200000|100%|HS|  |TAMS 0x0000000708000000| PB 0x0000000708000000| Complete |  0
|  21|0x0000000708200000, 0x0000000708400000, 0x0000000708400000|100%|HS|  |TAMS 0x0000000708200000| PB 0x0000000708200000| Complete |  0
|  22|0x0000000708400000, 0x0000000708600000, 0x0000000708600000|100%|HS|  |TAMS 0x0000000708400000| PB 0x0000000708400000| Complete |  0
|  23|0x0000000708600000, 0x0000000708800000, 0x0000000708800000|100%|HS|  |TAMS 0x0000000708600000| PB 0x0000000708600000| Complete |  0
|  24|0x0000000708800000, 0x0000000708a00000, 0x0000000708a00000|100%|HS|  |TAMS 0x0000000708800000| PB 0x0000000708800000| Complete |  0
|  25|0x0000000708a00000, 0x0000000708c00000, 0x0000000708c00000|100%|HS|  |TAMS 0x0000000708a00000| PB 0x0000000708a00000| Complete |  0
|  26|0x0000000708c00000, 0x0000000708e00000, 0x0000000708e00000|100%|HS|  |TAMS 0x0000000708c00000| PB 0x0000000708c00000| Complete |  0
|  27|0x0000000708e00000, 0x0000000709000000, 0x0000000709000000|100%|HS|  |TAMS 0x0000000708e00000| PB 0x0000000708e00000| Complete |  0
|  28|0x0000000709000000, 0x0000000709200000, 0x0000000709200000|100%|HS|  |TAMS 0x0000000709000000| PB 0x0000000709000000| Complete |  0
|  29|0x0000000709200000, 0x0000000709400000, 0x0000000709400000|100%|HS|  |TAMS 0x0000000709200000| PB 0x0000000709200000| Complete |  0
|  30|0x0000000709400000, 0x0000000709600000, 0x0000000709600000|100%|HS|  |TAMS 0x0000000709400000| PB 0x0000000709400000| Complete |  0
|  31|0x0000000709600000, 0x0000000709800000, 0x0000000709800000|100%|HS|  |TAMS 0x0000000709600000| PB 0x0000000709600000| Complete |  0
|  32|0x0000000709800000, 0x0000000709a00000, 0x0000000709a00000|100%|HS|  |TAMS 0x0000000709800000| PB 0x0000000709800000| Complete |  0
|  33|0x0000000709a00000, 0x0000000709c00000, 0x0000000709c00000|100%|HS|  |TAMS 0x0000000709a00000| PB 0x0000000709a00000| Complete |  0
|  34|0x0000000709c00000, 0x0000000709e00000, 0x0000000709e00000|100%|HS|  |TAMS 0x0000000709c00000| PB 0x0000000709c00000| Complete |  0
|  35|0x0000000709e00000, 0x000000070a000000, 0x000000070a000000|100%|HS|  |TAMS 0x0000000709e00000| PB 0x0000000709e00000| Complete |  0
|  36|0x000000070a000000, 0x000000070a200000, 0x000000070a200000|100%|HS|  |TAMS 0x000000070a000000| PB 0x000000070a000000| Complete |  0
|  37|0x000000070a200000, 0x000000070a400000, 0x000000070a400000|100%|HS|  |TAMS 0x000000070a200000| PB 0x000000070a200000| Complete |  0
|  38|0x000000070a400000, 0x000000070a600000, 0x000000070a600000|100%|HS|  |TAMS 0x000000070a400000| PB 0x000000070a400000| Complete |  0
|  39|0x000000070a600000, 0x000000070a800000, 0x000000070a800000|100%|HS|  |TAMS 0x000000070a600000| PB 0x000000070a600000| Complete |  0
|  40|0x000000070a800000, 0x000000070aa00000, 0x000000070aa00000|100%|HS|  |TAMS 0x000000070a800000| PB 0x000000070a800000| Complete |  0
|  41|0x000000070aa00000, 0x000000070ac00000, 0x000000070ac00000|100%|HS|  |TAMS 0x000000070aa00000| PB 0x000000070aa00000| Complete |  0
|  42|0x000000070ac00000, 0x000000070ae00000, 0x000000070ae00000|100%|HS|  |TAMS 0x000000070ac00000| PB 0x000000070ac00000| Complete |  0
|  43|0x000000070ae00000, 0x000000070b000000, 0x000000070b000000|100%|HS|  |TAMS 0x000000070ae00000| PB 0x000000070ae00000| Complete |  0
|  44|0x000000070b000000, 0x000000070b200000, 0x000000070b200000|100%|HS|  |TAMS 0x000000070b000000| PB 0x000000070b000000| Complete |  0
|  45|0x000000070b200000, 0x000000070b400000, 0x000000070b400000|100%|HS|  |TAMS 0x000000070b200000| PB 0x000000070b200000| Complete |  0
|  46|0x000000070b400000, 0x000000070b600000, 0x000000070b600000|100%|HS|  |TAMS 0x000000070b400000| PB 0x000000070b400000| Complete |  0
|  47|0x000000070b600000, 0x000000070b800000, 0x000000070b800000|100%|HS|  |TAMS 0x000000070b600000| PB 0x000000070b600000| Complete |  0
|  48|0x000000070b800000, 0x000000070ba00000, 0x000000070ba00000|100%|HS|  |TAMS 0x000000070b800000| PB 0x000000070b800000| Complete |  0
|  49|0x000000070ba00000, 0x000000070bc00000, 0x000000070bc00000|100%|HS|  |TAMS 0x000000070ba00000| PB 0x000000070ba00000| Complete |  0
|  50|0x000000070bc00000, 0x000000070be00000, 0x000000070be00000|100%|HS|  |TAMS 0x000000070bc00000| PB 0x000000070bc00000| Complete |  0
|  51|0x000000070be00000, 0x000000070c000000, 0x000000070c000000|100%|HS|  |TAMS 0x000000070be00000| PB 0x000000070be00000| Complete |  0
|  52|0x000000070c000000, 0x000000070c200000, 0x000000070c200000|100%|HS|  |TAMS 0x000000070c000000| PB 0x000000070c000000| Complete |  0
|  53|0x000000070c200000, 0x000000070c400000, 0x000000070c400000|100%|HS|  |TAMS 0x000000070c200000| PB 0x000000070c200000| Complete |  0
|  54|0x000000070c400000, 0x000000070c600000, 0x000000070c600000|100%|HS|  |TAMS 0x000000070c400000| PB 0x000000070c400000| Complete |  0
|  55|0x000000070c600000, 0x000000070c800000, 0x000000070c800000|100%| O|  |TAMS 0x000000070c600000| PB 0x000000070c600000| Untracked |  0
|  56|0x000000070c800000, 0x000000070ca00000, 0x000000070ca00000|100%| O|  |TAMS 0x000000070c800000| PB 0x000000070c800000| Untracked |  0
|  57|0x000000070ca00000, 0x000000070cc00000, 0x000000070cc00000|100%| O|  |TAMS 0x000000070ca00000| PB 0x000000070ca00000| Untracked |  0
|  58|0x000000070cc00000, 0x000000070ce00000, 0x000000070ce00000|100%|HS|  |TAMS 0x000000070cc00000| PB 0x000000070cc00000| Complete |  0
|  59|0x000000070ce00000, 0x000000070d000000, 0x000000070d000000|100%|HS|  |TAMS 0x000000070ce00000| PB 0x000000070ce00000| Complete |  0
|  60|0x000000070d000000, 0x000000070d200000, 0x000000070d200000|100%|HS|  |TAMS 0x000000070d000000| PB 0x000000070d000000| Complete |  0
|  61|0x000000070d200000, 0x000000070d400000, 0x000000070d400000|100%|HS|  |TAMS 0x000000070d200000| PB 0x000000070d200000| Complete |  0
|  62|0x000000070d400000, 0x000000070d600000, 0x000000070d600000|100%|HS|  |TAMS 0x000000070d400000| PB 0x000000070d400000| Complete |  0
|  63|0x000000070d600000, 0x000000070d800000, 0x000000070d800000|100%|HS|  |TAMS 0x000000070d600000| PB 0x000000070d600000| Complete |  0
|  64|0x000000070d800000, 0x000000070da00000, 0x000000070da00000|100%|HS|  |TAMS 0x000000070d800000| PB 0x000000070d800000| Complete |  0
|  65|0x000000070da00000, 0x000000070dc00000, 0x000000070dc00000|100%|HS|  |TAMS 0x000000070da00000| PB 0x000000070da00000| Complete |  0
|  66|0x000000070dc00000, 0x000000070de00000, 0x000000070de00000|100%|HS|  |TAMS 0x000000070dc00000| PB 0x000000070dc00000| Complete |  0
|  67|0x000000070de00000, 0x000000070e000000, 0x000000070e000000|100%|HS|  |TAMS 0x000000070de00000| PB 0x000000070de00000| Complete |  0
|  68|0x000000070e000000, 0x000000070e200000, 0x000000070e200000|100%|HS|  |TAMS 0x000000070e000000| PB 0x000000070e000000| Complete |  0
|  69|0x000000070e200000, 0x000000070e400000, 0x000000070e400000|100%|HS|  |TAMS 0x000000070e200000| PB 0x000000070e200000| Complete |  0
|  70|0x000000070e400000, 0x000000070e600000, 0x000000070e600000|100%|HS|  |TAMS 0x000000070e400000| PB 0x000000070e400000| Complete |  0
|  71|0x000000070e600000, 0x000000070e800000, 0x000000070e800000|100%|HS|  |TAMS 0x000000070e600000| PB 0x000000070e600000| Complete |  0
|  72|0x000000070e800000, 0x000000070ea00000, 0x000000070ea00000|100%|HS|  |TAMS 0x000000070e800000| PB 0x000000070e800000| Complete |  0
|  73|0x000000070ea00000, 0x000000070ec00000, 0x000000070ec00000|100%|HS|  |TAMS 0x000000070ea00000| PB 0x000000070ea00000| Complete |  0
|  74|0x000000070ec00000, 0x000000070ee00000, 0x000000070ee00000|100%|HS|  |TAMS 0x000000070ec00000| PB 0x000000070ec00000| Complete |  0
|  75|0x000000070ee00000, 0x000000070f000000, 0x000000070f000000|100%|HS|  |TAMS 0x000000070ee00000| PB 0x000000070ee00000| Complete |  0
|  76|0x000000070f000000, 0x000000070f200000, 0x000000070f200000|100%|HS|  |TAMS 0x000000070f000000| PB 0x000000070f000000| Complete |  0
|  77|0x000000070f200000, 0x000000070f400000, 0x000000070f400000|100%|HS|  |TAMS 0x000000070f200000| PB 0x000000070f200000| Complete |  0
|  78|0x000000070f400000, 0x000000070f600000, 0x000000070f600000|100%|HS|  |TAMS 0x000000070f400000| PB 0x000000070f400000| Complete |  0
|  79|0x000000070f600000, 0x000000070f800000, 0x000000070f800000|100%|HS|  |TAMS 0x000000070f600000| PB 0x000000070f600000| Complete |  0
|  80|0x000000070f800000, 0x000000070fa00000, 0x000000070fa00000|100%|HS|  |TAMS 0x000000070f800000| PB 0x000000070f800000| Complete |  0
|  81|0x000000070fa00000, 0x000000070fc00000, 0x000000070fc00000|100%|HS|  |TAMS 0x000000070fa00000| PB 0x000000070fa00000| Complete |  0
|  82|0x000000070fc00000, 0x000000070fe00000, 0x000000070fe00000|100%|HS|  |TAMS 0x000000070fc00000| PB 0x000000070fc00000| Complete |  0
|  83|0x000000070fe00000, 0x0000000710000000, 0x0000000710000000|100%|HS|  |TAMS 0x000000070fe00000| PB 0x000000070fe00000| Complete |  0
|  84|0x0000000710000000, 0x0000000710200000, 0x0000000710200000|100%|HS|  |TAMS 0x0000000710000000| PB 0x0000000710000000| Complete |  0
|  85|0x0000000710200000, 0x0000000710400000, 0x0000000710400000|100%|HS|  |TAMS 0x0000000710200000| PB 0x0000000710200000| Complete |  0
|  86|0x0000000710400000, 0x0000000710600000, 0x0000000710600000|100%|HS|  |TAMS 0x0000000710400000| PB 0x0000000710400000| Complete |  0
|  87|0x0000000710600000, 0x0000000710800000, 0x0000000710800000|100%|HS|  |TAMS 0x0000000710600000| PB 0x0000000710600000| Complete |  0
|  88|0x0000000710800000, 0x0000000710a00000, 0x0000000710a00000|100%|HS|  |TAMS 0x0000000710800000| PB 0x0000000710800000| Complete |  0
|  89|0x0000000710a00000, 0x0000000710c00000, 0x0000000710c00000|100%|HS|  |TAMS 0x0000000710a00000| PB 0x0000000710a00000| Complete |  0
|  90|0x0000000710c00000, 0x0000000710e00000, 0x0000000710e00000|100%|HS|  |TAMS 0x0000000710c00000| PB 0x0000000710c00000| Complete |  0
|  91|0x0000000710e00000, 0x0000000711000000, 0x0000000711000000|100%|HS|  |TAMS 0x0000000710e00000| PB 0x0000000710e00000| Complete |  0
|  92|0x0000000711000000, 0x0000000711200000, 0x0000000711200000|100%|HS|  |TAMS 0x0000000711000000| PB 0x0000000711000000| Complete |  0
|  93|0x0000000711200000, 0x0000000711400000, 0x0000000711400000|100%|HS|  |TAMS 0x0000000711200000| PB 0x0000000711200000| Complete |  0
|  94|0x0000000711400000, 0x0000000711600000, 0x0000000711600000|100%|HS|  |TAMS 0x0000000711400000| PB 0x0000000711400000| Complete |  0
|  95|0x0000000711600000, 0x0000000711800000, 0x0000000711800000|100%|HS|  |TAMS 0x0000000711600000| PB 0x0000000711600000| Complete |  0
|  96|0x0000000711800000, 0x0000000711a00000, 0x0000000711a00000|100%|HS|  |TAMS 0x0000000711800000| PB 0x0000000711800000| Complete |  0
|  97|0x0000000711a00000, 0x0000000711c00000, 0x0000000711c00000|100%|HS|  |TAMS 0x0000000711a00000| PB 0x0000000711a00000| Complete |  0
|  98|0x0000000711c00000, 0x0000000711e00000, 0x0000000711e00000|100%|HS|  |TAMS 0x0000000711c00000| PB 0x0000000711c00000| Complete |  0
|  99|0x0000000711e00000, 0x0000000712000000, 0x0000000712000000|100%|HS|  |TAMS 0x0000000711e00000| PB 0x0000000711e00000| Complete |  0
| 100|0x0000000712000000, 0x0000000712200000, 0x0000000712200000|100%|HS|  |TAMS 0x0000000712000000| PB 0x0000000712000000| Complete |  0
| 101|0x0000000712200000, 0x0000000712400000, 0x0000000712400000|100%| O|  |TAMS 0x0000000712200000| PB 0x0000000712200000| Untracked |  0
| 102|0x0000000712400000, 0x0000000712600000, 0x0000000712600000|100%| O|  |TAMS 0x0000000712400000| PB 0x0000000712400000| Untracked |  0
| 103|0x0000000712600000, 0x0000000712600000, 0x0000000712800000|  0%| F|  |TAMS 0x0000000712600000| PB 0x0000000712600000| Untracked |  0
| 104|0x0000000712800000, 0x0000000712a00000, 0x0000000712a00000|100%| O|  |TAMS 0x0000000712800000| PB 0x0000000712800000| Untracked |  0
| 105|0x0000000712a00000, 0x0000000712c00000, 0x0000000712c00000|100%| O|  |TAMS 0x0000000712a00000| PB 0x0000000712a00000| Untracked |  0
| 106|0x0000000712c00000, 0x0000000712e00000, 0x0000000712e00000|100%| O|  |TAMS 0x0000000712c00000| PB 0x0000000712c00000| Untracked |  0
| 107|0x0000000712e00000, 0x0000000713000000, 0x0000000713000000|100%| O|  |TAMS 0x0000000712e00000| PB 0x0000000712e00000| Untracked |  0
| 108|0x0000000713000000, 0x0000000713000000, 0x0000000713200000|  0%| F|  |TAMS 0x0000000713000000| PB 0x0000000713000000| Untracked |  0
| 109|0x0000000713200000, 0x0000000713200000, 0x0000000713400000|  0%| F|  |TAMS 0x0000000713200000| PB 0x0000000713200000| Untracked |  0
| 110|0x0000000713400000, 0x0000000713400000, 0x0000000713600000|  0%| F|  |TAMS 0x0000000713400000| PB 0x0000000713400000| Untracked |  0
| 111|0x0000000713600000, 0x0000000713600000, 0x0000000713800000|  0%| F|  |TAMS 0x0000000713600000| PB 0x0000000713600000| Untracked |  0
| 112|0x0000000713800000, 0x0000000713800000, 0x0000000713a00000|  0%| F|  |TAMS 0x0000000713800000| PB 0x0000000713800000| Untracked |  0
| 113|0x0000000713a00000, 0x0000000713a00000, 0x0000000713c00000|  0%| F|  |TAMS 0x0000000713a00000| PB 0x0000000713a00000| Untracked |  0
| 114|0x0000000713c00000, 0x0000000713c00000, 0x0000000713e00000|  0%| F|  |TAMS 0x0000000713c00000| PB 0x0000000713c00000| Untracked |  0
| 115|0x0000000713e00000, 0x0000000713e00000, 0x0000000714000000|  0%| F|  |TAMS 0x0000000713e00000| PB 0x0000000713e00000| Untracked |  0
| 116|0x0000000714000000, 0x000000071402fe30, 0x0000000714200000|  9%| S|CS|TAMS 0x0000000714000000| PB 0x0000000714000000| Complete |  0
| 117|0x0000000714200000, 0x0000000714200000, 0x0000000714400000|  0%| F|  |TAMS 0x0000000714200000| PB 0x0000000714200000| Untracked |  0
| 118|0x0000000714400000, 0x0000000714400000, 0x0000000714600000|  0%| F|  |TAMS 0x0000000714400000| PB 0x0000000714400000| Untracked |  0
| 119|0x0000000714600000, 0x0000000714600000, 0x0000000714800000|  0%| F|  |TAMS 0x0000000714600000| PB 0x0000000714600000| Untracked |  0
| 120|0x0000000714800000, 0x00000007148014c8, 0x0000000714a00000|  0%| E|  |TAMS 0x0000000714800000| PB 0x0000000714800000| Complete |  0
| 121|0x0000000714a00000, 0x0000000714c00000, 0x0000000714c00000|100%| E|CS|TAMS 0x0000000714a00000| PB 0x0000000714a00000| Complete |  0
| 122|0x0000000714c00000, 0x0000000714e00000, 0x0000000714e00000|100%| E|CS|TAMS 0x0000000714c00000| PB 0x0000000714c00000| Complete |  0
| 123|0x0000000714e00000, 0x0000000715000000, 0x0000000715000000|100%| E|CS|TAMS 0x0000000714e00000| PB 0x0000000714e00000| Complete |  0
| 124|0x0000000715000000, 0x0000000715200000, 0x0000000715200000|100%| E|CS|TAMS 0x0000000715000000| PB 0x0000000715000000| Complete |  0
| 125|0x0000000715200000, 0x0000000715400000, 0x0000000715400000|100%| E|CS|TAMS 0x0000000715200000| PB 0x0000000715200000| Complete |  0
| 126|0x0000000715400000, 0x0000000715600000, 0x0000000715600000|100%| E|CS|TAMS 0x0000000715400000| PB 0x0000000715400000| Complete |  0
| 127|0x0000000715600000, 0x0000000715800000, 0x0000000715800000|100%| E|CS|TAMS 0x0000000715600000| PB 0x0000000715600000| Complete |  0
| 128|0x0000000715800000, 0x0000000715a00000, 0x0000000715a00000|100%| E|CS|TAMS 0x0000000715800000| PB 0x0000000715800000| Complete |  0
| 129|0x0000000715a00000, 0x0000000715c00000, 0x0000000715c00000|100%| E|CS|TAMS 0x0000000715a00000| PB 0x0000000715a00000| Complete |  0
| 130|0x0000000715c00000, 0x0000000715e00000, 0x0000000715e00000|100%| E|CS|TAMS 0x0000000715c00000| PB 0x0000000715c00000| Complete |  0
| 131|0x0000000715e00000, 0x0000000716000000, 0x0000000716000000|100%| E|CS|TAMS 0x0000000715e00000| PB 0x0000000715e00000| Complete |  0
| 132|0x0000000716000000, 0x0000000716200000, 0x0000000716200000|100%| E|CS|TAMS 0x0000000716000000| PB 0x0000000716000000| Complete |  0
| 133|0x0000000716200000, 0x0000000716400000, 0x0000000716400000|100%| E|CS|TAMS 0x0000000716200000| PB 0x0000000716200000| Complete |  0
| 134|0x0000000716400000, 0x0000000716600000, 0x0000000716600000|100%| E|CS|TAMS 0x0000000716400000| PB 0x0000000716400000| Complete |  0
| 135|0x0000000716600000, 0x0000000716800000, 0x0000000716800000|100%| E|CS|TAMS 0x0000000716600000| PB 0x0000000716600000| Complete |  0
| 136|0x0000000716800000, 0x0000000716a00000, 0x0000000716a00000|100%| E|CS|TAMS 0x0000000716800000| PB 0x0000000716800000| Complete |  0
| 137|0x0000000716a00000, 0x0000000716c00000, 0x0000000716c00000|100%| E|CS|TAMS 0x0000000716a00000| PB 0x0000000716a00000| Complete |  0
| 138|0x0000000716c00000, 0x0000000716e00000, 0x0000000716e00000|100%| E|CS|TAMS 0x0000000716c00000| PB 0x0000000716c00000| Complete |  0
| 139|0x0000000716e00000, 0x0000000717000000, 0x0000000717000000|100%| E|CS|TAMS 0x0000000716e00000| PB 0x0000000716e00000| Complete |  0
| 140|0x0000000717000000, 0x0000000717200000, 0x0000000717200000|100%| E|CS|TAMS 0x0000000717000000| PB 0x0000000717000000| Complete |  0
| 141|0x0000000717200000, 0x0000000717400000, 0x0000000717400000|100%| E|CS|TAMS 0x0000000717200000| PB 0x0000000717200000| Complete |  0
| 142|0x0000000717400000, 0x0000000717600000, 0x0000000717600000|100%| E|CS|TAMS 0x0000000717400000| PB 0x0000000717400000| Complete |  0
| 143|0x0000000717600000, 0x0000000717800000, 0x0000000717800000|100%| E|CS|TAMS 0x0000000717600000| PB 0x0000000717600000| Complete |  0
| 144|0x0000000717800000, 0x0000000717a00000, 0x0000000717a00000|100%| E|CS|TAMS 0x0000000717800000| PB 0x0000000717800000| Complete |  0
| 145|0x0000000717a00000, 0x0000000717c00000, 0x0000000717c00000|100%| E|CS|TAMS 0x0000000717a00000| PB 0x0000000717a00000| Complete |  0
| 146|0x0000000717c00000, 0x0000000717e00000, 0x0000000717e00000|100%| E|CS|TAMS 0x0000000717c00000| PB 0x0000000717c00000| Complete |  0
| 147|0x0000000717e00000, 0x0000000718000000, 0x0000000718000000|100%| E|CS|TAMS 0x0000000717e00000| PB 0x0000000717e00000| Complete |  0
| 148|0x0000000718000000, 0x0000000718200000, 0x0000000718200000|100%| E|CS|TAMS 0x0000000718000000| PB 0x0000000718000000| Complete |  0
| 149|0x0000000718200000, 0x0000000718400000, 0x0000000718400000|100%| E|CS|TAMS 0x0000000718200000| PB 0x0000000718200000| Complete |  0
| 150|0x0000000718400000, 0x0000000718600000, 0x0000000718600000|100%| E|CS|TAMS 0x0000000718400000| PB 0x0000000718400000| Complete |  0
| 151|0x0000000718600000, 0x0000000718800000, 0x0000000718800000|100%| E|CS|TAMS 0x0000000718600000| PB 0x0000000718600000| Complete |  0
| 152|0x0000000718800000, 0x0000000718a00000, 0x0000000718a00000|100%| E|CS|TAMS 0x0000000718800000| PB 0x0000000718800000| Complete |  0
| 153|0x0000000718a00000, 0x0000000718c00000, 0x0000000718c00000|100%| E|CS|TAMS 0x0000000718a00000| PB 0x0000000718a00000| Complete |  0
| 154|0x0000000718c00000, 0x0000000718e00000, 0x0000000718e00000|100%| E|CS|TAMS 0x0000000718c00000| PB 0x0000000718c00000| Complete |  0
| 155|0x0000000718e00000, 0x0000000719000000, 0x0000000719000000|100%| E|CS|TAMS 0x0000000718e00000| PB 0x0000000718e00000| Complete |  0
| 156|0x0000000719000000, 0x0000000719200000, 0x0000000719200000|100%| E|CS|TAMS 0x0000000719000000| PB 0x0000000719000000| Complete |  0
| 157|0x0000000719200000, 0x0000000719400000, 0x0000000719400000|100%| E|CS|TAMS 0x0000000719200000| PB 0x0000000719200000| Complete |  0
| 158|0x0000000719400000, 0x0000000719600000, 0x0000000719600000|100%| E|CS|TAMS 0x0000000719400000| PB 0x0000000719400000| Complete |  0
| 159|0x0000000719600000, 0x0000000719800000, 0x0000000719800000|100%| E|CS|TAMS 0x0000000719600000| PB 0x0000000719600000| Complete |  0
| 160|0x0000000719800000, 0x0000000719a00000, 0x0000000719a00000|100%| E|CS|TAMS 0x0000000719800000| PB 0x0000000719800000| Complete |  0
| 161|0x0000000719a00000, 0x0000000719c00000, 0x0000000719c00000|100%| E|CS|TAMS 0x0000000719a00000| PB 0x0000000719a00000| Complete |  0
| 162|0x0000000719c00000, 0x0000000719e00000, 0x0000000719e00000|100%| E|CS|TAMS 0x0000000719c00000| PB 0x0000000719c00000| Complete |  0
| 163|0x0000000719e00000, 0x000000071a000000, 0x000000071a000000|100%| E|CS|TAMS 0x0000000719e00000| PB 0x0000000719e00000| Complete |  0
| 164|0x000000071a000000, 0x000000071a200000, 0x000000071a200000|100%| E|CS|TAMS 0x000000071a000000| PB 0x000000071a000000| Complete |  0
| 165|0x000000071a200000, 0x000000071a400000, 0x000000071a400000|100%| E|CS|TAMS 0x000000071a200000| PB 0x000000071a200000| Complete |  0
| 166|0x000000071a400000, 0x000000071a600000, 0x000000071a600000|100%| E|CS|TAMS 0x000000071a400000| PB 0x000000071a400000| Complete |  0
| 167|0x000000071a600000, 0x000000071a800000, 0x000000071a800000|100%| E|CS|TAMS 0x000000071a600000| PB 0x000000071a600000| Complete |  0
| 168|0x000000071a800000, 0x000000071aa00000, 0x000000071aa00000|100%| E|CS|TAMS 0x000000071a800000| PB 0x000000071a800000| Complete |  0
| 169|0x000000071aa00000, 0x000000071ac00000, 0x000000071ac00000|100%| E|CS|TAMS 0x000000071aa00000| PB 0x000000071aa00000| Complete |  0
| 170|0x000000071ac00000, 0x000000071ae00000, 0x000000071ae00000|100%| E|CS|TAMS 0x000000071ac00000| PB 0x000000071ac00000| Complete |  0
| 171|0x000000071ae00000, 0x000000071b000000, 0x000000071b000000|100%| E|CS|TAMS 0x000000071ae00000| PB 0x000000071ae00000| Complete |  0
| 172|0x000000071b000000, 0x000000071b200000, 0x000000071b200000|100%| E|CS|TAMS 0x000000071b000000| PB 0x000000071b000000| Complete |  0
| 173|0x000000071b200000, 0x000000071b400000, 0x000000071b400000|100%| E|CS|TAMS 0x000000071b200000| PB 0x000000071b200000| Complete |  0
| 174|0x000000071b400000, 0x000000071b600000, 0x000000071b600000|100%| E|CS|TAMS 0x000000071b400000| PB 0x000000071b400000| Complete |  0
| 175|0x000000071b600000, 0x000000071b800000, 0x000000071b800000|100%| E|CS|TAMS 0x000000071b600000| PB 0x000000071b600000| Complete |  0
| 176|0x000000071b800000, 0x000000071ba00000, 0x000000071ba00000|100%| E|CS|TAMS 0x000000071b800000| PB 0x000000071b800000| Complete |  0
| 177|0x000000071ba00000, 0x000000071bc00000, 0x000000071bc00000|100%| E|CS|TAMS 0x000000071ba00000| PB 0x000000071ba00000| Complete |  0
| 178|0x000000071bc00000, 0x000000071be00000, 0x000000071be00000|100%| E|CS|TAMS 0x000000071bc00000| PB 0x000000071bc00000| Complete |  0
| 179|0x000000071be00000, 0x000000071c000000, 0x000000071c000000|100%| E|CS|TAMS 0x000000071be00000| PB 0x000000071be00000| Complete |  0
| 180|0x000000071c000000, 0x000000071c200000, 0x000000071c200000|100%| E|CS|TAMS 0x000000071c000000| PB 0x000000071c000000| Complete |  0
| 181|0x000000071c200000, 0x000000071c400000, 0x000000071c400000|100%| E|CS|TAMS 0x000000071c200000| PB 0x000000071c200000| Complete |  0
| 182|0x000000071c400000, 0x000000071c600000, 0x000000071c600000|100%| E|CS|TAMS 0x000000071c400000| PB 0x000000071c400000| Complete |  0
|1997|0x00000007ff200000, 0x00000007ff400000, 0x00000007ff400000|100%| O|  |TAMS 0x00000007ff200000| PB 0x00000007ff200000| Untracked |  0
|1998|0x00000007ff400000, 0x00000007ff600000, 0x00000007ff600000|100%| O|  |TAMS 0x00000007ff400000| PB 0x00000007ff400000| Untracked |  0
|1999|0x00000007ff600000, 0x00000007ff800000, 0x00000007ff800000|100%| O|  |TAMS 0x00000007ff600000| PB 0x00000007ff600000| Untracked |  0
|2000|0x00000007ff800000, 0x00000007ffa00000, 0x00000007ffa00000|100%| O|  |TAMS 0x00000007ff800000| PB 0x00000007ff800000| Untracked |  0
|2001|0x00000007ffa00000, 0x00000007ffc00000, 0x00000007ffc00000|100%| O|  |TAMS 0x00000007ffa00000| PB 0x00000007ffa00000| Untracked |  0
|2002|0x00000007ffc00000, 0x00000007ffe00000, 0x00000007ffe00000|100%| O|  |TAMS 0x00000007ffc00000| PB 0x00000007ffc00000| Untracked |  0
|2003|0x00000007ffe00000, 0x0000000800000000, 0x0000000800000000|100%| E|CS|TAMS 0x00000007ffe00000| PB 0x00000007ffe00000| Complete |  0

Card table byte_map: [0x00000233a0740000,0x00000233a0f20000] _byte_map_base: 0x000002339cf14000

Marking Bits: (CMBitMap*) 0x00000233880ed690
 Bits: [0x00000233a0f20000, 0x00000233a4dc0000)

Polling page: 0x0000023385f60000

Metaspace:
Metaspace        used 19201K, committed 19520K, reserved 1114112K
 class space     used 2105K, committed 2240K, reserved 1048576K

Usage:
  Non-class:     16.70 MB used.
      Class:      2.06 MB used.
       Both:     18.75 MB used.

Virtual space:
  Non-class space:       64.00 MB reserved,      16.88 MB ( 26%) committed,  1 nodes.
      Class space:        1.00 GB reserved,       2.19 MB ( <1%) committed,  1 nodes.
             Both:        1.06 GB reserved,      19.06 MB (  2%) committed. 

Chunk freelists:
   Non-Class:  14.73 MB
       Class:  13.86 MB
        Both:  28.59 MB

MaxMetaspaceSize: unlimited
CompressedClassSpaceSize: 1.00 GB
Initial GC threshold: 21.00 MB
Current GC threshold: 31.56 MB
CDS: on
 - commit_granule_bytes: 65536.
 - commit_granule_words: 8192.
 - virtual_space_node_default_size: 8388608.
 - enlarge_chunks_in_place: 1.
UseCompressedClassPointers 1, UseCompactObjectHeaders 0
Narrow klass pointer bits 32, Max shift 3
Narrow klass base: 0x0000000089000000, Narrow klass shift: 0
Encoding Range: [0x0000000089000000 - 0x0000000189000000), (4294967296 bytes)
Klass Range:    [0x0000000089010000 - 0x00000000ca000000), (1090453504 bytes)
Klass ID Range:  [65536 - 1090519033) (1090453497)
Protection zone: [0x0000000089000000 - 0x0000000089010000), (65536 bytes)


Internal statistics:

num_allocs_failed_limit: 0.
num_arena_births: 180.
num_arena_deaths: 0.
num_vsnodes_births: 2.
num_vsnodes_deaths: 0.
num_space_committed: 305.
num_space_uncommitted: 0.
num_chunks_returned_to_freelist: 0.
num_chunks_taken_from_freelist: 734.
num_chunk_merges: 0.
num_chunk_splits: 513.
num_chunks_enlarged: 425.
num_inconsistent_stats: 0.

CodeHeap 'non-profiled nmethods': size=120064Kb used=1820Kb max_used=1820Kb free=118243Kb
 bounds [0x00000233983c0000, 0x0000023398630000, 0x000002339f900000]
CodeHeap 'profiled nmethods': size=120000Kb used=7289Kb max_used=7323Kb free=112711Kb
 bounds [0x0000023390900000, 0x0000023391030000, 0x0000023397e30000]
CodeHeap 'non-nmethods': size=5696Kb used=1800Kb max_used=1931Kb free=3896Kb
 bounds [0x0000023397e30000, 0x00000233980a0000, 0x00000233983c0000]
CodeCache: size=245760Kb, used=10909Kb, max_used=11074Kb, free=234850Kb
 total_blobs=5471, nmethods=4548, adapters=824, full_count=0
Compilation: enabled, stopped_count=0, restarted_count=0

Compilation events (20 events):
Event: 34.309 Thread 0x00000233a78e5490 5346       3       jdk.internal.classfile.impl.DirectClassBuilder::buildInterfaceEnties (46 bytes)
Event: 34.310 Thread 0x00000233a78e5490 nmethod 5346 0x0000023391026208 code [0x0000023391026300, 0x0000023391026ef0]
Event: 35.743 Thread 0x00000233a78d0740 5347       4       java.nio.MappedByteBuffer::rewind (5 bytes)
Event: 35.743 Thread 0x00000233a78d0740 nmethod 5347 0x0000023398585188 code [0x0000023398585280, 0x0000023398585300]
Event: 38.187 Thread 0x00000233a78d0740 5348       4       java.util.TaskQueue::getMin (7 bytes)
Event: 38.188 Thread 0x00000233a78d0740 nmethod 5348 0x000002339854b288 code [0x000002339854b380, 0x000002339854b438]
Event: 38.275 Thread 0x00000233a78e5490 5349       3       java.util.HashMap$HashIterator::<init> (84 bytes)
Event: 38.275 Thread 0x00000233a78e5490 nmethod 5349 0x0000023390c0da08 code [0x0000023390c0db00, 0x0000023390c0e058]
Event: 40.408 Thread 0x00000233a78d0740 5350   !   4       java.util.concurrent.locks.AbstractQueuedSynchronizer$ConditionObject::await (180 bytes)
Event: 40.414 Thread 0x00000233a78d0740 nmethod 5350 0x0000023398585488 code [0x0000023398585580, 0x0000023398586608]
Event: 69.656 Thread 0x00000233a78d0740 5351       4       com.sun.javafx.tk.quantum.QuantumToolkit::postPulse (133 bytes)
Event: 69.671 Thread 0x00000233a78d0740 nmethod 5351 0x0000023398586688 code [0x0000023398586780, 0x0000023398587d70]
Event: 86.585 Thread 0x00000233a78d0740 5352       4       com.sun.javafx.tk.quantum.QuantumToolkit$$Lambda/0x000000008a06d430::run (8 bytes)
Event: 86.586 Thread 0x00000233a78d0740 nmethod 5352 0x00000233983fe988 code [0x00000233983fea80, 0x00000233983feb48]
Event: 88.468 Thread 0x00000233a78e5490 5353       3       java.util.Collections$3::nextElement (10 bytes)
Event: 88.468 Thread 0x00000233a78e5490 nmethod 5353 0x0000023390b42f88 code [0x0000023390b43080, 0x0000023390b43250]
Event: 88.468 Thread 0x00000233a78e5490 5354       1       java.util.logging.Logger::getName (5 bytes)
Event: 88.468 Thread 0x00000233a78e5490 nmethod 5354 0x0000023398455688 code [0x0000023398455780, 0x0000023398455848]
Event: 88.473 Thread 0x00000233a78e5490 5355       3       java.util.LinkedList$ListItr::hasNext (20 bytes)
Event: 88.473 Thread 0x00000233a78e5490 nmethod 5355 0x0000023390b55188 code [0x0000023390b55280, 0x0000023390b553e8]

GC Heap Usage History (20 events):
Event: 27.647 {heap Before GC invocations=25 (full 0):
 garbage-first heap   total reserved 4104192K, committed 389120K, used 365963K [0x0000000705800000, 0x0000000800000000)
  region size 2048K, 68 young (139264K), 1 survivors (2048K)
}
Event: 27.649 {heap After GC invocations=26 (full 0):
 garbage-first heap   total reserved 4104192K, committed 389120K, used 228942K [0x0000000705800000, 0x0000000800000000)
  region size 2048K, 1 young (2048K), 1 survivors (2048K)
}
Event: 29.955 {heap Before GC invocations=27 (full 0):
 garbage-first heap   total reserved 4104192K, committed 389120K, used 366158K [0x0000000705800000, 0x0000000800000000)
  region size 2048K, 68 young (139264K), 1 survivors (2048K)
}
Event: 29.957 {heap After GC invocations=28 (full 0):
 garbage-first heap   total reserved 4104192K, committed 389120K, used 228944K [0x0000000705800000, 0x0000000800000000)
  region size 2048K, 1 young (2048K), 1 survivors (2048K)
}
Event: 31.125 {heap Before GC invocations=28 (full 0):
 garbage-first heap   total reserved 4104192K, committed 389120K, used 366160K [0x0000000705800000, 0x0000000800000000)
  region size 2048K, 68 young (139264K), 1 survivors (2048K)
}
Event: 31.128 {heap After GC invocations=29 (full 0):
 garbage-first heap   total reserved 4104192K, committed 389120K, used 228926K [0x0000000705800000, 0x0000000800000000)
  region size 2048K, 1 young (2048K), 1 survivors (2048K)
}
Event: 32.951 {heap Before GC invocations=30 (full 0):
 garbage-first heap   total reserved 4104192K, committed 389120K, used 366142K [0x0000000705800000, 0x0000000800000000)
  region size 2048K, 68 young (139264K), 1 survivors (2048K)
}
Event: 32.953 {heap After GC invocations=31 (full 0):
 garbage-first heap   total reserved 4104192K, committed 389120K, used 228935K [0x0000000705800000, 0x0000000800000000)
  region size 2048K, 1 young (2048K), 1 survivors (2048K)
}
Event: 33.644 {heap Before GC invocations=31 (full 0):
 garbage-first heap   total reserved 4104192K, committed 389120K, used 366151K [0x0000000705800000, 0x0000000800000000)
  region size 2048K, 68 young (139264K), 1 survivors (2048K)
}
Event: 33.645 {heap After GC invocations=32 (full 0):
 garbage-first heap   total reserved 4104192K, committed 389120K, used 228942K [0x0000000705800000, 0x0000000800000000)
  region size 2048K, 1 young (2048K), 1 survivors (2048K)
}
Event: 34.507 {heap Before GC invocations=33 (full 0):
 garbage-first heap   total reserved 4104192K, committed 389120K, used 366158K [0x0000000705800000, 0x0000000800000000)
  region size 2048K, 68 young (139264K), 1 survivors (2048K)
}
Event: 34.509 {heap After GC invocations=34 (full 0):
 garbage-first heap   total reserved 4104192K, committed 389120K, used 228907K [0x0000000705800000, 0x0000000800000000)
  region size 2048K, 1 young (2048K), 1 survivors (2048K)
}
Event: 37.040 {heap Before GC invocations=34 (full 0):
 garbage-first heap   total reserved 4104192K, committed 389120K, used 366123K [0x0000000705800000, 0x0000000800000000)
  region size 2048K, 68 young (139264K), 1 survivors (2048K)
}
Event: 37.042 {heap After GC invocations=35 (full 0):
 garbage-first heap   total reserved 4104192K, committed 389120K, used 228917K [0x0000000705800000, 0x0000000800000000)
  region size 2048K, 1 young (2048K), 1 survivors (2048K)
}
Event: 38.937 {heap Before GC invocations=36 (full 0):
 garbage-first heap   total reserved 4104192K, committed 389120K, used 366133K [0x0000000705800000, 0x0000000800000000)
  region size 2048K, 68 young (139264K), 1 survivors (2048K)
}
Event: 38.939 {heap After GC invocations=37 (full 0):
 garbage-first heap   total reserved 4104192K, committed 389120K, used 228913K [0x0000000705800000, 0x0000000800000000)
  region size 2048K, 1 young (2048K), 1 survivors (2048K)
}
Event: 40.378 {heap Before GC invocations=37 (full 0):
 garbage-first heap   total reserved 4104192K, committed 389120K, used 366129K [0x0000000705800000, 0x0000000800000000)
  region size 2048K, 68 young (139264K), 1 survivors (2048K)
}
Event: 40.380 {heap After GC invocations=38 (full 0):
 garbage-first heap   total reserved 4104192K, committed 389120K, used 228913K [0x0000000705800000, 0x0000000800000000)
  region size 2048K, 1 young (2048K), 1 survivors (2048K)
}
Event: 41.476 {heap Before GC invocations=39 (full 0):
 garbage-first heap   total reserved 4104192K, committed 389120K, used 366129K [0x0000000705800000, 0x0000000800000000)
  region size 2048K, 68 young (139264K), 1 survivors (2048K)
}
Event: 41.479 {heap After GC invocations=40 (full 0):
 garbage-first heap   total reserved 4104192K, committed 389120K, used 228903K [0x0000000705800000, 0x0000000800000000)
  region size 2048K, 1 young (2048K), 1 survivors (2048K)
}

Metaspace Usage History (20 events):
Event: 27.647 {metaspace Before GC invocations=25 (full 0):
 Metaspace       used 19031K, committed 19264K, reserved 1114112K
  class space    used 2100K, committed 2240K, reserved 1048576K
}
Event: 27.649 {metaspace After GC invocations=26 (full 0):
 Metaspace       used 19031K, committed 19264K, reserved 1114112K
  class space    used 2100K, committed 2240K, reserved 1048576K
}
Event: 29.955 {metaspace Before GC invocations=27 (full 0):
 Metaspace       used 19056K, committed 19328K, reserved 1114112K
  class space    used 2100K, committed 2240K, reserved 1048576K
}
Event: 29.957 {metaspace After GC invocations=28 (full 0):
 Metaspace       used 19056K, committed 19328K, reserved 1114112K
  class space    used 2100K, committed 2240K, reserved 1048576K
}
Event: 31.125 {metaspace Before GC invocations=28 (full 0):
 Metaspace       used 19110K, committed 19392K, reserved 1114112K
  class space    used 2100K, committed 2240K, reserved 1048576K
}
Event: 31.128 {metaspace After GC invocations=29 (full 0):
 Metaspace       used 19110K, committed 19392K, reserved 1114112K
  class space    used 2100K, committed 2240K, reserved 1048576K
}
Event: 32.951 {metaspace Before GC invocations=30 (full 0):
 Metaspace       used 19137K, committed 19392K, reserved 1114112K
  class space    used 2100K, committed 2240K, reserved 1048576K
}
Event: 32.953 {metaspace After GC invocations=31 (full 0):
 Metaspace       used 19137K, committed 19392K, reserved 1114112K
  class space    used 2100K, committed 2240K, reserved 1048576K
}
Event: 33.644 {metaspace Before GC invocations=31 (full 0):
 Metaspace       used 19152K, committed 19392K, reserved 1114112K
  class space    used 2100K, committed 2240K, reserved 1048576K
}
Event: 33.645 {metaspace After GC invocations=32 (full 0):
 Metaspace       used 19152K, committed 19392K, reserved 1114112K
  class space    used 2100K, committed 2240K, reserved 1048576K
}
Event: 34.507 {metaspace Before GC invocations=33 (full 0):
 Metaspace       used 19191K, committed 19456K, reserved 1114112K
  class space    used 2103K, committed 2240K, reserved 1048576K
}
Event: 34.509 {metaspace After GC invocations=34 (full 0):
 Metaspace       used 19191K, committed 19456K, reserved 1114112K
  class space    used 2103K, committed 2240K, reserved 1048576K
}
Event: 37.040 {metaspace Before GC invocations=34 (full 0):
 Metaspace       used 19191K, committed 19456K, reserved 1114112K
  class space    used 2103K, committed 2240K, reserved 1048576K
}
Event: 37.042 {metaspace After GC invocations=35 (full 0):
 Metaspace       used 19191K, committed 19456K, reserved 1114112K
  class space    used 2103K, committed 2240K, reserved 1048576K
}
Event: 38.937 {metaspace Before GC invocations=36 (full 0):
 Metaspace       used 19191K, committed 19456K, reserved 1114112K
  class space    used 2103K, committed 2240K, reserved 1048576K
}
Event: 38.939 {metaspace After GC invocations=37 (full 0):
 Metaspace       used 19191K, committed 19456K, reserved 1114112K
  class space    used 2103K, committed 2240K, reserved 1048576K
}
Event: 40.378 {metaspace Before GC invocations=37 (full 0):
 Metaspace       used 19191K, committed 19456K, reserved 1114112K
  class space    used 2103K, committed 2240K, reserved 1048576K
}
Event: 40.380 {metaspace After GC invocations=38 (full 0):
 Metaspace       used 19191K, committed 19456K, reserved 1114112K
  class space    used 2103K, committed 2240K, reserved 1048576K
}
Event: 41.476 {metaspace Before GC invocations=39 (full 0):
 Metaspace       used 19191K, committed 19456K, reserved 1114112K
  class space    used 2103K, committed 2240K, reserved 1048576K
}
Event: 41.479 {metaspace After GC invocations=40 (full 0):
 Metaspace       used 19191K, committed 19456K, reserved 1114112K
  class space    used 2103K, committed 2240K, reserved 1048576K
}

Dll operation events (20 events):
Event: 0.362 Loaded shared library C:\Users\HP\Downloads\javafx-sdk-25\bin\api-ms-win-crt-locale-l1-1-0.dll
Event: 0.363 Loaded shared library C:\Users\HP\Downloads\javafx-sdk-25\bin\api-ms-win-crt-math-l1-1-0.dll
Event: 0.363 Loaded shared library C:\Users\HP\Downloads\javafx-sdk-25\bin\api-ms-win-crt-multibyte-l1-1-0.dll
Event: 0.364 Loaded shared library C:\Users\HP\Downloads\javafx-sdk-25\bin\api-ms-win-crt-private-l1-1-0.dll
Event: 0.365 Loaded shared library C:\Users\HP\Downloads\javafx-sdk-25\bin\api-ms-win-crt-process-l1-1-0.dll
Event: 0.366 Loaded shared library C:\Users\HP\Downloads\javafx-sdk-25\bin\api-ms-win-crt-runtime-l1-1-0.dll
Event: 0.366 Loaded shared library C:\Users\HP\Downloads\javafx-sdk-25\bin\api-ms-win-crt-stdio-l1-1-0.dll
Event: 0.367 Loaded shared library C:\Users\HP\Downloads\javafx-sdk-25\bin\api-ms-win-crt-string-l1-1-0.dll
Event: 0.368 Loaded shared library C:\Users\HP\Downloads\javafx-sdk-25\bin\api-ms-win-crt-time-l1-1-0.dll
Event: 0.369 Loaded shared library C:\Users\HP\Downloads\javafx-sdk-25\bin\api-ms-win-crt-utility-l1-1-0.dll
Event: 0.370 Loaded shared library C:\Users\HP\Downloads\javafx-sdk-25\bin\ucrtbase.dll
Event: 0.371 Loaded shared library C:\Users\HP\Downloads\javafx-sdk-25\bin\vcruntime140.dll
Event: 0.372 Loaded shared library C:\Users\HP\Downloads\javafx-sdk-25\bin\vcruntime140_1.dll
Event: 0.373 Loaded shared library C:\Users\HP\Downloads\javafx-sdk-25\bin\msvcp140.dll
Event: 0.374 Loaded shared library C:\Users\HP\Downloads\javafx-sdk-25\bin\msvcp140_1.dll
Event: 0.374 Loaded shared library C:\Users\HP\Downloads\javafx-sdk-25\bin\msvcp140_2.dll
Event: 0.395 Loaded shared library C:\Users\HP\Downloads\javafx-sdk-25\bin\prism_d3d.dll
Event: 0.463 Loaded shared library C:\Users\HP\Downloads\javafx-sdk-25\bin\glass.dll
Event: 0.636 Loaded shared library C:\Users\HP\Downloads\javafx-sdk-25\bin\javafx_font.dll
Event: 2.546 Loaded shared library C:\Users\HP\Downloads\javafx-sdk-25\bin\javafx_iio.dll

Deoptimization events (20 events):
Event: 34.265 Thread 0x00000233adcf13d0 Uncommon trap: trap_request=0xffffff45 fr.pc=0x00000233983feb5c relative=0x00000000000000dc
Event: 34.265 Thread 0x00000233adcf13d0 Uncommon trap: reason=unstable_if action=reinterpret pc=0x00000233983feb5c method=java.lang.String.getBytes([BIB)V @ 5 c2
Event: 34.265 Thread 0x00000233adcf13d0 DEOPT PACKING pc=0x00000233983feb5c sp=0x0000005a91dfbaf0
Event: 34.265 Thread 0x00000233adcf13d0 DEOPT UNPACKING pc=0x0000023397f4f882 sp=0x0000005a91dfba98 mode 2
Event: 34.265 Thread 0x00000233adcf13d0 Uncommon trap: trap_request=0xffffff45 fr.pc=0x00000233984559d0 relative=0x0000000000000250
Event: 34.265 Thread 0x00000233adcf13d0 Uncommon trap: reason=unstable_if action=reinterpret pc=0x00000233984559d0 method=java.lang.String.getChars(II[CI)V @ 24 c2
Event: 34.265 Thread 0x00000233adcf13d0 DEOPT PACKING pc=0x00000233984559d0 sp=0x0000005a91dfba80
Event: 34.265 Thread 0x00000233adcf13d0 DEOPT UNPACKING pc=0x0000023397f4f882 sp=0x0000005a91dfba40 mode 2
Event: 34.310 Thread 0x00000233adcf13d0 Uncommon trap: trap_request=0xffffff45 fr.pc=0x00000233984f5df8 relative=0x00000000000001f8
Event: 34.310 Thread 0x00000233adcf13d0 Uncommon trap: reason=unstable_if action=reinterpret pc=0x00000233984f5df8 method=java.util.HashMap$HashIterator.<init>(Ljava/util/HashMap;)V @ 50 c2
Event: 34.310 Thread 0x00000233adcf13d0 DEOPT PACKING pc=0x00000233984f5df8 sp=0x0000005a91dfb990
Event: 34.311 Thread 0x00000233adcf13d0 DEOPT UNPACKING pc=0x0000023397f4f882 sp=0x0000005a91dfb948 mode 2
Event: 88.468 Thread 0x00000233b7a79080 Uncommon trap: trap_request=0xffffffcc fr.pc=0x0000023398501010 relative=0x0000000000000390
Event: 88.468 Thread 0x00000233b7a79080 Uncommon trap: reason=intrinsic_or_type_checked_inlining action=make_not_entrant pc=0x0000023398501010 method=java.util.Arrays.copyOf([Ljava/lang/Object;ILjava/lang/Class;)[Ljava/lang/Object; @ 35 c2
Event: 88.468 Thread 0x00000233b7a79080 DEOPT PACKING pc=0x0000023398501010 sp=0x0000005a8fdfed10
Event: 88.468 Thread 0x00000233b7a79080 DEOPT UNPACKING pc=0x0000023397f4f882 sp=0x0000005a8fdfecb8 mode 2
Event: 88.545 Thread 0x00000233ac526420 Uncommon trap: trap_request=0xffffff45 fr.pc=0x000002339856dfb8 relative=0x00000000000000b8
Event: 88.545 Thread 0x00000233ac526420 Uncommon trap: reason=unstable_if action=reinterpret pc=0x000002339856dfb8 method=java.lang.Thread.exit()V @ 16 c2
Event: 88.545 Thread 0x00000233ac526420 DEOPT PACKING pc=0x000002339856dfb8 sp=0x0000005a917ff440
Event: 88.545 Thread 0x00000233ac526420 DEOPT UNPACKING pc=0x0000023397f4f882 sp=0x0000005a917ff3b8 mode 2

Classes loaded (20 events):
Event: 9.719 Loading class java/awt/geom/Rectangle2D done
Event: 9.719 Loading class java/awt/Rectangle done
Event: 9.719 Loading class java/awt/Point
Event: 9.719 Loading class java/awt/geom/Point2D
Event: 9.719 Loading class java/awt/geom/Point2D done
Event: 9.719 Loading class java/awt/Point done
Event: 9.723 Loading class jdk/internal/event/ThreadSleepEvent
Event: 9.723 Loading class jdk/internal/event/ThreadSleepEvent done
Event: 13.889 Loading class java/lang/Throwable$WrappedPrintStream
Event: 13.889 Loading class java/lang/Throwable$PrintStreamOrWriter
Event: 13.889 Loading class java/lang/Throwable$PrintStreamOrWriter done
Event: 13.889 Loading class java/lang/Throwable$WrappedPrintStream done
Event: 13.889 Loading class java/lang/StackTraceElement$HashedModules
Event: 13.889 Loading class java/lang/StackTraceElement$HashedModules done
Event: 34.261 Loading class java/util/concurrent/LinkedBlockingQueue$Itr
Event: 34.261 Loading class java/util/concurrent/LinkedBlockingQueue$Itr done
Event: 34.265 Loading class java/io/FileOutputStream$1
Event: 34.265 Loading class java/io/FileOutputStream$1 done
Event: 88.465 Loading class jdk/internal/misc/Signal$1
Event: 88.465 Loading class jdk/internal/misc/Signal$1 done

Classes unloaded (0 events):
No events

Classes redefined (0 events):
No events

Internal exceptions (20 events):
Event: 1.412 Thread 0x00000233adcf13d0 Exception <a 'java/lang/NoSuchMethodError'{0x000000071434da78}: 'java.lang.Object java.lang.invoke.DirectMethodHandle$Holder.newInvokeSpecial(java.lang.Object, java.lang.Object, int)'> (0x000000071434da78) 
thrown [s\open\src\hotspot\share\interpreter\linkResolver.cpp, line 804]
Event: 1.450 Thread 0x00000233adcf13d0 Exception <a 'java/lang/NoSuchMethodError'{0x0000000714030e60}: 'long java.lang.invoke.DirectMethodHandle$Holder.invokeStatic(java.lang.Object, java.lang.Object, java.lang.Object)'> (0x0000000714030e60) 
thrown [s\open\src\hotspot\share\interpreter\linkResolver.cpp, line 804]
Event: 1.450 Thread 0x00000233adcf13d0 Exception <a 'java/lang/NoSuchMethodError'{0x0000000714038cf8}: 'long java.lang.invoke.DirectMethodHandle$Holder.invokeStaticInit(java.lang.Object, java.lang.Object, java.lang.Object)'> (0x0000000714038cf8) 
thrown [s\open\src\hotspot\share\interpreter\linkResolver.cpp, line 804]
Event: 1.465 Thread 0x00000233adcf13d0 Exception <a 'java/lang/NoSuchMethodError'{0x00000007140ed470}: 'void java.lang.invoke.DirectMethodHandle$Holder.invokeSpecial(java.lang.Object, java.lang.Object, double)'> (0x00000007140ed470) 
thrown [s\open\src\hotspot\share\interpreter\linkResolver.cpp, line 804]
Event: 1.466 Thread 0x00000233adcf13d0 Exception <a 'java/lang/NoSuchMethodError'{0x00000007140fc628}: 'java.lang.Object java.lang.invoke.DirectMethodHandle$Holder.newInvokeSpecial(java.lang.Object, java.lang.Object, double)'> (0x00000007140fc628) 
thrown [s\open\src\hotspot\share\interpreter\linkResolver.cpp, line 804]
Event: 1.468 Thread 0x00000233ac526420 Exception <a 'java/lang/NoSuchMethodError'{0x0000000714195070}: 'int java.lang.invoke.DirectMethodHandle$Holder.invokeStaticInit(java.lang.Object, java.lang.Object)'> (0x0000000714195070) 
thrown [s\open\src\hotspot\share\interpreter\linkResolver.cpp, line 804]
Event: 1.494 Thread 0x00000233ac526420 Exception <a 'java/lang/NoSuchMethodError'{0x0000000713e30958}: 'java.lang.Object java.lang.invoke.Invokers$Holder.invokeExact_MT(java.lang.Object, java.lang.Object, java.lang.Object, java.lang.Object, java.lang.Object, java.lang.Object)'> (0x0000000713e30958) 
thrown [s\open\src\hotspot\share\interpreter\linkResolver.cpp, line 804]
Event: 1.531 Thread 0x00000233ac526420 Exception <a 'java/lang/NoSuchMethodError'{0x0000000713f919d0}: 'long java.lang.invoke.DirectMethodHandle$Holder.invokeStatic(java.lang.Object, java.lang.Object)'> (0x0000000713f919d0) 
thrown [s\open\src\hotspot\share\interpreter\linkResolver.cpp, line 804]
Event: 1.532 Thread 0x00000233ac526420 Exception <a 'java/lang/NoSuchMethodError'{0x0000000713f99cd8}: 'long java.lang.invoke.DirectMethodHandle$Holder.invokeStaticInit(java.lang.Object, java.lang.Object)'> (0x0000000713f99cd8) 
thrown [s\open\src\hotspot\share\interpreter\linkResolver.cpp, line 804]
Event: 1.532 Thread 0x00000233ac526420 Exception <a 'java/lang/NoSuchMethodError'{0x0000000713fa23f0}: 'java.lang.Object java.lang.invoke.DirectMethodHandle$Holder.invokeStatic(java.lang.Object, long, java.lang.Object)'> (0x0000000713fa23f0) 
thrown [s\open\src\hotspot\share\interpreter\linkResolver.cpp, line 804]
Event: 1.532 Thread 0x00000233ac526420 Exception <a 'java/lang/NoSuchMethodError'{0x0000000713faa7f0}: 'java.lang.Object java.lang.invoke.DirectMethodHandle$Holder.invokeStaticInit(java.lang.Object, long, java.lang.Object)'> (0x0000000713faa7f0) 
thrown [s\open\src\hotspot\share\interpreter\linkResolver.cpp, line 804]
Event: 1.532 Thread 0x00000233ac526420 Exception <a 'java/lang/NoSuchMethodError'{0x0000000713fb2d20}: 'java.lang.Object java.lang.invoke.DirectMethodHandle$Holder.invokeStaticInit(java.lang.Object, long)'> (0x0000000713fb2d20) 
thrown [s\open\src\hotspot\share\interpreter\linkResolver.cpp, line 804]
Event: 1.538 Thread 0x00000233ac526420 Exception <a 'java/lang/NoSuchMethodError'{0x0000000713c46e08}: 'long java.lang.invoke.DirectMethodHandle$Holder.invokeStaticInit(java.lang.Object, long, long, long, long)'> (0x0000000713c46e08) 
thrown [s\open\src\hotspot\share\interpreter\linkResolver.cpp, line 804]
Event: 1.538 Thread 0x00000233ac526420 Exception <a 'java/lang/NoSuchMethodError'{0x0000000713c4f7f8}: 'java.lang.Object java.lang.invoke.DirectMethodHandle$Holder.invokeInterface(java.lang.Object, java.lang.Object, long, long)'> (0x0000000713c4f7f8) 
thrown [s\open\src\hotspot\share\interpreter\linkResolver.cpp, line 804]
Event: 1.539 Thread 0x00000233ac526420 Exception <a 'java/lang/NoSuchMethodError'{0x0000000713c68100}: 'void java.lang.invoke.DirectMethodHandle$Holder.invokeStaticInit(java.lang.Object, java.lang.Object, long, java.lang.Object)'> (0x0000000713c68100) 
thrown [s\open\src\hotspot\share\interpreter\linkResolver.cpp, line 804]
Event: 1.539 Thread 0x00000233ac526420 Exception <a 'java/lang/NoSuchMethodError'{0x0000000713c70988}: 'long java.lang.invoke.DirectMethodHandle$Holder.invokeStatic(java.lang.Object, long, long)'> (0x0000000713c70988) 
thrown [s\open\src\hotspot\share\interpreter\linkResolver.cpp, line 804]
Event: 2.230 Thread 0x00000233adcf13d0 Exception <a 'java/lang/NoSuchMethodError'{0x000000071416ec68}: 'void java.lang.invoke.DirectMethodHandle$Holder.invokeVirtual(java.lang.Object, java.lang.Object)'> (0x000000071416ec68) 
thrown [s\open\src\hotspot\share\interpreter\linkResolver.cpp, line 804]
Event: 8.989 Thread 0x00000233ac526420 Implicit null exception at 0x00000233985147b3 to 0x0000023398514834
Event: 20.716 Thread 0x00000233adcf13d0 Implicit null exception at 0x0000023398546c9f to 0x0000023398546dbc
Event: 25.183 Thread 0x00000233adcf13d0 Exception <a 'java/lang/NoSuchMethodError'{0x0000000717efb440}: 'java.lang.Object java.lang.invoke.DirectMethodHandle$Holder.newInvokeSpecial(java.lang.Object, java.lang.Object, int, int, int, int, int, java.lang.Object)'> (0x0000000717efb440) 
thrown [s\open\src\hotspot\share\interpreter\linkResolver.cpp, line 804]

VM Operations (20 events):
Event: 37.042 Executing safepoint VM operation: G1CollectForAllocation (G1 Evacuation Pause) done
Event: 37.053 Executing safepoint VM operation: G1PauseRemark
Event: 37.055 Executing safepoint VM operation: G1PauseRemark done
Event: 37.059 Executing safepoint VM operation: G1PauseCleanup
Event: 37.060 Executing safepoint VM operation: G1PauseCleanup done
Event: 38.937 Executing safepoint VM operation: G1CollectForAllocation (G1 Evacuation Pause)
Event: 38.939 Executing safepoint VM operation: G1CollectForAllocation (G1 Evacuation Pause) done
Event: 40.378 Executing safepoint VM operation: G1CollectForAllocation (G1 Evacuation Pause)
Event: 40.380 Executing safepoint VM operation: G1CollectForAllocation (G1 Evacuation Pause) done
Event: 40.398 Executing safepoint VM operation: G1PauseRemark
Event: 40.401 Executing safepoint VM operation: G1PauseRemark done
Event: 40.403 Executing safepoint VM operation: G1PauseCleanup
Event: 40.403 Executing safepoint VM operation: G1PauseCleanup done
Event: 41.476 Executing safepoint VM operation: G1CollectForAllocation (G1 Evacuation Pause)
Event: 41.479 Executing safepoint VM operation: G1CollectForAllocation (G1 Evacuation Pause) done
Event: 60.196 Executing non-safepoint VM operation: HandshakeAllThreads (HandshakeForDeflation)
Event: 60.196 Executing non-safepoint VM operation: HandshakeAllThreads (HandshakeForDeflation) done
Event: 60.196 Executing non-safepoint VM operation: RendezvousGCThreads
Event: 60.196 Executing non-safepoint VM operation: RendezvousGCThreads done
Event: 88.573 Executing safepoint VM operation: Exit

Memory protections (0 events):
No events

Nmethod flushes (20 events):
Event: 37.055 Thread 0x00000233a78b41a0 flushing  nmethod 0x0000023390d79388
Event: 37.055 Thread 0x00000233a78b41a0 flushing  nmethod 0x0000023390d94108
Event: 37.055 Thread 0x00000233a78b41a0 flushing  nmethod 0x0000023390b78288
Event: 37.055 Thread 0x00000233a78b41a0 flushing  nmethod 0x0000023390c0da08
Event: 37.055 Thread 0x00000233a78b41a0 flushing  nmethod 0x0000023390c0dd88
Event: 37.055 Thread 0x00000233a78b41a0 flushing  nmethod 0x000002339854b288
Event: 37.055 Thread 0x00000233a78b41a0 flushing  nmethod 0x0000023390b55188
Event: 37.055 Thread 0x00000233a78b41a0 flushing  nmethod 0x0000023390b56288
Event: 37.055 Thread 0x00000233a78b41a0 flushing  nmethod 0x0000023390bda788
Event: 37.055 Thread 0x00000233a78b41a0 flushing  nmethod 0x0000023390c2fd08
Event: 37.055 Thread 0x00000233a78b41a0 flushing  nmethod 0x0000023390c47088
Event: 40.400 Thread 0x00000233a78b41a0 flushing  nmethod 0x0000023390906788
Event: 40.400 Thread 0x00000233a78b41a0 flushing  nmethod 0x0000023390c4ca88
Event: 40.400 Thread 0x00000233a78b41a0 flushing  nmethod 0x0000023390e13808
Event: 40.400 Thread 0x00000233a78b41a0 flushing  nmethod 0x0000023390e25808
Event: 40.400 Thread 0x00000233a78b41a0 flushing  nmethod 0x00000233983fe988
Event: 40.400 Thread 0x00000233a78b41a0 flushing  nmethod 0x00000233984f5b08
Event: 40.400 Thread 0x00000233a78b41a0 flushing  nmethod 0x0000023390c47388
Event: 40.400 Thread 0x00000233a78b41a0 flushing  nmethod 0x0000023390d5e008
Event: 40.400 Thread 0x00000233a78b41a0 flushing  nmethod 0x0000023398455688

Events (20 events):
Event: 43.700 Thread 0x00000233b7a77910 Thread exited: 0x00000233b7a77910
Event: 43.708 Thread 0x00000233b7a7a020 Thread added: 0x00000233b7a7a020
Event: 43.708 Thread 0x00000233b7a7a020 Thread exited: 0x00000233b7a7a020
Event: 43.747 Thread 0x00000233b7a79080 Thread added: 0x00000233b7a79080
Event: 43.747 Thread 0x00000233b7a79080 Thread exited: 0x00000233b7a79080
Event: 88.465 Thread 0x00000233a78ccea0 Thread added: 0x00000233b7a732c0
Event: 88.466 Thread 0x00000233b7a732c0 Thread added: 0x00000233b7a79080
Event: 88.466 Thread 0x00000233b7a732c0 Thread added: 0x00000233b7a7a020
Event: 88.466 Thread 0x00000233b7a732c0 Thread added: 0x00000233b7a7afc0
Event: 88.466 Thread 0x00000233b7a732c0 Thread added: 0x00000233b7a7b790
Event: 88.468 Thread 0x00000233b7a7afc0 Thread exited: 0x00000233b7a7afc0
Event: 88.468 Thread 0x00000233ac524cb0 Thread added: 0x00000233b7a7e670
Event: 88.469 Thread 0x00000233b7a7a020 Thread added: 0x00000233b7a7afc0
Event: 88.469 Thread 0x00000233b7a79080 Thread exited: 0x00000233b7a79080
Event: 88.471 Thread 0x00000233b7a7afc0 Thread exited: 0x00000233b7a7afc0
Event: 88.471 Thread 0x00000233b7a7a020 Thread exited: 0x00000233b7a7a020
Event: 88.488 Thread 0x00000233ac524cb0 Thread exited: 0x00000233ac524cb0
Event: 88.545 Thread 0x00000233ac526420 Thread exited: 0x00000233ac526420
Event: 88.572 Thread 0x00000233b7a7b790 Thread exited: 0x00000233b7a7b790
Event: 88.573 Thread 0x00000233b7a732c0 Before exit entered


Dynamic libraries:
0x00007ff7438f0000 - 0x00007ff7438fe000 	C:\Users\HP\.jdks\openjdk-25\bin\java.exe
0x00007ffe421d0000 - 0x00007ffe423e7000 	C:\windows\SYSTEM32\ntdll.dll
0x00007ffe1e0c0000 - 0x00007ffe1e0e0000 	C:\Program Files\Avast Software\Avast\aswhook.dll
0x00007ffe40da0000 - 0x00007ffe40e64000 	C:\windows\System32\KERNEL32.DLL
0x00007ffe3f770000 - 0x00007ffe3fb40000 	C:\windows\System32\KERNELBASE.dll
0x00007ffe3f650000 - 0x00007ffe3f761000 	C:\windows\System32\ucrtbase.dll
0x00007ffe373d0000 - 0x00007ffe373e7000 	C:\Users\HP\.jdks\openjdk-25\bin\jli.dll
0x00007ffe0cb30000 - 0x00007ffe0cb4e000 	C:\Users\HP\.jdks\openjdk-25\bin\VCRUNTIME140.dll
0x00007ffe41cd0000 - 0x00007ffe41e7e000 	C:\windows\System32\USER32.dll
0x00007ffe3fca0000 - 0x00007ffe3fcc6000 	C:\windows\System32\win32u.dll
0x00007ffe17aa0000 - 0x00007ffe17d32000 	C:\windows\WinSxS\amd64_microsoft.windows.common-controls_6595b64144ccf1df_6.0.22621.4830_none_270fe7d773858e80\COMCTL32.dll
0x00007ffe411c0000 - 0x00007ffe411e9000 	C:\windows\System32\GDI32.dll
0x00007ffe41080000 - 0x00007ffe41127000 	C:\windows\System32\msvcrt.dll
0x00007ffe3f480000 - 0x00007ffe3f59b000 	C:\windows\System32\gdi32full.dll
0x00007ffe3fb40000 - 0x00007ffe3fbda000 	C:\windows\System32\msvcp_win.dll
0x00007ffe40570000 - 0x00007ffe405a1000 	C:\windows\System32\IMM32.DLL
0x00007ffe1db30000 - 0x00007ffe1db3c000 	C:\Users\HP\.jdks\openjdk-25\bin\vcruntime140_1.dll
0x00007ffde8a80000 - 0x00007ffde8b0d000 	C:\Users\HP\.jdks\openjdk-25\bin\msvcp140.dll
0x00007ffd6e620000 - 0x00007ffd6f47f000 	C:\Users\HP\.jdks\openjdk-25\bin\server\jvm.dll
0x00007ffe41f90000 - 0x00007ffe42041000 	C:\windows\System32\ADVAPI32.dll
0x00007ffe40f50000 - 0x00007ffe40ff7000 	C:\windows\System32\sechost.dll
0x00007ffe3f620000 - 0x00007ffe3f648000 	C:\windows\System32\bcrypt.dll
0x00007ffe41b00000 - 0x00007ffe41c14000 	C:\windows\System32\RPCRT4.dll
0x00007ffe41140000 - 0x00007ffe411b1000 	C:\windows\System32\WS2_32.dll
0x00007ffe3f350000 - 0x00007ffe3f39d000 	C:\windows\SYSTEM32\POWRPROF.dll
0x00007ffe362d0000 - 0x00007ffe36304000 	C:\windows\SYSTEM32\WINMM.dll
0x00007ffe33430000 - 0x00007ffe3343a000 	C:\windows\SYSTEM32\VERSION.dll
0x00007ffe3f280000 - 0x00007ffe3f293000 	C:\windows\SYSTEM32\UMPDC.dll
0x00007ffe3e4c0000 - 0x00007ffe3e4d8000 	C:\windows\SYSTEM32\kernel.appcore.dll
0x00007ffe09350000 - 0x00007ffe0935a000 	C:\Users\HP\.jdks\openjdk-25\bin\jimage.dll
0x00007ffe3cda0000 - 0x00007ffe3cfd2000 	C:\windows\SYSTEM32\DBGHELP.DLL
0x00007ffe40180000 - 0x00007ffe40510000 	C:\windows\System32\combase.dll
0x00007ffe40e70000 - 0x00007ffe40f47000 	C:\windows\System32\OLEAUT32.dll
0x00007ffe30fd0000 - 0x00007ffe31002000 	C:\windows\SYSTEM32\dbgcore.DLL
0x00007ffe3f5a0000 - 0x00007ffe3f61b000 	C:\windows\System32\bcryptPrimitives.dll
0x00007ffe09320000 - 0x00007ffe09330000 	C:\Users\HP\.jdks\openjdk-25\bin\instrument.dll
0x00007ffe09330000 - 0x00007ffe0934f000 	C:\Users\HP\.jdks\openjdk-25\bin\java.dll
0x00007ffe40a30000 - 0x00007ffe40bd1000 	C:\windows\System32\ole32.dll
0x00007ffe41280000 - 0x00007ffe41af8000 	C:\windows\System32\SHELL32.dll
0x00007ffe3d3d0000 - 0x00007ffe3dce0000 	C:\windows\SYSTEM32\windows.storage.dll
0x00007ffe3d290000 - 0x00007ffe3d3cf000 	C:\windows\SYSTEM32\wintypes.dll
0x00007ffe41e80000 - 0x00007ffe41f8a000 	C:\windows\System32\SHCORE.dll
0x00007ffe40510000 - 0x00007ffe4056e000 	C:\windows\System32\shlwapi.dll
0x00007ffe3f3b0000 - 0x00007ffe3f3db000 	C:\windows\SYSTEM32\profapi.dll
0x00007ffe04dd0000 - 0x00007ffe04de7000 	C:\Users\HP\.jdks\openjdk-25\bin\zip.dll
0x00007ffe05a50000 - 0x00007ffe05a62000 	C:\Users\HP\.jdks\openjdk-25\bin\net.dll
0x00007ffe3e940000 - 0x00007ffe3e9aa000 	C:\windows\system32\mswsock.dll
0x00007ffe04df0000 - 0x00007ffe04e06000 	C:\Users\HP\.jdks\openjdk-25\bin\nio.dll
0x00007ffe079e0000 - 0x00007ffe079e9000 	C:\Users\HP\.jdks\openjdk-25\bin\extnet.dll
0x00007ffde46a0000 - 0x00007ffde4742000 	C:\Users\HP\Downloads\javafx-sdk-25\bin\glib-lite.dll
0x00007ffde0510000 - 0x00007ffde060d000 	C:\Users\HP\Downloads\javafx-sdk-25\bin\gstreamer-lite.dll
0x00007ffde45f0000 - 0x00007ffde4692000 	C:\windows\SYSTEM32\DSOUND.dll
0x00007ffe02c70000 - 0x00007ffe02c99000 	C:\windows\SYSTEM32\winmmbase.dll
0x00007ffde02f0000 - 0x00007ffde03a1000 	C:\windows\SYSTEM32\ResampleDmo.DLL
0x00007ffe1f4a0000 - 0x00007ffe1f4ab000 	C:\windows\SYSTEM32\msdmo.dll
0x00007ffe030c0000 - 0x00007ffe030e8000 	C:\Users\HP\Downloads\javafx-sdk-25\bin\jfxmedia.dll
0x00007ffde0160000 - 0x00007ffde02e3000 	C:\Users\HP\.jdks\openjdk-25\bin\awt.dll
0x00007ffe39300000 - 0x00007ffe39397000 	C:\windows\SYSTEM32\apphelp.dll
0x00007ffe39e10000 - 0x00007ffe39ec1000 	C:\windows\system32\uxtheme.dll
0x00007ffe40be0000 - 0x00007ffe40d3f000 	C:\windows\System32\MSCTF.dll
0x00000233a7ea0000 - 0x00000233a7ea4000 	C:\Users\HP\Downloads\javafx-sdk-25\bin\api-ms-win-core-console-l1-1-0.dll
0x00000233a7eb0000 - 0x00000233a7eb4000 	C:\Users\HP\Downloads\javafx-sdk-25\bin\api-ms-win-core-console-l1-2-0.dll
0x00000233a7ec0000 - 0x00000233a7ec4000 	C:\Users\HP\Downloads\javafx-sdk-25\bin\api-ms-win-core-datetime-l1-1-0.dll
0x00000233a7ed0000 - 0x00000233a7ed4000 	C:\Users\HP\Downloads\javafx-sdk-25\bin\api-ms-win-core-debug-l1-1-0.dll
0x00000233a7ee0000 - 0x00000233a7ee4000 	C:\Users\HP\Downloads\javafx-sdk-25\bin\api-ms-win-core-errorhandling-l1-1-0.dll
0x00000233a7ef0000 - 0x00000233a7ef5000 	C:\Users\HP\Downloads\javafx-sdk-25\bin\api-ms-win-core-file-l1-1-0.dll
0x00000233a7f00000 - 0x00000233a7f04000 	C:\Users\HP\Downloads\javafx-sdk-25\bin\api-ms-win-core-file-l1-2-0.dll
0x00000233a7f10000 - 0x00000233a7f14000 	C:\Users\HP\Downloads\javafx-sdk-25\bin\api-ms-win-core-file-l2-1-0.dll
0x00000233a7f20000 - 0x00000233a7f24000 	C:\Users\HP\Downloads\javafx-sdk-25\bin\api-ms-win-core-handle-l1-1-0.dll
0x00000233a7f30000 - 0x00000233a7f34000 	C:\Users\HP\Downloads\javafx-sdk-25\bin\api-ms-win-core-heap-l1-1-0.dll
0x00000233a7f50000 - 0x00000233a7f54000 	C:\Users\HP\Downloads\javafx-sdk-25\bin\api-ms-win-core-interlocked-l1-1-0.dll
0x00000233a7f60000 - 0x00000233a7f64000 	C:\Users\HP\Downloads\javafx-sdk-25\bin\api-ms-win-core-libraryloader-l1-1-0.dll
0x00000233a7f70000 - 0x00000233a7f74000 	C:\Users\HP\Downloads\javafx-sdk-25\bin\api-ms-win-core-localization-l1-2-0.dll
0x00000233a7f80000 - 0x00000233a7f84000 	C:\Users\HP\Downloads\javafx-sdk-25\bin\api-ms-win-core-memory-l1-1-0.dll
0x00000233a7f90000 - 0x00000233a7f94000 	C:\Users\HP\Downloads\javafx-sdk-25\bin\api-ms-win-core-namedpipe-l1-1-0.dll
0x00000233a7fa0000 - 0x00000233a7fa4000 	C:\Users\HP\Downloads\javafx-sdk-25\bin\api-ms-win-core-processenvironment-l1-1-0.dll
0x00000233a7fb0000 - 0x00000233a7fb4000 	C:\Users\HP\Downloads\javafx-sdk-25\bin\api-ms-win-core-processthreads-l1-1-0.dll
0x00000233a7fc0000 - 0x00000233a7fc4000 	C:\Users\HP\Downloads\javafx-sdk-25\bin\api-ms-win-core-processthreads-l1-1-1.dll
0x00000233a7fd0000 - 0x00000233a7fd4000 	C:\Users\HP\Downloads\javafx-sdk-25\bin\api-ms-win-core-profile-l1-1-0.dll
0x00000233a7fe0000 - 0x00000233a7fe4000 	C:\Users\HP\Downloads\javafx-sdk-25\bin\api-ms-win-core-rtlsupport-l1-1-0.dll
0x00000233a7ff0000 - 0x00000233a7ff4000 	C:\Users\HP\Downloads\javafx-sdk-25\bin\api-ms-win-core-string-l1-1-0.dll
0x00000233ac800000 - 0x00000233ac804000 	C:\Users\HP\Downloads\javafx-sdk-25\bin\api-ms-win-core-synch-l1-1-0.dll
0x00000233ac810000 - 0x00000233ac814000 	C:\Users\HP\Downloads\javafx-sdk-25\bin\api-ms-win-core-synch-l1-2-0.dll
0x00000233ac820000 - 0x00000233ac824000 	C:\Users\HP\Downloads\javafx-sdk-25\bin\api-ms-win-core-sysinfo-l1-1-0.dll
0x00000233ac830000 - 0x00000233ac834000 	C:\Users\HP\Downloads\javafx-sdk-25\bin\api-ms-win-core-timezone-l1-1-0.dll
0x00000233ac840000 - 0x00000233ac844000 	C:\Users\HP\Downloads\javafx-sdk-25\bin\api-ms-win-core-util-l1-1-0.dll
0x00000233ac850000 - 0x00000233ac854000 	C:\Users\HP\Downloads\javafx-sdk-25\bin\api-ms-win-crt-conio-l1-1-0.dll
0x00000233ac860000 - 0x00000233ac865000 	C:\Users\HP\Downloads\javafx-sdk-25\bin\api-ms-win-crt-convert-l1-1-0.dll
0x00000233ac870000 - 0x00000233ac874000 	C:\Users\HP\Downloads\javafx-sdk-25\bin\api-ms-win-crt-environment-l1-1-0.dll
0x00000233ac880000 - 0x00000233ac884000 	C:\Users\HP\Downloads\javafx-sdk-25\bin\api-ms-win-crt-filesystem-l1-1-0.dll
0x00000233ac890000 - 0x00000233ac894000 	C:\Users\HP\Downloads\javafx-sdk-25\bin\api-ms-win-crt-heap-l1-1-0.dll
0x00000233ac8a0000 - 0x00000233ac8a4000 	C:\Users\HP\Downloads\javafx-sdk-25\bin\api-ms-win-crt-locale-l1-1-0.dll
0x00000233ac8b0000 - 0x00000233ac8b6000 	C:\Users\HP\Downloads\javafx-sdk-25\bin\api-ms-win-crt-math-l1-1-0.dll
0x00000233ac8c0000 - 0x00000233ac8c6000 	C:\Users\HP\Downloads\javafx-sdk-25\bin\api-ms-win-crt-multibyte-l1-1-0.dll
0x00000233ac8d0000 - 0x00000233ac8e1000 	C:\Users\HP\Downloads\javafx-sdk-25\bin\api-ms-win-crt-private-l1-1-0.dll
0x00000233ac8f0000 - 0x00000233ac8f4000 	C:\Users\HP\Downloads\javafx-sdk-25\bin\api-ms-win-crt-process-l1-1-0.dll
0x00000233ac900000 - 0x00000233ac905000 	C:\Users\HP\Downloads\javafx-sdk-25\bin\api-ms-win-crt-runtime-l1-1-0.dll
0x00000233ac910000 - 0x00000233ac915000 	C:\Users\HP\Downloads\javafx-sdk-25\bin\api-ms-win-crt-stdio-l1-1-0.dll
0x00000233ac920000 - 0x00000233ac925000 	C:\Users\HP\Downloads\javafx-sdk-25\bin\api-ms-win-crt-string-l1-1-0.dll
0x00000233ac930000 - 0x00000233ac934000 	C:\Users\HP\Downloads\javafx-sdk-25\bin\api-ms-win-crt-time-l1-1-0.dll
0x00000233ac940000 - 0x00000233ac944000 	C:\Users\HP\Downloads\javafx-sdk-25\bin\api-ms-win-crt-utility-l1-1-0.dll
0x00007ffde0040000 - 0x00007ffde0151000 	C:\Users\HP\Downloads\javafx-sdk-25\bin\ucrtbase.dll
0x00007ffe032d0000 - 0x00007ffe032ee000 	C:\Users\HP\Downloads\javafx-sdk-25\bin\vcruntime140.dll
0x00007ffe04dc0000 - 0x00007ffe04dcc000 	C:\Users\HP\Downloads\javafx-sdk-25\bin\vcruntime140_1.dll
0x00007ffde3080000 - 0x00007ffde310d000 	C:\Users\HP\Downloads\javafx-sdk-25\bin\msvcp140.dll
0x00007ffe04400000 - 0x00007ffe04409000 	C:\Users\HP\Downloads\javafx-sdk-25\bin\msvcp140_1.dll
0x00007ffdf5660000 - 0x00007ffdf56a1000 	C:\Users\HP\Downloads\javafx-sdk-25\bin\msvcp140_2.dll
0x00007ffdf3c30000 - 0x00007ffdf3c60000 	C:\Users\HP\Downloads\javafx-sdk-25\bin\prism_d3d.dll
0x00007ffdb0cf0000 - 0x00007ffdb0e98000 	C:\windows\system32\d3d9.dll
0x00007ffe3a070000 - 0x00007ffe3a09b000 	C:\windows\SYSTEM32\dwmapi.dll
0x00007ffe39f20000 - 0x00007ffe39f57000 	C:\windows\SYSTEM32\dxcore.dll
0x00007ffe39f60000 - 0x00007ffe3a057000 	C:\windows\SYSTEM32\dxgi.dll
0x00007ffe3f0f0000 - 0x00007ffe3f13e000 	C:\windows\SYSTEM32\cfgmgr32.dll
0x00007ffe33b70000 - 0x00007ffe33cd3000 	C:\windows\SYSTEM32\drvstore.dll
0x00007ffe35780000 - 0x00007ffe357c9000 	C:\windows\SYSTEM32\directxdatabasehelper.dll
0x00007ffe36340000 - 0x00007ffe365e5000 	C:\windows\SYSTEM32\twinapi.appcore.dll
0x00007ffdf3be0000 - 0x00007ffdf3c29000 	C:\Users\HP\Downloads\javafx-sdk-25\bin\glass.dll
0x00007ffe42070000 - 0x00007ffe42172000 	C:\windows\System32\COMDLG32.dll
0x00007ffe41c20000 - 0x00007ffe41cd0000 	C:\windows\System32\clbcatq.dll
0x00007ffe1e1b0000 - 0x00007ffe1e32d000 	C:\Windows\System32\Windows.UI.dll
0x00007ffdfa090000 - 0x00007ffdfa17d000 	C:\Windows\System32\Windows.Networking.Connectivity.dll
0x00007ffe06780000 - 0x00007ffe068f5000 	C:\Windows\System32\Windows.UI.Immersive.dll
0x00007ffe33f00000 - 0x00007ffe33f18000 	C:\windows\System32\npmproxy.dll
0x00007ffe33d30000 - 0x00007ffe33d7b000 	C:\Windows\System32\CapabilityAccessManagerClient.dll
0x00007ffe35ad0000 - 0x00007ffe35b56000 	C:\windows\SYSTEM32\wlanapi.dll
0x00007ffe39590000 - 0x00007ffe395af000 	C:\windows\SYSTEM32\MobileNetworking.dll
0x00007ffe3df40000 - 0x00007ffe3df6d000 	C:\Windows\System32\IPHLPAPI.DLL
0x00007ffe3ff30000 - 0x00007ffe3ff39000 	C:\windows\System32\NSI.dll

JVMTI agents:
C:\Program Files\JetBrains\IntelliJ IDEA Community Edition 2025.2.3\lib\idea_rt.jar path:C:\Users\HP\.jdks\openjdk-25\bin\instrument.dll, loaded, initialized, instrumentlib options:49249

dbghelp: loaded successfully - version: 4.0.5 - missing functions: none
symbol engine: initialized successfully - sym options: 0x614 - pdb path: .;C:\Users\HP\.jdks\openjdk-25\bin;C:\windows\SYSTEM32;C:\Program Files\Avast Software\Avast;C:\windows\WinSxS\amd64_microsoft.windows.common-controls_6595b64144ccf1df_6.0.22621.4830_none_270fe7d773858e80;C:\Users\HP\.jdks\openjdk-25\bin\server;C:\Users\HP\Downloads\javafx-sdk-25\bin;C:\windows\System32\DriverStore\FileRepository\iigd_dch.inf_amd64_64dc54263337697d;C:\Program Files\Common Files\Microsoft Shared\Ink

VM Arguments:
jvm_args: -javaagent:C:\Program Files\JetBrains\IntelliJ IDEA Community Edition 2025.2.3\lib\idea_rt.jar=49249 -Dfile.encoding=UTF-8 -Dsun.stdout.encoding=UTF-8 -Dsun.stderr.encoding=UTF-8 
java_command: MainGame
java_class_path (initial): C:\Users\HP\Documents\GitHub\demo-repository\out\production\demo-repository;C:\Users\HP\Downloads\javafx-sdk-25\lib\javafx-swt.jar;C:\Users\HP\Downloads\javafx-sdk-25\lib\javafx.web.jar;C:\Users\HP\Downloads\javafx-sdk-25\lib\javafx.base.jar;C:\Users\HP\Downloads\javafx-sdk-25\lib\javafx.fxml.jar;C:\Users\HP\Downloads\javafx-sdk-25\lib\javafx.media.jar;C:\Users\HP\Downloads\javafx-sdk-25\lib\javafx.swing.jar;C:\Users\HP\Downloads\javafx-sdk-25\lib\jdk.jsobject.jar;C:\Users\HP\Downloads\javafx-sdk-25\lib\javafx.controls.jar;C:\Users\HP\Downloads\javafx-sdk-25\lib\javafx.graphics.jar;C:\Users\HP\Downloads\javafx-sdk-25\lib\jfx.incubator.input.jar;C:\Users\HP\Downloads\javafx-sdk-25\lib\jfx.incubator.richtext.jar
Launcher Type: SUN_STANDARD

[Global flags]
     intx CICompilerCount                          = 4                                         {product} {ergonomic}
     uint ConcGCThreads                            = 3                                         {product} {ergonomic}
     uint G1ConcRefinementThreads                  = 10                                        {product} {ergonomic}
   size_t G1HeapRegionSize                         = 2097152                                   {product} {ergonomic}
   size_t InitialHeapSize                          = 264241152                                 {product} {ergonomic}
   size_t MarkStackSize                            = 4194304                                   {product} {ergonomic}
   size_t MarkStackSizeMax                         = 536870912                                 {product} {ergonomic}
   size_t MaxHeapSize                              = 4202692608                                {product} {ergonomic}
   size_t MaxNewSize                               = 2520776704                                {product} {ergonomic}
   size_t MinHeapDeltaBytes                        = 2097152                                   {product} {ergonomic}
   size_t MinHeapSize                              = 8388608                                   {product} {ergonomic}
    uintx NonNMethodCodeHeapSize                   = 5832704                                {pd product} {ergonomic}
    uintx NonProfiledCodeHeapSize                  = 122945536                              {pd product} {ergonomic}
    uintx ProfiledCodeHeapSize                     = 122880000                              {pd product} {ergonomic}
    uintx ReservedCodeCacheSize                    = 251658240                              {pd product} {ergonomic}
     bool SegmentedCodeCache                       = true                                      {product} {ergonomic}
   size_t SoftMaxHeapSize                          = 4202692608                             {manageable} {ergonomic}
     bool UseCompressedOops                        = true                           {product lp64_product} {ergonomic}
     bool UseG1GC                                  = true                                      {product} {ergonomic}
     bool UseLargePagesIndividualAllocation        = false                                  {pd product} {ergonomic}

Logging:
Log output configuration:
 #0: stdout all=off uptime,level,tags foldmultilines=false
 #1: stderr all=off uptime,level,tags foldmultilines=false

Release file:
IMPLEMENTOR="Oracle Corporation" 
JAVA_RUNTIME_VERSION="25+36-3489" 
JAVA_VERSION="25" 
JAVA_VERSION_DATE="2025-09-16" 
LIBC="default" 
MODULES="java.base java.compiler java.datatransfer java.xml java.prefs java.desktop java.instrument java.logging java.management java.security.sasl java.naming java.rmi java.management.rmi java.net.http java.scripting java.security.jgss java.transaction.xa java.sql java.sql.rowset java.xml.crypto java.se java.smartcardio jdk.accessibility jdk.internal.jvmstat jdk.attach jdk.charsets jdk.internal.opt jdk.zipfs jdk.compiler jdk.crypto.cryptoki jdk.crypto.ec jdk.crypto.mscapi jdk.dynalink jdk.internal.ed jdk.editpad jdk.internal.vm.ci jdk.graal.compiler jdk.graal.compiler.management jdk.hotspot.agent jdk.httpserver jdk.incubator.vector jdk.internal.le jdk.internal.md jdk.jartool jdk.javadoc jdk.jcmd jdk.management jdk.management.agent jdk.jconsole jdk.jdeps jdk.jdwp.agent jdk.jdi jdk.jfr jdk.jlink jdk.jpackage jdk.jshell jdk.jsobject jdk.jstatd jdk.localedata jdk.management.jfr jdk.naming.dns jdk.naming.rmi jdk.net jdk.nio.mapmode jdk.sctp jdk.security.auth jdk.security.jgss jdk.unsupported jdk.unsupported.desktop jdk.xml.dom" 
OS_ARCH="x86_64" 
OS_NAME="Windows" 
SOURCE=".:git:6c48f4ed707b" 

Environment Variables:
PATH=C:\windows\system32;C:\windows;C:\windows\System32\Wbem;C:\windows\System32\WindowsPowerShell\v1.0\;C:\windows\System32\OpenSSH\;C:\Program Files\HP\HP One Agent;C:\Program Files\Git\cmd;C:\Users\HP\AppData\Local\Microsoft\WindowsApps;C:\Users\HP\AppData\Local\GitHubDesktop\bin
USERNAME=HP
OS=Windows_NT
PROCESSOR_IDENTIFIER=Intel64 Family 6 Model 186 Stepping 3, GenuineIntel
TMP=C:\Users\HP\AppData\Local\Temp
TEMP=C:\Users\HP\AppData\Local\Temp




Compilation memory statistics disabled.

Periodic native trim disabled

---------------  S Y S T E M  ---------------

OS:
 Windows 11 , 64 bit Build 22621 (10.0.22621.4830)
OS uptime: 1 days 18:08 hours

CPU: total 12 (initial active 12) (12 cores per cpu, 1 threads per core) family 6 model 186 stepping 3 microcode 0x4121, cx8, cmov, fxsr, mmx, 3dnowpref, sse, sse2, sse3, ssse3, sse4.1, sse4.2, popcnt, lzcnt, tsc, tscinvbit, avx, avx2, aes, erms, clmul, bmi1, bmi2, adx, sha, fma, vzeroupper, clflush, clflushopt, clwb, serialize, rdtscp, rdpid, fsrm, gfni, f16c, pku, cet_ibt, cet_ss
Processor Information for processor 0
  Max Mhz: 1700, Current Mhz: 1700, Mhz Limit: 1700
Processor Information for processor 1
  Max Mhz: 1700, Current Mhz: 1700, Mhz Limit: 1700
Processor Information for processor 2
  Max Mhz: 1700, Current Mhz: 1700, Mhz Limit: 1700
Processor Information for processor 3
  Max Mhz: 1700, Current Mhz: 1700, Mhz Limit: 1700
Processor Information for processor 4
  Max Mhz: 1700, Current Mhz: 1200, Mhz Limit: 1190
Processor Information for processor 5
  Max Mhz: 1700, Current Mhz: 1200, Mhz Limit: 1190
Processor Information for processor 6
  Max Mhz: 1700, Current Mhz: 1200, Mhz Limit: 1190
Processor Information for processor 7
  Max Mhz: 1700, Current Mhz: 1200, Mhz Limit: 1190
Processor Information for processor 8
  Max Mhz: 1700, Current Mhz: 1200, Mhz Limit: 1190
Processor Information for processor 9
  Max Mhz: 1700, Current Mhz: 1200, Mhz Limit: 1190
Processor Information for processor 10
  Max Mhz: 1700, Current Mhz: 1200, Mhz Limit: 1190
Processor Information for processor 11
  Max Mhz: 1700, Current Mhz: 1200, Mhz Limit: 1190

Memory: 4k page, system-wide physical 16027M (2488M free)
TotalPageFile size 25243M (AvailPageFile size 5083M)
current process WorkingSet (physical memory assigned to process): 915M, peak: 1135M
current process commit charge ("private bytes"): 1083M, peak: 1329M

vm_info: OpenJDK 64-Bit Server VM (25+36-3489) for windows-amd64 JRE (25+36-3489), built on 2025-08-12T17:19:28Z with unknown MS VC++:1943

END.
