#
# A fatal error has been detected by the Java Runtime Environment:
#
#  EXCEPTION_ACCESS_VIOLATION (0xc0000005) at pc=0x00007ff83c13a5d7, pid=12692, tid=20948
#
# JRE version: OpenJDK Runtime Environment (25.0+36) (build 25+36-3489)
# Java VM: OpenJDK 64-Bit Server VM (25+36-3489, mixed mode, sharing, tiered, compressed oops, compressed class ptrs, g1 gc, windows-amd64)
# Problematic frame:
# C  [glass.dll+0x2a5d7]
#
# No core dump will be written. Minidumps are not enabled by default on client versions of Windows
#
# If you would like to submit a bug report, please visit:
#   https://bugreport.java.com/bugreport/crash.jsp
#

---------------  S U M M A R Y ------------

Command Line: -javaagent:C:\Program Files\JetBrains\IntelliJ IDEA Community Edition 2025.2.3\lib\idea_rt.jar=49827 -Dfile.encoding=UTF-8 -Dsun.stdout.encoding=UTF-8 -Dsun.stderr.encoding=UTF-8 MainGame

Host: 13th Gen Intel(R) Core(TM) i7-1355U, 12 cores, 15G,  Windows 11 , 64 bit Build 22621 (10.0.22621.4830)
Time: Sat Oct 25 17:40:33 2025 SE Asia Standard Time elapsed time: 19.850883 seconds (0d 0h 0m 19s)

---------------  T H R E A D  ---------------

Current thread (0x000001c57f3949c0):  VMThread "VM Thread"          [id=20948, stack(0x0000005e53500000,0x0000005e53600000) (1024K)]

Stack: [0x0000005e53500000,0x0000005e53600000],  sp=0x0000005e535fecd0,  free space=1019k
Native frames: (J=compiled Java code, j=interpreted, Vv=VM code, C=native code)
C  [glass.dll+0x2a5d7]  (no source info available)
C  [ucrtbase.dll+0x53a93]  (no source info available)
C  [ucrtbase.dll+0x2042e]  (no source info available)
C  [ucrtbase.dll+0x1dddd]  (no source info available)
C  [glass.dll+0x27b65]  (no source info available)
C  [glass.dll+0x27c81]  (no source info available)
C  [ntdll.dll+0x28b8f]  (no source info available)
C  [ntdll.dll+0x51596]  (no source info available)
C  [ntdll.dll+0x5118d]  (no source info available)
C  [KERNEL32.DLL+0x17fcb]  (no source info available)
C  [ucrtbase.dll+0x1bed8]  (no source info available)
C  [ucrtbase.dll+0x1c099]  (no source info available)
V  [jvm.dll+0x79ea1a]  (no source info available)
V  [jvm.dll+0x79eee1]  (no source info available)
V  [jvm.dll+0x79ea00]  (no source info available)
V  [jvm.dll+0x47a124]  (no source info available)
V  [jvm.dll+0x96ee71]  (no source info available)
V  [jvm.dll+0x97018d]  (no source info available)
V  [jvm.dll+0x970709]  (no source info available)
V  [jvm.dll+0x9709b3]  (no source info available)
V  [jvm.dll+0x90681d]  (no source info available)
V  [jvm.dll+0x7a5015]  (no source info available)
C  [ucrtbase.dll+0x29333]  (no source info available)
C  [KERNEL32.DLL+0x1259d]  (no source info available)
C  [ntdll.dll+0x5af38]  (no source info available)


siginfo: EXCEPTION_ACCESS_VIOLATION (0xc0000005), reading address 0x0000000000000000


Registers:
RAX=0x0000000000000000, RBX=0x000001c51fa68512, RCX=0x000001c57f3949c0, RDX=0x0000005e535fecd0
RSP=0x0000005e535fecd0, RBP=0x000001c516f6b690, RSI=0x0000005e535fedd8, RDI=0x000001c516f6b670
R8 =0x0000000000010002, R9 =0x00007ff806677090, R10=0x85f13e9656da4870, R11=0x0000005e535fec60
R12=0x00007ff83c137cc8, R13=0x00007ff806f31b30, R14=0x0000d04a16a06f6c, R15=0x000001c516f6b670
RIP=0x00007ff83c13a5d7, EFLAGS=0x0000000000010202

XMM[0]=0x0000000000000000 0x0000000000000000
XMM[1]=0x0000000000000000 0x0000000000000000
XMM[2]=0x0000000000000000 0x0000000000000000
XMM[3]=0x0000000000000000 0x0000000000000000
XMM[4]=0x0000000000000000 0x0000000000000000
XMM[5]=0x0000000000000000 0x0000000000000000
XMM[6]=0x0000000000000000 0x0000000000000000
XMM[7]=0x0000000000000000 0x0000000000000000
XMM[8]=0x0000000000000000 0x404e000000000000
XMM[9]=0x0000000000000000 0x0000000000000000
XMM[10]=0x0000000000000000 0x0000000000000000
XMM[11]=0x0000000000000000 0x0000000000000000
XMM[12]=0x0000000000000000 0x0000000000000000
XMM[13]=0x0000000000000000 0x0000000000000000
XMM[14]=0x0000000000000000 0x0000000000000000
XMM[15]=0x0000000000000000 0x0000000000000000
  MXCSR=0x00001fa0


Register to memory mapping:

RAX=0x0 is null
RBX=0x000001c51fa68512 is a global jni handle
RCX=0x000001c57f3949c0 points into unknown readable memory: 0x00007ff806d1e2a0 | a0 e2 d1 06 f8 7f 00 00
RDX=0x0000005e535fecd0 points into unknown readable memory: 0x0000000000000000 | 00 00 00 00 00 00 00 00
RSP=0x0000005e535fecd0 points into unknown readable memory: 0x0000000000000000 | 00 00 00 00 00 00 00 00
RBP=0x000001c516f6b690 points into unknown readable memory: 0x0000d04a16a06f6c | 6c 6f a0 16 4a d0 00 00
RSI=0x0000005e535fedd8 points into unknown readable memory: 0x0000005e535fedc0 | c0 ed 5f 53 5e 00 00 00
RDI=0x000001c516f6b670 points into unknown readable memory: 0x0000d04a16a06f6c | 6c 6f a0 16 4a d0 00 00
R8 =0x0000000000010002 is an unknown value
R9 =0x00007ff806677090 jvm.dll
R10=0x85f13e9656da4870 is an unknown value
R11=0x0000005e535fec60 points into unknown readable memory: 0x000001c516f6b670 | 70 b6 f6 16 c5 01 00 00
R12=0x00007ff83c137cc8 glass.dll
R13=0x00007ff806f31b30 jvm.dll
R14=0x0000d04a16a06f6c is an unknown value
R15=0x000001c516f6b670 points into unknown readable memory: 0x0000d04a16a06f6c | 6c 6f a0 16 4a d0 00 00

Top of Stack: (sp=0x0000005e535fecd0)
0x0000005e535fecd0:   0000000000000000 0000005e535fedd8   .........._S^...
0x0000005e535fece0:   00007ff806f31b30 00007ff83c137cc8   0........|.<....
0x0000005e535fecf0:   000001c516f6b670 00007ff8f8973a93   p........:......
0x0000005e535fed00:   000001c516f6b670 000001c500000000   p...............
0x0000005e535fed10:   000001c516f6b690 0000005e535fedd8   .........._S^...
0x0000005e535fed20:   fffffffffffffffe 0000000000000000   ................
0x0000005e535fed30:   0000000000000001 00007ff83c110000   ...........<....
0x0000005e535fed40:   0000005e535fedc8 00007ff8f894042e   .._S^...........
0x0000005e535fed50:   0000000000000000 0000005e535fedd8   .........._S^...
0x0000005e535fed60:   0000005e535ff0c0 0000000000000001   .._S^...........
0x0000005e535fed70:   0000000000000001 00007ff8f893dddd   ................
0x0000005e535fed80:   0000000000000000 00007ff83c137659   ........Yv.<....
0x0000005e535fed90:   00007ff8b987c858 0000005e535fedc8   X........._S^...
0x0000005e535feda0:   fffffffffffffffe 0000005e535fed90   .........._S^...
0x0000005e535fedb0:   0000000000000000 00007ff83c137b65   ........e{.<....
0x0000005e535fedc0:   00007ff83c150e90 00007ff800000002   ...<............
0x0000005e535fedd0:   00007ff800000002 0000005e535fedc0   .........._S^...
0x0000005e535fede0:   0000000000000000 00007ff8fad78af3   ................
0x0000005e535fedf0:   0000000000000000 00007ff83c137c81   .........|.<....
0x0000005e535fee00:   0000000000000001 0000000000000001   ................
0x0000005e535fee10:   0000000000000001 0000000000000000   ................
0x0000005e535fee20:   00007ff8f9d00000 00007ff8f9d02061   ........a ......
0x0000005e535fee30:   00007ff800000001 000001c51ecc0000   ................
0x0000005e535fee40:   00007ff83c110000 000000007ffe0384   ...<............
0x0000005e535fee50:   0000000000000000 00007ff8fad78b8f   ................
0x0000005e535fee60:   00007ff83c110000 0000000000000000   ...<............
0x0000005e535fee70:   0000000000000001 000000007ffe0385   ................
0x0000005e535fee80:   00007ff8fae87940 00007ff8b18f1550   @y......P.......
0x0000005e535fee90:   0000c34d15fe9300 00007ff8b1840000   ....M...........
0x0000005e535feea0:   00007ff83c137cc8 0000000000000000   .|.<............
0x0000005e535feeb0:   0000000000000000 0000005e52876000   .........`.R^...
0x0000005e535feec0:   000001c517311ec0 00007ff8fada1596   ..1.............

Instructions: (pc=0x00007ff83c13a5d7)
  0x00007ff83c13a4d7:   8b 4d 58 e8 cd ce ff ff 48 8b 4d 60 e8 c4 ce ff
  0x00007ff83c13a4e7:   ff 48 8b 95 80 00 00 00 48 8b 8d 18 01 00 00 e8
  0x00007ff83c13a4f7:   76 c4 ff ff 33 d2 33 c9 e8 7c e0 ff ff 90 48 89
  0x00007ff83c13a507:   54 24 10 55 48 83 ec 20 48 8b ea 48 b8 00 00 00
  0x00007ff83c13a517:   00 00 00 00 00 48 83 c4 20 5d c3 cc 40 55 48 8b
  0x00007ff83c13a527:   ea 48 8b 01 33 c9 81 38 05 00 00 c0 0f 94 c1 8b
  0x00007ff83c13a537:   c1 5d c3 cc 40 55 48 83 ec 20 48 8b ea 8a 4d 40
  0x00007ff83c13a547:   48 83 c4 20 5d e9 a3 d2 ff ff cc 40 55 48 83 ec
  0x00007ff83c13a557:   20 48 8b ea 8a 4d 20 e8 91 d2 ff ff 90 48 83 c4
  0x00007ff83c13a567:   20 5d c3 cc 40 55 48 83 ec 20 48 8b ea 48 83 c4
  0x00007ff83c13a577:   20 5d e9 02 d1 ff ff cc 40 55 48 83 ec 30 48 8b
  0x00007ff83c13a587:   ea 48 8b 01 8b 10 48 89 4c 24 28 89 54 24 20 4c
  0x00007ff83c13a597:   8d 0d 1b d4 ff ff 4c 8b 45 70 8b 55 68 48 8b 4d
  0x00007ff83c13a5a7:   60 e8 43 d0 ff ff 90 48 83 c4 30 5d c3 cc cc cc
  0x00007ff83c13a5b7:   cc cc cc cc cc cc cc cc cc 40 53 48 83 ec 20 48
  0x00007ff83c13a5c7:   8b 1d 6b 63 01 00 48 85 db 74 19 e8 a9 89 ff ff
=>0x00007ff83c13a5d7:   48 8b 08 4c 8b 81 b0 00 00 00 48 8b d3 48 8b c8
  0x00007ff83c13a5e7:   41 ff d0 90 48 83 c4 20 5b c3 cc cc cc cc cc cc
  0x00007ff83c13a5f7:   cc cc cc cc cc cc cc cc cc 40 53 48 83 ec 20 48
  0x00007ff83c13a607:   8b 1d 9b 64 01 00 48 85 db 74 57 b8 ff ff ff ff
  0x00007ff83c13a617:   f0 0f c1 43 10 83 f8 01 75 3d 48 85 db 74 38 48
  0x00007ff83c13a627:   8b 0b 48 85 c9 74 0d ff 15 64 0c 00 00 48 c7 03
  0x00007ff83c13a637:   00 00 00 00 48 8b 4b 08 48 85 c9 74 0d e8 63 cd
  0x00007ff83c13a647:   ff ff 48 c7 43 08 00 00 00 00 ba 18 00 00 00 48
  0x00007ff83c13a657:   8b cb e8 4e cd ff ff 48 c7 05 3f 64 01 00 00 00
  0x00007ff83c13a667:   00 00 48 83 c4 20 5b c3 cc 40 53 48 83 ec 20 48
  0x00007ff83c13a677:   8b 1d 0b 64 01 00 48 85 db 74 57 b8 ff ff ff ff
  0x00007ff83c13a687:   f0 0f c1 43 10 83 f8 01 75 3d 48 85 db 74 38 48
  0x00007ff83c13a697:   8b 0b 48 85 c9 74 0d ff 15 f4 0b 00 00 48 c7 03
  0x00007ff83c13a6a7:   00 00 00 00 48 8b 4b 08 48 85 c9 74 0d e8 f3 cc
  0x00007ff83c13a6b7:   ff ff 48 c7 43 08 00 00 00 00 ba 18 00 00 00 48
  0x00007ff83c13a6c7:   8b cb e8 de cc ff ff 48 c7 05 af 63 01 00 00 00


Stack slot to memory mapping:

stack at sp + 0 slots: 0x0 is null
stack at sp + 1 slots: 0x0000005e535fedd8 points into unknown readable memory: 0x0000005e535fedc0 | c0 ed 5f 53 5e 00 00 00
stack at sp + 2 slots: 0x00007ff806f31b30 jvm.dll
stack at sp + 3 slots: 0x00007ff83c137cc8 glass.dll
stack at sp + 4 slots: 0x000001c516f6b670 points into unknown readable memory: 0x0000d04a16a06f6c | 6c 6f a0 16 4a d0 00 00
stack at sp + 5 slots: 0x00007ff8f8973a93 ucrtbase.dll
stack at sp + 6 slots: 0x000001c516f6b670 points into unknown readable memory: 0x0000d04a16a06f6c | 6c 6f a0 16 4a d0 00 00
stack at sp + 7 slots: 0x000001c500000000 points into unknown readable memory: 0x000000010000001c | 1c 00 00 00 01 00 00 00

VM_Operation (0x0000005e567fee60): Exit, mode: safepoint, requested by thread 0x000001c57f76ecc0


---------------  P R O C E S S  ---------------

Threads class SMR info:
_java_thread_list=0x000001c517854fe0, length=26, elements={
0x000001c57f3a5d80, 0x000001c57f3a6690, 0x000001c57f3abb30, 0x000001c57f3adcb0,
0x000001c57f3ae470, 0x000001c57f3af5e0, 0x000001c57f3b2200, 0x000001c57f673350,
0x000001c57f809c10, 0x000001c57f80a3d0, 0x000001c51550bfa0, 0x000001c515513070,
0x000001c515513830, 0x000001c5155194a0, 0x000001c570ac5000, 0x000001c515653350,
0x000001c515656230, 0x000001c515656a00, 0x000001c57f3c4510, 0x000001c517888d90,
0x000001c517885eb0, 0x000001c51efd8be0, 0x000001c51f7cc730, 0x000001c57f778900,
0x000001c57f76ecc0, 0x000001c57f770c00
}

Java Threads: ( => current thread )
  0x000001c57f3a5d80 JavaThread "Reference Handler"          daemon [_thread_blocked, id=31740, stack(0x0000005e53600000,0x0000005e53700000) (1024K)]
  0x000001c57f3a6690 JavaThread "Finalizer"                  daemon [_thread_blocked, id=9952, stack(0x0000005e53700000,0x0000005e53800000) (1024K)]
  0x000001c57f3abb30 JavaThread "Attach Listener"            daemon [_thread_blocked, id=28984, stack(0x0000005e53900000,0x0000005e53a00000) (1024K)]
  0x000001c57f3adcb0 JavaThread "Service Thread"             daemon [_thread_blocked, id=32112, stack(0x0000005e53a00000,0x0000005e53b00000) (1024K)]
  0x000001c57f3ae470 JavaThread "Monitor Deflation Thread"   daemon [_thread_blocked, id=13236, stack(0x0000005e53b00000,0x0000005e53c00000) (1024K)]
  0x000001c57f3af5e0 JavaThread "C2 CompilerThread0"         daemon [_thread_blocked, id=31724, stack(0x0000005e53c00000,0x0000005e53d00000) (1024K)]
  0x000001c57f3b2200 JavaThread "C1 CompilerThread0"         daemon [_thread_blocked, id=25988, stack(0x0000005e53d00000,0x0000005e53e00000) (1024K)]
  0x000001c57f673350 JavaThread "Common-Cleaner"             daemon [_thread_blocked, id=32592, stack(0x0000005e53e00000,0x0000005e53f00000) (1024K)]
  0x000001c57f809c10 JavaThread "Monitor Ctrl-Break"         daemon [_thread_in_native, id=5600, stack(0x0000005e54000000,0x0000005e54100000) (1024K)]
  0x000001c57f80a3d0 JavaThread "Notification Thread"        daemon [_thread_blocked, id=27852, stack(0x0000005e54100000,0x0000005e54200000) (1024K)]
  0x000001c51550bfa0 JavaThread "Media Resource Disposer"    daemon [_thread_blocked, id=2984, stack(0x0000005e54200000,0x0000005e54300000) (1024K)]
  0x000001c515513070 JavaThread "Java2D Disposer"            daemon [_thread_blocked, id=32216, stack(0x0000005e54300000,0x0000005e54400000) (1024K)]
  0x000001c515513830 JavaThread "AWT-Shutdown"                      [_thread_blocked, id=20848, stack(0x0000005e54400000,0x0000005e54500000) (1024K)]
  0x000001c5155194a0 JavaThread "AWT-EventQueue-0"                  [_thread_blocked, id=25672, stack(0x0000005e54600000,0x0000005e54700000) (1024K)]
  0x000001c570ac5000 JavaThread "DestroyJavaVM"                     [_thread_blocked, id=14820, stack(0x0000005e52e00000,0x0000005e52f00000) (1024K)]
  0x000001c515653350 JavaThread "QuantumRenderer-0"          daemon [_thread_blocked, id=28980, stack(0x0000005e54800000,0x0000005e54900000) (1024K)]
  0x000001c515656230 JavaThread "InvokeLaterDispatcher"      daemon [_thread_blocked, id=31284, stack(0x0000005e54d00000,0x0000005e54e00000) (1024K)]
  0x000001c515656a00 JavaThread "JavaFX Application Thread"         [_thread_blocked, id=30636, stack(0x0000005e54e00000,0x0000005e54f00000) (1024K)]
  0x000001c57f3c4510 JavaThread "Thread-3"                   daemon [_thread_in_native, id=24008, stack(0x0000005e54700000,0x0000005e54800000) (1024K)]
  0x000001c517888d90 JavaThread "JFXMedia Player EventQueueThread" daemon [_thread_blocked, id=28680, stack(0x0000005e55500000,0x0000005e55600000) (1024K)]
  0x000001c517885eb0 JavaThread "Image Animator 3"           daemon [_thread_blocked, id=7360, stack(0x0000005e55b00000,0x0000005e55c00000) (1024K)]
  0x000001c51efd8be0 JavaThread "Thread-11"                  daemon [_thread_blocked, id=32392, stack(0x0000005e55d00000,0x0000005e55e00000) (1024K)]
  0x000001c51f7cc730 JavaThread "Prism Font Disposer"        daemon [_thread_blocked, id=32320, stack(0x0000005e56300000,0x0000005e56400000) (1024K)]
  0x000001c57f778900 JavaThread "Cleaner-0"                  daemon [_thread_blocked, id=32364, stack(0x0000005e57e00000,0x0000005e57f00000) (1024K)]
  0x000001c57f76ecc0 JavaThread "SIGINT handler"             daemon [_thread_blocked, id=12108, stack(0x0000005e56700000,0x0000005e56800000) (1024K)]
  0x000001c57f770c00 JavaThread "ToolkitShutdown"            daemon [_thread_blocked, id=17064, stack(0x0000005e56c00000,0x0000005e56d00000) (1024K)]
Total: 26

Other Threads:
=>0x000001c57f3949c0 VMThread "VM Thread"                           [id=20948, stack(0x0000005e53500000,0x0000005e53600000) (1024K)]
  0x000001c570b2ef60 WorkerThread "GC Thread#0"                     [id=28920, stack(0x0000005e52f00000,0x0000005e53000000) (1024K)]
  0x000001c51555c4b0 WorkerThread "GC Thread#1"                     [id=30980, stack(0x0000005e56400000,0x0000005e56500000) (1024K)]
  0x000001c51555de90 WorkerThread "GC Thread#2"                     [id=28116, stack(0x0000005e56500000,0x0000005e56600000) (1024K)]
  0x000001c51555e2e0 WorkerThread "GC Thread#3"                     [id=928, stack(0x0000005e56600000,0x0000005e56700000) (1024K)]
  0x000001c51555e730 WorkerThread "GC Thread#4"                     [id=22968, stack(0x0000005e56800000,0x0000005e56900000) (1024K)]
  0x000001c51555eb80 WorkerThread "GC Thread#5"                     [id=32388, stack(0x0000005e56900000,0x0000005e56a00000) (1024K)]
  0x000001c51555efd0 WorkerThread "GC Thread#6"                     [id=27732, stack(0x0000005e56a00000,0x0000005e56b00000) (1024K)]
  0x000001c51555b7c0 WorkerThread "GC Thread#7"                     [id=28472, stack(0x0000005e56b00000,0x0000005e56c00000) (1024K)]
  0x000001c521d86da0 WorkerThread "GC Thread#8"                     [id=31672, stack(0x0000005e57300000,0x0000005e57400000) (1024K)]
  0x000001c521d87640 WorkerThread "GC Thread#9"                     [id=14576, stack(0x0000005e57400000,0x0000005e57500000) (1024K)]
  0x000001c570b49190 ConcurrentGCThread "G1 Main Marker"            terminated
  0x000001c570b4a4d0 WorkerThread "G1 Conc#0"                       [id=20124, stack(0x0000005e53100000,0x0000005e53200000) (1024K)]
  0x000001c51f61bec0 WorkerThread "G1 Conc#1"                       [id=30592, stack(0x0000005e55c00000,0x0000005e55d00000) (1024K)]
  0x000001c51f61a4e0 WorkerThread "G1 Conc#2"                       [id=18304, stack(0x0000005e56100000,0x0000005e56200000) (1024K)]
  0x000001c57f251f10 ConcurrentGCThread "G1 Refine#0"               terminated
  0x000001c57f252b20 ConcurrentGCThread "G1 Service"                terminated
Total: 17

Threads with active compile tasks:
Total: 0

VM state: at safepoint (shutting down)

VM Mutex/Monitor currently owned by a thread:  ([mutex/lock_event])
[0x00007ff806f091a8] ThreadsLockThrottle_lock - owner thread: 0x000001c57f770c00
[0x00007ff806f094a8] Threads_lock - owner thread: 0x000001c57f3949c0
[0x00007ff806f09628] Heap_lock - owner thread: 0x000001c57f76ecc0

Heap address: 0x0000000705800000, size: 4008 MB, Compressed Oops mode: Zero based, Oop shift amount: 3

CDS archive(s) mapped at: [0x0000000012000000-0x0000000012dd0000-0x0000000012dd0000), size 14483456, SharedBaseAddress: 0x0000000012000000, ArchiveRelocationMode: 1.
Compressed class space mapped at: 0x0000000013000000-0x0000000053000000, reserved size: 1073741824
UseCompressedClassPointers 1, UseCompactObjectHeaders 0
Narrow klass pointer bits 32, Max shift 3
Narrow klass base: 0x0000000012000000, Narrow klass shift: 0
Encoding Range: [0x0000000012000000 - 0x0000000112000000), (4294967296 bytes)
Klass Range:    [0x0000000012010000 - 0x0000000053000000), (1090453504 bytes)
Klass ID Range:  [65536 - 1090519033) (1090453497)
Protection zone: [0x0000000012000000 - 0x0000000012010000), (65536 bytes)

GC Precious Log:
 CardTable entry size: 512
 Card Set container configuration: InlinePtr #cards 4 size 8 Array Of Cards #cards 16 size 48 Howl #buckets 8 coarsen threshold 3686 Howl Bitmap #cards 512 size 80 coarsen threshold 460 Card regions per heap region 1 cards per card region 4096
 CPUs: 12 total, 12 available
 Memory: 16027M
 Large Page Support: Disabled
 NUMA Support: Disabled
 Compressed Oops: Enabled (Zero based)
 Heap Region Size: 2M
 Heap Min Capacity: 8M
 Heap Initial Capacity: 252M
 Heap Max Capacity: 4008M
 Pre-touch: Disabled
 Parallel Workers: 10
 Concurrent Workers: 3
 Concurrent Refinement Workers: 10
 Periodic GC: Disabled

Heap:
 garbage-first heap   total reserved 4104192K, committed 335872K, used 283974K [0x0000000705800000, 0x0000000800000000)
  region size 2048K, 42 young (86016K), 1 survivors (2048K)

Heap Regions: E=young(eden), S=young(survivor), O=old, HS=humongous(starts), HC=humongous(continues), CS=collection set, F=free, TAMS=top-at-mark-start, PB=parsable bottom
|   0|0x0000000705800000, 0x0000000705a00000, 0x0000000705a00000|100%|HS|  |TAMS 0x0000000705800000| PB 0x0000000705800000| Complete |  0
|   1|0x0000000705a00000, 0x0000000705c00000, 0x0000000705c00000|100%|HC|  |TAMS 0x0000000705a00000| PB 0x0000000705a00000| Complete |  0
|   2|0x0000000705c00000, 0x0000000705e00000, 0x0000000705e00000|100%| O|  |TAMS 0x0000000705c00000| PB 0x0000000705c00000| Untracked |  0
|   3|0x0000000705e00000, 0x0000000706000000, 0x0000000706000000|100%|HS|  |TAMS 0x0000000705e00000| PB 0x0000000705e00000| Complete |  0
|   4|0x0000000706000000, 0x0000000706200000, 0x0000000706200000|100%|HS|  |TAMS 0x0000000706000000| PB 0x0000000706000000| Complete |  0
|   5|0x0000000706200000, 0x0000000706400000, 0x0000000706400000|100%|HS|  |TAMS 0x0000000706200000| PB 0x0000000706200000| Complete |  0
|   6|0x0000000706400000, 0x0000000706600000, 0x0000000706600000|100%|HS|  |TAMS 0x0000000706400000| PB 0x0000000706400000| Complete |  0
|   7|0x0000000706600000, 0x0000000706800000, 0x0000000706800000|100%|HS|  |TAMS 0x0000000706600000| PB 0x0000000706600000| Complete |  0
|   8|0x0000000706800000, 0x0000000706a00000, 0x0000000706a00000|100%|HS|  |TAMS 0x0000000706800000| PB 0x0000000706800000| Complete |  0
|   9|0x0000000706a00000, 0x0000000706c00000, 0x0000000706c00000|100%|HS|  |TAMS 0x0000000706a00000| PB 0x0000000706a00000| Complete |  0
|  10|0x0000000706c00000, 0x0000000706e00000, 0x0000000706e00000|100%|HS|  |TAMS 0x0000000706c00000| PB 0x0000000706c00000| Complete |  0
|  11|0x0000000706e00000, 0x0000000707000000, 0x0000000707000000|100%|HS|  |TAMS 0x0000000706e00000| PB 0x0000000706e00000| Complete |  0
|  12|0x0000000707000000, 0x0000000707200000, 0x0000000707200000|100%|HS|  |TAMS 0x0000000707000000| PB 0x0000000707000000| Complete |  0
|  13|0x0000000707200000, 0x0000000707400000, 0x0000000707400000|100%|HS|  |TAMS 0x0000000707200000| PB 0x0000000707200000| Complete |  0
|  14|0x0000000707400000, 0x0000000707600000, 0x0000000707600000|100%|HS|  |TAMS 0x0000000707400000| PB 0x0000000707400000| Complete |  0
|  15|0x0000000707600000, 0x0000000707800000, 0x0000000707800000|100%|HS|  |TAMS 0x0000000707600000| PB 0x0000000707600000| Complete |  0
|  16|0x0000000707800000, 0x0000000707a00000, 0x0000000707a00000|100%|HS|  |TAMS 0x0000000707800000| PB 0x0000000707800000| Complete |  0
|  17|0x0000000707a00000, 0x0000000707c00000, 0x0000000707c00000|100%|HS|  |TAMS 0x0000000707a00000| PB 0x0000000707a00000| Complete |  0
|  18|0x0000000707c00000, 0x0000000707e00000, 0x0000000707e00000|100%|HS|  |TAMS 0x0000000707c00000| PB 0x0000000707c00000| Complete |  0
|  19|0x0000000707e00000, 0x0000000708000000, 0x0000000708000000|100%|HS|  |TAMS 0x0000000707e00000| PB 0x0000000707e00000| Complete |  0
|  20|0x0000000708000000, 0x0000000708200000, 0x0000000708200000|100%|HS|  |TAMS 0x0000000708000000| PB 0x0000000708000000| Complete |  0
|  21|0x0000000708200000, 0x0000000708400000, 0x0000000708400000|100%|HS|  |TAMS 0x0000000708200000| PB 0x0000000708200000| Complete |  0
|  22|0x0000000708400000, 0x0000000708600000, 0x0000000708600000|100%|HS|  |TAMS 0x0000000708400000| PB 0x0000000708400000| Complete |  0
|  23|0x0000000708600000, 0x0000000708800000, 0x0000000708800000|100%|HS|  |TAMS 0x0000000708600000| PB 0x0000000708600000| Complete |  0
|  24|0x0000000708800000, 0x0000000708a00000, 0x0000000708a00000|100%|HS|  |TAMS 0x0000000708800000| PB 0x0000000708800000| Complete |  0
|  25|0x0000000708a00000, 0x0000000708c00000, 0x0000000708c00000|100%|HS|  |TAMS 0x0000000708a00000| PB 0x0000000708a00000| Complete |  0
|  26|0x0000000708c00000, 0x0000000708e00000, 0x0000000708e00000|100%|HS|  |TAMS 0x0000000708c00000| PB 0x0000000708c00000| Complete |  0
|  27|0x0000000708e00000, 0x0000000709000000, 0x0000000709000000|100%|HS|  |TAMS 0x0000000708e00000| PB 0x0000000708e00000| Complete |  0
|  28|0x0000000709000000, 0x0000000709200000, 0x0000000709200000|100%|HS|  |TAMS 0x0000000709000000| PB 0x0000000709000000| Complete |  0
|  29|0x0000000709200000, 0x0000000709400000, 0x0000000709400000|100%|HS|  |TAMS 0x0000000709200000| PB 0x0000000709200000| Complete |  0
|  30|0x0000000709400000, 0x0000000709600000, 0x0000000709600000|100%|HS|  |TAMS 0x0000000709400000| PB 0x0000000709400000| Complete |  0
|  31|0x0000000709600000, 0x0000000709800000, 0x0000000709800000|100%|HS|  |TAMS 0x0000000709600000| PB 0x0000000709600000| Complete |  0
|  32|0x0000000709800000, 0x0000000709a00000, 0x0000000709a00000|100%|HS|  |TAMS 0x0000000709800000| PB 0x0000000709800000| Complete |  0
|  33|0x0000000709a00000, 0x0000000709c00000, 0x0000000709c00000|100%|HS|  |TAMS 0x0000000709a00000| PB 0x0000000709a00000| Complete |  0
|  34|0x0000000709c00000, 0x0000000709e00000, 0x0000000709e00000|100%|HS|  |TAMS 0x0000000709c00000| PB 0x0000000709c00000| Complete |  0
|  35|0x0000000709e00000, 0x000000070a000000, 0x000000070a000000|100%|HS|  |TAMS 0x0000000709e00000| PB 0x0000000709e00000| Complete |  0
|  36|0x000000070a000000, 0x000000070a200000, 0x000000070a200000|100%|HS|  |TAMS 0x000000070a000000| PB 0x000000070a000000| Complete |  0
|  37|0x000000070a200000, 0x000000070a400000, 0x000000070a400000|100%|HS|  |TAMS 0x000000070a200000| PB 0x000000070a200000| Complete |  0
|  38|0x000000070a400000, 0x000000070a600000, 0x000000070a600000|100%|HS|  |TAMS 0x000000070a400000| PB 0x000000070a400000| Complete |  0
|  39|0x000000070a600000, 0x000000070a800000, 0x000000070a800000|100%|HS|  |TAMS 0x000000070a600000| PB 0x000000070a600000| Complete |  0
|  40|0x000000070a800000, 0x000000070aa00000, 0x000000070aa00000|100%|HS|  |TAMS 0x000000070a800000| PB 0x000000070a800000| Complete |  0
|  41|0x000000070aa00000, 0x000000070ac00000, 0x000000070ac00000|100%|HS|  |TAMS 0x000000070aa00000| PB 0x000000070aa00000| Complete |  0
|  42|0x000000070ac00000, 0x000000070ae00000, 0x000000070ae00000|100%|HS|  |TAMS 0x000000070ac00000| PB 0x000000070ac00000| Complete |  0
|  43|0x000000070ae00000, 0x000000070b000000, 0x000000070b000000|100%|HS|  |TAMS 0x000000070ae00000| PB 0x000000070ae00000| Complete |  0
|  44|0x000000070b000000, 0x000000070b200000, 0x000000070b200000|100%|HS|  |TAMS 0x000000070b000000| PB 0x000000070b000000| Complete |  0
|  45|0x000000070b200000, 0x000000070b400000, 0x000000070b400000|100%|HS|  |TAMS 0x000000070b200000| PB 0x000000070b200000| Complete |  0
|  46|0x000000070b400000, 0x000000070b600000, 0x000000070b600000|100%|HS|  |TAMS 0x000000070b400000| PB 0x000000070b400000| Complete |  0
|  47|0x000000070b600000, 0x000000070b800000, 0x000000070b800000|100%|HS|  |TAMS 0x000000070b600000| PB 0x000000070b600000| Complete |  0
|  48|0x000000070b800000, 0x000000070ba00000, 0x000000070ba00000|100%|HS|  |TAMS 0x000000070b800000| PB 0x000000070b800000| Complete |  0
|  49|0x000000070ba00000, 0x000000070bc00000, 0x000000070bc00000|100%|HS|  |TAMS 0x000000070ba00000| PB 0x000000070ba00000| Complete |  0
|  50|0x000000070bc00000, 0x000000070be00000, 0x000000070be00000|100%|HS|  |TAMS 0x000000070bc00000| PB 0x000000070bc00000| Complete |  0
|  51|0x000000070be00000, 0x000000070c000000, 0x000000070c000000|100%|HS|  |TAMS 0x000000070be00000| PB 0x000000070be00000| Complete |  0
|  52|0x000000070c000000, 0x000000070c200000, 0x000000070c200000|100%|HS|  |TAMS 0x000000070c000000| PB 0x000000070c000000| Complete |  0
|  53|0x000000070c200000, 0x000000070c400000, 0x000000070c400000|100%|HS|  |TAMS 0x000000070c200000| PB 0x000000070c200000| Complete |  0
|  54|0x000000070c400000, 0x000000070c600000, 0x000000070c600000|100%|HS|  |TAMS 0x000000070c400000| PB 0x000000070c400000| Complete |  0
|  55|0x000000070c600000, 0x000000070c800000, 0x000000070c800000|100%|HS|  |TAMS 0x000000070c600000| PB 0x000000070c600000| Complete |  0
|  56|0x000000070c800000, 0x000000070ca00000, 0x000000070ca00000|100%| O|  |TAMS 0x000000070c800000| PB 0x000000070c800000| Untracked |  1
|  57|0x000000070ca00000, 0x000000070cc00000, 0x000000070cc00000|100%| O|  |TAMS 0x000000070ca00000| PB 0x000000070ca00000| Untracked |  0
|  58|0x000000070cc00000, 0x000000070ce00000, 0x000000070ce00000|100%| O|Cm|TAMS 0x000000070cc00000| PB 0x000000070cc00000| Complete |  0
|  59|0x000000070ce00000, 0x000000070d000000, 0x000000070d000000|100%| O|  |TAMS 0x000000070ce00000| PB 0x000000070ce00000| Untracked |  0
|  60|0x000000070d000000, 0x000000070d200000, 0x000000070d200000|100%| O|  |TAMS 0x000000070d000000| PB 0x000000070d000000| Untracked |  0
|  61|0x000000070d200000, 0x000000070d400000, 0x000000070d400000|100%| O|  |TAMS 0x000000070d200000| PB 0x000000070d200000| Untracked |  0
|  62|0x000000070d400000, 0x000000070d600000, 0x000000070d600000|100%| O|  |TAMS 0x000000070d400000| PB 0x000000070d400000| Untracked |  0
|  63|0x000000070d600000, 0x000000070d800000, 0x000000070d800000|100%|HS|  |TAMS 0x000000070d600000| PB 0x000000070d600000| Complete |  0
|  64|0x000000070d800000, 0x000000070da00000, 0x000000070da00000|100%|HS|  |TAMS 0x000000070d800000| PB 0x000000070d800000| Complete |  0
|  65|0x000000070da00000, 0x000000070dc00000, 0x000000070dc00000|100%|HS|  |TAMS 0x000000070da00000| PB 0x000000070da00000| Complete |  0
|  66|0x000000070dc00000, 0x000000070de00000, 0x000000070de00000|100%|HS|  |TAMS 0x000000070dc00000| PB 0x000000070dc00000| Complete |  0
|  67|0x000000070de00000, 0x000000070e000000, 0x000000070e000000|100%|HS|  |TAMS 0x000000070de00000| PB 0x000000070de00000| Complete |  0
|  68|0x000000070e000000, 0x000000070e200000, 0x000000070e200000|100%|HS|  |TAMS 0x000000070e000000| PB 0x000000070e000000| Complete |  0
|  69|0x000000070e200000, 0x000000070e400000, 0x000000070e400000|100%|HS|  |TAMS 0x000000070e200000| PB 0x000000070e200000| Complete |  0
|  70|0x000000070e400000, 0x000000070e600000, 0x000000070e600000|100%|HS|  |TAMS 0x000000070e400000| PB 0x000000070e400000| Complete |  0
|  71|0x000000070e600000, 0x000000070e800000, 0x000000070e800000|100%|HS|  |TAMS 0x000000070e600000| PB 0x000000070e600000| Complete |  0
|  72|0x000000070e800000, 0x000000070ea00000, 0x000000070ea00000|100%|HS|  |TAMS 0x000000070e800000| PB 0x000000070e800000| Complete |  0
|  73|0x000000070ea00000, 0x000000070ec00000, 0x000000070ec00000|100%|HS|  |TAMS 0x000000070ea00000| PB 0x000000070ea00000| Complete |  0
|  74|0x000000070ec00000, 0x000000070ee00000, 0x000000070ee00000|100%|HS|  |TAMS 0x000000070ec00000| PB 0x000000070ec00000| Complete |  0
|  75|0x000000070ee00000, 0x000000070f000000, 0x000000070f000000|100%|HS|  |TAMS 0x000000070ee00000| PB 0x000000070ee00000| Complete |  0
|  76|0x000000070f000000, 0x000000070f200000, 0x000000070f200000|100%|HS|  |TAMS 0x000000070f000000| PB 0x000000070f000000| Complete |  0
|  77|0x000000070f200000, 0x000000070f400000, 0x000000070f400000|100%|HS|  |TAMS 0x000000070f200000| PB 0x000000070f200000| Complete |  0
|  78|0x000000070f400000, 0x000000070f600000, 0x000000070f600000|100%|HS|  |TAMS 0x000000070f400000| PB 0x000000070f400000| Complete |  0
|  79|0x000000070f600000, 0x000000070f800000, 0x000000070f800000|100%|HS|  |TAMS 0x000000070f600000| PB 0x000000070f600000| Complete |  0
|  80|0x000000070f800000, 0x000000070fa00000, 0x000000070fa00000|100%|HS|  |TAMS 0x000000070f800000| PB 0x000000070f800000| Complete |  0
|  81|0x000000070fa00000, 0x000000070fc00000, 0x000000070fc00000|100%|HS|  |TAMS 0x000000070fa00000| PB 0x000000070fa00000| Complete |  0
|  82|0x000000070fc00000, 0x000000070fe00000, 0x000000070fe00000|100%|HS|  |TAMS 0x000000070fc00000| PB 0x000000070fc00000| Complete |  0
|  83|0x000000070fe00000, 0x0000000710000000, 0x0000000710000000|100%|HS|  |TAMS 0x000000070fe00000| PB 0x000000070fe00000| Complete |  0
|  84|0x0000000710000000, 0x0000000710200000, 0x0000000710200000|100%|HS|  |TAMS 0x0000000710000000| PB 0x0000000710000000| Complete |  0
|  85|0x0000000710200000, 0x0000000710400000, 0x0000000710400000|100%|HS|  |TAMS 0x0000000710200000| PB 0x0000000710200000| Complete |  0
|  86|0x0000000710400000, 0x0000000710600000, 0x0000000710600000|100%|HS|  |TAMS 0x0000000710400000| PB 0x0000000710400000| Complete |  0
|  87|0x0000000710600000, 0x0000000710800000, 0x0000000710800000|100%|HS|  |TAMS 0x0000000710600000| PB 0x0000000710600000| Complete |  0
|  88|0x0000000710800000, 0x0000000710a00000, 0x0000000710a00000|100%|HS|  |TAMS 0x0000000710800000| PB 0x0000000710800000| Complete |  0
|  89|0x0000000710a00000, 0x0000000710c00000, 0x0000000710c00000|100%|HS|  |TAMS 0x0000000710a00000| PB 0x0000000710a00000| Complete |  0
|  90|0x0000000710c00000, 0x0000000710e00000, 0x0000000710e00000|100%|HS|  |TAMS 0x0000000710c00000| PB 0x0000000710c00000| Complete |  0
|  91|0x0000000710e00000, 0x0000000711000000, 0x0000000711000000|100%|HS|  |TAMS 0x0000000710e00000| PB 0x0000000710e00000| Complete |  0
|  92|0x0000000711000000, 0x0000000711200000, 0x0000000711200000|100%| O|  |TAMS 0x0000000711000000| PB 0x0000000711000000| Untracked |  0
|  93|0x0000000711200000, 0x0000000711400000, 0x0000000711400000|100%| O|  |TAMS 0x0000000711200000| PB 0x0000000711200000| Untracked |  0
|  94|0x0000000711400000, 0x0000000711600000, 0x0000000711600000|100%| O|  |TAMS 0x0000000711400000| PB 0x0000000711400000| Untracked |  0
|  95|0x0000000711600000, 0x0000000711800000, 0x0000000711800000|100%| O|  |TAMS 0x0000000711600000| PB 0x0000000711600000| Untracked |  0
|  96|0x0000000711800000, 0x0000000711982dd0, 0x0000000711a00000| 75%| O|  |TAMS 0x0000000711800000| PB 0x0000000711800000| Untracked |  0
|  97|0x0000000711a00000, 0x0000000711c00000, 0x0000000711c00000|100%|HS|  |TAMS 0x0000000711a00000| PB 0x0000000711a00000| Complete |  0
|  98|0x0000000711c00000, 0x0000000711c00000, 0x0000000711e00000|  0%| F|  |TAMS 0x0000000711c00000| PB 0x0000000711c00000| Untracked |  0
|  99|0x0000000711e00000, 0x0000000711e00000, 0x0000000712000000|  0%| F|  |TAMS 0x0000000711e00000| PB 0x0000000711e00000| Untracked |  0
| 100|0x0000000712000000, 0x0000000712000000, 0x0000000712200000|  0%| F|  |TAMS 0x0000000712000000| PB 0x0000000712000000| Untracked |  0
| 101|0x0000000712200000, 0x0000000712200000, 0x0000000712400000|  0%| F|  |TAMS 0x0000000712200000| PB 0x0000000712200000| Untracked |  0
| 102|0x0000000712400000, 0x0000000712400000, 0x0000000712600000|  0%| F|  |TAMS 0x0000000712400000| PB 0x0000000712400000| Untracked |  0
| 103|0x0000000712600000, 0x0000000712600000, 0x0000000712800000|  0%| F|  |TAMS 0x0000000712600000| PB 0x0000000712600000| Untracked |  0
| 104|0x0000000712800000, 0x0000000712800000, 0x0000000712a00000|  0%| F|  |TAMS 0x0000000712800000| PB 0x0000000712800000| Untracked |  0
| 105|0x0000000712a00000, 0x0000000712a00000, 0x0000000712c00000|  0%| F|  |TAMS 0x0000000712a00000| PB 0x0000000712a00000| Untracked |  0
| 106|0x0000000712c00000, 0x0000000712c00000, 0x0000000712e00000|  0%| F|  |TAMS 0x0000000712c00000| PB 0x0000000712c00000| Untracked |  0
| 107|0x0000000712e00000, 0x0000000712e00000, 0x0000000713000000|  0%| F|  |TAMS 0x0000000712e00000| PB 0x0000000712e00000| Untracked |  0
| 108|0x0000000713000000, 0x0000000713000000, 0x0000000713200000|  0%| F|  |TAMS 0x0000000713000000| PB 0x0000000713000000| Untracked |  0
| 109|0x0000000713200000, 0x0000000713200000, 0x0000000713400000|  0%| F|  |TAMS 0x0000000713200000| PB 0x0000000713200000| Untracked |  0
| 110|0x0000000713400000, 0x0000000713400000, 0x0000000713600000|  0%| F|  |TAMS 0x0000000713400000| PB 0x0000000713400000| Untracked |  0
| 111|0x0000000713600000, 0x0000000713600000, 0x0000000713800000|  0%| F|  |TAMS 0x0000000713600000| PB 0x0000000713600000| Untracked |  0
| 112|0x0000000713800000, 0x0000000713800000, 0x0000000713a00000|  0%| F|  |TAMS 0x0000000713800000| PB 0x0000000713800000| Untracked |  0
| 113|0x0000000713a00000, 0x0000000713a00000, 0x0000000713c00000|  0%| F|  |TAMS 0x0000000713a00000| PB 0x0000000713a00000| Untracked |  0
| 114|0x0000000713c00000, 0x0000000713c00000, 0x0000000713e00000|  0%| F|  |TAMS 0x0000000713c00000| PB 0x0000000713c00000| Untracked |  0
| 115|0x0000000713e00000, 0x0000000713e00000, 0x0000000714000000|  0%| F|  |TAMS 0x0000000713e00000| PB 0x0000000713e00000| Untracked |  0
| 116|0x0000000714000000, 0x0000000714000000, 0x0000000714200000|  0%| F|  |TAMS 0x0000000714000000| PB 0x0000000714000000| Untracked |  0
| 117|0x0000000714200000, 0x0000000714200000, 0x0000000714400000|  0%| F|  |TAMS 0x0000000714200000| PB 0x0000000714200000| Untracked |  0
| 118|0x0000000714400000, 0x0000000714400000, 0x0000000714600000|  0%| F|  |TAMS 0x0000000714400000| PB 0x0000000714400000| Untracked |  0
| 119|0x0000000714600000, 0x0000000714600000, 0x0000000714800000|  0%| F|  |TAMS 0x0000000714600000| PB 0x0000000714600000| Untracked |  0
| 120|0x0000000714800000, 0x0000000714800000, 0x0000000714a00000|  0%| F|  |TAMS 0x0000000714800000| PB 0x0000000714800000| Untracked |  0
| 121|0x0000000714a00000, 0x0000000714a00000, 0x0000000714c00000|  0%| F|  |TAMS 0x0000000714a00000| PB 0x0000000714a00000| Untracked |  0
| 122|0x0000000714c00000, 0x0000000714d6b810, 0x0000000714e00000| 70%| E|  |TAMS 0x0000000714c00000| PB 0x0000000714c00000| Complete |  0
| 123|0x0000000714e00000, 0x0000000715000000, 0x0000000715000000|100%| E|CS|TAMS 0x0000000714e00000| PB 0x0000000714e00000| Complete |  2
| 124|0x0000000715000000, 0x0000000715200000, 0x0000000715200000|100%| E|CS|TAMS 0x0000000715000000| PB 0x0000000715000000| Complete |  0
| 125|0x0000000715200000, 0x0000000715400000, 0x0000000715400000|100%| E|CS|TAMS 0x0000000715200000| PB 0x0000000715200000| Complete |  0
| 126|0x0000000715400000, 0x0000000715600000, 0x0000000715600000|100%| E|CS|TAMS 0x0000000715400000| PB 0x0000000715400000| Complete |  0
| 127|0x0000000715600000, 0x0000000715800000, 0x0000000715800000|100%| E|CS|TAMS 0x0000000715600000| PB 0x0000000715600000| Complete |  0
| 128|0x0000000715800000, 0x0000000715a00000, 0x0000000715a00000|100%| E|CS|TAMS 0x0000000715800000| PB 0x0000000715800000| Complete |  0
| 129|0x0000000715a00000, 0x0000000715c00000, 0x0000000715c00000|100%| E|CS|TAMS 0x0000000715a00000| PB 0x0000000715a00000| Complete |  0
| 130|0x0000000715c00000, 0x0000000715e00000, 0x0000000715e00000|100%| E|CS|TAMS 0x0000000715c00000| PB 0x0000000715c00000| Complete |  0
| 131|0x0000000715e00000, 0x0000000716000000, 0x0000000716000000|100%| E|CS|TAMS 0x0000000715e00000| PB 0x0000000715e00000| Complete |  0
| 132|0x0000000716000000, 0x0000000716200000, 0x0000000716200000|100%| E|CS|TAMS 0x0000000716000000| PB 0x0000000716000000| Complete |  0
| 133|0x0000000716200000, 0x0000000716400000, 0x0000000716400000|100%| E|CS|TAMS 0x0000000716200000| PB 0x0000000716200000| Complete |  0
| 134|0x0000000716400000, 0x0000000716600000, 0x0000000716600000|100%| E|CS|TAMS 0x0000000716400000| PB 0x0000000716400000| Complete |  0
| 135|0x0000000716600000, 0x0000000716800000, 0x0000000716800000|100%| E|CS|TAMS 0x0000000716600000| PB 0x0000000716600000| Complete |  0
| 136|0x0000000716800000, 0x0000000716a00000, 0x0000000716a00000|100%| E|CS|TAMS 0x0000000716800000| PB 0x0000000716800000| Complete |  0
| 137|0x0000000716a00000, 0x0000000716c00000, 0x0000000716c00000|100%| E|CS|TAMS 0x0000000716a00000| PB 0x0000000716a00000| Complete |  0
| 138|0x0000000716c00000, 0x0000000716e00000, 0x0000000716e00000|100%| E|CS|TAMS 0x0000000716c00000| PB 0x0000000716c00000| Complete |  0
| 139|0x0000000716e00000, 0x0000000716fceca8, 0x0000000717000000| 90%| S|CS|TAMS 0x0000000716e00000| PB 0x0000000716e00000| Complete |  0
| 140|0x0000000717000000, 0x0000000717200000, 0x0000000717200000|100%| E|CS|TAMS 0x0000000717000000| PB 0x0000000717000000| Complete |  0
| 141|0x0000000717200000, 0x0000000717400000, 0x0000000717400000|100%| E|CS|TAMS 0x0000000717200000| PB 0x0000000717200000| Complete |  0
| 142|0x0000000717400000, 0x0000000717600000, 0x0000000717600000|100%| E|CS|TAMS 0x0000000717400000| PB 0x0000000717400000| Complete |  0
| 143|0x0000000717600000, 0x0000000717800000, 0x0000000717800000|100%| E|CS|TAMS 0x0000000717600000| PB 0x0000000717600000| Complete |  0
| 144|0x0000000717800000, 0x0000000717a00000, 0x0000000717a00000|100%| E|CS|TAMS 0x0000000717800000| PB 0x0000000717800000| Complete |  0
| 145|0x0000000717a00000, 0x0000000717c00000, 0x0000000717c00000|100%| E|CS|TAMS 0x0000000717a00000| PB 0x0000000717a00000| Complete |  0
| 146|0x0000000717c00000, 0x0000000717e00000, 0x0000000717e00000|100%| E|CS|TAMS 0x0000000717c00000| PB 0x0000000717c00000| Complete |  0
| 147|0x0000000717e00000, 0x0000000718000000, 0x0000000718000000|100%| E|CS|TAMS 0x0000000717e00000| PB 0x0000000717e00000| Complete |  0
| 148|0x0000000718000000, 0x0000000718200000, 0x0000000718200000|100%| E|CS|TAMS 0x0000000718000000| PB 0x0000000718000000| Complete |  0
| 149|0x0000000718200000, 0x0000000718400000, 0x0000000718400000|100%| E|CS|TAMS 0x0000000718200000| PB 0x0000000718200000| Complete |  0
| 150|0x0000000718400000, 0x0000000718600000, 0x0000000718600000|100%| E|CS|TAMS 0x0000000718400000| PB 0x0000000718400000| Complete |  0
| 151|0x0000000718600000, 0x0000000718800000, 0x0000000718800000|100%| E|CS|TAMS 0x0000000718600000| PB 0x0000000718600000| Complete |  0
| 152|0x0000000718800000, 0x0000000718a00000, 0x0000000718a00000|100%| E|CS|TAMS 0x0000000718800000| PB 0x0000000718800000| Complete |  0
| 153|0x0000000718a00000, 0x0000000718c00000, 0x0000000718c00000|100%| E|CS|TAMS 0x0000000718a00000| PB 0x0000000718a00000| Complete |  0
| 154|0x0000000718c00000, 0x0000000718e00000, 0x0000000718e00000|100%| E|CS|TAMS 0x0000000718c00000| PB 0x0000000718c00000| Complete |  0
| 155|0x0000000718e00000, 0x0000000719000000, 0x0000000719000000|100%| E|CS|TAMS 0x0000000718e00000| PB 0x0000000718e00000| Complete |  0
| 156|0x0000000719000000, 0x0000000719200000, 0x0000000719200000|100%| E|CS|TAMS 0x0000000719000000| PB 0x0000000719000000| Complete |  0
| 157|0x0000000719200000, 0x0000000719400000, 0x0000000719400000|100%| E|CS|TAMS 0x0000000719200000| PB 0x0000000719200000| Complete |  0
| 158|0x0000000719400000, 0x0000000719600000, 0x0000000719600000|100%| E|CS|TAMS 0x0000000719400000| PB 0x0000000719400000| Complete |  0
| 159|0x0000000719600000, 0x0000000719800000, 0x0000000719800000|100%| E|CS|TAMS 0x0000000719600000| PB 0x0000000719600000| Complete |  0
| 160|0x0000000719800000, 0x0000000719a00000, 0x0000000719a00000|100%| E|CS|TAMS 0x0000000719800000| PB 0x0000000719800000| Complete |  0
| 161|0x0000000719a00000, 0x0000000719c00000, 0x0000000719c00000|100%| E|CS|TAMS 0x0000000719a00000| PB 0x0000000719a00000| Complete |  0
| 162|0x0000000719c00000, 0x0000000719e00000, 0x0000000719e00000|100%| E|CS|TAMS 0x0000000719c00000| PB 0x0000000719c00000| Complete |  0
|2003|0x00000007ffe00000, 0x0000000800000000, 0x0000000800000000|100%| E|CS|TAMS 0x00000007ffe00000| PB 0x00000007ffe00000| Complete |  0

Card table byte_map: [0x000001c57a190000,0x000001c57a970000] _byte_map_base: 0x000001c576964000

Marking Bits: (CMBitMap*) 0x000001c570b2f6f0
 Bits: [0x000001c57a970000, 0x000001c57e810000)

Polling page: 0x000001c570290000

Metaspace:
Metaspace        used 22204K, committed 22400K, reserved 1114112K
 class space     used 2385K, committed 2496K, reserved 1048576K

Usage:
  Non-class:     19.35 MB used.
      Class:      2.33 MB used.
       Both:     21.68 MB used.

Virtual space:
  Non-class space:       64.00 MB reserved,      19.44 MB ( 30%) committed,  1 nodes.
      Class space:        1.00 GB reserved,       2.44 MB ( <1%) committed,  1 nodes.
             Both:        1.06 GB reserved,      21.88 MB (  2%) committed. 

Chunk freelists:
   Non-Class:  12.38 MB
       Class:  13.51 MB
        Both:  25.89 MB

MaxMetaspaceSize: unlimited
CompressedClassSpaceSize: 1.00 GB
Initial GC threshold: 21.00 MB
Current GC threshold: 31.50 MB
CDS: on
 - commit_granule_bytes: 65536.
 - commit_granule_words: 8192.
 - virtual_space_node_default_size: 8388608.
 - enlarge_chunks_in_place: 1.
UseCompressedClassPointers 1, UseCompactObjectHeaders 0
Narrow klass pointer bits 32, Max shift 3
Narrow klass base: 0x0000000012000000, Narrow klass shift: 0
Encoding Range: [0x0000000012000000 - 0x0000000112000000), (4294967296 bytes)
Klass Range:    [0x0000000012010000 - 0x0000000053000000), (1090453504 bytes)
Klass ID Range:  [65536 - 1090519033) (1090453497)
Protection zone: [0x0000000012000000 - 0x0000000012010000), (65536 bytes)


Internal statistics:

num_allocs_failed_limit: 0.
num_arena_births: 190.
num_arena_deaths: 0.
num_vsnodes_births: 2.
num_vsnodes_deaths: 0.
num_space_committed: 350.
num_space_uncommitted: 0.
num_chunks_returned_to_freelist: 0.
num_chunks_taken_from_freelist: 703.
num_chunk_merges: 0.
num_chunk_splits: 484.
num_chunks_enlarged: 391.
num_inconsistent_stats: 0.

CodeHeap 'non-profiled nmethods': size=120064Kb used=1537Kb max_used=1537Kb free=118526Kb
 bounds [0x000001c507ac0000, 0x000001c507d30000, 0x000001c50f000000]
CodeHeap 'profiled nmethods': size=120000Kb used=6926Kb max_used=6926Kb free=113073Kb
 bounds [0x000001c500000000, 0x000001c5006d0000, 0x000001c507530000]
CodeHeap 'non-nmethods': size=5696Kb used=1865Kb max_used=1898Kb free=3830Kb
 bounds [0x000001c507530000, 0x000001c5077a0000, 0x000001c507ac0000]
CodeCache: size=245760Kb, used=10328Kb, max_used=10361Kb, free=235429Kb
 total_blobs=5430, nmethods=4437, adapters=895, full_count=0
Compilation: enabled, stopped_count=0, restarted_count=0

Compilation events (20 events):
Event: 17.903 Thread 0x000001c57f3b2200 4685       3       sun.util.logging.internal.LoggingProviderImpl$JULWrapper::toJUL (40 bytes)
Event: 17.903 Thread 0x000001c57f3b2200 nmethod 4685 0x000001c5006c1588 code [0x000001c5006c1680, 0x000001c5006c18a0]
Event: 17.903 Thread 0x000001c57f3b2200 4686       3       sun.util.logging.internal.LoggingProviderImpl$JULWrapper::isLoggable (12 bytes)
Event: 17.904 Thread 0x000001c57f3b2200 nmethod 4686 0x000001c5006c1908 code [0x000001c5006c1a00, 0x000001c5006c1d40]
Event: 17.910 Thread 0x000001c57f3af5e0 4687   !   4       javafx.scene.Node::intersectsBounds (1005 bytes)
Event: 17.910 Thread 0x000001c57f3b2200 4688       3       com.sun.javafx.geom.transform.Translate2D::transform (48 bytes)
Event: 17.910 Thread 0x000001c57f3b2200 nmethod 4688 0x000001c5006c1d88 code [0x000001c5006c1e80, 0x000001c5006c2118]
Event: 17.918 Thread 0x000001c57f3b2200 4689       3       java.lang.invoke.MethodHandle::asTypeCached (52 bytes)
Event: 17.918 Thread 0x000001c57f3b2200 nmethod 4689 0x000001c5006c2188 code [0x000001c5006c2280, 0x000001c5006c2670]
Event: 17.927 Thread 0x000001c57f3af5e0 nmethod 4687 0x000001c507c3f588 code [0x000001c507c3f6a0, 0x000001c507c404c8]
Event: 18.005 Thread 0x000001c57f3b2200 4691       3       java.util.concurrent.locks.AbstractOwnableSynchronizer::<init> (5 bytes)
Event: 18.005 Thread 0x000001c57f3b2200 nmethod 4691 0x000001c5006c2688 code [0x000001c5006c2780, 0x000001c5006c28e0]
Event: 18.005 Thread 0x000001c57f3b2200 4690       3       java.util.concurrent.locks.AbstractQueuedSynchronizer::<init> (5 bytes)
Event: 18.005 Thread 0x000001c57f3b2200 nmethod 4690 0x000001c5006c2988 code [0x000001c5006c2a80, 0x000001c5006c2c40]
Event: 18.005 Thread 0x000001c57f3b2200 4692       3       java.util.ArrayList::toArray (57 bytes)
Event: 18.006 Thread 0x000001c57f3b2200 nmethod 4692 0x000001c5006c2c88 code [0x000001c5006c2d80, 0x000001c5006c3330]
Event: 19.417 Thread 0x000001c57f3b2200 4693       3       java.util.Collections$3::hasMoreElements (10 bytes)
Event: 19.417 Thread 0x000001c57f3b2200 nmethod 4693 0x000001c5006c3388 code [0x000001c5006c3480, 0x000001c5006c3658]
Event: 19.417 Thread 0x000001c57f3b2200 4694       3       java.util.Collections$3::nextElement (10 bytes)
Event: 19.417 Thread 0x000001c57f3b2200 nmethod 4694 0x000001c5006c3688 code [0x000001c5006c3780, 0x000001c5006c3950]

GC Heap Usage History (16 events):
Event: 1.433 {heap Before GC invocations=0 (full 0):
 garbage-first heap   total reserved 4104192K, committed 260096K, used 52371K [0x0000000705800000, 0x0000000800000000)
  region size 2048K, 24 young (49152K), 0 survivors (0K)
}
Event: 1.443 {heap After GC invocations=1 (full 0):
 garbage-first heap   total reserved 4104192K, committed 260096K, used 11855K [0x0000000705800000, 0x0000000800000000)
  region size 2048K, 3 young (6144K), 3 survivors (6144K)
}
Event: 2.267 {heap Before GC invocations=1 (full 0):
 garbage-first heap   total reserved 4104192K, committed 260096K, used 120399K [0x0000000705800000, 0x0000000800000000)
  region size 2048K, 56 young (114688K), 3 survivors (6144K)
}
Event: 2.277 {heap After GC invocations=2 (full 0):
 garbage-first heap   total reserved 4104192K, committed 260096K, used 12041K [0x0000000705800000, 0x0000000800000000)
  region size 2048K, 4 young (8192K), 4 survivors (8192K)
}
Event: 3.076 {heap Before GC invocations=2 (full 0):
 garbage-first heap   total reserved 4104192K, committed 260096K, used 208649K [0x0000000705800000, 0x0000000800000000)
  region size 2048K, 50 young (102400K), 4 survivors (8192K)
}
Event: 3.081 {heap After GC invocations=3 (full 0):
 garbage-first heap   total reserved 4104192K, committed 260096K, used 126543K [0x0000000705800000, 0x0000000800000000)
  region size 2048K, 7 young (14336K), 7 survivors (14336K)
}
Event: 3.087 {heap Before GC invocations=3 (full 0):
 garbage-first heap   total reserved 4104192K, committed 260096K, used 128591K [0x0000000705800000, 0x0000000800000000)
  region size 2048K, 8 young (16384K), 7 survivors (14336K)
}
Event: 3.091 {heap After GC invocations=4 (full 0):
 garbage-first heap   total reserved 4104192K, committed 260096K, used 128783K [0x0000000705800000, 0x0000000800000000)
  region size 2048K, 1 young (2048K), 1 survivors (2048K)
}
Event: 8.133 {heap Before GC invocations=5 (full 0):
 garbage-first heap   total reserved 4104192K, committed 260096K, used 253711K [0x0000000705800000, 0x0000000800000000)
  region size 2048K, 34 young (69632K), 1 survivors (2048K)
}
Event: 8.143 {heap After GC invocations=6 (full 0):
 garbage-first heap   total reserved 4104192K, committed 272384K, used 198384K [0x0000000705800000, 0x0000000800000000)
  region size 2048K, 6 young (12288K), 6 survivors (12288K)
}
Event: 11.559 {heap Before GC invocations=6 (full 0):
 garbage-first heap   total reserved 4104192K, committed 272384K, used 243440K [0x0000000705800000, 0x0000000800000000)
  region size 2048K, 28 young (57344K), 6 survivors (12288K)
}
Event: 11.568 {heap After GC invocations=7 (full 0):
 garbage-first heap   total reserved 4104192K, committed 272384K, used 200594K [0x0000000705800000, 0x0000000800000000)
  region size 2048K, 1 young (2048K), 1 survivors (2048K)
}
Event: 14.280 {heap Before GC invocations=7 (full 0):
 garbage-first heap   total reserved 4104192K, committed 272384K, used 247698K [0x0000000705800000, 0x0000000800000000)
  region size 2048K, 24 young (49152K), 1 survivors (2048K)
}
Event: 14.282 {heap After GC invocations=8 (full 0):
 garbage-first heap   total reserved 4104192K, committed 272384K, used 198393K [0x0000000705800000, 0x0000000800000000)
  region size 2048K, 1 young (2048K), 1 survivors (2048K)
}
Event: 17.256 {heap Before GC invocations=9 (full 0):
 garbage-first heap   total reserved 4104192K, committed 335872K, used 249593K [0x0000000705800000, 0x0000000800000000)
  region size 2048K, 26 young (53248K), 1 survivors (2048K)
}
Event: 17.258 {heap After GC invocations=10 (full 0):
 garbage-first heap   total reserved 4104192K, committed 335872K, used 200006K [0x0000000705800000, 0x0000000800000000)
  region size 2048K, 1 young (2048K), 1 survivors (2048K)
}

Metaspace Usage History (16 events):
Event: 1.433 {metaspace Before GC invocations=0 (full 0):
 Metaspace       used 13128K, committed 13376K, reserved 1114112K
  class space    used 1097K, committed 1216K, reserved 1048576K
}
Event: 1.443 {metaspace After GC invocations=1 (full 0):
 Metaspace       used 13128K, committed 13376K, reserved 1114112K
  class space    used 1097K, committed 1216K, reserved 1048576K
}
Event: 2.267 {metaspace Before GC invocations=1 (full 0):
 Metaspace       used 13239K, committed 13504K, reserved 1114112K
  class space    used 1103K, committed 1216K, reserved 1048576K
}
Event: 2.277 {metaspace After GC invocations=2 (full 0):
 Metaspace       used 13239K, committed 13504K, reserved 1114112K
  class space    used 1103K, committed 1216K, reserved 1048576K
}
Event: 3.076 {metaspace Before GC invocations=2 (full 0):
 Metaspace       used 14687K, committed 14912K, reserved 1114112K
  class space    used 1331K, committed 1408K, reserved 1048576K
}
Event: 3.081 {metaspace After GC invocations=3 (full 0):
 Metaspace       used 14687K, committed 14912K, reserved 1114112K
  class space    used 1331K, committed 1408K, reserved 1048576K
}
Event: 3.087 {metaspace Before GC invocations=3 (full 0):
 Metaspace       used 14688K, committed 14912K, reserved 1114112K
  class space    used 1331K, committed 1408K, reserved 1048576K
}
Event: 3.091 {metaspace After GC invocations=4 (full 0):
 Metaspace       used 14688K, committed 14912K, reserved 1114112K
  class space    used 1331K, committed 1408K, reserved 1048576K
}
Event: 8.133 {metaspace Before GC invocations=5 (full 0):
 Metaspace       used 18758K, committed 19008K, reserved 1114112K
  class space    used 1862K, committed 1984K, reserved 1048576K
}
Event: 8.143 {metaspace After GC invocations=6 (full 0):
 Metaspace       used 18758K, committed 19008K, reserved 1114112K
  class space    used 1862K, committed 1984K, reserved 1048576K
}
Event: 11.559 {metaspace Before GC invocations=6 (full 0):
 Metaspace       used 18983K, committed 19264K, reserved 1114112K
  class space    used 1862K, committed 1984K, reserved 1048576K
}
Event: 11.568 {metaspace After GC invocations=7 (full 0):
 Metaspace       used 18983K, committed 19264K, reserved 1114112K
  class space    used 1862K, committed 1984K, reserved 1048576K
}
Event: 14.280 {metaspace Before GC invocations=7 (full 0):
 Metaspace       used 19071K, committed 19328K, reserved 1114112K
  class space    used 1862K, committed 1984K, reserved 1048576K
}
Event: 14.282 {metaspace After GC invocations=8 (full 0):
 Metaspace       used 19071K, committed 19328K, reserved 1114112K
  class space    used 1862K, committed 1984K, reserved 1048576K
}
Event: 17.256 {metaspace Before GC invocations=9 (full 0):
 Metaspace       used 21033K, committed 21312K, reserved 1114112K
  class space    used 2226K, committed 2368K, reserved 1048576K
}
Event: 17.258 {metaspace After GC invocations=10 (full 0):
 Metaspace       used 21033K, committed 21312K, reserved 1114112K
  class space    used 2226K, committed 2368K, reserved 1048576K
}

Dll operation events (20 events):
Event: 0.373 Loaded shared library C:\Users\HP\Downloads\openjfx-25_windows-x64_bin-sdk\javafx-sdk-25\bin\api-ms-win-crt-multibyte-l1-1-0.dll
Event: 0.373 Loaded shared library C:\Users\HP\Downloads\openjfx-25_windows-x64_bin-sdk\javafx-sdk-25\bin\api-ms-win-crt-private-l1-1-0.dll
Event: 0.374 Loaded shared library C:\Users\HP\Downloads\openjfx-25_windows-x64_bin-sdk\javafx-sdk-25\bin\api-ms-win-crt-process-l1-1-0.dll
Event: 0.375 Loaded shared library C:\Users\HP\Downloads\openjfx-25_windows-x64_bin-sdk\javafx-sdk-25\bin\api-ms-win-crt-runtime-l1-1-0.dll
Event: 0.375 Loaded shared library C:\Users\HP\Downloads\openjfx-25_windows-x64_bin-sdk\javafx-sdk-25\bin\api-ms-win-crt-stdio-l1-1-0.dll
Event: 0.376 Loaded shared library C:\Users\HP\Downloads\openjfx-25_windows-x64_bin-sdk\javafx-sdk-25\bin\api-ms-win-crt-string-l1-1-0.dll
Event: 0.377 Loaded shared library C:\Users\HP\Downloads\openjfx-25_windows-x64_bin-sdk\javafx-sdk-25\bin\api-ms-win-crt-time-l1-1-0.dll
Event: 0.377 Loaded shared library C:\Users\HP\Downloads\openjfx-25_windows-x64_bin-sdk\javafx-sdk-25\bin\api-ms-win-crt-utility-l1-1-0.dll
Event: 0.378 Loaded shared library C:\Users\HP\Downloads\openjfx-25_windows-x64_bin-sdk\javafx-sdk-25\bin\ucrtbase.dll
Event: 0.379 Loaded shared library C:\Users\HP\Downloads\openjfx-25_windows-x64_bin-sdk\javafx-sdk-25\bin\vcruntime140.dll
Event: 0.380 Loaded shared library C:\Users\HP\Downloads\openjfx-25_windows-x64_bin-sdk\javafx-sdk-25\bin\vcruntime140_1.dll
Event: 0.381 Loaded shared library C:\Users\HP\Downloads\openjfx-25_windows-x64_bin-sdk\javafx-sdk-25\bin\msvcp140.dll
Event: 0.382 Loaded shared library C:\Users\HP\Downloads\openjfx-25_windows-x64_bin-sdk\javafx-sdk-25\bin\msvcp140_1.dll
Event: 0.383 Loaded shared library C:\Users\HP\Downloads\openjfx-25_windows-x64_bin-sdk\javafx-sdk-25\bin\msvcp140_2.dll
Event: 0.401 Loaded shared library C:\Users\HP\Downloads\openjfx-25_windows-x64_bin-sdk\javafx-sdk-25\bin\prism_d3d.dll
Event: 0.480 Loaded shared library C:\Users\HP\Downloads\openjfx-25_windows-x64_bin-sdk\javafx-sdk-25\bin\glass.dll
Event: 0.636 Loaded shared library C:\Users\HP\.jdks\openjdk-25\bin\freetype.dll
Event: 0.636 Loaded shared library C:\Users\HP\.jdks\openjdk-25\bin\fontmanager.dll
Event: 2.788 Loaded shared library C:\Users\HP\Downloads\openjfx-25_windows-x64_bin-sdk\javafx-sdk-25\bin\javafx_iio.dll
Event: 3.336 Loaded shared library C:\Users\HP\Downloads\openjfx-25_windows-x64_bin-sdk\javafx-sdk-25\bin\javafx_font.dll

Deoptimization events (20 events):
Event: 17.739 Thread 0x000001c515656a00 Uncommon trap: trap_request=0xffffff66 fr.pc=0x000001c507c3d5b0 relative=0x0000000000000130
Event: 17.739 Thread 0x000001c515656a00 Uncommon trap: reason=loop_limit_check action=maybe_recompile pc=0x000001c507c3d5b0 method=javafx.scene.Parent.pickChildrenNode(Lcom/sun/javafx/geom/PickRay;Lcom/sun/javafx/scene/input/PickResultChooser;)Z @ 17 c2
Event: 17.739 Thread 0x000001c515656a00 DEOPT PACKING pc=0x000001c507c3d5b0 sp=0x0000005e54efc1e0
Event: 17.739 Thread 0x000001c515656a00 DEOPT UNPACKING pc=0x000001c50764f882 sp=0x0000005e54efc1e0 mode 2
Event: 17.829 Thread 0x000001c515656a00 Uncommon trap: trap_request=0xffffffec fr.pc=0x000001c507bf49e4 relative=0x00000000000004c4
Event: 17.829 Thread 0x000001c515656a00 Uncommon trap: reason=null_assert_or_unreached0 action=make_not_entrant pc=0x000001c507bf49e4 method=javafx.scene.Node.getEffect()Ljavafx/scene/effect/Effect; @ 4 c2
Event: 17.829 Thread 0x000001c515656a00 DEOPT PACKING pc=0x000001c507bf49e4 sp=0x0000005e54efc040
Event: 17.829 Thread 0x000001c515656a00 DEOPT UNPACKING pc=0x000001c50764f882 sp=0x0000005e54efbdf8 mode 2
Event: 17.829 Thread 0x000001c515653350 Uncommon trap: trap_request=0xffffff45 fr.pc=0x000001c507afb81c relative=0x000000000000019c
Event: 17.829 Thread 0x000001c515653350 Uncommon trap: reason=unstable_if action=reinterpret pc=0x000001c507afb81c method=com.sun.javafx.sg.prism.NGNode.computeNodeRenderRoot(Lcom/sun/javafx/sg/prism/NodePath;Lcom/sun/javafx/geom/RectBounds;ILcom/sun/javafx/geom/transform/BaseTransform;Lcom/sun
Event: 17.829 Thread 0x000001c515653350 DEOPT PACKING pc=0x000001c507afb81c sp=0x0000005e548fe4e0
Event: 17.829 Thread 0x000001c515653350 DEOPT UNPACKING pc=0x000001c50764f882 sp=0x0000005e548fe480 mode 2
Event: 17.910 Thread 0x000001c515656a00 Uncommon trap: trap_request=0xffffffde fr.pc=0x000001c507bf1984 relative=0x00000000000003e4
Event: 17.910 Thread 0x000001c515656a00 Uncommon trap: reason=class_check action=maybe_recompile pc=0x000001c507bf1984 method=javafx.scene.Node.updateLocalToParentTransform()V @ 11 c2
Event: 17.910 Thread 0x000001c515656a00 DEOPT PACKING pc=0x000001c507bf1984 sp=0x0000005e54ef7fa0
Event: 17.910 Thread 0x000001c515656a00 DEOPT UNPACKING pc=0x000001c50764f882 sp=0x0000005e54ef7f10 mode 2
Event: 18.046 Thread 0x000001c515656a00 Uncommon trap: trap_request=0xffffff45 fr.pc=0x000001c507b75c78 relative=0x00000000000001f8
Event: 18.046 Thread 0x000001c515656a00 Uncommon trap: reason=unstable_if action=reinterpret pc=0x000001c507b75c78 method=java.util.HashMap$HashIterator.<init>(Ljava/util/HashMap;)V @ 50 c2
Event: 18.047 Thread 0x000001c515656a00 DEOPT PACKING pc=0x000001c507b75c78 sp=0x0000005e54efb8c0
Event: 18.047 Thread 0x000001c515656a00 DEOPT UNPACKING pc=0x000001c50764f882 sp=0x0000005e54efb878 mode 2

Classes loaded (20 events):
Event: 17.340 Loading class jdk/internal/foreign/ConfinedSession$ConfinedResourceList
Event: 17.340 Loading class jdk/internal/foreign/MemorySessionImpl$ResourceList
Event: 17.340 Loading class jdk/internal/foreign/MemorySessionImpl$ResourceList done
Event: 17.340 Loading class jdk/internal/foreign/ConfinedSession$ConfinedResourceList done
Event: 17.344 Loading class jdk/internal/foreign/Utils$1VarHandleCache
Event: 17.344 Loading class jdk/internal/foreign/Utils$1VarHandleCache done
Event: 17.344 Loading class java/lang/invoke/VarHandleSegmentAsInts
Event: 17.344 Loading class java/lang/invoke/VarHandleSegmentAsInts done
Event: 17.344 Loading class java/lang/invoke/VarHandleSegmentAsIntsAligned
Event: 17.344 Loading class java/lang/invoke/VarHandleSegmentAsIntsAligned done
Event: 17.357 Loading class java/lang/FdLibm$Atan2
Event: 17.357 Loading class java/lang/FdLibm$Atan2 done
Event: 17.357 Loading class java/lang/FdLibm
Event: 17.357 Loading class java/lang/FdLibm done
Event: 17.360 Loading class java/lang/FdLibm$Hypot
Event: 17.360 Loading class java/lang/FdLibm$Hypot done
Event: 18.004 Loading class java/util/concurrent/LinkedBlockingQueue$Itr
Event: 18.004 Loading class java/util/concurrent/LinkedBlockingQueue$Itr done
Event: 19.412 Loading class jdk/internal/misc/Signal$1
Event: 19.412 Loading class jdk/internal/misc/Signal$1 done

Classes unloaded (0 events):
No events

Classes redefined (0 events):
No events

Internal exceptions (20 events):
Event: 0.855 Thread 0x000001c5155143f0 Exception <a 'java/lang/NoSuchMethodError'{0x0000000714b07c08}: 'void java.lang.invoke.DirectMethodHandle$Holder.invokeVirtual(java.lang.Object, java.lang.Object)'> (0x0000000714b07c08) 
thrown [s\open\src\hotspot\share\interpreter\linkResolver.cpp, line 804]
Event: 0.878 Thread 0x000001c5155194a0 Exception <a 'java/lang/NoSuchMethodError'{0x0000000712a59280}: 'void java.lang.invoke.DelegatingMethodHandle$Holder.reinvoke_L(java.lang.Object, java.lang.Object, java.lang.Object, long, float)'> (0x0000000712a59280) 
thrown [s\open\src\hotspot\share\interpreter\linkResolver.cpp, line 804]
Event: 0.879 Thread 0x000001c5155194a0 Exception <a 'java/lang/NoSuchMethodError'{0x0000000712a71270}: 'java.lang.Object java.lang.invoke.DirectMethodHandle$Holder.invokeStatic(java.lang.Object, java.lang.Object, java.lang.Object, java.lang.Object, long)'> (0x0000000712a71270) 
thrown [s\open\src\hotspot\share\interpreter\linkResolver.cpp, line 804]
Event: 0.881 Thread 0x000001c5155194a0 Exception <a 'java/lang/NoSuchMethodError'{0x0000000712a934b0}: 'float java.lang.invoke.DelegatingMethodHandle$Holder.reinvoke_L(java.lang.Object, java.lang.Object, java.lang.Object, long)'> (0x0000000712a934b0) 
thrown [s\open\src\hotspot\share\interpreter\linkResolver.cpp, line 804]
Event: 2.713 Thread 0x000001c515656a00 Exception <a 'java/lang/NoSuchMethodError'{0x0000000712562d88}: 'java.lang.Object java.lang.invoke.DirectMethodHandle$Holder.invokeStaticInit(java.lang.Object, java.lang.Object, java.lang.Object, java.lang.Object)'> (0x0000000712562d88) 
thrown [s\open\src\hotspot\share\interpreter\linkResolver.cpp, line 804]
Event: 2.782 Thread 0x000001c515656a00 Exception <a 'java/lang/NullPointerException'{0x00000007115a1c58}> (0x00000007115a1c58) 
thrown [s\open\src\hotspot\share\interpreter\linkResolver.cpp, line 1416]
Event: 3.357 Thread 0x000001c515656a00 Exception <a 'java/lang/NoSuchMethodError'{0x0000000713660d68}: 'void java.lang.invoke.DirectMethodHandle$Holder.invokeSpecialIFC(java.lang.Object, java.lang.Object, java.lang.Object)'> (0x0000000713660d68) 
thrown [s\open\src\hotspot\share\interpreter\linkResolver.cpp, line 804]
Event: 3.383 Thread 0x000001c515656a00 Implicit null exception at 0x000001c507b24f79 to 0x000001c507b2505c
Event: 3.635 Thread 0x000001c515656a00 Exception <a 'java/lang/NoSuchMethodError'{0x00000007127f6600}: 'java.lang.Object java.lang.invoke.DirectMethodHandle$Holder.newInvokeSpecial(java.lang.Object, java.lang.Object, int)'> (0x00000007127f6600) 
thrown [s\open\src\hotspot\share\interpreter\linkResolver.cpp, line 804]
Event: 3.723 Thread 0x000001c515656a00 Exception <a 'java/lang/NoSuchMethodError'{0x00000007124f6ba0}: 'long java.lang.invoke.DirectMethodHandle$Holder.invokeStatic(java.lang.Object, java.lang.Object, java.lang.Object)'> (0x00000007124f6ba0) 
thrown [s\open\src\hotspot\share\interpreter\linkResolver.cpp, line 804]
Event: 3.723 Thread 0x000001c515656a00 Exception <a 'java/lang/NoSuchMethodError'{0x00000007124fea38}: 'long java.lang.invoke.DirectMethodHandle$Holder.invokeStaticInit(java.lang.Object, java.lang.Object, java.lang.Object)'> (0x00000007124fea38) 
thrown [s\open\src\hotspot\share\interpreter\linkResolver.cpp, line 804]
Event: 3.731 Thread 0x000001c515653350 Exception <a 'java/lang/NoSuchMethodError'{0x000000071238c040}: 'int java.lang.invoke.DirectMethodHandle$Holder.invokeStaticInit(java.lang.Object, java.lang.Object)'> (0x000000071238c040) 
thrown [s\open\src\hotspot\share\interpreter\linkResolver.cpp, line 804]
Event: 3.754 Thread 0x000001c515653350 Exception <a 'java/lang/NoSuchMethodError'{0x0000000712026788}: 'java.lang.Object java.lang.invoke.Invokers$Holder.invokeExact_MT(java.lang.Object, java.lang.Object, java.lang.Object, java.lang.Object, java.lang.Object, java.lang.Object)'> (0x0000000712026788) 
thrown [s\open\src\hotspot\share\interpreter\linkResolver.cpp, line 804]
Event: 6.749 Thread 0x000001c515656a00 Exception <a 'java/lang/NoSuchMethodError'{0x00000007119c1828}: 'java.lang.Object java.lang.invoke.DirectMethodHandle$Holder.invokeStatic(java.lang.Object, java.lang.Object, java.lang.Object, java.lang.Object, int)'> (0x00000007119c1828) 
thrown [s\open\src\hotspot\share\interpreter\linkResolver.cpp, line 804]
Event: 6.757 Thread 0x000001c515656a00 Exception <a 'java/lang/NoSuchMethodError'{0x0000000711788b38}: 'void java.lang.invoke.DirectMethodHandle$Holder.invokeSpecial(java.lang.Object, java.lang.Object, double)'> (0x0000000711788b38) 
thrown [s\open\src\hotspot\share\interpreter\linkResolver.cpp, line 804]
Event: 6.758 Thread 0x000001c515656a00 Exception <a 'java/lang/NoSuchMethodError'{0x0000000711797cf0}: 'java.lang.Object java.lang.invoke.DirectMethodHandle$Holder.newInvokeSpecial(java.lang.Object, java.lang.Object, double)'> (0x0000000711797cf0) 
thrown [s\open\src\hotspot\share\interpreter\linkResolver.cpp, line 804]
Event: 17.172 Thread 0x000001c515656a00 Exception <a 'java/lang/NoSuchMethodError'{0x0000000717720af8}: 'void java.lang.invoke.DirectMethodHandle$Holder.invokeStaticInit(java.lang.Object, java.lang.Object)'> (0x0000000717720af8) 
thrown [s\open\src\hotspot\share\interpreter\linkResolver.cpp, line 804]
Event: 17.199 Thread 0x000001c515656a00 Exception <a 'java/lang/NoSuchMethodError'{0x000000071747d2a8}: 'void java.lang.invoke.DirectMethodHandle$Holder.invokeStatic(java.lang.Object, java.lang.Object, java.lang.Object, java.lang.Object)'> (0x000000071747d2a8) 
thrown [s\open\src\hotspot\share\interpreter\linkResolver.cpp, line 804]
Event: 17.239 Thread 0x000001c515656a00 Exception <a 'java/lang/NoSuchMethodError'{0x000000071705d980}: 'java.lang.Object java.lang.invoke.DirectMethodHandle$Holder.invokeInterface(java.lang.Object, java.lang.Object, java.lang.Object)'> (0x000000071705d980) 
thrown [s\open\src\hotspot\share\interpreter\linkResolver.cpp, line 804]
Event: 17.239 Thread 0x000001c515656a00 Exception <a 'java/lang/IncompatibleClassChangeError'{0x0000000717065a10}: Found class java.lang.Object, but interface was expected> (0x0000000717065a10) 
thrown [s\open\src\hotspot\share\interpreter\linkResolver.cpp, line 871]

VM Operations (20 events):
Event: 17.094 Executing non-safepoint VM operation: HandshakeAllThreads (Deoptimize) done
Event: 17.096 Executing non-safepoint VM operation: HandshakeAllThreads (Deoptimize)
Event: 17.096 Executing non-safepoint VM operation: HandshakeAllThreads (Deoptimize) done
Event: 17.099 Executing non-safepoint VM operation: HandshakeAllThreads (Deoptimize)
Event: 17.099 Executing non-safepoint VM operation: HandshakeAllThreads (Deoptimize) done
Event: 17.112 Executing non-safepoint VM operation: HandshakeAllThreads (Deoptimize)
Event: 17.112 Executing non-safepoint VM operation: HandshakeAllThreads (Deoptimize) done
Event: 17.159 Executing non-safepoint VM operation: HandshakeAllThreads (Deoptimize)
Event: 17.159 Executing non-safepoint VM operation: HandshakeAllThreads (Deoptimize) done
Event: 17.174 Executing non-safepoint VM operation: HandshakeAllThreads (Deoptimize)
Event: 17.190 Executing non-safepoint VM operation: HandshakeAllThreads (Deoptimize) done
Event: 17.256 Executing safepoint VM operation: G1CollectForAllocation (G1 Evacuation Pause)
Event: 17.258 Executing safepoint VM operation: G1CollectForAllocation (G1 Evacuation Pause) done
Event: 17.260 Executing non-safepoint VM operation: HandshakeAllThreads (Deoptimize)
Event: 17.260 Executing non-safepoint VM operation: HandshakeAllThreads (Deoptimize) done
Event: 17.340 Executing non-safepoint VM operation: HandshakeAllThreads (Deoptimize)
Event: 17.340 Executing non-safepoint VM operation: HandshakeAllThreads (Deoptimize) done
Event: 17.354 Executing non-safepoint VM operation: HandshakeAllThreads (Deoptimize)
Event: 17.354 Executing non-safepoint VM operation: HandshakeAllThreads (Deoptimize) done
Event: 19.519 Executing safepoint VM operation: Exit

Memory protections (0 events):
No events

Nmethod flushes (20 events):
Event: 14.294 Thread 0x000001c57f3949c0 flushing  nmethod 0x000001c5002be088
Event: 14.294 Thread 0x000001c57f3949c0 flushing  nmethod 0x000001c5002be988
Event: 14.294 Thread 0x000001c57f3949c0 flushing  nmethod 0x000001c5002c1588
Event: 14.294 Thread 0x000001c57f3949c0 flushing  nmethod 0x000001c5002dad88
Event: 14.294 Thread 0x000001c57f3949c0 flushing  nmethod 0x000001c5002dbc08
Event: 14.294 Thread 0x000001c57f3949c0 flushing  nmethod 0x000001c5002dbf08
Event: 14.294 Thread 0x000001c57f3949c0 flushing  nmethod 0x000001c5002dca08
Event: 14.294 Thread 0x000001c57f3949c0 flushing  nmethod 0x000001c5002dcf88
Event: 14.294 Thread 0x000001c57f3949c0 flushing  nmethod 0x000001c5002dd488
Event: 14.294 Thread 0x000001c57f3949c0 flushing  nmethod 0x000001c5002ddf88
Event: 14.294 Thread 0x000001c57f3949c0 flushing  nmethod 0x000001c5002de288
Event: 14.294 Thread 0x000001c57f3949c0 flushing  nmethod 0x000001c5002f9488
Event: 14.294 Thread 0x000001c57f3949c0 flushing  nmethod 0x000001c5002f9a88
Event: 14.294 Thread 0x000001c57f3949c0 flushing  nmethod 0x000001c5002fa908
Event: 14.294 Thread 0x000001c57f3949c0 flushing  nmethod 0x000001c5002fda88
Event: 14.294 Thread 0x000001c57f3949c0 flushing  nmethod 0x000001c5002ff388
Event: 14.294 Thread 0x000001c57f3949c0 flushing  nmethod 0x000001c500335b88
Event: 14.294 Thread 0x000001c57f3949c0 flushing  nmethod 0x000001c500377488
Event: 14.294 Thread 0x000001c57f3949c0 flushing  nmethod 0x000001c500383a88
Event: 14.294 Thread 0x000001c57f3949c0 flushing  nmethod 0x000001c500384588

Events (20 events):
Event: 17.994 Thread 0x000001c57f770430 Thread added: 0x000001c57f770430
Event: 17.994 Thread 0x000001c5151ce160 Thread exited: 0x000001c5151ce160
Event: 17.994 Thread 0x000001c51f7cbf60 Thread exited: 0x000001c51f7cbf60
Event: 17.994 Thread 0x000001c57f770430 Thread exited: 0x000001c57f770430
Event: 17.994 Thread 0x000001c57f773ae0 Thread added: 0x000001c57f773ae0
Event: 17.994 Thread 0x000001c57f773ae0 Thread exited: 0x000001c57f773ae0
Event: 18.006 Thread 0x000001c57f76e4f0 Thread exited: 0x000001c57f76e4f0
Event: 19.413 Thread 0x000001c57f3aaf70 Thread added: 0x000001c57f76ecc0
Event: 19.414 Thread 0x000001c57f76ecc0 Thread added: 0x000001c57f770c00
Event: 19.414 Thread 0x000001c57f76ecc0 Thread added: 0x000001c57f774a80
Event: 19.414 Thread 0x000001c57f76ecc0 Thread added: 0x000001c57f773ae0
Event: 19.414 Thread 0x000001c57f76ecc0 Thread added: 0x000001c57f7713d0
Event: 19.416 Thread 0x000001c57f774a80 Thread exited: 0x000001c57f774a80
Event: 19.417 Thread 0x000001c57f7713d0 Thread exited: 0x000001c57f7713d0
Event: 19.417 Thread 0x000001c57f773ae0 Thread added: 0x000001c57f76dd20
Event: 19.419 Thread 0x000001c57f773ae0 Thread exited: 0x000001c57f773ae0
Event: 19.419 Thread 0x000001c57f76dd20 Thread exited: 0x000001c57f76dd20
Event: 19.427 Thread 0x000001c5155143f0 Thread exited: 0x000001c5155143f0
Event: 19.517 Thread 0x000001c57f76ecc0 Before exit entered
Event: 19.519 Thread 0x000001c57f3aaf70 Thread exited: 0x000001c57f3aaf70


Dynamic libraries:
0x00007ff758230000 - 0x00007ff75823e000 	C:\Users\HP\.jdks\openjdk-25\bin\java.exe
0x00007ff8fad50000 - 0x00007ff8faf67000 	C:\windows\SYSTEM32\ntdll.dll
0x00007ff8f1960000 - 0x00007ff8f1980000 	C:\Program Files\Avast Software\Avast\aswhook.dll
0x00007ff8f96a0000 - 0x00007ff8f9764000 	C:\windows\System32\KERNEL32.DLL
0x00007ff8f8520000 - 0x00007ff8f88f0000 	C:\windows\System32\KERNELBASE.dll
0x00007ff8f8920000 - 0x00007ff8f8a31000 	C:\windows\System32\ucrtbase.dll
0x00007ff8ce710000 - 0x00007ff8ce72e000 	C:\Users\HP\.jdks\openjdk-25\bin\VCRUNTIME140.dll
0x00007ff8a41f0000 - 0x00007ff8a4207000 	C:\Users\HP\.jdks\openjdk-25\bin\jli.dll
0x00007ff8f9d10000 - 0x00007ff8f9ebe000 	C:\windows\System32\USER32.dll
0x00007ff8cffe0000 - 0x00007ff8d0272000 	C:\windows\WinSxS\amd64_microsoft.windows.common-controls_6595b64144ccf1df_6.0.22621.4830_none_270fe7d773858e80\COMCTL32.dll
0x00007ff8fa850000 - 0x00007ff8fa8f7000 	C:\windows\System32\msvcrt.dll
0x00007ff8f88f0000 - 0x00007ff8f8916000 	C:\windows\System32\win32u.dll
0x00007ff8fa820000 - 0x00007ff8fa849000 	C:\windows\System32\GDI32.dll
0x00007ff8f82c0000 - 0x00007ff8f83db000 	C:\windows\System32\gdi32full.dll
0x00007ff8f8170000 - 0x00007ff8f820a000 	C:\windows\System32\msvcp_win.dll
0x00007ff8f99a0000 - 0x00007ff8f99d1000 	C:\windows\System32\IMM32.DLL
0x00007ff8f1990000 - 0x00007ff8f199c000 	C:\Users\HP\.jdks\openjdk-25\bin\vcruntime140_1.dll
0x00007ff884930000 - 0x00007ff8849bd000 	C:\Users\HP\.jdks\openjdk-25\bin\msvcp140.dll
0x00007ff806190000 - 0x00007ff806fef000 	C:\Users\HP\.jdks\openjdk-25\bin\server\jvm.dll
0x00007ff8f98e0000 - 0x00007ff8f9991000 	C:\windows\System32\ADVAPI32.dll
0x00007ff8f99e0000 - 0x00007ff8f9a87000 	C:\windows\System32\sechost.dll
0x00007ff8f8290000 - 0x00007ff8f82b8000 	C:\windows\System32\bcrypt.dll
0x00007ff8f97a0000 - 0x00007ff8f98b4000 	C:\windows\System32\RPCRT4.dll
0x00007ff8fac90000 - 0x00007ff8fad01000 	C:\windows\System32\WS2_32.dll
0x00007ff8ef070000 - 0x00007ff8ef0a4000 	C:\windows\SYSTEM32\WINMM.dll
0x00007ff8f7ed0000 - 0x00007ff8f7f1d000 	C:\windows\SYSTEM32\POWRPROF.dll
0x00007ff8ecf50000 - 0x00007ff8ecf5a000 	C:\windows\SYSTEM32\VERSION.dll
0x00007ff8f7eb0000 - 0x00007ff8f7ec3000 	C:\windows\SYSTEM32\UMPDC.dll
0x00007ff8f6fe0000 - 0x00007ff8f6ff8000 	C:\windows\SYSTEM32\kernel.appcore.dll
0x00007ff8ef5e0000 - 0x00007ff8ef5ea000 	C:\Users\HP\.jdks\openjdk-25\bin\jimage.dll
0x00007ff8f5940000 - 0x00007ff8f5b72000 	C:\windows\SYSTEM32\DBGHELP.DLL
0x00007ff8fa900000 - 0x00007ff8fac90000 	C:\windows\System32\combase.dll
0x00007ff8f93b0000 - 0x00007ff8f9487000 	C:\windows\System32\OLEAUT32.dll
0x00007ff8e4bb0000 - 0x00007ff8e4be2000 	C:\windows\SYSTEM32\dbgcore.DLL
0x00007ff8f83e0000 - 0x00007ff8f845b000 	C:\windows\System32\bcryptPrimitives.dll
0x00007ff8ee3e0000 - 0x00007ff8ee3f0000 	C:\Users\HP\.jdks\openjdk-25\bin\instrument.dll
0x00007ff8a41d0000 - 0x00007ff8a41ef000 	C:\Users\HP\.jdks\openjdk-25\bin\java.dll
0x00007ff8fa660000 - 0x00007ff8fa801000 	C:\windows\System32\ole32.dll
0x00007ff8f8b30000 - 0x00007ff8f93a8000 	C:\windows\System32\SHELL32.dll
0x00007ff8f5f50000 - 0x00007ff8f6860000 	C:\windows\SYSTEM32\windows.storage.dll
0x00007ff8f5e10000 - 0x00007ff8f5f4f000 	C:\windows\SYSTEM32\wintypes.dll
0x00007ff8f94a0000 - 0x00007ff8f95aa000 	C:\windows\System32\SHCORE.dll
0x00007ff8f8a40000 - 0x00007ff8f8a9e000 	C:\windows\System32\shlwapi.dll
0x00007ff8f7f30000 - 0x00007ff8f7f5b000 	C:\windows\SYSTEM32\profapi.dll
0x00007ff8a41b0000 - 0x00007ff8a41c7000 	C:\Users\HP\.jdks\openjdk-25\bin\zip.dll
0x00007ff8a4190000 - 0x00007ff8a41a2000 	C:\Users\HP\.jdks\openjdk-25\bin\net.dll
0x00007ff8f74c0000 - 0x00007ff8f752a000 	C:\windows\system32\mswsock.dll
0x00007ff8a4170000 - 0x00007ff8a4186000 	C:\Users\HP\.jdks\openjdk-25\bin\nio.dll
0x00007ff8ce700000 - 0x00007ff8ce709000 	C:\Users\HP\.jdks\openjdk-25\bin\extnet.dll
0x00007ff811ca0000 - 0x00007ff811e23000 	C:\Users\HP\.jdks\openjdk-25\bin\awt.dll
0x00007ff8f1f20000 - 0x00007ff8f1fb7000 	C:\windows\SYSTEM32\apphelp.dll
0x00007ff837450000 - 0x00007ff8374f2000 	C:\Users\HP\Downloads\openjfx-25_windows-x64_bin-sdk\javafx-sdk-25\bin\glib-lite.dll
0x00007ff811ab0000 - 0x00007ff811bad000 	C:\Users\HP\Downloads\openjfx-25_windows-x64_bin-sdk\javafx-sdk-25\bin\gstreamer-lite.dll
0x00007ff834050000 - 0x00007ff8340f2000 	C:\windows\SYSTEM32\DSOUND.dll
0x00007ff897d20000 - 0x00007ff897d49000 	C:\windows\SYSTEM32\winmmbase.dll
0x00007ff8121c0000 - 0x00007ff812271000 	C:\windows\SYSTEM32\ResampleDmo.DLL
0x00007ff8d7800000 - 0x00007ff8d780b000 	C:\windows\SYSTEM32\msdmo.dll
0x00007ff8992f0000 - 0x00007ff899318000 	C:\Users\HP\Downloads\openjfx-25_windows-x64_bin-sdk\javafx-sdk-25\bin\jfxmedia.dll
0x00007ff8f2980000 - 0x00007ff8f2a31000 	C:\windows\system32\uxtheme.dll
0x00007ff8f9ba0000 - 0x00007ff8f9cff000 	C:\windows\System32\MSCTF.dll
0x00007ff8f2bf0000 - 0x00007ff8f2c1b000 	C:\windows\system32\DWMAPI.DLL
0x00007ff8120a0000 - 0x00007ff8121a0000 	C:\windows\system32\opengl32.dll
0x00007ff89b430000 - 0x00007ff89b45d000 	C:\windows\SYSTEM32\GLU32.dll
0x00007ff8f2a80000 - 0x00007ff8f2ab7000 	C:\windows\SYSTEM32\dxcore.dll
0x000001c57f940000 - 0x000001c57f944000 	C:\Users\HP\Downloads\openjfx-25_windows-x64_bin-sdk\javafx-sdk-25\bin\api-ms-win-core-console-l1-1-0.dll
0x000001c57f950000 - 0x000001c57f954000 	C:\Users\HP\Downloads\openjfx-25_windows-x64_bin-sdk\javafx-sdk-25\bin\api-ms-win-core-console-l1-2-0.dll
0x000001c57f960000 - 0x000001c57f964000 	C:\Users\HP\Downloads\openjfx-25_windows-x64_bin-sdk\javafx-sdk-25\bin\api-ms-win-core-datetime-l1-1-0.dll
0x000001c57f970000 - 0x000001c57f974000 	C:\Users\HP\Downloads\openjfx-25_windows-x64_bin-sdk\javafx-sdk-25\bin\api-ms-win-core-debug-l1-1-0.dll
0x000001c57f980000 - 0x000001c57f984000 	C:\Users\HP\Downloads\openjfx-25_windows-x64_bin-sdk\javafx-sdk-25\bin\api-ms-win-core-errorhandling-l1-1-0.dll
0x000001c57f990000 - 0x000001c57f995000 	C:\Users\HP\Downloads\openjfx-25_windows-x64_bin-sdk\javafx-sdk-25\bin\api-ms-win-core-file-l1-1-0.dll
0x000001c57fa20000 - 0x000001c57fa24000 	C:\Users\HP\Downloads\openjfx-25_windows-x64_bin-sdk\javafx-sdk-25\bin\api-ms-win-core-file-l1-2-0.dll
0x000001c57fa30000 - 0x000001c57fa34000 	C:\Users\HP\Downloads\openjfx-25_windows-x64_bin-sdk\javafx-sdk-25\bin\api-ms-win-core-file-l2-1-0.dll
0x000001c57fa40000 - 0x000001c57fa44000 	C:\Users\HP\Downloads\openjfx-25_windows-x64_bin-sdk\javafx-sdk-25\bin\api-ms-win-core-handle-l1-1-0.dll
0x000001c57fa50000 - 0x000001c57fa54000 	C:\Users\HP\Downloads\openjfx-25_windows-x64_bin-sdk\javafx-sdk-25\bin\api-ms-win-core-heap-l1-1-0.dll
0x000001c57fa60000 - 0x000001c57fa64000 	C:\Users\HP\Downloads\openjfx-25_windows-x64_bin-sdk\javafx-sdk-25\bin\api-ms-win-core-interlocked-l1-1-0.dll
0x000001c57fa70000 - 0x000001c57fa74000 	C:\Users\HP\Downloads\openjfx-25_windows-x64_bin-sdk\javafx-sdk-25\bin\api-ms-win-core-libraryloader-l1-1-0.dll
0x000001c57fa80000 - 0x000001c57fa84000 	C:\Users\HP\Downloads\openjfx-25_windows-x64_bin-sdk\javafx-sdk-25\bin\api-ms-win-core-localization-l1-2-0.dll
0x000001c57fa90000 - 0x000001c57fa94000 	C:\Users\HP\Downloads\openjfx-25_windows-x64_bin-sdk\javafx-sdk-25\bin\api-ms-win-core-memory-l1-1-0.dll
0x000001c57faa0000 - 0x000001c57faa4000 	C:\Users\HP\Downloads\openjfx-25_windows-x64_bin-sdk\javafx-sdk-25\bin\api-ms-win-core-namedpipe-l1-1-0.dll
0x000001c57fab0000 - 0x000001c57fab4000 	C:\Users\HP\Downloads\openjfx-25_windows-x64_bin-sdk\javafx-sdk-25\bin\api-ms-win-core-processenvironment-l1-1-0.dll
0x000001c57fac0000 - 0x000001c57fac4000 	C:\Users\HP\Downloads\openjfx-25_windows-x64_bin-sdk\javafx-sdk-25\bin\api-ms-win-core-processthreads-l1-1-0.dll
0x000001c57fad0000 - 0x000001c57fad4000 	C:\Users\HP\Downloads\openjfx-25_windows-x64_bin-sdk\javafx-sdk-25\bin\api-ms-win-core-processthreads-l1-1-1.dll
0x000001c57fae0000 - 0x000001c57fae4000 	C:\Users\HP\Downloads\openjfx-25_windows-x64_bin-sdk\javafx-sdk-25\bin\api-ms-win-core-profile-l1-1-0.dll
0x000001c57faf0000 - 0x000001c57faf4000 	C:\Users\HP\Downloads\openjfx-25_windows-x64_bin-sdk\javafx-sdk-25\bin\api-ms-win-core-rtlsupport-l1-1-0.dll
0x000001c57fb00000 - 0x000001c57fb04000 	C:\Users\HP\Downloads\openjfx-25_windows-x64_bin-sdk\javafx-sdk-25\bin\api-ms-win-core-string-l1-1-0.dll
0x000001c57fb10000 - 0x000001c57fb14000 	C:\Users\HP\Downloads\openjfx-25_windows-x64_bin-sdk\javafx-sdk-25\bin\api-ms-win-core-synch-l1-1-0.dll
0x000001c57fb30000 - 0x000001c57fb34000 	C:\Users\HP\Downloads\openjfx-25_windows-x64_bin-sdk\javafx-sdk-25\bin\api-ms-win-core-synch-l1-2-0.dll
0x000001c57fb40000 - 0x000001c57fb44000 	C:\Users\HP\Downloads\openjfx-25_windows-x64_bin-sdk\javafx-sdk-25\bin\api-ms-win-core-sysinfo-l1-1-0.dll
0x000001c57fb50000 - 0x000001c57fb54000 	C:\Users\HP\Downloads\openjfx-25_windows-x64_bin-sdk\javafx-sdk-25\bin\api-ms-win-core-timezone-l1-1-0.dll
0x000001c57fb60000 - 0x000001c57fb64000 	C:\Users\HP\Downloads\openjfx-25_windows-x64_bin-sdk\javafx-sdk-25\bin\api-ms-win-core-util-l1-1-0.dll
0x000001c57fb70000 - 0x000001c57fb74000 	C:\Users\HP\Downloads\openjfx-25_windows-x64_bin-sdk\javafx-sdk-25\bin\api-ms-win-crt-conio-l1-1-0.dll
0x000001c57fb80000 - 0x000001c57fb85000 	C:\Users\HP\Downloads\openjfx-25_windows-x64_bin-sdk\javafx-sdk-25\bin\api-ms-win-crt-convert-l1-1-0.dll
0x000001c57fb90000 - 0x000001c57fb94000 	C:\Users\HP\Downloads\openjfx-25_windows-x64_bin-sdk\javafx-sdk-25\bin\api-ms-win-crt-environment-l1-1-0.dll
0x000001c57fba0000 - 0x000001c57fba4000 	C:\Users\HP\Downloads\openjfx-25_windows-x64_bin-sdk\javafx-sdk-25\bin\api-ms-win-crt-filesystem-l1-1-0.dll
0x000001c57fbb0000 - 0x000001c57fbb4000 	C:\Users\HP\Downloads\openjfx-25_windows-x64_bin-sdk\javafx-sdk-25\bin\api-ms-win-crt-heap-l1-1-0.dll
0x000001c57fbc0000 - 0x000001c57fbc4000 	C:\Users\HP\Downloads\openjfx-25_windows-x64_bin-sdk\javafx-sdk-25\bin\api-ms-win-crt-locale-l1-1-0.dll
0x000001c57fbd0000 - 0x000001c57fbd6000 	C:\Users\HP\Downloads\openjfx-25_windows-x64_bin-sdk\javafx-sdk-25\bin\api-ms-win-crt-math-l1-1-0.dll
0x000001c57fbe0000 - 0x000001c57fbe6000 	C:\Users\HP\Downloads\openjfx-25_windows-x64_bin-sdk\javafx-sdk-25\bin\api-ms-win-crt-multibyte-l1-1-0.dll
0x000001c57fbf0000 - 0x000001c57fc01000 	C:\Users\HP\Downloads\openjfx-25_windows-x64_bin-sdk\javafx-sdk-25\bin\api-ms-win-crt-private-l1-1-0.dll
0x000001c57fc10000 - 0x000001c57fc14000 	C:\Users\HP\Downloads\openjfx-25_windows-x64_bin-sdk\javafx-sdk-25\bin\api-ms-win-crt-process-l1-1-0.dll
0x000001c57fc20000 - 0x000001c57fc25000 	C:\Users\HP\Downloads\openjfx-25_windows-x64_bin-sdk\javafx-sdk-25\bin\api-ms-win-crt-runtime-l1-1-0.dll
0x000001c57fc30000 - 0x000001c57fc35000 	C:\Users\HP\Downloads\openjfx-25_windows-x64_bin-sdk\javafx-sdk-25\bin\api-ms-win-crt-stdio-l1-1-0.dll
0x000001c57fc40000 - 0x000001c57fc45000 	C:\Users\HP\Downloads\openjfx-25_windows-x64_bin-sdk\javafx-sdk-25\bin\api-ms-win-crt-string-l1-1-0.dll
0x000001c57fc50000 - 0x000001c57fc54000 	C:\Users\HP\Downloads\openjfx-25_windows-x64_bin-sdk\javafx-sdk-25\bin\api-ms-win-crt-time-l1-1-0.dll
0x000001c57fc60000 - 0x000001c57fc64000 	C:\Users\HP\Downloads\openjfx-25_windows-x64_bin-sdk\javafx-sdk-25\bin\api-ms-win-crt-utility-l1-1-0.dll
0x00007ff8108c0000 - 0x00007ff8109d1000 	C:\Users\HP\Downloads\openjfx-25_windows-x64_bin-sdk\javafx-sdk-25\bin\ucrtbase.dll
0x00007ff8a23c0000 - 0x00007ff8a23de000 	C:\Users\HP\Downloads\openjfx-25_windows-x64_bin-sdk\javafx-sdk-25\bin\vcruntime140.dll
0x00007ff8a4860000 - 0x00007ff8a486c000 	C:\Users\HP\Downloads\openjfx-25_windows-x64_bin-sdk\javafx-sdk-25\bin\vcruntime140_1.dll
0x00007ff848d90000 - 0x00007ff848e1d000 	C:\Users\HP\Downloads\openjfx-25_windows-x64_bin-sdk\javafx-sdk-25\bin\msvcp140.dll
0x00007ff8a3c20000 - 0x00007ff8a3c29000 	C:\Users\HP\Downloads\openjfx-25_windows-x64_bin-sdk\javafx-sdk-25\bin\msvcp140_1.dll
0x00007ff896fc0000 - 0x00007ff897001000 	C:\Users\HP\Downloads\openjfx-25_windows-x64_bin-sdk\javafx-sdk-25\bin\msvcp140_2.dll
0x00007ff884a20000 - 0x00007ff884a50000 	C:\Users\HP\Downloads\openjfx-25_windows-x64_bin-sdk\javafx-sdk-25\bin\prism_d3d.dll
0x00007ff81d490000 - 0x00007ff81d638000 	C:\windows\system32\d3d9.dll
0x00007ff8f2ae0000 - 0x00007ff8f2bd7000 	C:\windows\SYSTEM32\dxgi.dll
0x00007ff8f7bd0000 - 0x00007ff8f7c1e000 	C:\windows\SYSTEM32\cfgmgr32.dll
0x00007ff8ecf60000 - 0x00007ff8ed0c3000 	C:\windows\SYSTEM32\drvstore.dll
0x00007ff8ee070000 - 0x00007ff8ee0b9000 	C:\windows\SYSTEM32\directxdatabasehelper.dll
0x00007ff8eeb70000 - 0x00007ff8eee15000 	C:\windows\SYSTEM32\twinapi.appcore.dll
0x00007ff83c110000 - 0x00007ff83c159000 	C:\Users\HP\Downloads\openjfx-25_windows-x64_bin-sdk\javafx-sdk-25\bin\glass.dll
0x00007ff8f9a90000 - 0x00007ff8f9b92000 	C:\windows\System32\COMDLG32.dll
0x00007ff8fa080000 - 0x00007ff8fa130000 	C:\windows\System32\clbcatq.dll
0x00007ff8d55f0000 - 0x00007ff8d576d000 	C:\Windows\System32\Windows.UI.dll
0x00007ff8b97a0000 - 0x00007ff8b988d000 	C:\Windows\System32\Windows.Networking.Connectivity.dll
0x00007ff8bd070000 - 0x00007ff8bd1e5000 	C:\Windows\System32\Windows.UI.Immersive.dll
0x00007ff8ec640000 - 0x00007ff8ec658000 	C:\windows\System32\npmproxy.dll
0x00007ff8ee160000 - 0x00007ff8ee1ab000 	C:\Windows\System32\CapabilityAccessManagerClient.dll
0x00007ff8eefa0000 - 0x00007ff8ef026000 	C:\windows\SYSTEM32\wlanapi.dll
0x00007ff8f1fc0000 - 0x00007ff8f1fdf000 	C:\windows\SYSTEM32\MobileNetworking.dll

JVMTI agents:
C:\Program Files\JetBrains\IntelliJ IDEA Community Edition 2025.2.3\lib\idea_rt.jar path:C:\Users\HP\.jdks\openjdk-25\bin\instrument.dll, loaded, initialized, instrumentlib options:49827

dbghelp: loaded successfully - version: 4.0.5 - missing functions: none
symbol engine: initialized successfully - sym options: 0x614 - pdb path: .;C:\Users\HP\.jdks\openjdk-25\bin;C:\windows\SYSTEM32;C:\Program Files\Avast Software\Avast;C:\windows\WinSxS\amd64_microsoft.windows.common-controls_6595b64144ccf1df_6.0.22621.4830_none_270fe7d773858e80;C:\Users\HP\.jdks\openjdk-25\bin\server;C:\Users\HP\Downloads\openjfx-25_windows-x64_bin-sdk\javafx-sdk-25\bin;C:\windows\System32\DriverStore\FileRepository\iigd_dch.inf_amd64_64dc54263337697d;C:\Program Files\Common Files\Microsoft Shared\Ink

VM Arguments:
jvm_args: -javaagent:C:\Program Files\JetBrains\IntelliJ IDEA Community Edition 2025.2.3\lib\idea_rt.jar=49827 -Dfile.encoding=UTF-8 -Dsun.stdout.encoding=UTF-8 -Dsun.stderr.encoding=UTF-8 
java_command: MainGame
java_class_path (initial): C:\Users\HP\Documents\GitHub\demo-repository\out\production\demo-repository;C:\Users\HP\Downloads\openjfx-25_windows-x64_bin-sdk\javafx-sdk-25\lib\javafx-swt.jar;C:\Users\HP\Downloads\openjfx-25_windows-x64_bin-sdk\javafx-sdk-25\lib\javafx.web.jar;C:\Users\HP\Downloads\openjfx-25_windows-x64_bin-sdk\javafx-sdk-25\lib\javafx.base.jar;C:\Users\HP\Downloads\openjfx-25_windows-x64_bin-sdk\javafx-sdk-25\lib\javafx.fxml.jar;C:\Users\HP\Downloads\openjfx-25_windows-x64_bin-sdk\javafx-sdk-25\lib\javafx.media.jar;C:\Users\HP\Downloads\openjfx-25_windows-x64_bin-sdk\javafx-sdk-25\lib\javafx.swing.jar;C:\Users\HP\Downloads\openjfx-25_windows-x64_bin-sdk\javafx-sdk-25\lib\jdk.jsobject.jar;C:\Users\HP\Downloads\openjfx-25_windows-x64_bin-sdk\javafx-sdk-25\lib\javafx.controls.jar;C:\Users\HP\Downloads\openjfx-25_windows-x64_bin-sdk\javafx-sdk-25\lib\javafx.graphics.jar;C:\Users\HP\Downloads\openjfx-25_windows-x64_bin-sdk\javafx-sdk-25\lib\jfx.incubator.input.jar;C:\Users\HP\Downloads\openjfx-25_windows-x64_bin-sdk\javafx-sdk-25\lib\jfx.incubator.richtext.jar
Launcher Type: SUN_STANDARD

[Global flags]
     intx CICompilerCount                          = 4                                         {product} {ergonomic}
     uint ConcGCThreads                            = 3                                         {product} {ergonomic}
     uint G1ConcRefinementThreads                  = 10                                        {product} {ergonomic}
   size_t G1HeapRegionSize                         = 2097152                                   {product} {ergonomic}
   size_t InitialHeapSize                          = 264241152                                 {product} {ergonomic}
   size_t MarkStackSize                            = 4194304                                   {product} {ergonomic}
   size_t MarkStackSizeMax                         = 536870912                                 {product} {ergonomic}
   size_t MaxHeapSize                              = 4202692608                                {product} {ergonomic}
   size_t MaxNewSize                               = 2520776704                                {product} {ergonomic}
   size_t MinHeapDeltaBytes                        = 2097152                                   {product} {ergonomic}
   size_t MinHeapSize                              = 8388608                                   {product} {ergonomic}
    uintx NonNMethodCodeHeapSize                   = 5832704                                {pd product} {ergonomic}
    uintx NonProfiledCodeHeapSize                  = 122945536                              {pd product} {ergonomic}
    uintx ProfiledCodeHeapSize                     = 122880000                              {pd product} {ergonomic}
    uintx ReservedCodeCacheSize                    = 251658240                              {pd product} {ergonomic}
     bool SegmentedCodeCache                       = true                                      {product} {ergonomic}
   size_t SoftMaxHeapSize                          = 4202692608                             {manageable} {ergonomic}
     bool UseCompressedOops                        = true                           {product lp64_product} {ergonomic}
     bool UseG1GC                                  = true                                      {product} {ergonomic}
     bool UseLargePagesIndividualAllocation        = false                                  {pd product} {ergonomic}

Logging:
Log output configuration:
 #0: stdout all=off uptime,level,tags foldmultilines=false
 #1: stderr all=off uptime,level,tags foldmultilines=false

Release file:
IMPLEMENTOR="Oracle Corporation" 
JAVA_RUNTIME_VERSION="25+36-3489" 
JAVA_VERSION="25" 
JAVA_VERSION_DATE="2025-09-16" 
LIBC="default" 
MODULES="java.base java.compiler java.datatransfer java.xml java.prefs java.desktop java.instrument java.logging java.management java.security.sasl java.naming java.rmi java.management.rmi java.net.http java.scripting java.security.jgss java.transaction.xa java.sql java.sql.rowset java.xml.crypto java.se java.smartcardio jdk.accessibility jdk.internal.jvmstat jdk.attach jdk.charsets jdk.internal.opt jdk.zipfs jdk.compiler jdk.crypto.cryptoki jdk.crypto.ec jdk.crypto.mscapi jdk.dynalink jdk.internal.ed jdk.editpad jdk.internal.vm.ci jdk.graal.compiler jdk.graal.compiler.management jdk.hotspot.agent jdk.httpserver jdk.incubator.vector jdk.internal.le jdk.internal.md jdk.jartool jdk.javadoc jdk.jcmd jdk.management jdk.management.agent jdk.jconsole jdk.jdeps jdk.jdwp.agent jdk.jdi jdk.jfr jdk.jlink jdk.jpackage jdk.jshell jdk.jsobject jdk.jstatd jdk.localedata jdk.management.jfr jdk.naming.dns jdk.naming.rmi jdk.net jdk.nio.mapmode jdk.sctp jdk.security.auth jdk.security.jgss jdk.unsupported jdk.unsupported.desktop jdk.xml.dom" 
OS_ARCH="x86_64" 
OS_NAME="Windows" 
SOURCE=".:git:6c48f4ed707b" 

Environment Variables:
PATH=C:\windows\system32;C:\windows;C:\windows\System32\Wbem;C:\windows\System32\WindowsPowerShell\v1.0\;C:\windows\System32\OpenSSH\;C:\Program Files\HP\HP One Agent;C:\Program Files\Git\cmd;C:\Users\HP\AppData\Local\Microsoft\WindowsApps;C:\Users\HP\AppData\Local\GitHubDesktop\bin
USERNAME=HP
OS=Windows_NT
PROCESSOR_IDENTIFIER=Intel64 Family 6 Model 186 Stepping 3, GenuineIntel
TMP=C:\Users\HP\AppData\Local\Temp
TEMP=C:\Users\HP\AppData\Local\Temp




Compilation memory statistics disabled.

Periodic native trim disabled

---------------  S Y S T E M  ---------------

OS:
 Windows 11 , 64 bit Build 22621 (10.0.22621.4830)
OS uptime: 0 days 8:12 hours

CPU: total 12 (initial active 12) (6 cores per cpu, 2 threads per core) family 6 model 186 stepping 3 microcode 0x4121, cx8, cmov, fxsr, ht, mmx, 3dnowpref, sse, sse2, sse3, ssse3, sse4.1, sse4.2, popcnt, lzcnt, tsc, tscinvbit, avx, avx2, aes, erms, clmul, bmi1, bmi2, adx, sha, fma, vzeroupper, clflush, clflushopt, clwb, serialize, rdtscp, rdpid, fsrm, gfni, f16c, pku, cet_ibt, cet_ss
Processor Information for processor 0
  Max Mhz: 1700, Current Mhz: 1457, Mhz Limit: 1700
Processor Information for processor 1
  Max Mhz: 1700, Current Mhz: 1457, Mhz Limit: 1700
Processor Information for processor 2
  Max Mhz: 1700, Current Mhz: 1700, Mhz Limit: 1700
Processor Information for processor 3
  Max Mhz: 1700, Current Mhz: 1700, Mhz Limit: 1700
Processor Information for processor 4
  Max Mhz: 1700, Current Mhz: 1200, Mhz Limit: 1190
Processor Information for processor 5
  Max Mhz: 1700, Current Mhz: 1200, Mhz Limit: 1190
Processor Information for processor 6
  Max Mhz: 1700, Current Mhz: 1200, Mhz Limit: 1190
Processor Information for processor 7
  Max Mhz: 1700, Current Mhz: 1200, Mhz Limit: 1190
Processor Information for processor 8
  Max Mhz: 1700, Current Mhz: 1200, Mhz Limit: 1190
Processor Information for processor 9
  Max Mhz: 1700, Current Mhz: 1200, Mhz Limit: 1190
Processor Information for processor 10
  Max Mhz: 1700, Current Mhz: 1200, Mhz Limit: 1190
Processor Information for processor 11
  Max Mhz: 1700, Current Mhz: 1200, Mhz Limit: 1190

Memory: 4k page, system-wide physical 16027M (2254M free)
TotalPageFile size 25258M (AvailPageFile size 3708M)
current process WorkingSet (physical memory assigned to process): 759M, peak: 932M
current process commit charge ("private bytes"): 860M, peak: 1015M

vm_info: OpenJDK 64-Bit Server VM (25+36-3489) for windows-amd64 JRE (25+36-3489), built on 2025-08-12T17:19:28Z with unknown MS VC++:1943

END.
