#
# A fatal error has been detected by the Java Runtime Environment:
#
#  EXCEPTION_ACCESS_VIOLATION (0xc0000005) at pc=0x00007ff91f996a17, pid=19340, tid=18712
#
# JRE version: Java(TM) SE Runtime Environment (21.0.8+12) (build 21.0.8+12-LTS-250)
# Java VM: Java HotSpot(TM) 64-Bit Server VM (21.0.8+12-LTS-250, mixed mode, sharing, tiered, compressed oops, compressed class ptrs, g1 gc, windows-amd64)
# Problematic frame:
# C  [glass.dll+0x26a17]
#
# No core dump will be written. Minidumps are not enabled by default on client versions of Windows
#
# If you would like to submit a bug report, please visit:
#   https://bugreport.java.com/bugreport/crash.jsp
#

---------------  S U M M A R Y ------------

Command Line: --module-path=D:\javafx-sdk-21.0.8\lib --add-modules=javafx.controls,javafx.fxml,javafx.media,javafx.swing -javaagent:C:\Program Files\JetBrains\IntelliJ IDEA 2025.2.3\lib\idea_rt.jar=51867 -Dfile.encoding=UTF-8 -Dsun.stdout.encoding=UTF-8 -Dsun.stderr.encoding=UTF-8 MainGame

Host: Intel(R) Core(TM) i5-7200U CPU @ 2.50GHz, 4 cores, 7G,  Windows 10 , 64 bit Build 19041 (10.0.19041.5915)
Time: Mon Nov 10 20:04:36 2025 SE Asia Standard Time elapsed time: 51.373578 seconds (0d 0h 0m 51s)

---------------  T H R E A D  ---------------

Current thread (0x000001fdd9a2c300):  VMThread "VM Thread"          [id=18712, stack(0x00000063a5700000,0x00000063a5800000) (1024K)]

Stack: [0x00000063a5700000,0x00000063a5800000],  sp=0x00000063a57ff050,  free space=1020k
Native frames: (J=compiled Java code, j=interpreted, Vv=VM code, C=native code)
C  [glass.dll+0x26a17]


siginfo: EXCEPTION_ACCESS_VIOLATION (0xc0000005), reading address 0x0000000000000000


Registers:
RAX=0x0000000000000000, RBX=0x000001fdd9a3afba, RCX=0x000001fdd9a2c300, RDX=0x00000063a57ff050
RSP=0x00000063a57ff050, RBP=0x000001fe1f224f68, RSI=0x000001fe1f224f40, RDI=0x0000e8b6256e2416
R8 =0x0000000000010002, R9 =0x0000e8b6256e2416, R10=0x0000000000008000, R11=0x00000063a57fefe0
R12=0x00007ff91f994360, R13=0x00007ff901408bf0, R14=0x00000063a57ff148, R15=0x000001fe1f224f40
RIP=0x00007ff91f996a17, EFLAGS=0x0000000000010206


Register to memory mapping:

RAX=0x0 is null
RBX=0x000001fdd9a3afba is a global jni handle
RCX=0x000001fdd9a2c300 points into unknown readable memory: 0x00007ff901219830 | 30 98 21 01 f9 7f 00 00
RDX=0x00000063a57ff050 points into unknown readable memory: 0x0000000000000000 | 00 00 00 00 00 00 00 00
RSP=0x00000063a57ff050 points into unknown readable memory: 0x0000000000000000 | 00 00 00 00 00 00 00 00
RBP=0x000001fe1f224f68 points into unknown readable memory: 0x0000e8b6256e2416 | 16 24 6e 25 b6 e8 00 00
RSI=0x000001fe1f224f40 points into unknown readable memory: 0xfe470ef9bb6e2409 | 09 24 6e bb f9 0e 47 fe
RDI=0x0000e8b6256e2416 is an unknown value
R8 =0x0000000000010002 is an unknown value
R9 =0x0000e8b6256e2416 is an unknown value
R10=0x0000000000008000 is an unknown value
R11=0x00000063a57fefe0 points into unknown readable memory: 0x000001fe1f224f40 | 40 4f 22 1f fe 01 00 00
R12=0x00007ff91f994360 glass.dll
R13=0x00007ff901408bf0 jvm.dll
R14=0x00000063a57ff148 points into unknown readable memory: 0x00000063a57ff130 | 30 f1 7f a5 63 00 00 00
R15=0x000001fe1f224f40 points into unknown readable memory: 0xfe470ef9bb6e2409 | 09 24 6e bb f9 0e 47 fe

Top of Stack: (sp=0x00000063a57ff050)
0x00000063a57ff050:   0000000000000000 000001fe1f224f40
0x00000063a57ff060:   00007ff901408bf0 00007ff91f994360
0x00000063a57ff070:   000001fe1f224f48 00007ff940f542d6
0x00000063a57ff080:   0000e8b6256e2416 000001fe00000000
0x00000063a57ff090:   000001fe1f224f68 000001fe1f224f40
0x00000063a57ff0a0:   fffffffffffffffe 0000000000000000
0x00000063a57ff0b0:   0000000000000001 00007ff91f970000
0x00000063a57ff0c0:   00000063a57ff138 00007ff940f541fb
0x00000063a57ff0d0:   0000000000000000 00000063a57ff148
0x00000063a57ff0e0:   00000063a57ff420 00007ff941030e40
0x00000063a57ff0f0:   0000000000000001 00007ff940f541b4
0x00000063a57ff100:   0000000000000000 0000000000000001
0x00000063a57ff110:   00007ff936302dd0 00000063a57ff138
0x00000063a57ff120:   000000000000000d 00007ff91f9941ed
0x00000063a57ff130:   00007ff91f9aa008 00007ff900000002
0x00000063a57ff140:   0000000000000002 00000063a57ff130
0x00000063a57ff150:   0000000000000000 00007ff9437e9993
0x00000063a57ff160:   0000000000000000 00007ff91f994312
0x00000063a57ff170:   0000000000000001 0000000000000000
0x00000063a57ff180:   0000d56b56c59f12 0000000000000000
0x00000063a57ff190:   000001fe27120000 00007ff94015226f
0x00000063a57ff1a0:   0000000000000001 000001fe27120000
0x00000063a57ff1b0:   00007ff91f970000 000000007ffe0384
0x00000063a57ff1c0:   0000000000000000 00007ff9437e9a1d
0x00000063a57ff1d0:   00007ff91f970000 0000000000000000
0x00000063a57ff1e0:   0000000000000001 000000007ffe0385
0x00000063a57ff1f0:   0000000000000000 00007ff94382f331
0x00000063a57ff200:   0000d56b56c59f00 0000000000000014
0x00000063a57ff210:   00007ff91f994360 0000000000000000
0x00000063a57ff220:   0000000000000000 00000063a4b3f000
0x00000063a57ff230:   000001fe1f048450 00007ff94382f1ca
0x00000063a57ff240:   000001fe1f048300 00007ff91f970000 

Instructions: (pc=0x00007ff91f996a17)
0x00007ff91f996917:   8b 4d 58 e8 8d cf ff ff 48 8b 4d 60 e8 84 cf ff
0x00007ff91f996927:   ff 48 8b 95 80 00 00 00 48 8b 8d 18 01 00 00 e8
0x00007ff91f996937:   76 c4 ff ff 33 d2 33 c9 e8 cc e1 ff ff 90 48 89
0x00007ff91f996947:   54 24 10 55 48 83 ec 20 48 8b ea 48 b8 00 00 00
0x00007ff91f996957:   00 00 00 00 00 48 83 c4 20 5d c3 cc 40 55 48 8b
0x00007ff91f996967:   ea 48 8b 01 33 c9 81 38 05 00 00 c0 0f 94 c1 8b
0x00007ff91f996977:   c1 5d c3 cc 40 55 48 83 ec 20 48 8b ea 8a 4d 40
0x00007ff91f996987:   48 83 c4 20 5d e9 73 d3 ff ff cc 40 55 48 83 ec
0x00007ff91f996997:   20 48 8b ea 8a 4d 20 e8 61 d3 ff ff 90 48 83 c4
0x00007ff91f9969a7:   20 5d c3 cc 40 55 48 83 ec 20 48 8b ea 48 83 c4
0x00007ff91f9969b7:   20 5d e9 c2 d1 ff ff cc 40 55 48 83 ec 30 48 8b
0x00007ff91f9969c7:   ea 48 8b 01 8b 10 48 89 4c 24 28 89 54 24 20 4c
0x00007ff91f9969d7:   8d 0d 63 d6 ff ff 4c 8b 45 70 8b 55 68 48 8b 4d
0x00007ff91f9969e7:   60 e8 03 d1 ff ff 90 48 83 c4 30 5d c3 cc cc cc
0x00007ff91f9969f7:   cc cc cc cc cc cc cc cc cc 40 53 48 83 ec 20 48
0x00007ff91f996a07:   8b 1d fb 2f 01 00 48 85 db 74 16 e8 89 8f ff ff
0x00007ff91f996a17:   4c 8b 00 48 8b d3 48 8b c8 41 ff 90 b0 00 00 00
0x00007ff91f996a27:   90 48 83 c4 20 5b c3 cc cc 40 53 48 83 ec 20 48
0x00007ff91f996a37:   8b 1d 6b 31 01 00 48 85 db 74 57 b8 ff ff ff ff
0x00007ff91f996a47:   f0 0f c1 43 10 83 f8 01 75 3d 48 85 db 74 38 48
0x00007ff91f996a57:   8b 0b 48 85 c9 74 0d ff 15 44 08 00 00 48 c7 03
0x00007ff91f996a67:   00 00 00 00 48 8b 4b 08 48 85 c9 74 0d e8 33 ce
0x00007ff91f996a77:   ff ff 48 c7 43 08 00 00 00 00 ba 18 00 00 00 48
0x00007ff91f996a87:   8b cb e8 1e ce ff ff 48 c7 05 0f 31 01 00 00 00
0x00007ff91f996a97:   00 00 48 83 c4 20 5b c3 cc 40 53 48 83 ec 20 48
0x00007ff91f996aa7:   8b 1d db 30 01 00 48 85 db 74 57 b8 ff ff ff ff
0x00007ff91f996ab7:   f0 0f c1 43 10 83 f8 01 75 3d 48 85 db 74 38 48
0x00007ff91f996ac7:   8b 0b 48 85 c9 74 0d ff 15 d4 07 00 00 48 c7 03
0x00007ff91f996ad7:   00 00 00 00 48 8b 4b 08 48 85 c9 74 0d e8 c3 cd
0x00007ff91f996ae7:   ff ff 48 c7 43 08 00 00 00 00 ba 18 00 00 00 48
0x00007ff91f996af7:   8b cb e8 ae cd ff ff 48 c7 05 7f 30 01 00 00 00
0x00007ff91f996b07:   00 00 48 83 c4 20 5b c3 cc 40 53 48 83 ec 20 48 


Stack slot to memory mapping:

stack at sp + 0 slots: 0x0 is null
stack at sp + 1 slots: 0x000001fe1f224f40 points into unknown readable memory: 0xfe470ef9bb6e2409 | 09 24 6e bb f9 0e 47 fe
stack at sp + 2 slots: 0x00007ff901408bf0 jvm.dll
stack at sp + 3 slots: 0x00007ff91f994360 glass.dll
stack at sp + 4 slots: 0x000001fe1f224f48 points into unknown readable memory: 0x0000e8b6256e2416 | 16 24 6e 25 b6 e8 00 00
stack at sp + 5 slots: 0x00007ff940f542d6 ucrtbase.dll
stack at sp + 6 slots: 0x0000e8b6256e2416 is an unknown value
stack at sp + 7 slots: 0x000001fe00000000 is an unknown value

VM_Operation (0x00000063a83ff100): Exit, mode: safepoint, requested by thread 0x000001fe1fd97310


---------------  P R O C E S S  ---------------

Threads class SMR info:
_java_thread_list=0x000001fe20271370, length=24, elements={
0x000001fdd9a4c1d0, 0x000001fdd9a4d0e0, 0x000001fdd9a51e70, 0x000001fdd9a528c0,
0x000001fdd9a53ab0, 0x000001fdd9a54ca0, 0x000001fdd9a5d6e0, 0x000001fdd9a62180,
0x000001fdd9a1cd90, 0x000001fe1f78e450, 0x000001fe1f78eab0, 0x000001fe1f7a66b0,
0x000001fe1f671260, 0x000001fe1f222f00, 0x000001fe1f2e5ec0, 0x000001fe1f40c9e0,
0x000001fe1f40d070, 0x000001fe1f40dd90, 0x000001fe1fd93800, 0x000001fe1fd979a0,
0x000001fe1fd910a0, 0x000001fe1fd95f60, 0x000001fe1fd97310, 0x000001fe1fd98030
}

Java Threads: ( => current thread )
  0x000001fdd9a4c1d0 JavaThread "Reference Handler"          daemon [_thread_blocked, id=16572, stack(0x00000063a5800000,0x00000063a5900000) (1024K)]
  0x000001fdd9a4d0e0 JavaThread "Finalizer"                  daemon [_thread_blocked, id=19732, stack(0x00000063a5900000,0x00000063a5a00000) (1024K)]
  0x000001fdd9a51e70 JavaThread "Signal Dispatcher"          daemon [_thread_blocked, id=20296, stack(0x00000063a5a00000,0x00000063a5b00000) (1024K)]
  0x000001fdd9a528c0 JavaThread "Attach Listener"            daemon [_thread_blocked, id=14816, stack(0x00000063a5b00000,0x00000063a5c00000) (1024K)]
  0x000001fdd9a53ab0 JavaThread "Service Thread"             daemon [_thread_blocked, id=9152, stack(0x00000063a5c00000,0x00000063a5d00000) (1024K)]
  0x000001fdd9a54ca0 JavaThread "Monitor Deflation Thread"   daemon [_thread_blocked, id=18876, stack(0x00000063a5d00000,0x00000063a5e00000) (1024K)]
  0x000001fdd9a5d6e0 JavaThread "C2 CompilerThread0"         daemon [_thread_blocked, id=13840, stack(0x00000063a5e00000,0x00000063a5f00000) (1024K)]
  0x000001fdd9a62180 JavaThread "C1 CompilerThread0"         daemon [_thread_blocked, id=20444, stack(0x00000063a5f00000,0x00000063a6000000) (1024K)]
  0x000001fdd9a1cd90 JavaThread "Common-Cleaner"             daemon [_thread_blocked, id=4076, stack(0x00000063a6000000,0x00000063a6100000) (1024K)]
  0x000001fe1f78e450 JavaThread "Monitor Ctrl-Break"         daemon [_thread_in_native, id=13856, stack(0x00000063a6200000,0x00000063a6300000) (1024K)]
  0x000001fe1f78eab0 JavaThread "Notification Thread"        daemon [_thread_blocked, id=12596, stack(0x00000063a6300000,0x00000063a6400000) (1024K)]
  0x000001fe1f7a66b0 JavaThread "Media Resource Disposer"    daemon [_thread_blocked, id=15324, stack(0x00000063a6400000,0x00000063a6500000) (1024K)]
  0x000001fe1f671260 JavaThread "Java2D Disposer"            daemon [_thread_blocked, id=19224, stack(0x00000063a6800000,0x00000063a6900000) (1024K)]
  0x000001fe1f222f00 JavaThread "InvokeLaterDispatcher"      daemon [_thread_blocked, id=17876, stack(0x00000063a6c00000,0x00000063a6d00000) (1024K)]
  0x000001fe1f2e5ec0 JavaThread "JavaFX Application Thread"         [_thread_blocked, id=3456, stack(0x00000063a6d00000,0x00000063a6e00000) (1024K)]
  0x000001fe1f40c9e0 JavaThread "DestroyJavaVM"                     [_thread_blocked, id=13500, stack(0x00000063a5000000,0x00000063a5100000) (1024K)]
  0x000001fe1f40d070 JavaThread "Thread-1"                   daemon [_thread_in_native, id=2952, stack(0x00000063a7100000,0x00000063a7200000) (1024K)]
  0x000001fe1f40dd90 JavaThread "Prism Font Disposer"        daemon [_thread_blocked, id=2672, stack(0x00000063a7300000,0x00000063a7400000) (1024K)]
  0x000001fe1fd93800 JavaThread "JFXMedia Player EventQueueThread" daemon [_thread_blocked, id=15072, stack(0x00000063a7600000,0x00000063a7700000) (1024K)]
  0x000001fe1fd979a0 JavaThread "Thread-12"                  daemon [_thread_blocked, id=14836, stack(0x00000063a7200000,0x00000063a7300000) (1024K)]
  0x000001fe1fd910a0 JavaThread "Cleaner-0"                  daemon [_thread_blocked, id=9288, stack(0x00000063a8700000,0x00000063a8800000) (1024K)]
  0x000001fe1fd95f60 JavaThread "JFXMedia Player EventQueueThread" daemon [_thread_blocked, id=18960, stack(0x00000063a8400000,0x00000063a8500000) (1024K)]
  0x000001fe1fd97310 JavaThread "SIGINT handler"             daemon [_thread_blocked, id=18164, stack(0x00000063a8300000,0x00000063a8400000) (1024K)]
  0x000001fe1fd98030 JavaThread "AWT-Shutdown"                      [_thread_blocked, id=14380, stack(0x00000063a8e00000,0x00000063a8f00000) (1024K)]
Total: 24

Other Threads:
=>0x000001fdd9a2c300 VMThread "VM Thread"                           [id=18712, stack(0x00000063a5700000,0x00000063a5800000) (1024K)]
  0x000001fdbd9ef120 WorkerThread "GC Thread#0"                     [id=10588, stack(0x00000063a5100000,0x00000063a5200000) (1024K)]
  0x000001fe200a6a40 WorkerThread "GC Thread#1"                     [id=17848, stack(0x00000063a6500000,0x00000063a6600000) (1024K)]
  0x000001fe1f8cea50 WorkerThread "GC Thread#2"                     [id=20108, stack(0x00000063a6600000,0x00000063a6700000) (1024K)]
  0x000001fe203e9a10 WorkerThread "GC Thread#3"                     [id=10268, stack(0x00000063a6700000,0x00000063a6800000) (1024K)]
  0x000001fdbda031f0 ConcurrentGCThread "G1 Main Marker"            terminated
  0x000001fdbda043a0 WorkerThread "G1 Conc#0"                       [id=19980, stack(0x00000063a5300000,0x00000063a5400000) (1024K)]
  0x000001fdd98f24c0 ConcurrentGCThread "G1 Refine#0"               terminated
  0x000001fdbda6ce90 ConcurrentGCThread "G1 Service"                terminated
Total: 9

Threads with active compile tasks:
Total: 0

VM state: at safepoint (shutting down)

VM Mutex/Monitor currently owned by a thread:  ([mutex/lock_event])
[0x00007ff9013e0e50] Threads_lock - owner thread: 0x000001fdd9a2c300
[0x00007ff9013e0f50] Heap_lock - owner thread: 0x000001fe1fd97310

Heap address: 0x0000000082000000, size: 2016 MB, Compressed Oops mode: 32-bit

CDS archive(s) mapped at: [0x000001fdda000000-0x000001fddac90000-0x000001fddac90000), size 13172736, SharedBaseAddress: 0x000001fdda000000, ArchiveRelocationMode: 1.
Compressed class space mapped at: 0x000001fddb000000-0x000001fe1b000000, reserved size: 1073741824
Narrow klass base: 0x000001fdda000000, Narrow klass shift: 0, Narrow klass range: 0x100000000

GC Precious Log:
 CardTable entry size: 512
 Card Set container configuration: InlinePtr #cards 5 size 8 Array Of Cards #cards 12 size 40 Howl #buckets 4 coarsen threshold 1843 Howl Bitmap #cards 512 size 80 coarsen threshold 460 Card regions per heap region 1 cards per card region 2048
 CPUs: 4 total, 4 available
 Memory: 8061M
 Large Page Support: Disabled
 NUMA Support: Disabled
 Compressed Oops: Enabled (32-bit)
 Heap Region Size: 1M
 Heap Min Capacity: 8M
 Heap Initial Capacity: 126M
 Heap Max Capacity: 2016M
 Pre-touch: Disabled
 Parallel Workers: 4
 Concurrent Workers: 1
 Concurrent Refinement Workers: 4
 Periodic GC: Disabled

Heap:
 garbage-first heap   total 331776K, used 258138K [0x0000000082000000, 0x0000000100000000)
  region size 1024K, 25 young (25600K), 3 survivors (3072K)
 Metaspace       used 17075K, committed 17408K, reserved 1114112K
  class space    used 2141K, committed 2304K, reserved 1048576K

Heap Regions: E=young(eden), S=young(survivor), O=old, HS=humongous(starts), HC=humongous(continues), CS=collection set, F=free, TAMS=top-at-mark-start, PB=parsable bottom
|   0|0x0000000082000000, 0x0000000082100000, 0x0000000082100000|100%| O|  |TAMS 0x0000000082000000| PB 0x0000000082000000| Untracked 
|   1|0x0000000082100000, 0x0000000082200000, 0x0000000082200000|100%| O|  |TAMS 0x0000000082100000| PB 0x0000000082100000| Untracked 
|   2|0x0000000082200000, 0x0000000082224b90, 0x0000000082300000| 14%| O|  |TAMS 0x0000000082200000| PB 0x0000000082200000| Untracked 
|   3|0x0000000082300000, 0x0000000082400000, 0x0000000082400000|100%|HS|  |TAMS 0x0000000082300000| PB 0x0000000082300000| Complete 
|   4|0x0000000082400000, 0x0000000082500000, 0x0000000082500000|100%|HC|  |TAMS 0x0000000082400000| PB 0x0000000082400000| Complete 
|   5|0x0000000082500000, 0x0000000082600000, 0x0000000082600000|100%|HS|  |TAMS 0x0000000082500000| PB 0x0000000082500000| Complete 
|   6|0x0000000082600000, 0x0000000082700000, 0x0000000082700000|100%|HC|  |TAMS 0x0000000082600000| PB 0x0000000082600000| Complete 
|   7|0x0000000082700000, 0x0000000082800000, 0x0000000082800000|100%|HS|  |TAMS 0x0000000082700000| PB 0x0000000082700000| Complete 
|   8|0x0000000082800000, 0x0000000082900000, 0x0000000082900000|100%|HC|  |TAMS 0x0000000082800000| PB 0x0000000082800000| Complete 
|   9|0x0000000082900000, 0x0000000082a00000, 0x0000000082a00000|100%|HS|  |TAMS 0x0000000082900000| PB 0x0000000082900000| Complete 
|  10|0x0000000082a00000, 0x0000000082b00000, 0x0000000082b00000|100%|HC|  |TAMS 0x0000000082a00000| PB 0x0000000082a00000| Complete 
|  11|0x0000000082b00000, 0x0000000082c00000, 0x0000000082c00000|100%|HS|  |TAMS 0x0000000082b00000| PB 0x0000000082b00000| Complete 
|  12|0x0000000082c00000, 0x0000000082d00000, 0x0000000082d00000|100%|HC|  |TAMS 0x0000000082c00000| PB 0x0000000082c00000| Complete 
|  13|0x0000000082d00000, 0x0000000082e00000, 0x0000000082e00000|100%|HS|  |TAMS 0x0000000082d00000| PB 0x0000000082d00000| Complete 
|  14|0x0000000082e00000, 0x0000000082f00000, 0x0000000082f00000|100%|HC|  |TAMS 0x0000000082e00000| PB 0x0000000082e00000| Complete 
|  15|0x0000000082f00000, 0x0000000083000000, 0x0000000083000000|100%|HS|  |TAMS 0x0000000082f00000| PB 0x0000000082f00000| Complete 
|  16|0x0000000083000000, 0x0000000083100000, 0x0000000083100000|100%|HC|  |TAMS 0x0000000083000000| PB 0x0000000083000000| Complete 
|  17|0x0000000083100000, 0x0000000083200000, 0x0000000083200000|100%|HS|  |TAMS 0x0000000083100000| PB 0x0000000083100000| Complete 
|  18|0x0000000083200000, 0x0000000083300000, 0x0000000083300000|100%|HC|  |TAMS 0x0000000083200000| PB 0x0000000083200000| Complete 
|  19|0x0000000083300000, 0x0000000083400000, 0x0000000083400000|100%|HS|  |TAMS 0x0000000083300000| PB 0x0000000083300000| Complete 
|  20|0x0000000083400000, 0x0000000083500000, 0x0000000083500000|100%|HC|  |TAMS 0x0000000083400000| PB 0x0000000083400000| Complete 
|  21|0x0000000083500000, 0x0000000083600000, 0x0000000083600000|100%|HS|  |TAMS 0x0000000083500000| PB 0x0000000083500000| Complete 
|  22|0x0000000083600000, 0x0000000083700000, 0x0000000083700000|100%|HC|  |TAMS 0x0000000083600000| PB 0x0000000083600000| Complete 
|  23|0x0000000083700000, 0x0000000083800000, 0x0000000083800000|100%|HS|  |TAMS 0x0000000083700000| PB 0x0000000083700000| Complete 
|  24|0x0000000083800000, 0x0000000083900000, 0x0000000083900000|100%|HC|  |TAMS 0x0000000083800000| PB 0x0000000083800000| Complete 
|  25|0x0000000083900000, 0x0000000083a00000, 0x0000000083a00000|100%|HS|  |TAMS 0x0000000083900000| PB 0x0000000083900000| Complete 
|  26|0x0000000083a00000, 0x0000000083b00000, 0x0000000083b00000|100%|HC|  |TAMS 0x0000000083a00000| PB 0x0000000083a00000| Complete 
|  27|0x0000000083b00000, 0x0000000083c00000, 0x0000000083c00000|100%|HS|  |TAMS 0x0000000083b00000| PB 0x0000000083b00000| Complete 
|  28|0x0000000083c00000, 0x0000000083d00000, 0x0000000083d00000|100%|HC|  |TAMS 0x0000000083c00000| PB 0x0000000083c00000| Complete 
|  29|0x0000000083d00000, 0x0000000083e00000, 0x0000000083e00000|100%|HS|  |TAMS 0x0000000083d00000| PB 0x0000000083d00000| Complete 
|  30|0x0000000083e00000, 0x0000000083f00000, 0x0000000083f00000|100%|HC|  |TAMS 0x0000000083e00000| PB 0x0000000083e00000| Complete 
|  31|0x0000000083f00000, 0x0000000084000000, 0x0000000084000000|100%|HS|  |TAMS 0x0000000083f00000| PB 0x0000000083f00000| Complete 
|  32|0x0000000084000000, 0x0000000084100000, 0x0000000084100000|100%|HC|  |TAMS 0x0000000084000000| PB 0x0000000084000000| Complete 
|  33|0x0000000084100000, 0x0000000084200000, 0x0000000084200000|100%|HS|  |TAMS 0x0000000084100000| PB 0x0000000084100000| Complete 
|  34|0x0000000084200000, 0x0000000084300000, 0x0000000084300000|100%|HC|  |TAMS 0x0000000084200000| PB 0x0000000084200000| Complete 
|  35|0x0000000084300000, 0x0000000084400000, 0x0000000084400000|100%|HS|  |TAMS 0x0000000084300000| PB 0x0000000084300000| Complete 
|  36|0x0000000084400000, 0x0000000084500000, 0x0000000084500000|100%|HC|  |TAMS 0x0000000084400000| PB 0x0000000084400000| Complete 
|  37|0x0000000084500000, 0x0000000084600000, 0x0000000084600000|100%|HS|  |TAMS 0x0000000084500000| PB 0x0000000084500000| Complete 
|  38|0x0000000084600000, 0x0000000084700000, 0x0000000084700000|100%|HC|  |TAMS 0x0000000084600000| PB 0x0000000084600000| Complete 
|  39|0x0000000084700000, 0x0000000084800000, 0x0000000084800000|100%|HS|  |TAMS 0x0000000084700000| PB 0x0000000084700000| Complete 
|  40|0x0000000084800000, 0x0000000084900000, 0x0000000084900000|100%|HC|  |TAMS 0x0000000084800000| PB 0x0000000084800000| Complete 
|  41|0x0000000084900000, 0x0000000084a00000, 0x0000000084a00000|100%|HS|  |TAMS 0x0000000084900000| PB 0x0000000084900000| Complete 
|  42|0x0000000084a00000, 0x0000000084b00000, 0x0000000084b00000|100%|HC|  |TAMS 0x0000000084a00000| PB 0x0000000084a00000| Complete 
|  43|0x0000000084b00000, 0x0000000084c00000, 0x0000000084c00000|100%|HS|  |TAMS 0x0000000084b00000| PB 0x0000000084b00000| Complete 
|  44|0x0000000084c00000, 0x0000000084d00000, 0x0000000084d00000|100%|HC|  |TAMS 0x0000000084c00000| PB 0x0000000084c00000| Complete 
|  45|0x0000000084d00000, 0x0000000084e00000, 0x0000000084e00000|100%|HS|  |TAMS 0x0000000084d00000| PB 0x0000000084d00000| Complete 
|  46|0x0000000084e00000, 0x0000000084f00000, 0x0000000084f00000|100%|HC|  |TAMS 0x0000000084e00000| PB 0x0000000084e00000| Complete 
|  47|0x0000000084f00000, 0x0000000085000000, 0x0000000085000000|100%|HS|  |TAMS 0x0000000084f00000| PB 0x0000000084f00000| Complete 
|  48|0x0000000085000000, 0x0000000085100000, 0x0000000085100000|100%|HC|  |TAMS 0x0000000085000000| PB 0x0000000085000000| Complete 
|  49|0x0000000085100000, 0x0000000085200000, 0x0000000085200000|100%|HS|  |TAMS 0x0000000085100000| PB 0x0000000085100000| Complete 
|  50|0x0000000085200000, 0x0000000085300000, 0x0000000085300000|100%|HC|  |TAMS 0x0000000085200000| PB 0x0000000085200000| Complete 
|  51|0x0000000085300000, 0x0000000085400000, 0x0000000085400000|100%|HS|  |TAMS 0x0000000085300000| PB 0x0000000085300000| Complete 
|  52|0x0000000085400000, 0x0000000085500000, 0x0000000085500000|100%|HC|  |TAMS 0x0000000085400000| PB 0x0000000085400000| Complete 
|  53|0x0000000085500000, 0x0000000085600000, 0x0000000085600000|100%| O|  |TAMS 0x0000000085500000| PB 0x0000000085500000| Untracked 
|  54|0x0000000085600000, 0x0000000085700000, 0x0000000085700000|100%|HS|  |TAMS 0x0000000085600000| PB 0x0000000085600000| Complete 
|  55|0x0000000085700000, 0x0000000085800000, 0x0000000085800000|100%|HC|  |TAMS 0x0000000085700000| PB 0x0000000085700000| Complete 
|  56|0x0000000085800000, 0x0000000085900000, 0x0000000085900000|100%|HS|  |TAMS 0x0000000085800000| PB 0x0000000085800000| Complete 
|  57|0x0000000085900000, 0x0000000085a00000, 0x0000000085a00000|100%|HC|  |TAMS 0x0000000085900000| PB 0x0000000085900000| Complete 
|  58|0x0000000085a00000, 0x0000000085b00000, 0x0000000085b00000|100%|HS|  |TAMS 0x0000000085a00000| PB 0x0000000085a00000| Complete 
|  59|0x0000000085b00000, 0x0000000085c00000, 0x0000000085c00000|100%|HC|  |TAMS 0x0000000085b00000| PB 0x0000000085b00000| Complete 
|  60|0x0000000085c00000, 0x0000000085d00000, 0x0000000085d00000|100%| O|  |TAMS 0x0000000085c00000| PB 0x0000000085c00000| Untracked 
|  61|0x0000000085d00000, 0x0000000085e00000, 0x0000000085e00000|100%| O|  |TAMS 0x0000000085d00000| PB 0x0000000085d00000| Untracked 
|  62|0x0000000085e00000, 0x0000000085f00000, 0x0000000085f00000|100%| O|  |TAMS 0x0000000085e00000| PB 0x0000000085e00000| Untracked 
|  63|0x0000000085f00000, 0x0000000086000000, 0x0000000086000000|100%| O|  |TAMS 0x0000000085f00000| PB 0x0000000085f00000| Untracked 
|  64|0x0000000086000000, 0x0000000086100000, 0x0000000086100000|100%| O|  |TAMS 0x0000000086000000| PB 0x0000000086000000| Untracked 
|  65|0x0000000086100000, 0x0000000086200000, 0x0000000086200000|100%| O|  |TAMS 0x0000000086100000| PB 0x0000000086100000| Untracked 
|  66|0x0000000086200000, 0x0000000086300000, 0x0000000086300000|100%| O|  |TAMS 0x0000000086200000| PB 0x0000000086200000| Untracked 
|  67|0x0000000086300000, 0x0000000086400000, 0x0000000086400000|100%| O|  |TAMS 0x0000000086300000| PB 0x0000000086300000| Untracked 
|  68|0x0000000086400000, 0x0000000086500000, 0x0000000086500000|100%| O|  |TAMS 0x0000000086400000| PB 0x0000000086400000| Untracked 
|  69|0x0000000086500000, 0x0000000086600000, 0x0000000086600000|100%| O|  |TAMS 0x0000000086500000| PB 0x0000000086500000| Untracked 
|  70|0x0000000086600000, 0x0000000086600000, 0x0000000086700000|  0%| F|  |TAMS 0x0000000086600000| PB 0x0000000086600000| Untracked 
|  71|0x0000000086700000, 0x0000000086800000, 0x0000000086800000|100%| O|  |TAMS 0x0000000086700000| PB 0x0000000086700000| Untracked 
|  72|0x0000000086800000, 0x0000000086900000, 0x0000000086900000|100%|HS|  |TAMS 0x0000000086800000| PB 0x0000000086800000| Complete 
|  73|0x0000000086900000, 0x0000000086a00000, 0x0000000086a00000|100%|HC|  |TAMS 0x0000000086900000| PB 0x0000000086900000| Complete 
|  74|0x0000000086a00000, 0x0000000086b00000, 0x0000000086b00000|100%|HS|  |TAMS 0x0000000086a00000| PB 0x0000000086a00000| Complete 
|  75|0x0000000086b00000, 0x0000000086c00000, 0x0000000086c00000|100%|HC|  |TAMS 0x0000000086b00000| PB 0x0000000086b00000| Complete 
|  76|0x0000000086c00000, 0x0000000086d00000, 0x0000000086d00000|100%|HS|  |TAMS 0x0000000086c00000| PB 0x0000000086c00000| Complete 
|  77|0x0000000086d00000, 0x0000000086e00000, 0x0000000086e00000|100%|HC|  |TAMS 0x0000000086d00000| PB 0x0000000086d00000| Complete 
|  78|0x0000000086e00000, 0x0000000086f00000, 0x0000000086f00000|100%|HS|  |TAMS 0x0000000086e00000| PB 0x0000000086e00000| Complete 
|  79|0x0000000086f00000, 0x0000000087000000, 0x0000000087000000|100%|HC|  |TAMS 0x0000000086f00000| PB 0x0000000086f00000| Complete 
|  80|0x0000000087000000, 0x0000000087100000, 0x0000000087100000|100%|HS|  |TAMS 0x0000000087000000| PB 0x0000000087000000| Complete 
|  81|0x0000000087100000, 0x0000000087200000, 0x0000000087200000|100%|HC|  |TAMS 0x0000000087100000| PB 0x0000000087100000| Complete 
|  82|0x0000000087200000, 0x0000000087300000, 0x0000000087300000|100%|HS|  |TAMS 0x0000000087200000| PB 0x0000000087200000| Complete 
|  83|0x0000000087300000, 0x0000000087400000, 0x0000000087400000|100%|HC|  |TAMS 0x0000000087300000| PB 0x0000000087300000| Complete 
|  84|0x0000000087400000, 0x0000000087500000, 0x0000000087500000|100%|HS|  |TAMS 0x0000000087400000| PB 0x0000000087400000| Complete 
|  85|0x0000000087500000, 0x0000000087600000, 0x0000000087600000|100%|HC|  |TAMS 0x0000000087500000| PB 0x0000000087500000| Complete 
|  86|0x0000000087600000, 0x0000000087700000, 0x0000000087700000|100%|HS|  |TAMS 0x0000000087600000| PB 0x0000000087600000| Complete 
|  87|0x0000000087700000, 0x0000000087800000, 0x0000000087800000|100%|HC|  |TAMS 0x0000000087700000| PB 0x0000000087700000| Complete 
|  88|0x0000000087800000, 0x0000000087900000, 0x0000000087900000|100%|HS|  |TAMS 0x0000000087800000| PB 0x0000000087800000| Complete 
|  89|0x0000000087900000, 0x0000000087a00000, 0x0000000087a00000|100%|HC|  |TAMS 0x0000000087900000| PB 0x0000000087900000| Complete 
|  90|0x0000000087a00000, 0x0000000087b00000, 0x0000000087b00000|100%|HS|  |TAMS 0x0000000087a00000| PB 0x0000000087a00000| Complete 
|  91|0x0000000087b00000, 0x0000000087c00000, 0x0000000087c00000|100%|HC|  |TAMS 0x0000000087b00000| PB 0x0000000087b00000| Complete 
|  92|0x0000000087c00000, 0x0000000087d00000, 0x0000000087d00000|100%|HS|  |TAMS 0x0000000087c00000| PB 0x0000000087c00000| Complete 
|  93|0x0000000087d00000, 0x0000000087e00000, 0x0000000087e00000|100%|HC|  |TAMS 0x0000000087d00000| PB 0x0000000087d00000| Complete 
|  94|0x0000000087e00000, 0x0000000087f00000, 0x0000000087f00000|100%|HS|  |TAMS 0x0000000087e00000| PB 0x0000000087e00000| Complete 
|  95|0x0000000087f00000, 0x0000000088000000, 0x0000000088000000|100%|HC|  |TAMS 0x0000000087f00000| PB 0x0000000087f00000| Complete 
|  96|0x0000000088000000, 0x0000000088100000, 0x0000000088100000|100%|HS|  |TAMS 0x0000000088000000| PB 0x0000000088000000| Complete 
|  97|0x0000000088100000, 0x0000000088200000, 0x0000000088200000|100%|HC|  |TAMS 0x0000000088100000| PB 0x0000000088100000| Complete 
|  98|0x0000000088200000, 0x0000000088300000, 0x0000000088300000|100%|HS|  |TAMS 0x0000000088200000| PB 0x0000000088200000| Complete 
|  99|0x0000000088300000, 0x0000000088400000, 0x0000000088400000|100%|HC|  |TAMS 0x0000000088300000| PB 0x0000000088300000| Complete 
| 100|0x0000000088400000, 0x0000000088500000, 0x0000000088500000|100%|HS|  |TAMS 0x0000000088400000| PB 0x0000000088400000| Complete 
| 101|0x0000000088500000, 0x0000000088600000, 0x0000000088600000|100%|HC|  |TAMS 0x0000000088500000| PB 0x0000000088500000| Complete 
| 102|0x0000000088600000, 0x0000000088700000, 0x0000000088700000|100%|HS|  |TAMS 0x0000000088600000| PB 0x0000000088600000| Complete 
| 103|0x0000000088700000, 0x0000000088800000, 0x0000000088800000|100%|HC|  |TAMS 0x0000000088700000| PB 0x0000000088700000| Complete 
| 104|0x0000000088800000, 0x0000000088900000, 0x0000000088900000|100%|HS|  |TAMS 0x0000000088800000| PB 0x0000000088800000| Complete 
| 105|0x0000000088900000, 0x0000000088a00000, 0x0000000088a00000|100%|HC|  |TAMS 0x0000000088900000| PB 0x0000000088900000| Complete 
| 106|0x0000000088a00000, 0x0000000088b00000, 0x0000000088b00000|100%|HS|  |TAMS 0x0000000088a00000| PB 0x0000000088a00000| Complete 
| 107|0x0000000088b00000, 0x0000000088c00000, 0x0000000088c00000|100%|HC|  |TAMS 0x0000000088b00000| PB 0x0000000088b00000| Complete 
| 108|0x0000000088c00000, 0x0000000088d00000, 0x0000000088d00000|100%|HS|  |TAMS 0x0000000088c00000| PB 0x0000000088c00000| Complete 
| 109|0x0000000088d00000, 0x0000000088e00000, 0x0000000088e00000|100%|HC|  |TAMS 0x0000000088d00000| PB 0x0000000088d00000| Complete 
| 110|0x0000000088e00000, 0x0000000088f00000, 0x0000000088f00000|100%|HS|  |TAMS 0x0000000088e00000| PB 0x0000000088e00000| Complete 
| 111|0x0000000088f00000, 0x0000000089000000, 0x0000000089000000|100%|HC|  |TAMS 0x0000000088f00000| PB 0x0000000088f00000| Complete 
| 112|0x0000000089000000, 0x0000000089100000, 0x0000000089100000|100%|HS|  |TAMS 0x0000000089000000| PB 0x0000000089000000| Complete 
| 113|0x0000000089100000, 0x0000000089200000, 0x0000000089200000|100%|HC|  |TAMS 0x0000000089100000| PB 0x0000000089100000| Complete 
| 114|0x0000000089200000, 0x0000000089300000, 0x0000000089300000|100%|HS|  |TAMS 0x0000000089200000| PB 0x0000000089200000| Complete 
| 115|0x0000000089300000, 0x0000000089400000, 0x0000000089400000|100%|HC|  |TAMS 0x0000000089300000| PB 0x0000000089300000| Complete 
| 116|0x0000000089400000, 0x0000000089500000, 0x0000000089500000|100%|HS|  |TAMS 0x0000000089400000| PB 0x0000000089400000| Complete 
| 117|0x0000000089500000, 0x0000000089600000, 0x0000000089600000|100%|HC|  |TAMS 0x0000000089500000| PB 0x0000000089500000| Complete 
| 118|0x0000000089600000, 0x0000000089700000, 0x0000000089700000|100%|HS|  |TAMS 0x0000000089600000| PB 0x0000000089600000| Complete 
| 119|0x0000000089700000, 0x0000000089800000, 0x0000000089800000|100%|HC|  |TAMS 0x0000000089700000| PB 0x0000000089700000| Complete 
| 120|0x0000000089800000, 0x0000000089900000, 0x0000000089900000|100%|HS|  |TAMS 0x0000000089800000| PB 0x0000000089800000| Complete 
| 121|0x0000000089900000, 0x0000000089a00000, 0x0000000089a00000|100%|HC|  |TAMS 0x0000000089900000| PB 0x0000000089900000| Complete 
| 122|0x0000000089a00000, 0x0000000089b00000, 0x0000000089b00000|100%|HS|  |TAMS 0x0000000089a00000| PB 0x0000000089a00000| Complete 
| 123|0x0000000089b00000, 0x0000000089c00000, 0x0000000089c00000|100%|HC|  |TAMS 0x0000000089b00000| PB 0x0000000089b00000| Complete 
| 124|0x0000000089c00000, 0x0000000089d00000, 0x0000000089d00000|100%|HS|  |TAMS 0x0000000089c00000| PB 0x0000000089c00000| Complete 
| 125|0x0000000089d00000, 0x0000000089e00000, 0x0000000089e00000|100%| O|  |TAMS 0x0000000089d00000| PB 0x0000000089d00000| Untracked 
| 126|0x0000000089e00000, 0x0000000089f00000, 0x0000000089f00000|100%|HS|  |TAMS 0x0000000089e00000| PB 0x0000000089e00000| Complete 
| 127|0x0000000089f00000, 0x000000008a000000, 0x000000008a000000|100%|HC|  |TAMS 0x0000000089f00000| PB 0x0000000089f00000| Complete 
| 128|0x000000008a000000, 0x000000008a100000, 0x000000008a100000|100%|HS|  |TAMS 0x000000008a000000| PB 0x000000008a000000| Complete 
| 129|0x000000008a100000, 0x000000008a200000, 0x000000008a200000|100%|HC|  |TAMS 0x000000008a100000| PB 0x000000008a100000| Complete 
| 130|0x000000008a200000, 0x000000008a300000, 0x000000008a300000|100%|HS|  |TAMS 0x000000008a200000| PB 0x000000008a200000| Complete 
| 131|0x000000008a300000, 0x000000008a400000, 0x000000008a400000|100%|HC|  |TAMS 0x000000008a300000| PB 0x000000008a300000| Complete 
| 132|0x000000008a400000, 0x000000008a500000, 0x000000008a500000|100%|HS|  |TAMS 0x000000008a400000| PB 0x000000008a400000| Complete 
| 133|0x000000008a500000, 0x000000008a600000, 0x000000008a600000|100%|HC|  |TAMS 0x000000008a500000| PB 0x000000008a500000| Complete 
| 134|0x000000008a600000, 0x000000008a700000, 0x000000008a700000|100%|HS|  |TAMS 0x000000008a600000| PB 0x000000008a600000| Complete 
| 135|0x000000008a700000, 0x000000008a800000, 0x000000008a800000|100%|HC|  |TAMS 0x000000008a700000| PB 0x000000008a700000| Complete 
| 136|0x000000008a800000, 0x000000008a900000, 0x000000008a900000|100%|HS|  |TAMS 0x000000008a800000| PB 0x000000008a800000| Complete 
| 137|0x000000008a900000, 0x000000008aa00000, 0x000000008aa00000|100%|HC|  |TAMS 0x000000008a900000| PB 0x000000008a900000| Complete 
| 138|0x000000008aa00000, 0x000000008ab00000, 0x000000008ab00000|100%|HS|  |TAMS 0x000000008aa00000| PB 0x000000008aa00000| Complete 
| 139|0x000000008ab00000, 0x000000008ac00000, 0x000000008ac00000|100%|HC|  |TAMS 0x000000008ab00000| PB 0x000000008ab00000| Complete 
| 140|0x000000008ac00000, 0x000000008ad00000, 0x000000008ad00000|100%|HS|  |TAMS 0x000000008ac00000| PB 0x000000008ac00000| Complete 
| 141|0x000000008ad00000, 0x000000008ae00000, 0x000000008ae00000|100%|HC|  |TAMS 0x000000008ad00000| PB 0x000000008ad00000| Complete 
| 142|0x000000008ae00000, 0x000000008af00000, 0x000000008af00000|100%|HS|  |TAMS 0x000000008ae00000| PB 0x000000008ae00000| Complete 
| 143|0x000000008af00000, 0x000000008b000000, 0x000000008b000000|100%|HC|  |TAMS 0x000000008af00000| PB 0x000000008af00000| Complete 
| 144|0x000000008b000000, 0x000000008b100000, 0x000000008b100000|100%|HS|  |TAMS 0x000000008b000000| PB 0x000000008b000000| Complete 
| 145|0x000000008b100000, 0x000000008b200000, 0x000000008b200000|100%|HC|  |TAMS 0x000000008b100000| PB 0x000000008b100000| Complete 
| 146|0x000000008b200000, 0x000000008b300000, 0x000000008b300000|100%|HS|  |TAMS 0x000000008b200000| PB 0x000000008b200000| Complete 
| 147|0x000000008b300000, 0x000000008b400000, 0x000000008b400000|100%|HC|  |TAMS 0x000000008b300000| PB 0x000000008b300000| Complete 
| 148|0x000000008b400000, 0x000000008b500000, 0x000000008b500000|100%|HS|  |TAMS 0x000000008b400000| PB 0x000000008b400000| Complete 
| 149|0x000000008b500000, 0x000000008b600000, 0x000000008b600000|100%|HC|  |TAMS 0x000000008b500000| PB 0x000000008b500000| Complete 
| 150|0x000000008b600000, 0x000000008b700000, 0x000000008b700000|100%|HS|  |TAMS 0x000000008b600000| PB 0x000000008b600000| Complete 
| 151|0x000000008b700000, 0x000000008b800000, 0x000000008b800000|100%|HC|  |TAMS 0x000000008b700000| PB 0x000000008b700000| Complete 
| 152|0x000000008b800000, 0x000000008b900000, 0x000000008b900000|100%|HS|  |TAMS 0x000000008b800000| PB 0x000000008b800000| Complete 
| 153|0x000000008b900000, 0x000000008ba00000, 0x000000008ba00000|100%|HC|  |TAMS 0x000000008b900000| PB 0x000000008b900000| Complete 
| 154|0x000000008ba00000, 0x000000008bb00000, 0x000000008bb00000|100%|HS|  |TAMS 0x000000008ba00000| PB 0x000000008ba00000| Complete 
| 155|0x000000008bb00000, 0x000000008bc00000, 0x000000008bc00000|100%|HC|  |TAMS 0x000000008bb00000| PB 0x000000008bb00000| Complete 
| 156|0x000000008bc00000, 0x000000008bd00000, 0x000000008bd00000|100%|HS|  |TAMS 0x000000008bc00000| PB 0x000000008bc00000| Complete 
| 157|0x000000008bd00000, 0x000000008be00000, 0x000000008be00000|100%|HC|  |TAMS 0x000000008bd00000| PB 0x000000008bd00000| Complete 
| 158|0x000000008be00000, 0x000000008bf00000, 0x000000008bf00000|100%|HS|  |TAMS 0x000000008be00000| PB 0x000000008be00000| Complete 
| 159|0x000000008bf00000, 0x000000008c000000, 0x000000008c000000|100%|HC|  |TAMS 0x000000008bf00000| PB 0x000000008bf00000| Complete 
| 160|0x000000008c000000, 0x000000008c100000, 0x000000008c100000|100%|HS|  |TAMS 0x000000008c000000| PB 0x000000008c000000| Complete 
| 161|0x000000008c100000, 0x000000008c200000, 0x000000008c200000|100%|HC|  |TAMS 0x000000008c100000| PB 0x000000008c100000| Complete 
| 162|0x000000008c200000, 0x000000008c300000, 0x000000008c300000|100%|HS|  |TAMS 0x000000008c200000| PB 0x000000008c200000| Complete 
| 163|0x000000008c300000, 0x000000008c400000, 0x000000008c400000|100%|HC|  |TAMS 0x000000008c300000| PB 0x000000008c300000| Complete 
| 164|0x000000008c400000, 0x000000008c500000, 0x000000008c500000|100%|HS|  |TAMS 0x000000008c400000| PB 0x000000008c400000| Complete 
| 165|0x000000008c500000, 0x000000008c600000, 0x000000008c600000|100%|HC|  |TAMS 0x000000008c500000| PB 0x000000008c500000| Complete 
| 166|0x000000008c600000, 0x000000008c700000, 0x000000008c700000|100%|HS|  |TAMS 0x000000008c600000| PB 0x000000008c600000| Complete 
| 167|0x000000008c700000, 0x000000008c800000, 0x000000008c800000|100%|HC|  |TAMS 0x000000008c700000| PB 0x000000008c700000| Complete 
| 168|0x000000008c800000, 0x000000008c900000, 0x000000008c900000|100%|HS|  |TAMS 0x000000008c800000| PB 0x000000008c800000| Complete 
| 169|0x000000008c900000, 0x000000008ca00000, 0x000000008ca00000|100%|HC|  |TAMS 0x000000008c900000| PB 0x000000008c900000| Complete 
| 170|0x000000008ca00000, 0x000000008cb00000, 0x000000008cb00000|100%|HS|  |TAMS 0x000000008ca00000| PB 0x000000008ca00000| Complete 
| 171|0x000000008cb00000, 0x000000008cc00000, 0x000000008cc00000|100%|HC|  |TAMS 0x000000008cb00000| PB 0x000000008cb00000| Complete 
| 172|0x000000008cc00000, 0x000000008cd00000, 0x000000008cd00000|100%|HS|  |TAMS 0x000000008cc00000| PB 0x000000008cc00000| Complete 
| 173|0x000000008cd00000, 0x000000008ce00000, 0x000000008ce00000|100%|HC|  |TAMS 0x000000008cd00000| PB 0x000000008cd00000| Complete 
| 174|0x000000008ce00000, 0x000000008cf00000, 0x000000008cf00000|100%|HS|  |TAMS 0x000000008ce00000| PB 0x000000008ce00000| Complete 
| 175|0x000000008cf00000, 0x000000008d000000, 0x000000008d000000|100%|HC|  |TAMS 0x000000008cf00000| PB 0x000000008cf00000| Complete 
| 176|0x000000008d000000, 0x000000008d100000, 0x000000008d100000|100%|HS|  |TAMS 0x000000008d000000| PB 0x000000008d000000| Complete 
| 177|0x000000008d100000, 0x000000008d200000, 0x000000008d200000|100%|HC|  |TAMS 0x000000008d100000| PB 0x000000008d100000| Complete 
| 178|0x000000008d200000, 0x000000008d300000, 0x000000008d300000|100%|HS|  |TAMS 0x000000008d200000| PB 0x000000008d200000| Complete 
| 179|0x000000008d300000, 0x000000008d400000, 0x000000008d400000|100%|HC|  |TAMS 0x000000008d300000| PB 0x000000008d300000| Complete 
| 180|0x000000008d400000, 0x000000008d500000, 0x000000008d500000|100%|HS|  |TAMS 0x000000008d400000| PB 0x000000008d400000| Complete 
| 181|0x000000008d500000, 0x000000008d600000, 0x000000008d600000|100%|HC|  |TAMS 0x000000008d500000| PB 0x000000008d500000| Complete 
| 182|0x000000008d600000, 0x000000008d700000, 0x000000008d700000|100%|HS|  |TAMS 0x000000008d600000| PB 0x000000008d600000| Complete 
| 183|0x000000008d700000, 0x000000008d800000, 0x000000008d800000|100%|HC|  |TAMS 0x000000008d700000| PB 0x000000008d700000| Complete 
| 184|0x000000008d800000, 0x000000008d900000, 0x000000008d900000|100%| O|  |TAMS 0x000000008d800000| PB 0x000000008d800000| Untracked 
| 185|0x000000008d900000, 0x000000008da00000, 0x000000008da00000|100%|HS|  |TAMS 0x000000008d900000| PB 0x000000008d900000| Complete 
| 186|0x000000008da00000, 0x000000008da00000, 0x000000008db00000|  0%| F|  |TAMS 0x000000008da00000| PB 0x000000008da00000| Untracked 
| 187|0x000000008db00000, 0x000000008db00000, 0x000000008dc00000|  0%| F|  |TAMS 0x000000008db00000| PB 0x000000008db00000| Untracked 
| 188|0x000000008dc00000, 0x000000008dd00000, 0x000000008dd00000|100%|HS|  |TAMS 0x000000008dc00000| PB 0x000000008dc00000| Complete 
| 189|0x000000008dd00000, 0x000000008de00000, 0x000000008de00000|100%|HC|  |TAMS 0x000000008dd00000| PB 0x000000008dd00000| Complete 
| 190|0x000000008de00000, 0x000000008df00000, 0x000000008df00000|100%|HS|  |TAMS 0x000000008de00000| PB 0x000000008de00000| Complete 
| 191|0x000000008df00000, 0x000000008e000000, 0x000000008e000000|100%|HC|  |TAMS 0x000000008df00000| PB 0x000000008df00000| Complete 
| 192|0x000000008e000000, 0x000000008e100000, 0x000000008e100000|100%|HS|  |TAMS 0x000000008e000000| PB 0x000000008e000000| Complete 
| 193|0x000000008e100000, 0x000000008e200000, 0x000000008e200000|100%|HC|  |TAMS 0x000000008e100000| PB 0x000000008e100000| Complete 
| 194|0x000000008e200000, 0x000000008e300000, 0x000000008e300000|100%|HS|  |TAMS 0x000000008e200000| PB 0x000000008e200000| Complete 
| 195|0x000000008e300000, 0x000000008e400000, 0x000000008e400000|100%|HC|  |TAMS 0x000000008e300000| PB 0x000000008e300000| Complete 
| 196|0x000000008e400000, 0x000000008e500000, 0x000000008e500000|100%|HS|  |TAMS 0x000000008e400000| PB 0x000000008e400000| Complete 
| 197|0x000000008e500000, 0x000000008e600000, 0x000000008e600000|100%|HC|  |TAMS 0x000000008e500000| PB 0x000000008e500000| Complete 
| 198|0x000000008e600000, 0x000000008e700000, 0x000000008e700000|100%|HS|  |TAMS 0x000000008e600000| PB 0x000000008e600000| Complete 
| 199|0x000000008e700000, 0x000000008e800000, 0x000000008e800000|100%|HC|  |TAMS 0x000000008e700000| PB 0x000000008e700000| Complete 
| 200|0x000000008e800000, 0x000000008e900000, 0x000000008e900000|100%|HS|  |TAMS 0x000000008e800000| PB 0x000000008e800000| Complete 
| 201|0x000000008e900000, 0x000000008ea00000, 0x000000008ea00000|100%|HC|  |TAMS 0x000000008e900000| PB 0x000000008e900000| Complete 
| 202|0x000000008ea00000, 0x000000008eb00000, 0x000000008eb00000|100%|HS|  |TAMS 0x000000008ea00000| PB 0x000000008ea00000| Complete 
| 203|0x000000008eb00000, 0x000000008ec00000, 0x000000008ec00000|100%|HC|  |TAMS 0x000000008eb00000| PB 0x000000008eb00000| Complete 
| 204|0x000000008ec00000, 0x000000008ed00000, 0x000000008ed00000|100%|HS|  |TAMS 0x000000008ec00000| PB 0x000000008ec00000| Complete 
| 205|0x000000008ed00000, 0x000000008ee00000, 0x000000008ee00000|100%|HC|  |TAMS 0x000000008ed00000| PB 0x000000008ed00000| Complete 
| 206|0x000000008ee00000, 0x000000008ef00000, 0x000000008ef00000|100%|HS|  |TAMS 0x000000008ee00000| PB 0x000000008ee00000| Complete 
| 207|0x000000008ef00000, 0x000000008f000000, 0x000000008f000000|100%|HC|  |TAMS 0x000000008ef00000| PB 0x000000008ef00000| Complete 
| 208|0x000000008f000000, 0x000000008f100000, 0x000000008f100000|100%|HS|  |TAMS 0x000000008f000000| PB 0x000000008f000000| Complete 
| 209|0x000000008f100000, 0x000000008f200000, 0x000000008f200000|100%|HC|  |TAMS 0x000000008f100000| PB 0x000000008f100000| Complete 
| 210|0x000000008f200000, 0x000000008f300000, 0x000000008f300000|100%|HS|  |TAMS 0x000000008f200000| PB 0x000000008f200000| Complete 
| 211|0x000000008f300000, 0x000000008f400000, 0x000000008f400000|100%|HC|  |TAMS 0x000000008f300000| PB 0x000000008f300000| Complete 
| 212|0x000000008f400000, 0x000000008f500000, 0x000000008f500000|100%|HS|  |TAMS 0x000000008f400000| PB 0x000000008f400000| Complete 
| 213|0x000000008f500000, 0x000000008f600000, 0x000000008f600000|100%|HC|  |TAMS 0x000000008f500000| PB 0x000000008f500000| Complete 
| 214|0x000000008f600000, 0x000000008f700000, 0x000000008f700000|100%|HS|  |TAMS 0x000000008f600000| PB 0x000000008f600000| Complete 
| 215|0x000000008f700000, 0x000000008f800000, 0x000000008f800000|100%|HC|  |TAMS 0x000000008f700000| PB 0x000000008f700000| Complete 
| 216|0x000000008f800000, 0x000000008f900000, 0x000000008f900000|100%|HS|  |TAMS 0x000000008f800000| PB 0x000000008f800000| Complete 
| 217|0x000000008f900000, 0x000000008fa00000, 0x000000008fa00000|100%|HC|  |TAMS 0x000000008f900000| PB 0x000000008f900000| Complete 
| 218|0x000000008fa00000, 0x000000008fb00000, 0x000000008fb00000|100%|HS|  |TAMS 0x000000008fa00000| PB 0x000000008fa00000| Complete 
| 219|0x000000008fb00000, 0x000000008fc00000, 0x000000008fc00000|100%|HC|  |TAMS 0x000000008fb00000| PB 0x000000008fb00000| Complete 
| 220|0x000000008fc00000, 0x000000008fd00000, 0x000000008fd00000|100%|HS|  |TAMS 0x000000008fc00000| PB 0x000000008fc00000| Complete 
| 221|0x000000008fd00000, 0x000000008fe00000, 0x000000008fe00000|100%|HC|  |TAMS 0x000000008fd00000| PB 0x000000008fd00000| Complete 
| 222|0x000000008fe00000, 0x000000008ff00000, 0x000000008ff00000|100%|HS|  |TAMS 0x000000008fe00000| PB 0x000000008fe00000| Complete 
| 223|0x000000008ff00000, 0x0000000090000000, 0x0000000090000000|100%|HC|  |TAMS 0x000000008ff00000| PB 0x000000008ff00000| Complete 
| 224|0x0000000090000000, 0x0000000090100000, 0x0000000090100000|100%|HS|  |TAMS 0x0000000090000000| PB 0x0000000090000000| Complete 
| 225|0x0000000090100000, 0x0000000090200000, 0x0000000090200000|100%|HC|  |TAMS 0x0000000090100000| PB 0x0000000090100000| Complete 
| 226|0x0000000090200000, 0x0000000090300000, 0x0000000090300000|100%|HS|  |TAMS 0x0000000090200000| PB 0x0000000090200000| Complete 
| 227|0x0000000090300000, 0x0000000090400000, 0x0000000090400000|100%|HC|  |TAMS 0x0000000090300000| PB 0x0000000090300000| Complete 
| 228|0x0000000090400000, 0x0000000090500000, 0x0000000090500000|100%|HS|  |TAMS 0x0000000090400000| PB 0x0000000090400000| Complete 
| 229|0x0000000090500000, 0x0000000090600000, 0x0000000090600000|100%|HC|  |TAMS 0x0000000090500000| PB 0x0000000090500000| Complete 
| 230|0x0000000090600000, 0x0000000090600000, 0x0000000090700000|  0%| F|  |TAMS 0x0000000090600000| PB 0x0000000090600000| Untracked 
| 231|0x0000000090700000, 0x0000000090700000, 0x0000000090800000|  0%| F|  |TAMS 0x0000000090700000| PB 0x0000000090700000| Untracked 
| 232|0x0000000090800000, 0x0000000090800000, 0x0000000090900000|  0%| F|  |TAMS 0x0000000090800000| PB 0x0000000090800000| Untracked 
| 233|0x0000000090900000, 0x0000000090900000, 0x0000000090a00000|  0%| F|  |TAMS 0x0000000090900000| PB 0x0000000090900000| Untracked 
| 234|0x0000000090a00000, 0x0000000090a00000, 0x0000000090b00000|  0%| F|  |TAMS 0x0000000090a00000| PB 0x0000000090a00000| Untracked 
| 235|0x0000000090b00000, 0x0000000090b00000, 0x0000000090c00000|  0%| F|  |TAMS 0x0000000090b00000| PB 0x0000000090b00000| Untracked 
| 236|0x0000000090c00000, 0x0000000090c00000, 0x0000000090d00000|  0%| F|  |TAMS 0x0000000090c00000| PB 0x0000000090c00000| Untracked 
| 237|0x0000000090d00000, 0x0000000090d00000, 0x0000000090e00000|  0%| F|  |TAMS 0x0000000090d00000| PB 0x0000000090d00000| Untracked 
| 238|0x0000000090e00000, 0x0000000090e00000, 0x0000000090f00000|  0%| F|  |TAMS 0x0000000090e00000| PB 0x0000000090e00000| Untracked 
| 239|0x0000000090f00000, 0x0000000090f00000, 0x0000000091000000|  0%| F|  |TAMS 0x0000000090f00000| PB 0x0000000090f00000| Untracked 
| 240|0x0000000091000000, 0x0000000091000000, 0x0000000091100000|  0%| F|  |TAMS 0x0000000091000000| PB 0x0000000091000000| Untracked 
| 241|0x0000000091100000, 0x0000000091100000, 0x0000000091200000|  0%| F|  |TAMS 0x0000000091100000| PB 0x0000000091100000| Untracked 
| 242|0x0000000091200000, 0x0000000091200000, 0x0000000091300000|  0%| F|  |TAMS 0x0000000091200000| PB 0x0000000091200000| Untracked 
| 243|0x0000000091300000, 0x0000000091300000, 0x0000000091400000|  0%| F|  |TAMS 0x0000000091300000| PB 0x0000000091300000| Untracked 
| 244|0x0000000091400000, 0x0000000091400000, 0x0000000091500000|  0%| F|  |TAMS 0x0000000091400000| PB 0x0000000091400000| Untracked 
| 245|0x0000000091500000, 0x0000000091500000, 0x0000000091600000|  0%| F|  |TAMS 0x0000000091500000| PB 0x0000000091500000| Untracked 
| 246|0x0000000091600000, 0x0000000091600000, 0x0000000091700000|  0%| F|  |TAMS 0x0000000091600000| PB 0x0000000091600000| Untracked 
| 247|0x0000000091700000, 0x0000000091700000, 0x0000000091800000|  0%| F|  |TAMS 0x0000000091700000| PB 0x0000000091700000| Untracked 
| 248|0x0000000091800000, 0x0000000091800000, 0x0000000091900000|  0%| F|  |TAMS 0x0000000091800000| PB 0x0000000091800000| Untracked 
| 249|0x0000000091900000, 0x0000000091900000, 0x0000000091a00000|  0%| F|  |TAMS 0x0000000091900000| PB 0x0000000091900000| Untracked 
| 250|0x0000000091a00000, 0x0000000091a00000, 0x0000000091b00000|  0%| F|  |TAMS 0x0000000091a00000| PB 0x0000000091a00000| Untracked 
| 251|0x0000000091b00000, 0x0000000091b00000, 0x0000000091c00000|  0%| F|  |TAMS 0x0000000091b00000| PB 0x0000000091b00000| Untracked 
| 252|0x0000000091c00000, 0x0000000091c00000, 0x0000000091d00000|  0%| F|  |TAMS 0x0000000091c00000| PB 0x0000000091c00000| Untracked 
| 253|0x0000000091d00000, 0x0000000091d00000, 0x0000000091e00000|  0%| F|  |TAMS 0x0000000091d00000| PB 0x0000000091d00000| Untracked 
| 254|0x0000000091e00000, 0x0000000091ef1f20, 0x0000000091f00000| 94%| S|CS|TAMS 0x0000000091e00000| PB 0x0000000091e00000| Complete 
| 255|0x0000000091f00000, 0x0000000092000000, 0x0000000092000000|100%| S|CS|TAMS 0x0000000091f00000| PB 0x0000000091f00000| Complete 
| 256|0x0000000092000000, 0x0000000092100000, 0x0000000092100000|100%| S|CS|TAMS 0x0000000092000000| PB 0x0000000092000000| Complete 
| 257|0x0000000092100000, 0x0000000092100000, 0x0000000092200000|  0%| F|  |TAMS 0x0000000092100000| PB 0x0000000092100000| Untracked 
| 258|0x0000000092200000, 0x0000000092200000, 0x0000000092300000|  0%| F|  |TAMS 0x0000000092200000| PB 0x0000000092200000| Untracked 
| 259|0x0000000092300000, 0x0000000092300000, 0x0000000092400000|  0%| F|  |TAMS 0x0000000092300000| PB 0x0000000092300000| Untracked 
| 260|0x0000000092400000, 0x0000000092400000, 0x0000000092500000|  0%| F|  |TAMS 0x0000000092400000| PB 0x0000000092400000| Untracked 
| 261|0x0000000092500000, 0x0000000092500000, 0x0000000092600000|  0%| F|  |TAMS 0x0000000092500000| PB 0x0000000092500000| Untracked 
| 262|0x0000000092600000, 0x0000000092600000, 0x0000000092700000|  0%| F|  |TAMS 0x0000000092600000| PB 0x0000000092600000| Untracked 
| 263|0x0000000092700000, 0x0000000092700000, 0x0000000092800000|  0%| F|  |TAMS 0x0000000092700000| PB 0x0000000092700000| Untracked 
| 264|0x0000000092800000, 0x0000000092800000, 0x0000000092900000|  0%| F|  |TAMS 0x0000000092800000| PB 0x0000000092800000| Untracked 
| 265|0x0000000092900000, 0x0000000092900000, 0x0000000092a00000|  0%| F|  |TAMS 0x0000000092900000| PB 0x0000000092900000| Untracked 
| 266|0x0000000092a00000, 0x0000000092a00000, 0x0000000092b00000|  0%| F|  |TAMS 0x0000000092a00000| PB 0x0000000092a00000| Untracked 
| 267|0x0000000092b00000, 0x0000000092b00000, 0x0000000092c00000|  0%| F|  |TAMS 0x0000000092b00000| PB 0x0000000092b00000| Untracked 
| 268|0x0000000092c00000, 0x0000000092c00000, 0x0000000092d00000|  0%| F|  |TAMS 0x0000000092c00000| PB 0x0000000092c00000| Untracked 
| 269|0x0000000092d00000, 0x0000000092d00000, 0x0000000092e00000|  0%| F|  |TAMS 0x0000000092d00000| PB 0x0000000092d00000| Untracked 
| 270|0x0000000092e00000, 0x0000000092e00000, 0x0000000092f00000|  0%| F|  |TAMS 0x0000000092e00000| PB 0x0000000092e00000| Untracked 
| 271|0x0000000092f00000, 0x0000000092f00000, 0x0000000093000000|  0%| F|  |TAMS 0x0000000092f00000| PB 0x0000000092f00000| Untracked 
| 272|0x0000000093000000, 0x0000000093000000, 0x0000000093100000|  0%| F|  |TAMS 0x0000000093000000| PB 0x0000000093000000| Untracked 
| 273|0x0000000093100000, 0x0000000093100000, 0x0000000093200000|  0%| F|  |TAMS 0x0000000093100000| PB 0x0000000093100000| Untracked 
| 274|0x0000000093200000, 0x0000000093200000, 0x0000000093300000|  0%| F|  |TAMS 0x0000000093200000| PB 0x0000000093200000| Untracked 
| 275|0x0000000093300000, 0x0000000093300000, 0x0000000093400000|  0%| F|  |TAMS 0x0000000093300000| PB 0x0000000093300000| Untracked 
| 276|0x0000000093400000, 0x0000000093400000, 0x0000000093500000|  0%| F|  |TAMS 0x0000000093400000| PB 0x0000000093400000| Untracked 
| 277|0x0000000093500000, 0x0000000093500000, 0x0000000093600000|  0%| F|  |TAMS 0x0000000093500000| PB 0x0000000093500000| Untracked 
| 278|0x0000000093600000, 0x0000000093600000, 0x0000000093700000|  0%| F|  |TAMS 0x0000000093600000| PB 0x0000000093600000| Untracked 
| 279|0x0000000093700000, 0x0000000093700000, 0x0000000093800000|  0%| F|  |TAMS 0x0000000093700000| PB 0x0000000093700000| Untracked 
| 280|0x0000000093800000, 0x0000000093800000, 0x0000000093900000|  0%| F|  |TAMS 0x0000000093800000| PB 0x0000000093800000| Untracked 
| 281|0x0000000093900000, 0x0000000093900000, 0x0000000093a00000|  0%| F|  |TAMS 0x0000000093900000| PB 0x0000000093900000| Untracked 
| 282|0x0000000093a00000, 0x0000000093a00000, 0x0000000093b00000|  0%| F|  |TAMS 0x0000000093a00000| PB 0x0000000093a00000| Untracked 
| 283|0x0000000093b00000, 0x0000000093b00000, 0x0000000093c00000|  0%| F|  |TAMS 0x0000000093b00000| PB 0x0000000093b00000| Untracked 
| 284|0x0000000093c00000, 0x0000000093c00000, 0x0000000093d00000|  0%| F|  |TAMS 0x0000000093c00000| PB 0x0000000093c00000| Untracked 
| 285|0x0000000093d00000, 0x0000000093d00000, 0x0000000093e00000|  0%| F|  |TAMS 0x0000000093d00000| PB 0x0000000093d00000| Untracked 
| 286|0x0000000093e00000, 0x0000000093e00000, 0x0000000093f00000|  0%| F|  |TAMS 0x0000000093e00000| PB 0x0000000093e00000| Untracked 
| 287|0x0000000093f00000, 0x0000000093f00000, 0x0000000094000000|  0%| F|  |TAMS 0x0000000093f00000| PB 0x0000000093f00000| Untracked 
| 288|0x0000000094000000, 0x0000000094000000, 0x0000000094100000|  0%| F|  |TAMS 0x0000000094000000| PB 0x0000000094000000| Untracked 
| 289|0x0000000094100000, 0x0000000094100000, 0x0000000094200000|  0%| F|  |TAMS 0x0000000094100000| PB 0x0000000094100000| Untracked 
| 290|0x0000000094200000, 0x0000000094200000, 0x0000000094300000|  0%| F|  |TAMS 0x0000000094200000| PB 0x0000000094200000| Untracked 
| 291|0x0000000094300000, 0x0000000094300000, 0x0000000094400000|  0%| F|  |TAMS 0x0000000094300000| PB 0x0000000094300000| Untracked 
| 292|0x0000000094400000, 0x0000000094400000, 0x0000000094500000|  0%| F|  |TAMS 0x0000000094400000| PB 0x0000000094400000| Untracked 
| 293|0x0000000094500000, 0x0000000094500000, 0x0000000094600000|  0%| F|  |TAMS 0x0000000094500000| PB 0x0000000094500000| Untracked 
| 294|0x0000000094600000, 0x0000000094600000, 0x0000000094700000|  0%| F|  |TAMS 0x0000000094600000| PB 0x0000000094600000| Untracked 
| 295|0x0000000094700000, 0x0000000094700000, 0x0000000094800000|  0%| F|  |TAMS 0x0000000094700000| PB 0x0000000094700000| Untracked 
| 296|0x0000000094800000, 0x0000000094800000, 0x0000000094900000|  0%| F|  |TAMS 0x0000000094800000| PB 0x0000000094800000| Untracked 
| 297|0x0000000094900000, 0x0000000094900000, 0x0000000094a00000|  0%| F|  |TAMS 0x0000000094900000| PB 0x0000000094900000| Untracked 
| 298|0x0000000094a00000, 0x0000000094a00000, 0x0000000094b00000|  0%| F|  |TAMS 0x0000000094a00000| PB 0x0000000094a00000| Untracked 
| 299|0x0000000094b00000, 0x0000000094b00000, 0x0000000094c00000|  0%| F|  |TAMS 0x0000000094b00000| PB 0x0000000094b00000| Untracked 
| 300|0x0000000094c00000, 0x0000000094c45210, 0x0000000094d00000| 27%| E|  |TAMS 0x0000000094c00000| PB 0x0000000094c00000| Complete 
| 301|0x0000000094d00000, 0x0000000094e00000, 0x0000000094e00000|100%| E|CS|TAMS 0x0000000094d00000| PB 0x0000000094d00000| Complete 
| 302|0x0000000094e00000, 0x0000000094f00000, 0x0000000094f00000|100%| E|CS|TAMS 0x0000000094e00000| PB 0x0000000094e00000| Complete 
| 303|0x0000000094f00000, 0x0000000095000000, 0x0000000095000000|100%| E|CS|TAMS 0x0000000094f00000| PB 0x0000000094f00000| Complete 
| 304|0x0000000095000000, 0x0000000095100000, 0x0000000095100000|100%| E|CS|TAMS 0x0000000095000000| PB 0x0000000095000000| Complete 
| 305|0x0000000095100000, 0x0000000095200000, 0x0000000095200000|100%| E|CS|TAMS 0x0000000095100000| PB 0x0000000095100000| Complete 
| 306|0x0000000095200000, 0x0000000095300000, 0x0000000095300000|100%| E|CS|TAMS 0x0000000095200000| PB 0x0000000095200000| Complete 
| 307|0x0000000095300000, 0x0000000095400000, 0x0000000095400000|100%| E|CS|TAMS 0x0000000095300000| PB 0x0000000095300000| Complete 
| 308|0x0000000095400000, 0x0000000095500000, 0x0000000095500000|100%| E|CS|TAMS 0x0000000095400000| PB 0x0000000095400000| Complete 
| 309|0x0000000095500000, 0x0000000095600000, 0x0000000095600000|100%| E|CS|TAMS 0x0000000095500000| PB 0x0000000095500000| Complete 
| 310|0x0000000095600000, 0x0000000095700000, 0x0000000095700000|100%| E|CS|TAMS 0x0000000095600000| PB 0x0000000095600000| Complete 
| 311|0x0000000095700000, 0x0000000095800000, 0x0000000095800000|100%| E|CS|TAMS 0x0000000095700000| PB 0x0000000095700000| Complete 
| 312|0x0000000095800000, 0x0000000095900000, 0x0000000095900000|100%| E|CS|TAMS 0x0000000095800000| PB 0x0000000095800000| Complete 
| 313|0x0000000095900000, 0x0000000095a00000, 0x0000000095a00000|100%| E|CS|TAMS 0x0000000095900000| PB 0x0000000095900000| Complete 
| 314|0x0000000095a00000, 0x0000000095b00000, 0x0000000095b00000|100%| E|CS|TAMS 0x0000000095a00000| PB 0x0000000095a00000| Complete 
| 315|0x0000000095b00000, 0x0000000095c00000, 0x0000000095c00000|100%| E|CS|TAMS 0x0000000095b00000| PB 0x0000000095b00000| Complete 
| 316|0x0000000095c00000, 0x0000000095d00000, 0x0000000095d00000|100%| E|CS|TAMS 0x0000000095c00000| PB 0x0000000095c00000| Complete 
| 317|0x0000000095d00000, 0x0000000095e00000, 0x0000000095e00000|100%| E|CS|TAMS 0x0000000095d00000| PB 0x0000000095d00000| Complete 
| 318|0x0000000095e00000, 0x0000000095f00000, 0x0000000095f00000|100%| E|CS|TAMS 0x0000000095e00000| PB 0x0000000095e00000| Complete 
| 319|0x0000000095f00000, 0x0000000096000000, 0x0000000096000000|100%| E|CS|TAMS 0x0000000095f00000| PB 0x0000000095f00000| Complete 
| 320|0x0000000096000000, 0x0000000096100000, 0x0000000096100000|100%| E|CS|TAMS 0x0000000096000000| PB 0x0000000096000000| Complete 
| 321|0x0000000096100000, 0x0000000096200000, 0x0000000096200000|100%| E|CS|TAMS 0x0000000096100000| PB 0x0000000096100000| Complete 
|2014|0x00000000ffe00000, 0x00000000fff00000, 0x00000000fff00000|100%| O|Cm|TAMS 0x00000000ffe00000| PB 0x00000000ffe00000| Complete 
|2015|0x00000000fff00000, 0x0000000100000000, 0x0000000100000000|100%| O|  |TAMS 0x00000000fff00000| PB 0x00000000fff00000| Untracked 

Card table byte_map: [0x000001fdd5230000,0x000001fdd5620000] _byte_map_base: 0x000001fdd4e20000

Marking Bits: (CMBitMap*) 0x000001fdbd9f0740
 Bits: [0x000001fdd5620000, 0x000001fdd75a0000)

Polling page: 0x000001fdbb7f0000

Metaspace:

Usage:
  Non-class:     14.58 MB used.
      Class:      2.09 MB used.
       Both:     16.68 MB used.

Virtual space:
  Non-class space:       64.00 MB reserved,      14.75 MB ( 23%) committed,  1 nodes.
      Class space:        1.00 GB reserved,       2.25 MB ( <1%) committed,  1 nodes.
             Both:        1.06 GB reserved,      17.00 MB (  2%) committed. 

Chunk freelists:
   Non-Class:  1.22 MB
       Class:  13.67 MB
        Both:  14.89 MB

MaxMetaspaceSize: unlimited
CompressedClassSpaceSize: 1.00 GB
Initial GC threshold: 21.00 MB
Current GC threshold: 26.38 MB
CDS: on
 - commit_granule_bytes: 65536.
 - commit_granule_words: 8192.
 - virtual_space_node_default_size: 8388608.
 - enlarge_chunks_in_place: 1.
 - use_allocation_guard: 0.


Internal statistics:

num_allocs_failed_limit: 0.
num_arena_births: 258.
num_arena_deaths: 0.
num_vsnodes_births: 2.
num_vsnodes_deaths: 0.
num_space_committed: 272.
num_space_uncommitted: 0.
num_chunks_returned_to_freelist: 0.
num_chunks_taken_from_freelist: 815.
num_chunk_merges: 0.
num_chunk_splits: 535.
num_chunks_enlarged: 393.
num_inconsistent_stats: 0.

CodeHeap 'non-profiled nmethods': size=120000Kb used=1804Kb max_used=1804Kb free=118195Kb
 bounds [0x000001fdcd910000, 0x000001fdcdb80000, 0x000001fdd4e40000]
CodeHeap 'profiled nmethods': size=120000Kb used=7205Kb max_used=7205Kb free=112794Kb
 bounds [0x000001fdc5e40000, 0x000001fdc6550000, 0x000001fdcd370000]
CodeHeap 'non-nmethods': size=5760Kb used=1871Kb max_used=1908Kb free=3889Kb
 bounds [0x000001fdcd370000, 0x000001fdcd5e0000, 0x000001fdcd910000]
 total_blobs=4537 nmethods=3663 adapters=776
 compilation: enabled
              stopped_count=0, restarted_count=0
 full_count=0

Compilation events (20 events):
Event: 22.339 Thread 0x000001fdd9a62180 4009       3       com.sun.javafx.tk.quantum.GlassScene::getCurrentPaint (95 bytes)
Event: 22.339 Thread 0x000001fdd9a62180 nmethod 4009 0x000001fdc6546010 code [0x000001fdc6546220, 0x000001fdc65468c8]
Event: 22.339 Thread 0x000001fdd9a62180 4008       3       com.sun.glass.ui.Window::isTransparentWindow (15 bytes)
Event: 22.340 Thread 0x000001fdd9a62180 nmethod 4008 0x000001fdc6546a10 code [0x000001fdc6546ba0, 0x000001fdc6546d08]
Event: 22.340 Thread 0x000001fdd9a62180 4010       3       com.sun.prism.PresentableState::update (182 bytes)
Event: 22.341 Thread 0x000001fdd9a62180 nmethod 4010 0x000001fdc6546d90 code [0x000001fdc6546fe0, 0x000001fdc6547a60]
Event: 22.341 Thread 0x000001fdd9a62180 4011       3       javafx.beans.property.BooleanPropertyBase::<init> (25 bytes)
Event: 22.341 Thread 0x000001fdd9a62180 nmethod 4011 0x000001fdc6547d90 code [0x000001fdc6547f60, 0x000001fdc6548270]
Event: 22.434 Thread 0x000001fdd9a5d6e0 4012       4       com.sun.prism.impl.ps.BaseShaderContext::isSuperShaderEnabled (57 bytes)
Event: 22.437 Thread 0x000001fdd9a5d6e0 nmethod 4012 0x000001fdcdad2690 code [0x000001fdcdad2820, 0x000001fdcdad29a0]
Event: 22.514 Thread 0x000001fdd9a62180 4013       3       java.lang.String::getChars (55 bytes)
Event: 22.515 Thread 0x000001fdd9a5d6e0 4014       4       com.sun.javafx.geom.RectBounds::<init> (14 bytes)
Event: 22.515 Thread 0x000001fdd9a62180 nmethod 4013 0x000001fdc6548390 code [0x000001fdc65485c0, 0x000001fdc6548cf0]
Event: 22.515 Thread 0x000001fdd9a5d6e0 nmethod 4014 0x000001fdcdad2b10 code [0x000001fdcdad2ca0, 0x000001fdcdad2d40]
Event: 22.516 Thread 0x000001fdd9a62180 4015       3       java.nio.CharBuffer::position (6 bytes)
Event: 22.516 Thread 0x000001fdd9a62180 nmethod 4015 0x000001fdc6549010 code [0x000001fdc65491c0, 0x000001fdc6549370]
Event: 22.553 Thread 0x000001fdd9a5d6e0 4016       4       java.util.concurrent.ConcurrentHashMap$BaseIterator::hasNext (13 bytes)
Event: 22.553 Thread 0x000001fdd9a5d6e0 nmethod 4016 0x000001fdcdad2e10 code [0x000001fdcdad2fa0, 0x000001fdcdad3030]
Event: 50.585 Thread 0x000001fdd9a62180 4017       3       java.util.LinkedList$ListItr::hasNext (20 bytes)
Event: 50.585 Thread 0x000001fdd9a62180 nmethod 4017 0x000001fdc6549490 code [0x000001fdc6549640, 0x000001fdc65497b0]

GC Heap History (20 events):
Event: 10.640 GC heap before
{Heap before GC invocations=12 (full 0):
 garbage-first heap   total 129024K, used 81496K [0x0000000082000000, 0x0000000100000000)
  region size 1024K, 75 young (76800K), 3 survivors (3072K)
 Metaspace       used 14902K, committed 15232K, reserved 1114112K
  class space    used 1856K, committed 2048K, reserved 1048576K
}
Event: 10.643 GC heap after
{Heap after GC invocations=13 (full 0):
 garbage-first heap   total 129024K, used 7994K [0x0000000082000000, 0x0000000100000000)
  region size 1024K, 3 young (3072K), 3 survivors (3072K)
 Metaspace       used 14902K, committed 15232K, reserved 1114112K
  class space    used 1856K, committed 2048K, reserved 1048576K
}
Event: 12.038 GC heap before
{Heap before GC invocations=13 (full 0):
 garbage-first heap   total 129024K, used 102202K [0x0000000082000000, 0x0000000100000000)
  region size 1024K, 45 young (46080K), 3 survivors (3072K)
 Metaspace       used 15331K, committed 15552K, reserved 1114112K
  class space    used 1922K, committed 2048K, reserved 1048576K
}
Event: 12.043 GC heap after
{Heap after GC invocations=14 (full 0):
 garbage-first heap   total 129024K, used 71616K [0x0000000082000000, 0x0000000100000000)
  region size 1024K, 10 young (10240K), 10 survivors (10240K)
 Metaspace       used 15331K, committed 15552K, reserved 1114112K
  class space    used 1922K, committed 2048K, reserved 1048576K
}
Event: 12.055 GC heap before
{Heap before GC invocations=15 (full 0):
 garbage-first heap   total 129024K, used 73664K [0x0000000082000000, 0x0000000100000000)
  region size 1024K, 11 young (11264K), 10 survivors (10240K)
 Metaspace       used 15333K, committed 15616K, reserved 1114112K
  class space    used 1922K, committed 2048K, reserved 1048576K
}
Event: 12.060 GC heap after
{Heap after GC invocations=16 (full 0):
 garbage-first heap   total 129024K, used 73268K [0x0000000082000000, 0x0000000100000000)
  region size 1024K, 1 young (1024K), 1 survivors (1024K)
 Metaspace       used 15333K, committed 15616K, reserved 1114112K
  class space    used 1922K, committed 2048K, reserved 1048576K
}
Event: 12.557 GC heap before
{Heap before GC invocations=17 (full 0):
 garbage-first heap   total 188416K, used 186932K [0x0000000082000000, 0x0000000100000000)
  region size 1024K, 2 young (2048K), 1 survivors (1024K)
 Metaspace       used 15373K, committed 15616K, reserved 1114112K
  class space    used 1925K, committed 2048K, reserved 1048576K
}
Event: 12.558 GC heap after
{Heap after GC invocations=18 (full 0):
 garbage-first heap   total 189440K, used 185820K [0x0000000082000000, 0x0000000100000000)
  region size 1024K, 1 young (1024K), 1 survivors (1024K)
 Metaspace       used 15373K, committed 15616K, reserved 1114112K
  class space    used 1925K, committed 2048K, reserved 1048576K
}
Event: 12.708 GC heap before
{Heap before GC invocations=18 (full 0):
 garbage-first heap   total 190464K, used 187868K [0x0000000082000000, 0x0000000100000000)
  region size 1024K, 2 young (2048K), 1 survivors (1024K)
 Metaspace       used 15409K, committed 15680K, reserved 1114112K
  class space    used 1931K, committed 2048K, reserved 1048576K
}
Event: 12.710 GC heap after
{Heap after GC invocations=19 (full 0):
 garbage-first heap   total 192512K, used 188348K [0x0000000082000000, 0x0000000100000000)
  region size 1024K, 1 young (1024K), 1 survivors (1024K)
 Metaspace       used 15409K, committed 15680K, reserved 1114112K
  class space    used 1931K, committed 2048K, reserved 1048576K
}
Event: 12.907 GC heap before
{Heap before GC invocations=19 (full 0):
 garbage-first heap   total 192512K, used 189372K [0x0000000082000000, 0x0000000100000000)
  region size 1024K, 3 young (3072K), 1 survivors (1024K)
 Metaspace       used 15437K, committed 15680K, reserved 1114112K
  class space    used 1931K, committed 2048K, reserved 1048576K
}
Event: 12.909 GC heap after
{Heap after GC invocations=20 (full 0):
 garbage-first heap   total 193536K, used 189947K [0x0000000082000000, 0x0000000100000000)
  region size 1024K, 1 young (1024K), 1 survivors (1024K)
 Metaspace       used 15437K, committed 15680K, reserved 1114112K
  class space    used 1931K, committed 2048K, reserved 1048576K
}
Event: 13.057 GC heap before
{Heap before GC invocations=21 (full 0):
 garbage-first heap   total 319488K, used 190971K [0x0000000082000000, 0x0000000100000000)
  region size 1024K, 3 young (3072K), 1 survivors (1024K)
 Metaspace       used 15511K, committed 15808K, reserved 1114112K
  class space    used 1947K, committed 2112K, reserved 1048576K
}
Event: 13.060 GC heap after
{Heap after GC invocations=22 (full 0):
 garbage-first heap   total 319488K, used 191732K [0x0000000082000000, 0x0000000100000000)
  region size 1024K, 1 young (1024K), 1 survivors (1024K)
 Metaspace       used 15511K, committed 15808K, reserved 1114112K
  class space    used 1947K, committed 2112K, reserved 1048576K
}
Event: 16.246 GC heap before
{Heap before GC invocations=22 (full 0):
 garbage-first heap   total 319488K, used 246004K [0x0000000082000000, 0x0000000100000000)
  region size 1024K, 55 young (56320K), 1 survivors (1024K)
 Metaspace       used 15769K, committed 16064K, reserved 1114112K
  class space    used 1980K, committed 2112K, reserved 1048576K
}
Event: 16.248 GC heap after
{Heap after GC invocations=23 (full 0):
 garbage-first heap   total 319488K, used 191646K [0x0000000082000000, 0x0000000100000000)
  region size 1024K, 2 young (2048K), 2 survivors (2048K)
 Metaspace       used 15769K, committed 16064K, reserved 1114112K
  class space    used 1980K, committed 2112K, reserved 1048576K
}
Event: 19.009 GC heap before
{Heap before GC invocations=23 (full 0):
 garbage-first heap   total 319488K, used 250014K [0x0000000082000000, 0x0000000100000000)
  region size 1024K, 61 young (62464K), 2 survivors (2048K)
 Metaspace       used 15949K, committed 16192K, reserved 1114112K
  class space    used 1993K, committed 2112K, reserved 1048576K
}
Event: 19.011 GC heap after
{Heap after GC invocations=24 (full 0):
 garbage-first heap   total 319488K, used 191926K [0x0000000082000000, 0x0000000100000000)
  region size 1024K, 2 young (2048K), 2 survivors (2048K)
 Metaspace       used 15949K, committed 16192K, reserved 1114112K
  class space    used 1993K, committed 2112K, reserved 1048576K
}
Event: 20.095 GC heap before
{Heap before GC invocations=25 (full 0):
 garbage-first heap   total 331776K, used 302518K [0x0000000082000000, 0x0000000100000000)
  region size 1024K, 67 young (68608K), 2 survivors (2048K)
 Metaspace       used 17001K, committed 17280K, reserved 1114112K
  class space    used 2136K, committed 2304K, reserved 1048576K
}
Event: 20.100 GC heap after
{Heap after GC invocations=26 (full 0):
 garbage-first heap   total 331776K, used 236634K [0x0000000082000000, 0x0000000100000000)
  region size 1024K, 3 young (3072K), 3 survivors (3072K)
 Metaspace       used 17001K, committed 17280K, reserved 1114112K
  class space    used 2136K, committed 2304K, reserved 1048576K
}

Dll operation events (20 events):
Event: 0.774 Loaded shared library D:\javafx-sdk-21.0.8\bin\api-ms-win-crt-locale-l1-1-0.dll
Event: 0.775 Loaded shared library D:\javafx-sdk-21.0.8\bin\api-ms-win-crt-math-l1-1-0.dll
Event: 0.777 Loaded shared library D:\javafx-sdk-21.0.8\bin\api-ms-win-crt-multibyte-l1-1-0.dll
Event: 0.778 Loaded shared library D:\javafx-sdk-21.0.8\bin\api-ms-win-crt-private-l1-1-0.dll
Event: 0.779 Loaded shared library D:\javafx-sdk-21.0.8\bin\api-ms-win-crt-process-l1-1-0.dll
Event: 0.780 Loaded shared library D:\javafx-sdk-21.0.8\bin\api-ms-win-crt-runtime-l1-1-0.dll
Event: 0.781 Loaded shared library D:\javafx-sdk-21.0.8\bin\api-ms-win-crt-stdio-l1-1-0.dll
Event: 0.783 Loaded shared library D:\javafx-sdk-21.0.8\bin\api-ms-win-crt-string-l1-1-0.dll
Event: 0.784 Loaded shared library D:\javafx-sdk-21.0.8\bin\api-ms-win-crt-time-l1-1-0.dll
Event: 0.785 Loaded shared library D:\javafx-sdk-21.0.8\bin\api-ms-win-crt-utility-l1-1-0.dll
Event: 0.787 Loaded shared library D:\javafx-sdk-21.0.8\bin\ucrtbase.dll
Event: 0.788 Loaded shared library D:\javafx-sdk-21.0.8\bin\vcruntime140.dll
Event: 0.789 Loaded shared library D:\javafx-sdk-21.0.8\bin\vcruntime140_1.dll
Event: 0.791 Loaded shared library D:\javafx-sdk-21.0.8\bin\msvcp140.dll
Event: 0.792 Loaded shared library D:\javafx-sdk-21.0.8\bin\msvcp140_1.dll
Event: 0.793 Loaded shared library D:\javafx-sdk-21.0.8\bin\msvcp140_2.dll
Event: 0.837 Loaded shared library D:\javafx-sdk-21.0.8\bin\prism_d3d.dll
Event: 0.872 Loaded shared library D:\javafx-sdk-21.0.8\bin\glass.dll
Event: 1.130 Loaded shared library D:\javafx-sdk-21.0.8\bin\javafx_font.dll
Event: 11.766 Loaded shared library D:\javafx-sdk-21.0.8\bin\javafx_iio.dll

Deoptimization events (20 events):
Event: 19.419 Thread 0x000001fe1f7548b0 Uncommon trap: trap_request=0xffffff45 fr.pc=0x000001fdcd9f1174 relative=0x0000000000000c94
Event: 19.419 Thread 0x000001fe1f7548b0 Uncommon trap: reason=unstable_if action=reinterpret pc=0x000001fdcd9f1174 method=com.sun.javafx.geom.transform.AffineBase.updateState2D()V @ 51 c2
Event: 19.419 Thread 0x000001fe1f7548b0 DEOPT PACKING pc=0x000001fdcd9f1174 sp=0x00000063a6bfe270
Event: 19.419 Thread 0x000001fe1f7548b0 DEOPT UNPACKING pc=0x000001fdcd3c46a2 sp=0x00000063a6bfde40 mode 2
Event: 19.451 Thread 0x000001fe1f7548b0 Uncommon trap: trap_request=0xffffff45 fr.pc=0x000001fdcda40ea0 relative=0x0000000000000240
Event: 19.451 Thread 0x000001fe1f7548b0 Uncommon trap: reason=unstable_if action=reinterpret pc=0x000001fdcda40ea0 method=com.sun.javafx.geom.transform.AffineBase.updateState2D()V @ 51 c2
Event: 19.451 Thread 0x000001fe1f7548b0 DEOPT PACKING pc=0x000001fdcda40ea0 sp=0x00000063a6bfd930
Event: 19.451 Thread 0x000001fe1f7548b0 DEOPT UNPACKING pc=0x000001fdcd3c46a2 sp=0x00000063a6bfd8c8 mode 2
Event: 19.944 Thread 0x000001fe1f7548b0 Uncommon trap: trap_request=0xffffff45 fr.pc=0x000001fdcd9e53f4 relative=0x00000000000000d4
Event: 19.944 Thread 0x000001fe1f7548b0 Uncommon trap: reason=unstable_if action=reinterpret pc=0x000001fdcd9e53f4 method=com.sun.prism.d3d.D3DTextureResource.isValid()Z @ 4 c2
Event: 19.944 Thread 0x000001fe1f7548b0 DEOPT PACKING pc=0x000001fdcd9e53f4 sp=0x00000063a6bfcd60
Event: 19.944 Thread 0x000001fe1f7548b0 DEOPT UNPACKING pc=0x000001fdcd3c46a2 sp=0x00000063a6bfcc88 mode 2
Event: 20.043 Thread 0x000001fe1f7548b0 DEOPT PACKING pc=0x000001fdc65099db sp=0x00000063a6bfc8d0
Event: 20.043 Thread 0x000001fe1f7548b0 DEOPT UNPACKING pc=0x000001fdcd3c4e42 sp=0x00000063a6bfbd80 mode 0
Event: 20.980 Thread 0x000001fe1f7548b0 DEOPT PACKING pc=0x000001fdc64b42dc sp=0x00000063a6bfced0
Event: 20.980 Thread 0x000001fe1f7548b0 DEOPT UNPACKING pc=0x000001fdcd3c4e42 sp=0x00000063a6bfc300 mode 0
Event: 22.568 Thread 0x000001fe1f2e5ec0 Uncommon trap: trap_request=0xffffff45 fr.pc=0x000001fdcd920cf0 relative=0x00000000000003b0
Event: 22.568 Thread 0x000001fe1f2e5ec0 Uncommon trap: reason=unstable_if action=reinterpret pc=0x000001fdcd920cf0 method=java.util.HashMap$HashIterator.<init>(Ljava/util/HashMap;)V @ 45 c2
Event: 22.568 Thread 0x000001fe1f2e5ec0 DEOPT PACKING pc=0x000001fdcd920cf0 sp=0x00000063a6dfbe00
Event: 22.568 Thread 0x000001fe1f2e5ec0 DEOPT UNPACKING pc=0x000001fdcd3c46a2 sp=0x00000063a6dfbdc8 mode 2

Classes loaded (20 events):
Event: 19.099 Loading class sun/net/www/protocol/jar/URLJarFile$URLJarFileCloseController done
Event: 19.099 Loading class sun/net/www/protocol/jar/JarFileFactory done
Event: 19.099 Loading class sun/net/www/protocol/jar/URLJarFile
Event: 19.100 Loading class sun/net/www/protocol/jar/URLJarFile done
Event: 19.100 Loading class sun/net/www/protocol/jar/URLJarFile$URLJarFileEntry
Event: 19.101 Loading class sun/net/www/protocol/jar/URLJarFile$URLJarFileEntry done
Event: 19.101 Loading class sun/net/www/protocol/jar/JarURLConnection$JarURLInputStream
Event: 19.101 Loading class sun/net/www/protocol/jar/JarURLConnection$JarURLInputStream done
Event: 19.167 Loading class java/util/WeakHashMap$Values
Event: 19.168 Loading class java/util/WeakHashMap$Values done
Event: 19.168 Loading class java/util/WeakHashMap$ValueIterator
Event: 19.168 Loading class java/util/WeakHashMap$ValueIterator done
Event: 19.359 Loading class java/lang/FdLibm$Atan2
Event: 19.361 Loading class java/lang/FdLibm$Atan2 done
Event: 22.551 Loading class java/util/concurrent/LinkedBlockingQueue$Itr
Event: 22.551 Loading class java/util/concurrent/LinkedBlockingQueue$Itr done
Event: 50.580 Loading class jdk/internal/misc/Signal$1
Event: 50.580 Loading class jdk/internal/misc/Signal$1 done
Event: 50.584 Loading class java/util/LinkedList$ListItr
Event: 50.584 Loading class java/util/LinkedList$ListItr done

Classes unloaded (0 events):
No events

Classes redefined (0 events):
No events

Internal exceptions (20 events):
Event: 12.561 Thread 0x000001fe1f2e5ec0 Implicit null exception at 0x000001fdcda38ca9 to 0x000001fdcda38d58
Event: 16.138 Thread 0x000001fe1f2e5ec0 Exception <a 'java/lang/NoSuchMethodError'{0x000000009512c878}: 'void java.lang.invoke.DirectMethodHandle$Holder.invokeSpecial(java.lang.Object, java.lang.Object, double)'> (0x000000009512c878) 
thrown [s\open\src\hotspot\share\interpreter\linkResolver.cpp, line 773]
Event: 16.140 Thread 0x000001fe1f2e5ec0 Exception <a 'java/lang/NoSuchMethodError'{0x000000009513d5d8}: 'java.lang.Object java.lang.invoke.DirectMethodHandle$Holder.newInvokeSpecial(java.lang.Object, java.lang.Object, double)'> (0x000000009513d5d8) 
thrown [s\open\src\hotspot\share\interpreter\linkResolver.cpp, line 773]
Event: 18.997 Thread 0x000001fe1f2e5ec0 Implicit null exception at 0x000001fdcd99cf08 to 0x000001fdcd9a01d0
Event: 18.999 Thread 0x000001fe1f2e5ec0 Exception <a 'java/io/FileNotFoundException'{0x00000000950c6540}> (0x00000000950c6540) 
thrown [s\open\src\hotspot\share\prims\jni.cpp, line 520]
Event: 18.999 Thread 0x000001fe1fd95240 Implicit null exception at 0x000001fdcda6f974 to 0x000001fdcda70ba4
Event: 19.008 Thread 0x000001fe1fd95240 Implicit null exception at 0x000001fdcd954e83 to 0x000001fdcd955608
Event: 19.071 Thread 0x000001fe1f2e5ec0 Exception <a 'java/lang/ClassNotFoundException'{0x00000000955c1068}: com/sun/glass/ui/win/themes> (0x00000000955c1068) 
thrown [s\open\src\hotspot\share\prims\jni.cpp, line 539]
Event: 19.075 Thread 0x000001fe1f2e5ec0 Exception <a 'java/lang/ClassNotFoundException'{0x00000000955c8dd0}: com/sun/glass/ui/win/themes_en> (0x00000000955c8dd0) 
thrown [s\open\src\hotspot\share\prims\jni.cpp, line 539]
Event: 19.076 Thread 0x000001fe1f2e5ec0 Exception <a 'java/lang/ClassNotFoundException'{0x00000000955ccbe8}: com/sun/glass/ui/win/themes_en_US> (0x00000000955ccbe8) 
thrown [s\open\src\hotspot\share\prims\jni.cpp, line 539]
Event: 19.181 Thread 0x000001fe1f2e5ec0 Exception <a 'java/lang/NoSuchMethodError'{0x000000009594b808}: 'void java.lang.invoke.DirectMethodHandle$Holder.invokeStaticInit(java.lang.Object, java.lang.Object)'> (0x000000009594b808) 
thrown [s\open\src\hotspot\share\interpreter\linkResolver.cpp, line 773]
Event: 19.187 Thread 0x000001fe1f2e5ec0 Exception <a 'java/lang/NoSuchMethodError'{0x0000000095963338}: 'void java.lang.invoke.DirectMethodHandle$Holder.invokeStatic(java.lang.Object, java.lang.Object, java.lang.Object, java.lang.Object)'> (0x0000000095963338) 
thrown [s\open\src\hotspot\share\interpreter\linkResolver.cpp, line 773]
Event: 19.255 Thread 0x000001fe1f2e5ec0 Exception <a 'java/lang/NoSuchMethodError'{0x000000009544dcc8}: 'void java.lang.invoke.DirectMethodHandle$Holder.invokeSpecial(java.lang.Object, java.lang.Object, java.lang.Object, java.lang.Object, java.lang.Object)'> (0x000000009544dcc8) 
thrown [s\open\src\hotspot\share\interpreter\linkResolver.cpp, line 773]
Event: 19.256 Thread 0x000001fe1f2e5ec0 Exception <a 'java/lang/NoSuchMethodError'{0x000000009545e2e8}: 'java.lang.Object java.lang.invoke.DirectMethodHandle$Holder.invokeInterface(java.lang.Object, java.lang.Object, java.lang.Object)'> (0x000000009545e2e8) 
thrown [s\open\src\hotspot\share\interpreter\linkResolver.cpp, line 773]
Event: 19.256 Thread 0x000001fe1f2e5ec0 Exception <a 'java/lang/IncompatibleClassChangeError'{0x0000000095461990}: Found class java.lang.Object, but interface was expected> (0x0000000095461990) 
thrown [s\open\src\hotspot\share\interpreter\linkResolver.cpp, line 840]
Event: 19.352 Thread 0x000001fe1f7548b0 Implicit null exception at 0x000001fdcda31d00 to 0x000001fdcda3412c
Event: 19.354 Thread 0x000001fe1f7548b0 Implicit null exception at 0x000001fdcda31d00 to 0x000001fdcda3412c
Event: 19.363 Thread 0x000001fe1f7548b0 Implicit null exception at 0x000001fdcda31d00 to 0x000001fdcda3412c
Event: 19.414 Thread 0x000001fe1f7548b0 Implicit null exception at 0x000001fdcda42560 to 0x000001fdcda425d0
Event: 19.944 Thread 0x000001fe1f7548b0 Implicit null exception at 0x000001fdcd9e5364 to 0x000001fdcd9e53e4

ZGC Phase Switch (0 events):
No events

VM Operations (20 events):
Event: 19.098 Executing VM operation: HandshakeAllThreads (Deoptimize) done
Event: 19.100 Executing VM operation: HandshakeAllThreads (Deoptimize)
Event: 19.100 Executing VM operation: HandshakeAllThreads (Deoptimize) done
Event: 19.259 Executing VM operation: HandshakeAllThreads (Deoptimize)
Event: 19.259 Executing VM operation: HandshakeAllThreads (Deoptimize) done
Event: 19.312 Executing VM operation: ICBufferFull
Event: 19.312 Executing VM operation: ICBufferFull done
Event: 19.354 Executing VM operation: HandshakeAllThreads (Deoptimize)
Event: 19.354 Executing VM operation: HandshakeAllThreads (Deoptimize) done
Event: 19.394 Executing VM operation: HandshakeAllThreads (Deoptimize)
Event: 19.394 Executing VM operation: HandshakeAllThreads (Deoptimize) done
Event: 20.095 Executing VM operation: G1CollectForAllocation (G1 Evacuation Pause)
Event: 20.100 Executing VM operation: G1CollectForAllocation (G1 Evacuation Pause) done
Event: 21.101 Executing VM operation: Cleanup
Event: 21.101 Executing VM operation: Cleanup done
Event: 22.101 Executing VM operation: Cleanup
Event: 22.101 Executing VM operation: Cleanup done
Event: 24.101 Executing VM operation: Cleanup
Event: 24.101 Executing VM operation: Cleanup done
Event: 50.687 Executing VM operation: Exit

Events (20 events):
Event: 22.517 Thread 0x000001fe1fd98030 Thread added: 0x000001fe1fd98030
Event: 22.517 Thread 0x000001fe1fd98030 Thread exited: 0x000001fe1fd98030
Event: 22.542 Thread 0x000001fe1fd965f0 Thread exited: 0x000001fe1fd965f0
Event: 22.542 Thread 0x000001fe1fd96c80 Thread added: 0x000001fe1fd96c80
Event: 22.542 Thread 0x000001fe1fd94520 Thread exited: 0x000001fe1fd94520
Event: 22.543 Thread 0x000001fe1fd96c80 Thread exited: 0x000001fe1fd96c80
Event: 22.543 Thread 0x000001fe1fd965f0 Thread added: 0x000001fe1fd965f0
Event: 22.543 Thread 0x000001fe1fd965f0 Thread exited: 0x000001fe1fd965f0
Event: 50.580 Thread 0x000001fe1fd97310 Thread added: 0x000001fe1fd97310
Event: 50.581 Thread 0x000001fe1fd93e90 Thread added: 0x000001fe1fd93e90
Event: 50.581 Thread 0x000001fe1fd965f0 Thread added: 0x000001fe1fd965f0
Event: 50.581 Thread 0x000001fe1fd98030 Thread added: 0x000001fe1fd98030
Event: 50.581 Thread 0x000001fe1fd94520 Thread added: 0x000001fe1fd94520
Event: 50.582 Thread 0x000001fe1fd98030 Thread exited: 0x000001fe1fd98030
Event: 50.583 Thread 0x000001fe1fd98030 Thread added: 0x000001fe1fd98030
Event: 50.583 Thread 0x000001fe1fd93e90 Thread exited: 0x000001fe1fd93e90
Event: 50.583 Thread 0x000001fe1fd965f0 Thread exited: 0x000001fe1fd965f0
Event: 50.587 Thread 0x000001fe2002f4d0 Thread exited: 0x000001fe2002f4d0
Event: 50.598 Thread 0x000001fe1f7548b0 Thread exited: 0x000001fe1f7548b0
Event: 50.687 Thread 0x000001fe1fd94520 Thread exited: 0x000001fe1fd94520


Dynamic libraries:
0x00007ff6ca040000 - 0x00007ff6ca050000 	C:\Program Files\Java\jdk-21\bin\java.exe
0x00007ff9437d0000 - 0x00007ff9439c8000 	C:\Windows\SYSTEM32\ntdll.dll
0x00007ff942af0000 - 0x00007ff942bb2000 	C:\Windows\System32\KERNEL32.DLL
0x00007ff941430000 - 0x00007ff941726000 	C:\Windows\System32\KERNELBASE.dll
0x00007ff940f40000 - 0x00007ff941040000 	C:\Windows\System32\ucrtbase.dll
0x00007ff93d0b0000 - 0x00007ff93d0cb000 	C:\Program Files\Java\jdk-21\bin\VCRUNTIME140.dll
0x00007ff934d10000 - 0x00007ff934d29000 	C:\Program Files\Java\jdk-21\bin\jli.dll
0x00007ff942e50000 - 0x00007ff942f01000 	C:\Windows\System32\ADVAPI32.dll
0x00007ff9431e0000 - 0x00007ff94327e000 	C:\Windows\System32\msvcrt.dll
0x00007ff942be0000 - 0x00007ff942c7f000 	C:\Windows\System32\sechost.dll
0x00007ff941c60000 - 0x00007ff941d80000 	C:\Windows\System32\RPCRT4.dll
0x00007ff9417c0000 - 0x00007ff9417e7000 	C:\Windows\System32\bcrypt.dll
0x00007ff943470000 - 0x00007ff943611000 	C:\Windows\System32\USER32.dll
0x00007ff940f10000 - 0x00007ff940f32000 	C:\Windows\System32\win32u.dll
0x00007ff943620000 - 0x00007ff94364b000 	C:\Windows\System32\GDI32.dll
0x00007ff941310000 - 0x00007ff941429000 	C:\Windows\System32\gdi32full.dll
0x00007ff9410c0000 - 0x00007ff94115d000 	C:\Windows\System32\msvcp_win.dll
0x00007ff9401d0000 - 0x00007ff94046b000 	C:\Windows\WinSxS\amd64_microsoft.windows.common-controls_6595b64144ccf1df_6.0.19041.6456_none_60b8a6cb71f64256\COMCTL32.dll
0x00007ff938c60000 - 0x00007ff938c6a000 	C:\Windows\SYSTEM32\VERSION.dll
0x00007ff9428b0000 - 0x00007ff9428df000 	C:\Windows\System32\IMM32.DLL
0x00007ff934ce0000 - 0x00007ff934cec000 	C:\Program Files\Java\jdk-21\bin\vcruntime140_1.dll
0x00007ff9349e0000 - 0x00007ff934a6e000 	C:\Program Files\Java\jdk-21\bin\msvcp140.dll
0x00007ff9007a0000 - 0x00007ff9014bd000 	C:\Program Files\Java\jdk-21\bin\server\jvm.dll
0x00007ff943400000 - 0x00007ff94346b000 	C:\Windows\System32\WS2_32.dll
0x00007ff940a50000 - 0x00007ff940a9b000 	C:\Windows\SYSTEM32\POWRPROF.dll
0x00007ff92eea0000 - 0x00007ff92eec7000 	C:\Windows\SYSTEM32\WINMM.dll
0x00007ff9404a0000 - 0x00007ff9404b2000 	C:\Windows\SYSTEM32\UMPDC.dll
0x00007ff93e630000 - 0x00007ff93e642000 	C:\Windows\SYSTEM32\kernel.appcore.dll
0x00007ff934cd0000 - 0x00007ff934cda000 	C:\Program Files\Java\jdk-21\bin\jimage.dll
0x00007ff940840000 - 0x00007ff940a41000 	C:\Windows\SYSTEM32\DBGHELP.DLL
0x00007ff9405d0000 - 0x00007ff940604000 	C:\Windows\SYSTEM32\dbgcore.DLL
0x00007ff941730000 - 0x00007ff9417b2000 	C:\Windows\System32\bcryptPrimitives.dll
0x00007ff9349c0000 - 0x00007ff9349cf000 	C:\Program Files\Java\jdk-21\bin\instrument.dll
0x00007ff9349a0000 - 0x00007ff9349bf000 	C:\Program Files\Java\jdk-21\bin\java.dll
0x00007ff9420e0000 - 0x00007ff942850000 	C:\Windows\System32\SHELL32.dll
0x00007ff93e830000 - 0x00007ff93efd5000 	C:\Windows\SYSTEM32\windows.storage.dll
0x00007ff941d80000 - 0x00007ff9420d4000 	C:\Windows\System32\combase.dll
0x00007ff940160000 - 0x00007ff94018b000 	C:\Windows\SYSTEM32\Wldp.dll
0x00007ff9432a0000 - 0x00007ff94336d000 	C:\Windows\System32\OLEAUT32.dll
0x00007ff942cf0000 - 0x00007ff942d9d000 	C:\Windows\System32\SHCORE.dll
0x00007ff942c90000 - 0x00007ff942ceb000 	C:\Windows\System32\shlwapi.dll
0x00007ff940d90000 - 0x00007ff940db4000 	C:\Windows\SYSTEM32\profapi.dll
0x00007ff9149e0000 - 0x00007ff914ab7000 	C:\Program Files\Java\jdk-21\bin\jsvml.dll
0x00007ff934990000 - 0x00007ff9349a0000 	C:\Program Files\Java\jdk-21\bin\net.dll
0x00007ff93afb0000 - 0x00007ff93b0ba000 	C:\Windows\SYSTEM32\WINHTTP.dll
0x00007ff940020000 - 0x00007ff94008a000 	C:\Windows\system32\mswsock.dll
0x00007ff934900000 - 0x00007ff934916000 	C:\Program Files\Java\jdk-21\bin\nio.dll
0x00007ff925ec0000 - 0x00007ff925ed8000 	C:\Program Files\Java\jdk-21\bin\zip.dll
0x00007ff934980000 - 0x00007ff934989000 	C:\Program Files\Java\jdk-21\bin\extnet.dll
0x00007ff91e5b0000 - 0x00007ff91e651000 	D:\javafx-sdk-21.0.8\bin\glib-lite.dll
0x00007ff9428e0000 - 0x00007ff942a0b000 	C:\Windows\System32\ole32.dll
0x00007ff906160000 - 0x00007ff90625b000 	D:\javafx-sdk-21.0.8\bin\gstreamer-lite.dll
0x00007ff916d60000 - 0x00007ff916dfc000 	C:\Windows\SYSTEM32\DSOUND.dll
0x00007ff90e0e0000 - 0x00007ff90e106000 	C:\Windows\SYSTEM32\winmmbase.dll
0x00007ff925b20000 - 0x00007ff925b44000 	D:\javafx-sdk-21.0.8\bin\jfxmedia.dll
0x00007ff903190000 - 0x00007ff90331f000 	C:\Program Files\Java\jdk-21\bin\awt.dll
0x00007ff93dde0000 - 0x00007ff93de74000 	C:\Windows\SYSTEM32\apphelp.dll
0x00007ff93e230000 - 0x00007ff93e2ce000 	C:\Windows\system32\uxtheme.dll
0x00007ff942f10000 - 0x00007ff943025000 	C:\Windows\System32\MSCTF.dll
0x000001fdbd960000 - 0x000001fdbd963000 	D:\javafx-sdk-21.0.8\bin\api-ms-win-core-console-l1-1-0.dll
0x000001fdd9fd0000 - 0x000001fdd9fd3000 	D:\javafx-sdk-21.0.8\bin\api-ms-win-core-console-l1-2-0.dll
0x000001fdd9fe0000 - 0x000001fdd9fe3000 	D:\javafx-sdk-21.0.8\bin\api-ms-win-core-datetime-l1-1-0.dll
0x000001fdd9ff0000 - 0x000001fdd9ff3000 	D:\javafx-sdk-21.0.8\bin\api-ms-win-core-debug-l1-1-0.dll
0x000001fe207d0000 - 0x000001fe207d3000 	D:\javafx-sdk-21.0.8\bin\api-ms-win-core-errorhandling-l1-1-0.dll
0x000001fe207e0000 - 0x000001fe207e4000 	D:\javafx-sdk-21.0.8\bin\api-ms-win-core-file-l1-1-0.dll
0x000001fe207f0000 - 0x000001fe207f3000 	D:\javafx-sdk-21.0.8\bin\api-ms-win-core-file-l1-2-0.dll
0x000001fe20800000 - 0x000001fe20803000 	D:\javafx-sdk-21.0.8\bin\api-ms-win-core-file-l2-1-0.dll
0x000001fe20810000 - 0x000001fe20813000 	D:\javafx-sdk-21.0.8\bin\api-ms-win-core-handle-l1-1-0.dll
0x000001fe20820000 - 0x000001fe20823000 	D:\javafx-sdk-21.0.8\bin\api-ms-win-core-heap-l1-1-0.dll
0x000001fe20830000 - 0x000001fe20833000 	D:\javafx-sdk-21.0.8\bin\api-ms-win-core-interlocked-l1-1-0.dll
0x000001fe20840000 - 0x000001fe20843000 	D:\javafx-sdk-21.0.8\bin\api-ms-win-core-libraryloader-l1-1-0.dll
0x000001fe20850000 - 0x000001fe20853000 	D:\javafx-sdk-21.0.8\bin\api-ms-win-core-localization-l1-2-0.dll
0x000001fe20860000 - 0x000001fe20863000 	D:\javafx-sdk-21.0.8\bin\api-ms-win-core-memory-l1-1-0.dll
0x000001fe20870000 - 0x000001fe20873000 	D:\javafx-sdk-21.0.8\bin\api-ms-win-core-namedpipe-l1-1-0.dll
0x000001fe20880000 - 0x000001fe20883000 	D:\javafx-sdk-21.0.8\bin\api-ms-win-core-processenvironment-l1-1-0.dll
0x000001fe20890000 - 0x000001fe20893000 	D:\javafx-sdk-21.0.8\bin\api-ms-win-core-processthreads-l1-1-0.dll
0x000001fe208a0000 - 0x000001fe208a3000 	D:\javafx-sdk-21.0.8\bin\api-ms-win-core-processthreads-l1-1-1.dll
0x000001fe208b0000 - 0x000001fe208b3000 	D:\javafx-sdk-21.0.8\bin\api-ms-win-core-profile-l1-1-0.dll
0x000001fe208c0000 - 0x000001fe208c3000 	D:\javafx-sdk-21.0.8\bin\api-ms-win-core-rtlsupport-l1-1-0.dll
0x000001fe208d0000 - 0x000001fe208d3000 	D:\javafx-sdk-21.0.8\bin\api-ms-win-core-string-l1-1-0.dll
0x000001fe208e0000 - 0x000001fe208e3000 	D:\javafx-sdk-21.0.8\bin\api-ms-win-core-synch-l1-1-0.dll
0x000001fe208f0000 - 0x000001fe208f3000 	D:\javafx-sdk-21.0.8\bin\api-ms-win-core-synch-l1-2-0.dll
0x000001fe20900000 - 0x000001fe20903000 	D:\javafx-sdk-21.0.8\bin\api-ms-win-core-sysinfo-l1-1-0.dll
0x000001fe20910000 - 0x000001fe20913000 	D:\javafx-sdk-21.0.8\bin\api-ms-win-core-timezone-l1-1-0.dll
0x000001fe20920000 - 0x000001fe20923000 	D:\javafx-sdk-21.0.8\bin\api-ms-win-core-util-l1-1-0.dll
0x000001fe20930000 - 0x000001fe20933000 	D:\javafx-sdk-21.0.8\bin\api-ms-win-crt-conio-l1-1-0.dll
0x000001fe20940000 - 0x000001fe20944000 	D:\javafx-sdk-21.0.8\bin\api-ms-win-crt-convert-l1-1-0.dll
0x000001fe20950000 - 0x000001fe20953000 	D:\javafx-sdk-21.0.8\bin\api-ms-win-crt-environment-l1-1-0.dll
0x000001fe20960000 - 0x000001fe20963000 	D:\javafx-sdk-21.0.8\bin\api-ms-win-crt-filesystem-l1-1-0.dll
0x000001fe20970000 - 0x000001fe20973000 	D:\javafx-sdk-21.0.8\bin\api-ms-win-crt-heap-l1-1-0.dll
0x000001fe20980000 - 0x000001fe20983000 	D:\javafx-sdk-21.0.8\bin\api-ms-win-crt-locale-l1-1-0.dll
0x000001fe20990000 - 0x000001fe20995000 	D:\javafx-sdk-21.0.8\bin\api-ms-win-crt-math-l1-1-0.dll
0x000001fe209a0000 - 0x000001fe209a5000 	D:\javafx-sdk-21.0.8\bin\api-ms-win-crt-multibyte-l1-1-0.dll
0x000001fe209b0000 - 0x000001fe209c0000 	D:\javafx-sdk-21.0.8\bin\api-ms-win-crt-private-l1-1-0.dll
0x000001fe209c0000 - 0x000001fe209c3000 	D:\javafx-sdk-21.0.8\bin\api-ms-win-crt-process-l1-1-0.dll
0x000001fe209d0000 - 0x000001fe209d4000 	D:\javafx-sdk-21.0.8\bin\api-ms-win-crt-runtime-l1-1-0.dll
0x000001fe209e0000 - 0x000001fe209e4000 	D:\javafx-sdk-21.0.8\bin\api-ms-win-crt-stdio-l1-1-0.dll
0x000001fe209f0000 - 0x000001fe209f4000 	D:\javafx-sdk-21.0.8\bin\api-ms-win-crt-string-l1-1-0.dll
0x000001fe20a00000 - 0x000001fe20a03000 	D:\javafx-sdk-21.0.8\bin\api-ms-win-crt-time-l1-1-0.dll
0x000001fe20a10000 - 0x000001fe20a13000 	D:\javafx-sdk-21.0.8\bin\api-ms-win-crt-utility-l1-1-0.dll
0x00007ff905380000 - 0x00007ff90547c000 	D:\javafx-sdk-21.0.8\bin\ucrtbase.dll
0x00007ff920f30000 - 0x00007ff920f4b000 	D:\javafx-sdk-21.0.8\bin\vcruntime140.dll
0x00007ff92e270000 - 0x00007ff92e27c000 	D:\javafx-sdk-21.0.8\bin\vcruntime140_1.dll
0x00007ff91eea0000 - 0x00007ff91ef2e000 	D:\javafx-sdk-21.0.8\bin\msvcp140.dll
0x00007ff92de00000 - 0x00007ff92de09000 	D:\javafx-sdk-21.0.8\bin\msvcp140_1.dll
0x00007ff91fa00000 - 0x00007ff91fa41000 	D:\javafx-sdk-21.0.8\bin\msvcp140_2.dll
0x00007ff9206c0000 - 0x00007ff9206f0000 	D:\javafx-sdk-21.0.8\bin\prism_d3d.dll
0x00007ff90b1b0000 - 0x00007ff90b381000 	C:\Windows\system32\d3d9.dll
0x00007ff93e520000 - 0x00007ff93e54e000 	C:\Windows\SYSTEM32\dwmapi.dll
0x00007ff941160000 - 0x00007ff9411ae000 	C:\Windows\System32\cfgmgr32.dll
0x00007ff91f970000 - 0x00007ff91f9b2000 	D:\javafx-sdk-21.0.8\bin\glass.dll
0x00007ff9436b0000 - 0x00007ff94378a000 	C:\Windows\System32\COMDLG32.dll
0x00007ff9362d0000 - 0x00007ff93630b000 	C:\Windows\SYSTEM32\dxcore.dll
0x00007ff91ff90000 - 0x00007ff91ffa5000 	D:\javafx-sdk-21.0.8\bin\javafx_font.dll
0x00007ff929840000 - 0x00007ff929abf000 	C:\Windows\SYSTEM32\dwrite.dll
0x00007ff91fb20000 - 0x00007ff91fb44000 	D:\javafx-sdk-21.0.8\bin\fxplugins.dll
0x00007ff93ab40000 - 0x00007ff93acfc000 	C:\Windows\SYSTEM32\MFPlat.DLL
0x00007ff93a8e0000 - 0x00007ff93a914000 	C:\Windows\SYSTEM32\RTWorkQ.DLL
0x00007ff942da0000 - 0x00007ff942e49000 	C:\Windows\System32\clbcatq.dll
0x00007ff937850000 - 0x00007ff9378d5000 	C:\Windows\System32\MMDevApi.dll
0x00007ff940bf0000 - 0x00007ff940c23000 	C:\Windows\System32\DEVOBJ.dll
0x00007ff92e4f0000 - 0x00007ff92e671000 	C:\Windows\SYSTEM32\AUDIOSES.DLL
0x00007ff93e300000 - 0x00007ff93e314000 	C:\Windows\SYSTEM32\resourcepolicyclient.dll
0x00007ff940150000 - 0x00007ff94015c000 	C:\Windows\SYSTEM32\CRYPTBASE.DLL
0x00007ff91f580000 - 0x00007ff91f5ab000 	C:\Windows\System32\qasf.dll
0x00007ff93a550000 - 0x00007ff93a7ad000 	C:\Windows\System32\WMVCore.DLL
0x00007ff934960000 - 0x00007ff93496b000 	C:\Windows\System32\msdmo.dll
0x00007ff93a050000 - 0x00007ff93a17d000 	C:\Windows\System32\mfperfhelper.dll

dbghelp: loaded successfully - version: 4.0.5 - missing functions: none
symbol engine: initialized successfully - sym options: 0x614 - pdb path: .;C:\Program Files\Java\jdk-21\bin;C:\Windows\SYSTEM32;C:\Windows\WinSxS\amd64_microsoft.windows.common-controls_6595b64144ccf1df_6.0.19041.6456_none_60b8a6cb71f64256;C:\Program Files\Java\jdk-21\bin\server;D:\javafx-sdk-21.0.8\bin;C:\Windows\System32\DriverStore\FileRepository\iigd_dch.inf_amd64_51f685305808e3a5;C:\Program Files\Common Files\Microsoft Shared\Ink

VM Arguments:
jvm_args: --module-path=D:\javafx-sdk-21.0.8\lib --add-modules=javafx.controls,javafx.fxml,javafx.media,javafx.swing -javaagent:C:\Program Files\JetBrains\IntelliJ IDEA 2025.2.3\lib\idea_rt.jar=51867 -Dfile.encoding=UTF-8 -Dsun.stdout.encoding=UTF-8 -Dsun.stderr.encoding=UTF-8 
java_command: MainGame
java_class_path (initial): D:\GAME\demo-repository\out\production\demo-repository;D:\javafx-sdk-21.0.8\lib\javafx-swt.jar;D:\javafx-sdk-21.0.8\lib\javafx.web.jar;D:\javafx-sdk-21.0.8\lib\javafx.base.jar;D:\javafx-sdk-21.0.8\lib\javafx.fxml.jar;D:\javafx-sdk-21.0.8\lib\javafx.media.jar;D:\javafx-sdk-21.0.8\lib\javafx.swing.jar;D:\javafx-sdk-21.0.8\lib\javafx.controls.jar;D:\javafx-sdk-21.0.8\lib\javafx.graphics.jar
Launcher Type: SUN_STANDARD

[Global flags]
     intx CICompilerCount                          = 3                                         {product} {ergonomic}
     uint ConcGCThreads                            = 1                                         {product} {ergonomic}
     uint G1ConcRefinementThreads                  = 4                                         {product} {ergonomic}
   size_t G1HeapRegionSize                         = 1048576                                   {product} {ergonomic}
    uintx GCDrainStackTargetSize                   = 64                                        {product} {ergonomic}
   size_t InitialHeapSize                          = 132120576                                 {product} {ergonomic}
   size_t MarkStackSize                            = 4194304                                   {product} {ergonomic}
   size_t MaxHeapSize                              = 2113929216                                {product} {ergonomic}
   size_t MaxNewSize                               = 1267728384                                {product} {ergonomic}
   size_t MinHeapDeltaBytes                        = 1048576                                   {product} {ergonomic}
   size_t MinHeapSize                              = 8388608                                   {product} {ergonomic}
    uintx NonNMethodCodeHeapSize                   = 5832780                                {pd product} {ergonomic}
    uintx NonProfiledCodeHeapSize                  = 122912730                              {pd product} {ergonomic}
    uintx ProfiledCodeHeapSize                     = 122912730                              {pd product} {ergonomic}
    uintx ReservedCodeCacheSize                    = 251658240                              {pd product} {ergonomic}
     bool SegmentedCodeCache                       = true                                      {product} {ergonomic}
   size_t SoftMaxHeapSize                          = 2113929216                             {manageable} {ergonomic}
     bool UseCompressedOops                        = true                           {product lp64_product} {ergonomic}
     bool UseG1GC                                  = true                                      {product} {ergonomic}
     bool UseLargePagesIndividualAllocation        = false                                  {pd product} {ergonomic}

Logging:
Log output configuration:
 #0: stdout all=off uptime,level,tags foldmultilines=false
 #1: stderr all=off uptime,level,tags foldmultilines=false

Environment Variables:
JAVA_HOME=C:\Program Files\Eclipse Adoptium\jdk-21.0.2.13-hotspot\
PATH=D:\VMWare\bin\;C:\Program Files\Eclipse Adoptium\jdk-21.0.2.13-hotspot\bin;C:\Program Files\Common Files\Oracle\Java\javapath;C:\Windows\system32;C:\Windows;C:\Windows\System32\Wbem;C:\Windows\System32\WindowsPowerShell\v1.0\;C:\Windows\System32\OpenSSH\;C:\Program Files (x86)\Intel\Intel(R) Management Engine Components\DAL;C:\Program Files\Intel\Intel(R) Management Engine Components\DAL;C:\Program Files (x86)\Windows Kits\10\Windows Performance Toolkit\;C:\mingw64\bin;C:\Program Files\dotnet\;C:\Program Files\Git\cmd;C:\Program Files\Eclipse Adoptium\jdk-21.0.2.13-hotspot\bin;C:\Program Files\Java\jdk-17\bin;C:\Users\Admin\AppData\Local\Programs\Microsoft VS Code\bin;C:\Program Files\JetBrains\IntelliJ IDEA Community Edition 2025.2.3\bin
USERNAME=Admin
OS=Windows_NT
PROCESSOR_IDENTIFIER=Intel64 Family 6 Model 142 Stepping 9, GenuineIntel
TMP=C:\Users\Admin\AppData\Local\Temp
TEMP=C:\Users\Admin\AppData\Local\Temp




Periodic native trim disabled

---------------  S Y S T E M  ---------------

OS:
 Windows 10 , 64 bit Build 19041 (10.0.19041.5915)
OS uptime: 5 days 4:09 hours

CPU: total 4 (initial active 4) (2 cores per cpu, 2 threads per core) family 6 model 142 stepping 9 microcode 0xb4, cx8, cmov, fxsr, ht, mmx, 3dnowpref, sse, sse2, sse3, ssse3, sse4.1, sse4.2, popcnt, lzcnt, tsc, tscinvbit, avx, avx2, aes, erms, clmul, bmi1, bmi2, adx, fma, vzeroupper, clflush, clflushopt, rdtscp, f16c
Processor Information for all 4 processors :
  Max Mhz: 2701, Current Mhz: 2701, Mhz Limit: 2701

Memory: 4k page, system-wide physical 8061M (1224M free)
TotalPageFile size 13247M (AvailPageFile size 1974M)
current process WorkingSet (physical memory assigned to process): 599M, peak: 668M
current process commit charge ("private bytes"): 726M, peak: 799M

vm_info: Java HotSpot(TM) 64-Bit Server VM (21.0.8+12-LTS-250) for windows-amd64 JRE (21.0.8+12-LTS-250), built on 2025-06-27T08:11:22Z by "mach5one" with MS VC++ 17.6 (VS2022)

END.
