#
# A fatal error has been detected by the Java Runtime Environment:
#
#  EXCEPTION_ACCESS_VIOLATION (0xc0000005) at pc=0x00007ffc425e6a17, pid=17456, tid=4292
#
# JRE version: OpenJDK Runtime Environment Microsoft-11933218 (21.0.8+9) (build 21.0.8+9-LTS)
# Java VM: OpenJDK 64-Bit Server VM Microsoft-11933218 (21.0.8+9-LTS, mixed mode, sharing, tiered, compressed oops, compressed class ptrs, g1 gc, windows-amd64)
# Problematic frame:
# C  [glass.dll+0x26a17]
#
# No core dump will be written. Minidumps are not enabled by default on client versions of Windows
#
# If you would like to submit a bug report, please visit:
#   https://github.com/microsoft/openjdk/issues
#

---------------  S U M M A R Y ------------

Command Line: --module-path=D:\openjfx-21.0.8_windows-x64_bin-sdk\javafx-sdk-21.0.8\lib --add-modules=javafx.controls,javafx.fxml,javafx.graphics,javafx.media,javafx.swing -javaagent:D:\Intel\IntelliJ IDEA 2025.2.1\lib\idea_rt.jar=51115 -Dfile.encoding=UTF-8 -Dsun.stdout.encoding=UTF-8 -Dsun.stderr.encoding=UTF-8 MainGame

Host: 12th Gen Intel(R) Core(TM) i5-12450HX, 12 cores, 15G,  Windows 11 , 64 bit Build 26100 (10.0.26100.6725)
Time: Sat Oct 25 22:39:38 2025 SE Asia Standard Time elapsed time: 176.377731 seconds (0d 0h 2m 56s)

---------------  T H R E A D  ---------------

Current thread (0x0000029b75df5580):  VMThread "VM Thread"          [id=4292, stack(0x000000be9c900000,0x000000be9ca00000) (1024K)]

Stack: [0x000000be9c900000,0x000000be9ca00000],  sp=0x000000be9c9fef80,  free space=1019k
Native frames: (J=compiled Java code, j=interpreted, Vv=VM code, C=native code)
C  [glass.dll+0x26a17]


siginfo: EXCEPTION_ACCESS_VIOLATION (0xc0000005), reading address 0x0000000000000000


Registers:
RAX=0x0000000000000000, RBX=0x0000029b7a56f092, RCX=0x0000029b75df5580, RDX=0x000000be9c9fef80
RSP=0x000000be9c9fef80, RBP=0x0000f8de06f34a26, RSI=0x0000029b7b0f2ca8, RDI=0x0000029b7b0f2c80
R8 =0x0000000000010002, R9 =0x0000f8de06f34a26, R10=0x0000029b54100000, R11=0x000000be9c9ff068
R12=0x0000000000000001, R13=0x00007ffc425e4360, R14=0x000000be9c9ff088, R15=0x0000029b7b0f2c80
RIP=0x00007ffc425e6a17, EFLAGS=0x0000000000010206

XMM[0]=0x0000000000000000 0x0000000000000000
XMM[1]=0x0000000000000000 0x0000000000000000
XMM[2]=0x0000000000000000 0x0000000000000000
XMM[3]=0x0000000000000000 0x0000000000000000
XMM[4]=0x0000000000000000 0x0000000000000000
XMM[5]=0x0000000000000000 0x0000000000000000
XMM[6]=0x0000000000000000 0x0000000000000000
XMM[7]=0x0000000000000000 0x0000000000000000
XMM[8]=0x0000000000000000 0x404e000000000000
XMM[9]=0x0000000000000000 0x0000000000000000
XMM[10]=0x0000000000000000 0x0000000000000000
XMM[11]=0x0000000000000000 0x0000000000000000
XMM[12]=0x0000000000000000 0x0000000000000000
XMM[13]=0x0000000000000000 0x0000000000000000
XMM[14]=0x0000000000000000 0x0000000000000000
XMM[15]=0x0000000000000000 0x0000000000000000
  MXCSR=0x00001fa3


Register to memory mapping:

RAX=0x0 is null
RBX=0x0000029b7a56f092 is a global jni handle
RCX=0x0000029b75df5580 points into unknown readable memory: 0x00007ffbf758ed58 | 58 ed 58 f7 fb 7f 00 00
RDX=0x000000be9c9fef80 points into unknown readable memory: 0x0000000000000000 | 00 00 00 00 00 00 00 00
RSP=0x000000be9c9fef80 points into unknown readable memory: 0x0000000000000000 | 00 00 00 00 00 00 00 00
RBP=0x0000f8de06f34a26 is an unknown value
RSI=0x0000029b7b0f2ca8 points into unknown readable memory: 0x0000f8de06f34a26 | 26 4a f3 06 de f8 00 00
RDI=0x0000029b7b0f2c80 points into unknown readable memory: 0x978f66de06ecb536 | 36 b5 ec 06 de 66 8f 97
R8 =0x0000000000010002 is an unknown value
R9 =0x0000f8de06f34a26 is an unknown value
R10=0x0000029b54100000 points into unknown readable memory: 0x0000000000000000 | 00 00 00 00 00 00 00 00
R11=0x000000be9c9ff068 points into unknown readable memory: 0x00007ffc425e41ed | ed 41 5e 42 fc 7f 00 00
R12=0x0000000000000001 is an unknown value
R13=0x00007ffc425e4360 glass.dll
R14=0x000000be9c9ff088 points into unknown readable memory: 0x000000be9c9ff070 | 70 f0 9f 9c be 00 00 00
R15=0x0000029b7b0f2c80 points into unknown readable memory: 0x978f66de06ecb536 | 36 b5 ec 06 de 66 8f 97

Top of Stack: (sp=0x000000be9c9fef80)
0x000000be9c9fef80:   0000000000000000 0000029b00000000
0x000000be9c9fef90:   0000029b7a92e1a0 0000000000000001
0x000000be9c9fefa0:   0000029b7b0f2c88 00007ffc9a01bc75
0x000000be9c9fefb0:   0000029b7b0f2c80 0000029b00000000
0x000000be9c9fefc0:   0000029b7b0f2ca0 0000f8de06f34a26
0x000000be9c9fefd0:   fffffffffffffffe 000000be9c9ff0a8
0x000000be9c9fefe0:   00007ffc425c0000 00007ffc425c0000
0x000000be9c9feff0:   000000be9c9ff078 00007ffc9a01b897
0x000000be9c9ff000:   000000be9c9ff000 000000be9c9ff088
0x000000be9c9ff010:   000000be9c9ff370 00007ffc9a1088c0
0x000000be9c9ff020:   0000000000000001 00007ffc9a01b84d
0x000000be9c9ff030:   0000000000000000 0000000000000001
0x000000be9c9ff040:   000000be9c9ff370 000000be9c9ff078
0x000000be9c9ff050:   fffffffffffffffe 00007ffc9cea0533
0x000000be9c9ff060:   0000029b7b536310 00007ffc425e41ed
0x000000be9c9ff070:   00007ffc425fa008 000000be00000002
0x000000be9c9ff080:   00007ffc00000002 000000be9c9ff070
0x000000be9c9ff090:   0000000000000000 00007ffc996f5e37
0x000000be9c9ff0a0:   0000000000000000 00007ffc425e4312
0x000000be9c9ff0b0:   0000000000000001 0000000000000000
0x000000be9c9ff0c0:   0000000000000001 00007ffc9ce4a6af
0x000000be9c9ff0d0:   00007ffc996f0000 000000be9c9ff370
0x000000be9c9ff0e0:   0000000000000001 0000000000000000
0x000000be9c9ff0f0:   0000000000000000 000000007ffe0384
0x000000be9c9ff100:   0000029b7afeb5d0 00007ffc9cf9f89e
0x000000be9c9ff110:   00007ffc425c0000 0000029b00000000
0x000000be9c9ff120:   0000000000000001 000000007ffe0385
0x000000be9c9ff130:   00007ffc425e75a0 00007ffc9ce4bcae
0x000000be9c9ff140:   0000000000000000 0000000000000000
0x000000be9c9ff150:   0000000000000000 0000000000000000
0x000000be9c9ff160:   0000000000000000 0000000000000000
0x000000be9c9ff170:   0000000000000000 0000000000000000 

Instructions: (pc=0x00007ffc425e6a17)
0x00007ffc425e6917:   8b 4d 58 e8 8d cf ff ff 48 8b 4d 60 e8 84 cf ff
0x00007ffc425e6927:   ff 48 8b 95 80 00 00 00 48 8b 8d 18 01 00 00 e8
0x00007ffc425e6937:   76 c4 ff ff 33 d2 33 c9 e8 cc e1 ff ff 90 48 89
0x00007ffc425e6947:   54 24 10 55 48 83 ec 20 48 8b ea 48 b8 00 00 00
0x00007ffc425e6957:   00 00 00 00 00 48 83 c4 20 5d c3 cc 40 55 48 8b
0x00007ffc425e6967:   ea 48 8b 01 33 c9 81 38 05 00 00 c0 0f 94 c1 8b
0x00007ffc425e6977:   c1 5d c3 cc 40 55 48 83 ec 20 48 8b ea 8a 4d 40
0x00007ffc425e6987:   48 83 c4 20 5d e9 73 d3 ff ff cc 40 55 48 83 ec
0x00007ffc425e6997:   20 48 8b ea 8a 4d 20 e8 61 d3 ff ff 90 48 83 c4
0x00007ffc425e69a7:   20 5d c3 cc 40 55 48 83 ec 20 48 8b ea 48 83 c4
0x00007ffc425e69b7:   20 5d e9 c2 d1 ff ff cc 40 55 48 83 ec 30 48 8b
0x00007ffc425e69c7:   ea 48 8b 01 8b 10 48 89 4c 24 28 89 54 24 20 4c
0x00007ffc425e69d7:   8d 0d 63 d6 ff ff 4c 8b 45 70 8b 55 68 48 8b 4d
0x00007ffc425e69e7:   60 e8 03 d1 ff ff 90 48 83 c4 30 5d c3 cc cc cc
0x00007ffc425e69f7:   cc cc cc cc cc cc cc cc cc 40 53 48 83 ec 20 48
0x00007ffc425e6a07:   8b 1d fb 2f 01 00 48 85 db 74 16 e8 89 8f ff ff
0x00007ffc425e6a17:   4c 8b 00 48 8b d3 48 8b c8 41 ff 90 b0 00 00 00
0x00007ffc425e6a27:   90 48 83 c4 20 5b c3 cc cc 40 53 48 83 ec 20 48
0x00007ffc425e6a37:   8b 1d 6b 31 01 00 48 85 db 74 57 b8 ff ff ff ff
0x00007ffc425e6a47:   f0 0f c1 43 10 83 f8 01 75 3d 48 85 db 74 38 48
0x00007ffc425e6a57:   8b 0b 48 85 c9 74 0d ff 15 44 08 00 00 48 c7 03
0x00007ffc425e6a67:   00 00 00 00 48 8b 4b 08 48 85 c9 74 0d e8 33 ce
0x00007ffc425e6a77:   ff ff 48 c7 43 08 00 00 00 00 ba 18 00 00 00 48
0x00007ffc425e6a87:   8b cb e8 1e ce ff ff 48 c7 05 0f 31 01 00 00 00
0x00007ffc425e6a97:   00 00 48 83 c4 20 5b c3 cc 40 53 48 83 ec 20 48
0x00007ffc425e6aa7:   8b 1d db 30 01 00 48 85 db 74 57 b8 ff ff ff ff
0x00007ffc425e6ab7:   f0 0f c1 43 10 83 f8 01 75 3d 48 85 db 74 38 48
0x00007ffc425e6ac7:   8b 0b 48 85 c9 74 0d ff 15 d4 07 00 00 48 c7 03
0x00007ffc425e6ad7:   00 00 00 00 48 8b 4b 08 48 85 c9 74 0d e8 c3 cd
0x00007ffc425e6ae7:   ff ff 48 c7 43 08 00 00 00 00 ba 18 00 00 00 48
0x00007ffc425e6af7:   8b cb e8 ae cd ff ff 48 c7 05 7f 30 01 00 00 00
0x00007ffc425e6b07:   00 00 48 83 c4 20 5b c3 cc 40 53 48 83 ec 20 48 


Stack slot to memory mapping:

stack at sp + 0 slots: 0x0 is null
stack at sp + 1 slots: 0x0000029b00000000 is pointing into metadata
stack at sp + 2 slots: 0x0000029b7a92e1a0 points into unknown readable memory: 0x0000029b7a92eec0 | c0 ee 92 7a 9b 02 00 00
stack at sp + 3 slots: 0x0000000000000001 is an unknown value
stack at sp + 4 slots: 0x0000029b7b0f2c88 points into unknown readable memory: 0x0000f8de06f34a26 | 26 4a f3 06 de f8 00 00
stack at sp + 5 slots: 0x00007ffc9a01bc75 ucrtbase.dll
stack at sp + 6 slots: 0x0000029b7b0f2c80 points into unknown readable memory: 0x978f66de06ecb536 | 36 b5 ec 06 de 66 8f 97
stack at sp + 7 slots: 0x0000029b00000000 is pointing into metadata

VM_Operation (0x000000be9c0ff1d0): Exit, mode: safepoint, requested by thread 0x0000029b4730f7a0


---------------  P R O C E S S  ---------------

Threads class SMR info:
_java_thread_list=0x0000029b45d518b0, length=25, elements={
0x0000029b75e0c300, 0x0000029b75e0cf50, 0x0000029b75e11dc0, 0x0000029b75e12810,
0x0000029b75e153a0, 0x0000029b75e217b0, 0x0000029b75e22f50, 0x0000029b75e23df0,
0x0000029b7a105fa0, 0x0000029b7a106cc0, 0x0000029b7a107350, 0x0000029b7a106630,
0x0000029b7a108d90, 0x0000029b7a1079e0, 0x0000029b7a108700, 0x0000029b7a109420,
0x0000029b7ad2e640, 0x0000029b7ad30080, 0x0000029b7ad30da0, 0x0000029b7ad2ecd0,
0x0000029b7ad2f360, 0x0000029b7ad2dfb0, 0x0000029b7ad32e70, 0x0000029b45d9f780,
0x0000029b4730f7a0
}

Java Threads: ( => current thread )
  0x0000029b75e0c300 JavaThread "Reference Handler"          daemon [_thread_blocked, id=5784, stack(0x000000be9ca00000,0x000000be9cb00000) (1024K)]
  0x0000029b75e0cf50 JavaThread "Finalizer"                  daemon [_thread_blocked, id=17188, stack(0x000000be9cb00000,0x000000be9cc00000) (1024K)]
  0x0000029b75e11dc0 JavaThread "Signal Dispatcher"          daemon [_thread_blocked, id=7276, stack(0x000000be9cc00000,0x000000be9cd00000) (1024K)]
  0x0000029b75e12810 JavaThread "Attach Listener"            daemon [_thread_blocked, id=22824, stack(0x000000be9cd00000,0x000000be9ce00000) (1024K)]
  0x0000029b75e153a0 JavaThread "Service Thread"             daemon [_thread_blocked, id=19184, stack(0x000000be9ce00000,0x000000be9cf00000) (1024K)]
  0x0000029b75e217b0 JavaThread "Monitor Deflation Thread"   daemon [_thread_blocked, id=12388, stack(0x000000be9cf00000,0x000000be9d000000) (1024K)]
  0x0000029b75e22f50 JavaThread "C2 CompilerThread0"         daemon [_thread_blocked, id=14600, stack(0x000000be9d000000,0x000000be9d100000) (1024K)]
  0x0000029b75e23df0 JavaThread "C1 CompilerThread0"         daemon [_thread_blocked, id=12208, stack(0x000000be9d100000,0x000000be9d200000) (1024K)]
  0x0000029b7a105fa0 JavaThread "Common-Cleaner"             daemon [_thread_blocked, id=20040, stack(0x000000be9d200000,0x000000be9d300000) (1024K)]
  0x0000029b7a106cc0 JavaThread "Monitor Ctrl-Break"         daemon [_thread_in_native, id=13008, stack(0x000000be9d500000,0x000000be9d600000) (1024K)]
  0x0000029b7a107350 JavaThread "Notification Thread"        daemon [_thread_blocked, id=7116, stack(0x000000be9d600000,0x000000be9d700000) (1024K)]
  0x0000029b7a106630 JavaThread "Media Resource Disposer"    daemon [_thread_blocked, id=2924, stack(0x000000be9d700000,0x000000be9d800000) (1024K)]
  0x0000029b7a108d90 JavaThread "Java2D Disposer"            daemon [_thread_blocked, id=23764, stack(0x000000be9d800000,0x000000be9d900000) (1024K)]
  0x0000029b7a1079e0 JavaThread "AWT-Shutdown"                      [_thread_blocked, id=3776, stack(0x000000be9d900000,0x000000be9da00000) (1024K)]
  0x0000029b7a108700 JavaThread "AWT-EventQueue-0"                  [_thread_blocked, id=23204, stack(0x000000be9db00000,0x000000be9dc00000) (1024K)]
  0x0000029b7a109420 JavaThread "DestroyJavaVM"                     [_thread_blocked, id=14676, stack(0x000000be9c200000,0x000000be9c300000) (1024K)]
  0x0000029b7ad2e640 JavaThread "InvokeLaterDispatcher"      daemon [_thread_blocked, id=16116, stack(0x000000be9e800000,0x000000be9e900000) (1024K)]
  0x0000029b7ad30080 JavaThread "JavaFX Application Thread"         [_thread_blocked, id=600, stack(0x000000be9de00000,0x000000be9df00000) (1024K)]
  0x0000029b7ad30da0 JavaThread "Thread-3"                   daemon [_thread_in_native, id=5816, stack(0x000000be9dc00000,0x000000be9dd00000) (1024K)]
  0x0000029b7ad2ecd0 JavaThread "JFXMedia Player EventQueueThread" daemon [_thread_blocked, id=18864, stack(0x000000be9fa00000,0x000000be9fb00000) (1024K)]
  0x0000029b7ad2f360 JavaThread "Image Animator 3"           daemon [_thread_blocked, id=23692, stack(0x000000be9d400000,0x000000be9d500000) (1024K)]
  0x0000029b7ad2dfb0 JavaThread "Thread-13"                  daemon [_thread_blocked, id=16724, stack(0x000000be9d300000,0x000000be9d400000) (1024K)]
  0x0000029b7ad32e70 JavaThread "Prism Font Disposer"        daemon [_thread_blocked, id=3124, stack(0x000000bea0900000,0x000000bea0a00000) (1024K)]
  0x0000029b45d9f780 JavaThread "Cleaner-0"                  daemon [_thread_blocked, id=14880, stack(0x000000bea1c00000,0x000000bea1d00000) (1024K)]
  0x0000029b4730f7a0 JavaThread "SIGINT handler"             daemon [_thread_blocked, id=19108, stack(0x000000be9c000000,0x000000be9c100000) (1024K)]
Total: 25

Other Threads:
=>0x0000029b75df5580 VMThread "VM Thread"                           [id=4292, stack(0x000000be9c900000,0x000000be9ca00000) (1024K)]
  0x0000029b5670f790 WorkerThread "GC Thread#0"                     [id=7780, stack(0x000000be9c300000,0x000000be9c400000) (1024K)]
  0x0000029b7ac0af80 WorkerThread "GC Thread#1"                     [id=5388, stack(0x000000be9df00000,0x000000be9e000000) (1024K)]
  0x0000029b7ac0b320 WorkerThread "GC Thread#2"                     [id=4420, stack(0x000000be9e000000,0x000000be9e100000) (1024K)]
  0x0000029b7ac0ba60 WorkerThread "GC Thread#3"                     [id=20192, stack(0x000000be9e100000,0x000000be9e200000) (1024K)]
  0x0000029b7ac0a100 WorkerThread "GC Thread#4"                     [id=20416, stack(0x000000be9e200000,0x000000be9e300000) (1024K)]
  0x0000029b7ac0abe0 WorkerThread "GC Thread#5"                     [id=11076, stack(0x000000be9e300000,0x000000be9e400000) (1024K)]
  0x0000029b7ac0a4a0 WorkerThread "GC Thread#6"                     [id=10708, stack(0x000000be9e400000,0x000000be9e500000) (1024K)]
  0x0000029b7b176570 WorkerThread "GC Thread#7"                     [id=22404, stack(0x000000be9e500000,0x000000be9e600000) (1024K)]
  0x0000029b7b174fb0 WorkerThread "GC Thread#8"                     [id=20252, stack(0x000000be9e600000,0x000000be9e700000) (1024K)]
  0x0000029b7b174870 WorkerThread "GC Thread#9"                     [id=20452, stack(0x000000be9e700000,0x000000be9e800000) (1024K)]
  0x0000029b567202f0 ConcurrentGCThread "G1 Main Marker"            terminated
  0x0000029b56722480 WorkerThread "G1 Conc#0"                       [id=20812, stack(0x000000be9c500000,0x000000be9c600000) (1024K)]
  0x0000029b7b172f10 WorkerThread "G1 Conc#1"                       [id=20044, stack(0x000000bea0300000,0x000000bea0400000) (1024K)]
  0x0000029b7b175e30 WorkerThread "G1 Conc#2"                       [id=5448, stack(0x000000bea0500000,0x000000bea0600000) (1024K)]
  0x0000029b75cb5020 ConcurrentGCThread "G1 Refine#0"               terminated
  0x0000029b75cb6950 ConcurrentGCThread "G1 Service"                terminated
Total: 17

Threads with active compile tasks:
Total: 0

VM state: at safepoint (shutting down)

VM Mutex/Monitor currently owned by a thread:  ([mutex/lock_event])
[0x00007ffbf776a7c8] Threads_lock - owner thread: 0x0000029b75df5580
[0x00007ffbf776a8c8] Heap_lock - owner thread: 0x0000029b4730f7a0

Heap address: 0x0000000704800000, size: 4024 MB, Compressed Oops mode: Zero based, Oop shift amount: 3

CDS archive(s) mapped at: [0x0000029b00000000-0x0000029b00c80000-0x0000029b00c80000), size 13107200, SharedBaseAddress: 0x0000029b00000000, ArchiveRelocationMode: 1.
Compressed class space mapped at: 0x0000029b01000000-0x0000029b41000000, reserved size: 1073741824
Narrow klass base: 0x0000029b00000000, Narrow klass shift: 0, Narrow klass range: 0x100000000

GC Precious Log:
 CardTable entry size: 512
 Card Set container configuration: InlinePtr #cards 4 size 8 Array Of Cards #cards 16 size 48 Howl #buckets 8 coarsen threshold 3686 Howl Bitmap #cards 512 size 80 coarsen threshold 460 Card regions per heap region 1 cards per card region 4096
 CPUs: 12 total, 12 available
 Memory: 16091M
 Large Page Support: Disabled
 NUMA Support: Disabled
 Compressed Oops: Enabled (Zero based)
 Heap Region Size: 2M
 Heap Min Capacity: 8M
 Heap Initial Capacity: 252M
 Heap Max Capacity: 4024M
 Pre-touch: Disabled
 Parallel Workers: 10
 Concurrent Workers: 3
 Concurrent Refinement Workers: 10
 Periodic GC: Disabled

Heap:
 garbage-first heap   total 520192K, used 283263K [0x0000000704800000, 0x0000000800000000)
  region size 2048K, 44 young (90112K), 3 survivors (6144K)
 Metaspace       used 21978K, committed 22272K, reserved 1114112K
  class space    used 2803K, committed 2944K, reserved 1048576K

Heap Regions: E=young(eden), S=young(survivor), O=old, HS=humongous(starts), HC=humongous(continues), CS=collection set, F=free, TAMS=top-at-mark-start, PB=parsable bottom
|   0|0x0000000704800000, 0x0000000704a00000, 0x0000000704a00000|100%|HS|  |TAMS 0x0000000704800000| PB 0x0000000704800000| Complete 
|   1|0x0000000704a00000, 0x0000000704c00000, 0x0000000704c00000|100%|HC|  |TAMS 0x0000000704a00000| PB 0x0000000704a00000| Complete 
|   2|0x0000000704c00000, 0x0000000704e00000, 0x0000000704e00000|100%| O|  |TAMS 0x0000000704c00000| PB 0x0000000704c00000| Untracked 
|   3|0x0000000704e00000, 0x0000000704ee3a80, 0x0000000705000000| 44%| O|  |TAMS 0x0000000704e00000| PB 0x0000000704e00000| Untracked 
|   4|0x0000000705000000, 0x0000000705200000, 0x0000000705200000|100%|HS|  |TAMS 0x0000000705000000| PB 0x0000000705000000| Complete 
|   5|0x0000000705200000, 0x0000000705400000, 0x0000000705400000|100%|HS|  |TAMS 0x0000000705200000| PB 0x0000000705200000| Complete 
|   6|0x0000000705400000, 0x0000000705600000, 0x0000000705600000|100%|HS|  |TAMS 0x0000000705400000| PB 0x0000000705400000| Complete 
|   7|0x0000000705600000, 0x0000000705800000, 0x0000000705800000|100%|HS|  |TAMS 0x0000000705600000| PB 0x0000000705600000| Complete 
|   8|0x0000000705800000, 0x0000000705a00000, 0x0000000705a00000|100%|HS|  |TAMS 0x0000000705800000| PB 0x0000000705800000| Complete 
|   9|0x0000000705a00000, 0x0000000705c00000, 0x0000000705c00000|100%|HS|  |TAMS 0x0000000705a00000| PB 0x0000000705a00000| Complete 
|  10|0x0000000705c00000, 0x0000000705e00000, 0x0000000705e00000|100%|HS|  |TAMS 0x0000000705c00000| PB 0x0000000705c00000| Complete 
|  11|0x0000000705e00000, 0x0000000706000000, 0x0000000706000000|100%|HS|  |TAMS 0x0000000705e00000| PB 0x0000000705e00000| Complete 
|  12|0x0000000706000000, 0x0000000706200000, 0x0000000706200000|100%|HS|  |TAMS 0x0000000706000000| PB 0x0000000706000000| Complete 
|  13|0x0000000706200000, 0x0000000706400000, 0x0000000706400000|100%|HS|  |TAMS 0x0000000706200000| PB 0x0000000706200000| Complete 
|  14|0x0000000706400000, 0x0000000706600000, 0x0000000706600000|100%|HS|  |TAMS 0x0000000706400000| PB 0x0000000706400000| Complete 
|  15|0x0000000706600000, 0x0000000706800000, 0x0000000706800000|100%|HS|  |TAMS 0x0000000706600000| PB 0x0000000706600000| Complete 
|  16|0x0000000706800000, 0x0000000706a00000, 0x0000000706a00000|100%|HS|  |TAMS 0x0000000706800000| PB 0x0000000706800000| Complete 
|  17|0x0000000706a00000, 0x0000000706c00000, 0x0000000706c00000|100%|HS|  |TAMS 0x0000000706a00000| PB 0x0000000706a00000| Complete 
|  18|0x0000000706c00000, 0x0000000706e00000, 0x0000000706e00000|100%|HS|  |TAMS 0x0000000706c00000| PB 0x0000000706c00000| Complete 
|  19|0x0000000706e00000, 0x0000000707000000, 0x0000000707000000|100%|HS|  |TAMS 0x0000000706e00000| PB 0x0000000706e00000| Complete 
|  20|0x0000000707000000, 0x0000000707200000, 0x0000000707200000|100%|HS|  |TAMS 0x0000000707000000| PB 0x0000000707000000| Complete 
|  21|0x0000000707200000, 0x0000000707400000, 0x0000000707400000|100%|HS|  |TAMS 0x0000000707200000| PB 0x0000000707200000| Complete 
|  22|0x0000000707400000, 0x0000000707600000, 0x0000000707600000|100%|HS|  |TAMS 0x0000000707400000| PB 0x0000000707400000| Complete 
|  23|0x0000000707600000, 0x0000000707800000, 0x0000000707800000|100%|HS|  |TAMS 0x0000000707600000| PB 0x0000000707600000| Complete 
|  24|0x0000000707800000, 0x0000000707a00000, 0x0000000707a00000|100%|HS|  |TAMS 0x0000000707800000| PB 0x0000000707800000| Complete 
|  25|0x0000000707a00000, 0x0000000707c00000, 0x0000000707c00000|100%|HS|  |TAMS 0x0000000707a00000| PB 0x0000000707a00000| Complete 
|  26|0x0000000707c00000, 0x0000000707e00000, 0x0000000707e00000|100%|HS|  |TAMS 0x0000000707c00000| PB 0x0000000707c00000| Complete 
|  27|0x0000000707e00000, 0x0000000708000000, 0x0000000708000000|100%|HS|  |TAMS 0x0000000707e00000| PB 0x0000000707e00000| Complete 
|  28|0x0000000708000000, 0x0000000708200000, 0x0000000708200000|100%|HS|  |TAMS 0x0000000708000000| PB 0x0000000708000000| Complete 
|  29|0x0000000708200000, 0x0000000708400000, 0x0000000708400000|100%|HS|  |TAMS 0x0000000708200000| PB 0x0000000708200000| Complete 
|  30|0x0000000708400000, 0x0000000708600000, 0x0000000708600000|100%|HS|  |TAMS 0x0000000708400000| PB 0x0000000708400000| Complete 
|  31|0x0000000708600000, 0x0000000708800000, 0x0000000708800000|100%|HS|  |TAMS 0x0000000708600000| PB 0x0000000708600000| Complete 
|  32|0x0000000708800000, 0x0000000708a00000, 0x0000000708a00000|100%|HS|  |TAMS 0x0000000708800000| PB 0x0000000708800000| Complete 
|  33|0x0000000708a00000, 0x0000000708c00000, 0x0000000708c00000|100%|HS|  |TAMS 0x0000000708a00000| PB 0x0000000708a00000| Complete 
|  34|0x0000000708c00000, 0x0000000708e00000, 0x0000000708e00000|100%|HS|  |TAMS 0x0000000708c00000| PB 0x0000000708c00000| Complete 
|  35|0x0000000708e00000, 0x0000000709000000, 0x0000000709000000|100%|HS|  |TAMS 0x0000000708e00000| PB 0x0000000708e00000| Complete 
|  36|0x0000000709000000, 0x0000000709200000, 0x0000000709200000|100%|HS|  |TAMS 0x0000000709000000| PB 0x0000000709000000| Complete 
|  37|0x0000000709200000, 0x0000000709400000, 0x0000000709400000|100%|HS|  |TAMS 0x0000000709200000| PB 0x0000000709200000| Complete 
|  38|0x0000000709400000, 0x0000000709600000, 0x0000000709600000|100%|HS|  |TAMS 0x0000000709400000| PB 0x0000000709400000| Complete 
|  39|0x0000000709600000, 0x0000000709800000, 0x0000000709800000|100%|HS|  |TAMS 0x0000000709600000| PB 0x0000000709600000| Complete 
|  40|0x0000000709800000, 0x0000000709a00000, 0x0000000709a00000|100%|HS|  |TAMS 0x0000000709800000| PB 0x0000000709800000| Complete 
|  41|0x0000000709a00000, 0x0000000709c00000, 0x0000000709c00000|100%|HS|  |TAMS 0x0000000709a00000| PB 0x0000000709a00000| Complete 
|  42|0x0000000709c00000, 0x0000000709e00000, 0x0000000709e00000|100%|HS|  |TAMS 0x0000000709c00000| PB 0x0000000709c00000| Complete 
|  43|0x0000000709e00000, 0x000000070a000000, 0x000000070a000000|100%|HS|  |TAMS 0x0000000709e00000| PB 0x0000000709e00000| Complete 
|  44|0x000000070a000000, 0x000000070a200000, 0x000000070a200000|100%|HS|  |TAMS 0x000000070a000000| PB 0x000000070a000000| Complete 
|  45|0x000000070a200000, 0x000000070a400000, 0x000000070a400000|100%|HS|  |TAMS 0x000000070a200000| PB 0x000000070a200000| Complete 
|  46|0x000000070a400000, 0x000000070a600000, 0x000000070a600000|100%|HS|  |TAMS 0x000000070a400000| PB 0x000000070a400000| Complete 
|  47|0x000000070a600000, 0x000000070a800000, 0x000000070a800000|100%|HS|  |TAMS 0x000000070a600000| PB 0x000000070a600000| Complete 
|  48|0x000000070a800000, 0x000000070aa00000, 0x000000070aa00000|100%|HS|  |TAMS 0x000000070a800000| PB 0x000000070a800000| Complete 
|  49|0x000000070aa00000, 0x000000070ac00000, 0x000000070ac00000|100%|HS|  |TAMS 0x000000070aa00000| PB 0x000000070aa00000| Complete 
|  50|0x000000070ac00000, 0x000000070ae00000, 0x000000070ae00000|100%|HS|  |TAMS 0x000000070ac00000| PB 0x000000070ac00000| Complete 
|  51|0x000000070ae00000, 0x000000070b000000, 0x000000070b000000|100%|HS|  |TAMS 0x000000070ae00000| PB 0x000000070ae00000| Complete 
|  52|0x000000070b000000, 0x000000070b200000, 0x000000070b200000|100%|HS|  |TAMS 0x000000070b000000| PB 0x000000070b000000| Complete 
|  53|0x000000070b200000, 0x000000070b400000, 0x000000070b400000|100%|HS|  |TAMS 0x000000070b200000| PB 0x000000070b200000| Complete 
|  54|0x000000070b400000, 0x000000070b600000, 0x000000070b600000|100%|HS|  |TAMS 0x000000070b400000| PB 0x000000070b400000| Complete 
|  55|0x000000070b600000, 0x000000070b800000, 0x000000070b800000|100%|HS|  |TAMS 0x000000070b600000| PB 0x000000070b600000| Complete 
|  56|0x000000070b800000, 0x000000070ba00000, 0x000000070ba00000|100%|HS|  |TAMS 0x000000070b800000| PB 0x000000070b800000| Complete 
|  57|0x000000070ba00000, 0x000000070bc00000, 0x000000070bc00000|100%| O|  |TAMS 0x000000070ba00000| PB 0x000000070ba00000| Untracked 
|  58|0x000000070bc00000, 0x000000070be00000, 0x000000070be00000|100%|HS|  |TAMS 0x000000070bc00000| PB 0x000000070bc00000| Complete 
|  59|0x000000070be00000, 0x000000070c000000, 0x000000070c000000|100%|HS|  |TAMS 0x000000070be00000| PB 0x000000070be00000| Complete 
|  60|0x000000070c000000, 0x000000070c200000, 0x000000070c200000|100%| O|  |TAMS 0x000000070c000000| PB 0x000000070c000000| Untracked 
|  61|0x000000070c200000, 0x000000070c400000, 0x000000070c400000|100%| O|  |TAMS 0x000000070c200000| PB 0x000000070c200000| Untracked 
|  62|0x000000070c400000, 0x000000070c600000, 0x000000070c600000|100%| O|  |TAMS 0x000000070c400000| PB 0x000000070c400000| Untracked 
|  63|0x000000070c600000, 0x000000070c800000, 0x000000070c800000|100%| O|  |TAMS 0x000000070c600000| PB 0x000000070c600000| Untracked 
|  64|0x000000070c800000, 0x000000070ca00000, 0x000000070ca00000|100%|HS|  |TAMS 0x000000070c800000| PB 0x000000070c800000| Complete 
|  65|0x000000070ca00000, 0x000000070cc00000, 0x000000070cc00000|100%|HS|  |TAMS 0x000000070ca00000| PB 0x000000070ca00000| Complete 
|  66|0x000000070cc00000, 0x000000070ce00000, 0x000000070ce00000|100%|HS|  |TAMS 0x000000070cc00000| PB 0x000000070cc00000| Complete 
|  67|0x000000070ce00000, 0x000000070d000000, 0x000000070d000000|100%|HS|  |TAMS 0x000000070ce00000| PB 0x000000070ce00000| Complete 
|  68|0x000000070d000000, 0x000000070d200000, 0x000000070d200000|100%|HS|  |TAMS 0x000000070d000000| PB 0x000000070d000000| Complete 
|  69|0x000000070d200000, 0x000000070d400000, 0x000000070d400000|100%|HS|  |TAMS 0x000000070d200000| PB 0x000000070d200000| Complete 
|  70|0x000000070d400000, 0x000000070d600000, 0x000000070d600000|100%|HS|  |TAMS 0x000000070d400000| PB 0x000000070d400000| Complete 
|  71|0x000000070d600000, 0x000000070d800000, 0x000000070d800000|100%|HS|  |TAMS 0x000000070d600000| PB 0x000000070d600000| Complete 
|  72|0x000000070d800000, 0x000000070da00000, 0x000000070da00000|100%|HS|  |TAMS 0x000000070d800000| PB 0x000000070d800000| Complete 
|  73|0x000000070da00000, 0x000000070dc00000, 0x000000070dc00000|100%|HS|  |TAMS 0x000000070da00000| PB 0x000000070da00000| Complete 
|  74|0x000000070dc00000, 0x000000070de00000, 0x000000070de00000|100%|HS|  |TAMS 0x000000070dc00000| PB 0x000000070dc00000| Complete 
|  75|0x000000070de00000, 0x000000070e000000, 0x000000070e000000|100%|HS|  |TAMS 0x000000070de00000| PB 0x000000070de00000| Complete 
|  76|0x000000070e000000, 0x000000070e200000, 0x000000070e200000|100%|HS|  |TAMS 0x000000070e000000| PB 0x000000070e000000| Complete 
|  77|0x000000070e200000, 0x000000070e400000, 0x000000070e400000|100%|HS|  |TAMS 0x000000070e200000| PB 0x000000070e200000| Complete 
|  78|0x000000070e400000, 0x000000070e600000, 0x000000070e600000|100%|HS|  |TAMS 0x000000070e400000| PB 0x000000070e400000| Complete 
|  79|0x000000070e600000, 0x000000070e800000, 0x000000070e800000|100%|HS|  |TAMS 0x000000070e600000| PB 0x000000070e600000| Complete 
|  80|0x000000070e800000, 0x000000070ea00000, 0x000000070ea00000|100%|HS|  |TAMS 0x000000070e800000| PB 0x000000070e800000| Complete 
|  81|0x000000070ea00000, 0x000000070ec00000, 0x000000070ec00000|100%|HS|  |TAMS 0x000000070ea00000| PB 0x000000070ea00000| Complete 
|  82|0x000000070ec00000, 0x000000070ee00000, 0x000000070ee00000|100%|HS|  |TAMS 0x000000070ec00000| PB 0x000000070ec00000| Complete 
|  83|0x000000070ee00000, 0x000000070f000000, 0x000000070f000000|100%|HS|  |TAMS 0x000000070ee00000| PB 0x000000070ee00000| Complete 
|  84|0x000000070f000000, 0x000000070f200000, 0x000000070f200000|100%|HS|  |TAMS 0x000000070f000000| PB 0x000000070f000000| Complete 
|  85|0x000000070f200000, 0x000000070f400000, 0x000000070f400000|100%|HS|  |TAMS 0x000000070f200000| PB 0x000000070f200000| Complete 
|  86|0x000000070f400000, 0x000000070f600000, 0x000000070f600000|100%|HS|  |TAMS 0x000000070f400000| PB 0x000000070f400000| Complete 
|  87|0x000000070f600000, 0x000000070f800000, 0x000000070f800000|100%|HS|  |TAMS 0x000000070f600000| PB 0x000000070f600000| Complete 
|  88|0x000000070f800000, 0x000000070fa00000, 0x000000070fa00000|100%|HS|  |TAMS 0x000000070f800000| PB 0x000000070f800000| Complete 
|  89|0x000000070fa00000, 0x000000070fc00000, 0x000000070fc00000|100%|HS|  |TAMS 0x000000070fa00000| PB 0x000000070fa00000| Complete 
|  90|0x000000070fc00000, 0x000000070fe00000, 0x000000070fe00000|100%|HS|  |TAMS 0x000000070fc00000| PB 0x000000070fc00000| Complete 
|  91|0x000000070fe00000, 0x0000000710000000, 0x0000000710000000|100%|HS|  |TAMS 0x000000070fe00000| PB 0x000000070fe00000| Complete 
|  92|0x0000000710000000, 0x0000000710200000, 0x0000000710200000|100%| O|  |TAMS 0x0000000710000000| PB 0x0000000710000000| Untracked 
|  93|0x0000000710200000, 0x0000000710400000, 0x0000000710400000|100%| O|  |TAMS 0x0000000710200000| PB 0x0000000710200000| Untracked 
|  94|0x0000000710400000, 0x0000000710600000, 0x0000000710600000|100%| O|  |TAMS 0x0000000710400000| PB 0x0000000710400000| Untracked 
|  95|0x0000000710600000, 0x0000000710800000, 0x0000000710800000|100%| O|  |TAMS 0x0000000710600000| PB 0x0000000710600000| Untracked 
|  96|0x0000000710800000, 0x0000000710a00000, 0x0000000710a00000|100%| O|  |TAMS 0x0000000710800000| PB 0x0000000710800000| Untracked 
|  97|0x0000000710a00000, 0x0000000710a00000, 0x0000000710c00000|  0%| F|  |TAMS 0x0000000710a00000| PB 0x0000000710a00000| Untracked 
|  98|0x0000000710c00000, 0x0000000710c00000, 0x0000000710e00000|  0%| F|  |TAMS 0x0000000710c00000| PB 0x0000000710c00000| Untracked 
|  99|0x0000000710e00000, 0x0000000710e00000, 0x0000000711000000|  0%| F|  |TAMS 0x0000000710e00000| PB 0x0000000710e00000| Untracked 
| 100|0x0000000711000000, 0x0000000711000000, 0x0000000711200000|  0%| F|  |TAMS 0x0000000711000000| PB 0x0000000711000000| Untracked 
| 101|0x0000000711200000, 0x0000000711200000, 0x0000000711400000|  0%| F|  |TAMS 0x0000000711200000| PB 0x0000000711200000| Untracked 
| 102|0x0000000711400000, 0x0000000711400000, 0x0000000711600000|  0%| F|  |TAMS 0x0000000711400000| PB 0x0000000711400000| Untracked 
| 103|0x0000000711600000, 0x0000000711600000, 0x0000000711800000|  0%| F|  |TAMS 0x0000000711600000| PB 0x0000000711600000| Untracked 
| 104|0x0000000711800000, 0x0000000711800000, 0x0000000711a00000|  0%| F|  |TAMS 0x0000000711800000| PB 0x0000000711800000| Untracked 
| 105|0x0000000711a00000, 0x0000000711a00000, 0x0000000711c00000|  0%| F|  |TAMS 0x0000000711a00000| PB 0x0000000711a00000| Untracked 
| 106|0x0000000711c00000, 0x0000000711c00000, 0x0000000711e00000|  0%| F|  |TAMS 0x0000000711c00000| PB 0x0000000711c00000| Untracked 
| 107|0x0000000711e00000, 0x0000000711e00000, 0x0000000712000000|  0%| F|  |TAMS 0x0000000711e00000| PB 0x0000000711e00000| Untracked 
| 108|0x0000000712000000, 0x0000000712000000, 0x0000000712200000|  0%| F|  |TAMS 0x0000000712000000| PB 0x0000000712000000| Untracked 
| 109|0x0000000712200000, 0x0000000712200000, 0x0000000712400000|  0%| F|  |TAMS 0x0000000712200000| PB 0x0000000712200000| Untracked 
| 110|0x0000000712400000, 0x0000000712400000, 0x0000000712600000|  0%| F|  |TAMS 0x0000000712400000| PB 0x0000000712400000| Untracked 
| 111|0x0000000712600000, 0x0000000712600000, 0x0000000712800000|  0%| F|  |TAMS 0x0000000712600000| PB 0x0000000712600000| Untracked 
| 112|0x0000000712800000, 0x0000000712800000, 0x0000000712a00000|  0%| F|  |TAMS 0x0000000712800000| PB 0x0000000712800000| Untracked 
| 113|0x0000000712a00000, 0x0000000712a00000, 0x0000000712c00000|  0%| F|  |TAMS 0x0000000712a00000| PB 0x0000000712a00000| Untracked 
| 114|0x0000000712c00000, 0x0000000712dbc538, 0x0000000712e00000| 86%| S|CS|TAMS 0x0000000712c00000| PB 0x0000000712c00000| Complete 
| 115|0x0000000712e00000, 0x0000000713000000, 0x0000000713000000|100%| S|CS|TAMS 0x0000000712e00000| PB 0x0000000712e00000| Complete 
| 116|0x0000000713000000, 0x0000000713200000, 0x0000000713200000|100%| S|CS|TAMS 0x0000000713000000| PB 0x0000000713000000| Complete 
| 117|0x0000000713200000, 0x0000000713200000, 0x0000000713400000|  0%| F|  |TAMS 0x0000000713200000| PB 0x0000000713200000| Untracked 
| 118|0x0000000713400000, 0x0000000713400000, 0x0000000713600000|  0%| F|  |TAMS 0x0000000713400000| PB 0x0000000713400000| Untracked 
| 119|0x0000000713600000, 0x0000000713600000, 0x0000000713800000|  0%| F|  |TAMS 0x0000000713600000| PB 0x0000000713600000| Untracked 
| 120|0x0000000713800000, 0x0000000713800000, 0x0000000713a00000|  0%| F|  |TAMS 0x0000000713800000| PB 0x0000000713800000| Untracked 
| 121|0x0000000713a00000, 0x0000000713a00000, 0x0000000713c00000|  0%| F|  |TAMS 0x0000000713a00000| PB 0x0000000713a00000| Untracked 
| 122|0x0000000713c00000, 0x0000000713c00000, 0x0000000713e00000|  0%| F|  |TAMS 0x0000000713c00000| PB 0x0000000713c00000| Untracked 
| 123|0x0000000713e00000, 0x0000000713e00000, 0x0000000714000000|  0%| F|  |TAMS 0x0000000713e00000| PB 0x0000000713e00000| Untracked 
| 124|0x0000000714000000, 0x0000000714000000, 0x0000000714200000|  0%| F|  |TAMS 0x0000000714000000| PB 0x0000000714000000| Untracked 
| 125|0x0000000714200000, 0x0000000714200000, 0x0000000714400000|  0%| F|  |TAMS 0x0000000714200000| PB 0x0000000714200000| Untracked 
| 126|0x0000000714400000, 0x0000000714400000, 0x0000000714600000|  0%| F|  |TAMS 0x0000000714400000| PB 0x0000000714400000| Untracked 
| 127|0x0000000714600000, 0x0000000714600000, 0x0000000714800000|  0%| F|  |TAMS 0x0000000714600000| PB 0x0000000714600000| Untracked 
| 128|0x0000000714800000, 0x0000000714800000, 0x0000000714a00000|  0%| F|  |TAMS 0x0000000714800000| PB 0x0000000714800000| Untracked 
| 129|0x0000000714a00000, 0x0000000714a00000, 0x0000000714c00000|  0%| F|  |TAMS 0x0000000714a00000| PB 0x0000000714a00000| Untracked 
| 130|0x0000000714c00000, 0x0000000714c00000, 0x0000000714e00000|  0%| F|  |TAMS 0x0000000714c00000| PB 0x0000000714c00000| Untracked 
| 131|0x0000000714e00000, 0x0000000714e00000, 0x0000000715000000|  0%| F|  |TAMS 0x0000000714e00000| PB 0x0000000714e00000| Untracked 
| 132|0x0000000715000000, 0x0000000715000000, 0x0000000715200000|  0%| F|  |TAMS 0x0000000715000000| PB 0x0000000715000000| Untracked 
| 133|0x0000000715200000, 0x0000000715200000, 0x0000000715400000|  0%| F|  |TAMS 0x0000000715200000| PB 0x0000000715200000| Untracked 
| 134|0x0000000715400000, 0x0000000715400000, 0x0000000715600000|  0%| F|  |TAMS 0x0000000715400000| PB 0x0000000715400000| Untracked 
| 135|0x0000000715600000, 0x0000000715600000, 0x0000000715800000|  0%| F|  |TAMS 0x0000000715600000| PB 0x0000000715600000| Untracked 
| 136|0x0000000715800000, 0x0000000715800000, 0x0000000715a00000|  0%| F|  |TAMS 0x0000000715800000| PB 0x0000000715800000| Untracked 
| 137|0x0000000715a00000, 0x0000000715a00000, 0x0000000715c00000|  0%| F|  |TAMS 0x0000000715a00000| PB 0x0000000715a00000| Untracked 
| 138|0x0000000715c00000, 0x0000000715c00000, 0x0000000715e00000|  0%| F|  |TAMS 0x0000000715c00000| PB 0x0000000715c00000| Untracked 
| 139|0x0000000715e00000, 0x0000000715e00000, 0x0000000716000000|  0%| F|  |TAMS 0x0000000715e00000| PB 0x0000000715e00000| Untracked 
| 140|0x0000000716000000, 0x0000000716000000, 0x0000000716200000|  0%| F|  |TAMS 0x0000000716000000| PB 0x0000000716000000| Untracked 
| 141|0x0000000716200000, 0x0000000716200000, 0x0000000716400000|  0%| F|  |TAMS 0x0000000716200000| PB 0x0000000716200000| Untracked 
| 142|0x0000000716400000, 0x0000000716400000, 0x0000000716600000|  0%| F|  |TAMS 0x0000000716400000| PB 0x0000000716400000| Untracked 
| 143|0x0000000716600000, 0x0000000716600000, 0x0000000716800000|  0%| F|  |TAMS 0x0000000716600000| PB 0x0000000716600000| Untracked 
| 144|0x0000000716800000, 0x0000000716800000, 0x0000000716a00000|  0%| F|  |TAMS 0x0000000716800000| PB 0x0000000716800000| Untracked 
| 145|0x0000000716a00000, 0x0000000716a00000, 0x0000000716c00000|  0%| F|  |TAMS 0x0000000716a00000| PB 0x0000000716a00000| Untracked 
| 146|0x0000000716c00000, 0x0000000716c00000, 0x0000000716e00000|  0%| F|  |TAMS 0x0000000716c00000| PB 0x0000000716c00000| Untracked 
| 147|0x0000000716e00000, 0x0000000716e00000, 0x0000000717000000|  0%| F|  |TAMS 0x0000000716e00000| PB 0x0000000716e00000| Untracked 
| 148|0x0000000717000000, 0x0000000717000000, 0x0000000717200000|  0%| F|  |TAMS 0x0000000717000000| PB 0x0000000717000000| Untracked 
| 149|0x0000000717200000, 0x0000000717200000, 0x0000000717400000|  0%| F|  |TAMS 0x0000000717200000| PB 0x0000000717200000| Untracked 
| 150|0x0000000717400000, 0x0000000717400000, 0x0000000717600000|  0%| F|  |TAMS 0x0000000717400000| PB 0x0000000717400000| Untracked 
| 151|0x0000000717600000, 0x0000000717600000, 0x0000000717800000|  0%| F|  |TAMS 0x0000000717600000| PB 0x0000000717600000| Untracked 
| 152|0x0000000717800000, 0x0000000717800000, 0x0000000717a00000|  0%| F|  |TAMS 0x0000000717800000| PB 0x0000000717800000| Untracked 
| 153|0x0000000717a00000, 0x0000000717a00000, 0x0000000717c00000|  0%| F|  |TAMS 0x0000000717a00000| PB 0x0000000717a00000| Untracked 
| 154|0x0000000717c00000, 0x0000000717c00000, 0x0000000717e00000|  0%| F|  |TAMS 0x0000000717c00000| PB 0x0000000717c00000| Untracked 
| 155|0x0000000717e00000, 0x0000000717e00000, 0x0000000718000000|  0%| F|  |TAMS 0x0000000717e00000| PB 0x0000000717e00000| Untracked 
| 156|0x0000000718000000, 0x0000000718000000, 0x0000000718200000|  0%| F|  |TAMS 0x0000000718000000| PB 0x0000000718000000| Untracked 
| 157|0x0000000718200000, 0x0000000718200000, 0x0000000718400000|  0%| F|  |TAMS 0x0000000718200000| PB 0x0000000718200000| Untracked 
| 158|0x0000000718400000, 0x0000000718400000, 0x0000000718600000|  0%| F|  |TAMS 0x0000000718400000| PB 0x0000000718400000| Untracked 
| 159|0x0000000718600000, 0x0000000718600000, 0x0000000718800000|  0%| F|  |TAMS 0x0000000718600000| PB 0x0000000718600000| Untracked 
| 160|0x0000000718800000, 0x0000000718800000, 0x0000000718a00000|  0%| F|  |TAMS 0x0000000718800000| PB 0x0000000718800000| Untracked 
| 161|0x0000000718a00000, 0x0000000718a00000, 0x0000000718c00000|  0%| F|  |TAMS 0x0000000718a00000| PB 0x0000000718a00000| Untracked 
| 162|0x0000000718c00000, 0x0000000718c00000, 0x0000000718e00000|  0%| F|  |TAMS 0x0000000718c00000| PB 0x0000000718c00000| Untracked 
| 163|0x0000000718e00000, 0x0000000718e00000, 0x0000000719000000|  0%| F|  |TAMS 0x0000000718e00000| PB 0x0000000718e00000| Untracked 
| 164|0x0000000719000000, 0x0000000719000000, 0x0000000719200000|  0%| F|  |TAMS 0x0000000719000000| PB 0x0000000719000000| Untracked 
| 165|0x0000000719200000, 0x0000000719200000, 0x0000000719400000|  0%| F|  |TAMS 0x0000000719200000| PB 0x0000000719200000| Untracked 
| 166|0x0000000719400000, 0x0000000719400000, 0x0000000719600000|  0%| F|  |TAMS 0x0000000719400000| PB 0x0000000719400000| Untracked 
| 167|0x0000000719600000, 0x0000000719600000, 0x0000000719800000|  0%| F|  |TAMS 0x0000000719600000| PB 0x0000000719600000| Untracked 
| 168|0x0000000719800000, 0x0000000719800000, 0x0000000719a00000|  0%| F|  |TAMS 0x0000000719800000| PB 0x0000000719800000| Untracked 
| 169|0x0000000719a00000, 0x0000000719a00000, 0x0000000719c00000|  0%| F|  |TAMS 0x0000000719a00000| PB 0x0000000719a00000| Untracked 
| 170|0x0000000719c00000, 0x0000000719c00000, 0x0000000719e00000|  0%| F|  |TAMS 0x0000000719c00000| PB 0x0000000719c00000| Untracked 
| 171|0x0000000719e00000, 0x0000000719e00000, 0x000000071a000000|  0%| F|  |TAMS 0x0000000719e00000| PB 0x0000000719e00000| Untracked 
| 172|0x000000071a000000, 0x000000071a000000, 0x000000071a200000|  0%| F|  |TAMS 0x000000071a000000| PB 0x000000071a000000| Untracked 
| 173|0x000000071a200000, 0x000000071a200000, 0x000000071a400000|  0%| F|  |TAMS 0x000000071a200000| PB 0x000000071a200000| Untracked 
| 174|0x000000071a400000, 0x000000071a400000, 0x000000071a600000|  0%| F|  |TAMS 0x000000071a400000| PB 0x000000071a400000| Untracked 
| 175|0x000000071a600000, 0x000000071a600000, 0x000000071a800000|  0%| F|  |TAMS 0x000000071a600000| PB 0x000000071a600000| Untracked 
| 176|0x000000071a800000, 0x000000071a800000, 0x000000071aa00000|  0%| F|  |TAMS 0x000000071a800000| PB 0x000000071a800000| Untracked 
| 177|0x000000071aa00000, 0x000000071aa00000, 0x000000071ac00000|  0%| F|  |TAMS 0x000000071aa00000| PB 0x000000071aa00000| Untracked 
| 178|0x000000071ac00000, 0x000000071ac00000, 0x000000071ae00000|  0%| F|  |TAMS 0x000000071ac00000| PB 0x000000071ac00000| Untracked 
| 179|0x000000071ae00000, 0x000000071ae00000, 0x000000071b000000|  0%| F|  |TAMS 0x000000071ae00000| PB 0x000000071ae00000| Untracked 
| 180|0x000000071b000000, 0x000000071b000000, 0x000000071b200000|  0%| F|  |TAMS 0x000000071b000000| PB 0x000000071b000000| Untracked 
| 181|0x000000071b200000, 0x000000071b200000, 0x000000071b400000|  0%| F|  |TAMS 0x000000071b200000| PB 0x000000071b200000| Untracked 
| 182|0x000000071b400000, 0x000000071b400000, 0x000000071b600000|  0%| F|  |TAMS 0x000000071b400000| PB 0x000000071b400000| Untracked 
| 183|0x000000071b600000, 0x000000071b600000, 0x000000071b800000|  0%| F|  |TAMS 0x000000071b600000| PB 0x000000071b600000| Untracked 
| 184|0x000000071b800000, 0x000000071b800000, 0x000000071ba00000|  0%| F|  |TAMS 0x000000071b800000| PB 0x000000071b800000| Untracked 
| 185|0x000000071ba00000, 0x000000071ba00000, 0x000000071bc00000|  0%| F|  |TAMS 0x000000071ba00000| PB 0x000000071ba00000| Untracked 
| 186|0x000000071bc00000, 0x000000071bc00000, 0x000000071be00000|  0%| F|  |TAMS 0x000000071bc00000| PB 0x000000071bc00000| Untracked 
| 187|0x000000071be00000, 0x000000071be00000, 0x000000071c000000|  0%| F|  |TAMS 0x000000071be00000| PB 0x000000071be00000| Untracked 
| 188|0x000000071c000000, 0x000000071c000000, 0x000000071c200000|  0%| F|  |TAMS 0x000000071c000000| PB 0x000000071c000000| Untracked 
| 189|0x000000071c200000, 0x000000071c200000, 0x000000071c400000|  0%| F|  |TAMS 0x000000071c200000| PB 0x000000071c200000| Untracked 
| 190|0x000000071c400000, 0x000000071c400000, 0x000000071c600000|  0%| F|  |TAMS 0x000000071c400000| PB 0x000000071c400000| Untracked 
| 191|0x000000071c600000, 0x000000071c600000, 0x000000071c800000|  0%| F|  |TAMS 0x000000071c600000| PB 0x000000071c600000| Untracked 
| 192|0x000000071c800000, 0x000000071c800000, 0x000000071ca00000|  0%| F|  |TAMS 0x000000071c800000| PB 0x000000071c800000| Untracked 
| 193|0x000000071ca00000, 0x000000071ca00000, 0x000000071cc00000|  0%| F|  |TAMS 0x000000071ca00000| PB 0x000000071ca00000| Untracked 
| 194|0x000000071cc00000, 0x000000071cc00000, 0x000000071ce00000|  0%| F|  |TAMS 0x000000071cc00000| PB 0x000000071cc00000| Untracked 
| 195|0x000000071ce00000, 0x000000071ce00000, 0x000000071d000000|  0%| F|  |TAMS 0x000000071ce00000| PB 0x000000071ce00000| Untracked 
| 196|0x000000071d000000, 0x000000071d000000, 0x000000071d200000|  0%| F|  |TAMS 0x000000071d000000| PB 0x000000071d000000| Untracked 
| 197|0x000000071d200000, 0x000000071d200000, 0x000000071d400000|  0%| F|  |TAMS 0x000000071d200000| PB 0x000000071d200000| Untracked 
| 198|0x000000071d400000, 0x000000071d400000, 0x000000071d600000|  0%| F|  |TAMS 0x000000071d400000| PB 0x000000071d400000| Untracked 
| 199|0x000000071d600000, 0x000000071d600000, 0x000000071d800000|  0%| F|  |TAMS 0x000000071d600000| PB 0x000000071d600000| Untracked 
| 200|0x000000071d800000, 0x000000071d800000, 0x000000071da00000|  0%| F|  |TAMS 0x000000071d800000| PB 0x000000071d800000| Untracked 
| 201|0x000000071da00000, 0x000000071da00000, 0x000000071dc00000|  0%| F|  |TAMS 0x000000071da00000| PB 0x000000071da00000| Untracked 
| 202|0x000000071dc00000, 0x000000071dc00000, 0x000000071de00000|  0%| F|  |TAMS 0x000000071dc00000| PB 0x000000071dc00000| Untracked 
| 203|0x000000071de00000, 0x000000071de00000, 0x000000071e000000|  0%| F|  |TAMS 0x000000071de00000| PB 0x000000071de00000| Untracked 
| 204|0x000000071e000000, 0x000000071e000000, 0x000000071e200000|  0%| F|  |TAMS 0x000000071e000000| PB 0x000000071e000000| Untracked 
| 205|0x000000071e200000, 0x000000071e200000, 0x000000071e400000|  0%| F|  |TAMS 0x000000071e200000| PB 0x000000071e200000| Untracked 
| 206|0x000000071e400000, 0x000000071e400000, 0x000000071e600000|  0%| F|  |TAMS 0x000000071e400000| PB 0x000000071e400000| Untracked 
| 207|0x000000071e600000, 0x000000071e600000, 0x000000071e800000|  0%| F|  |TAMS 0x000000071e600000| PB 0x000000071e600000| Untracked 
| 208|0x000000071e800000, 0x000000071e800000, 0x000000071ea00000|  0%| F|  |TAMS 0x000000071e800000| PB 0x000000071e800000| Untracked 
| 209|0x000000071ea00000, 0x000000071ea00000, 0x000000071ec00000|  0%| F|  |TAMS 0x000000071ea00000| PB 0x000000071ea00000| Untracked 
| 210|0x000000071ec00000, 0x000000071ec00000, 0x000000071ee00000|  0%| F|  |TAMS 0x000000071ec00000| PB 0x000000071ec00000| Untracked 
| 211|0x000000071ee00000, 0x000000071ee00000, 0x000000071f000000|  0%| F|  |TAMS 0x000000071ee00000| PB 0x000000071ee00000| Untracked 
| 212|0x000000071f000000, 0x000000071f000000, 0x000000071f200000|  0%| F|  |TAMS 0x000000071f000000| PB 0x000000071f000000| Untracked 
| 213|0x000000071f200000, 0x000000071f35cb08, 0x000000071f400000| 68%| E|  |TAMS 0x000000071f200000| PB 0x000000071f200000| Complete 
| 214|0x000000071f400000, 0x000000071f600000, 0x000000071f600000|100%| E|CS|TAMS 0x000000071f400000| PB 0x000000071f400000| Complete 
| 215|0x000000071f600000, 0x000000071f800000, 0x000000071f800000|100%| E|CS|TAMS 0x000000071f600000| PB 0x000000071f600000| Complete 
| 216|0x000000071f800000, 0x000000071fa00000, 0x000000071fa00000|100%| E|  |TAMS 0x000000071f800000| PB 0x000000071f800000| Complete 
| 217|0x000000071fa00000, 0x000000071fc00000, 0x000000071fc00000|100%| E|CS|TAMS 0x000000071fa00000| PB 0x000000071fa00000| Complete 
| 218|0x000000071fc00000, 0x000000071fe00000, 0x000000071fe00000|100%| E|CS|TAMS 0x000000071fc00000| PB 0x000000071fc00000| Complete 
| 219|0x000000071fe00000, 0x0000000720000000, 0x0000000720000000|100%| E|CS|TAMS 0x000000071fe00000| PB 0x000000071fe00000| Complete 
| 220|0x0000000720000000, 0x0000000720200000, 0x0000000720200000|100%| E|CS|TAMS 0x0000000720000000| PB 0x0000000720000000| Complete 
| 221|0x0000000720200000, 0x0000000720400000, 0x0000000720400000|100%| E|CS|TAMS 0x0000000720200000| PB 0x0000000720200000| Complete 
| 222|0x0000000720400000, 0x0000000720600000, 0x0000000720600000|100%| E|CS|TAMS 0x0000000720400000| PB 0x0000000720400000| Complete 
| 223|0x0000000720600000, 0x0000000720800000, 0x0000000720800000|100%| E|CS|TAMS 0x0000000720600000| PB 0x0000000720600000| Complete 
| 224|0x0000000720800000, 0x0000000720a00000, 0x0000000720a00000|100%| E|CS|TAMS 0x0000000720800000| PB 0x0000000720800000| Complete 
| 225|0x0000000720a00000, 0x0000000720c00000, 0x0000000720c00000|100%| E|CS|TAMS 0x0000000720a00000| PB 0x0000000720a00000| Complete 
| 226|0x0000000720c00000, 0x0000000720e00000, 0x0000000720e00000|100%| E|CS|TAMS 0x0000000720c00000| PB 0x0000000720c00000| Complete 
| 227|0x0000000720e00000, 0x0000000721000000, 0x0000000721000000|100%| E|CS|TAMS 0x0000000720e00000| PB 0x0000000720e00000| Complete 
| 228|0x0000000721000000, 0x0000000721200000, 0x0000000721200000|100%| E|CS|TAMS 0x0000000721000000| PB 0x0000000721000000| Complete 
| 229|0x0000000721200000, 0x0000000721400000, 0x0000000721400000|100%| E|CS|TAMS 0x0000000721200000| PB 0x0000000721200000| Complete 
| 230|0x0000000721400000, 0x0000000721600000, 0x0000000721600000|100%| E|CS|TAMS 0x0000000721400000| PB 0x0000000721400000| Complete 
| 231|0x0000000721600000, 0x0000000721800000, 0x0000000721800000|100%| E|CS|TAMS 0x0000000721600000| PB 0x0000000721600000| Complete 
| 232|0x0000000721800000, 0x0000000721a00000, 0x0000000721a00000|100%| E|CS|TAMS 0x0000000721800000| PB 0x0000000721800000| Complete 
| 233|0x0000000721a00000, 0x0000000721c00000, 0x0000000721c00000|100%| E|CS|TAMS 0x0000000721a00000| PB 0x0000000721a00000| Complete 
| 234|0x0000000721c00000, 0x0000000721e00000, 0x0000000721e00000|100%| E|CS|TAMS 0x0000000721c00000| PB 0x0000000721c00000| Complete 
| 235|0x0000000721e00000, 0x0000000722000000, 0x0000000722000000|100%| E|CS|TAMS 0x0000000721e00000| PB 0x0000000721e00000| Complete 
| 236|0x0000000722000000, 0x0000000722200000, 0x0000000722200000|100%| E|CS|TAMS 0x0000000722000000| PB 0x0000000722000000| Complete 
| 237|0x0000000722200000, 0x0000000722400000, 0x0000000722400000|100%| E|CS|TAMS 0x0000000722200000| PB 0x0000000722200000| Complete 
| 238|0x0000000722400000, 0x0000000722600000, 0x0000000722600000|100%| E|CS|TAMS 0x0000000722400000| PB 0x0000000722400000| Complete 
| 239|0x0000000722600000, 0x0000000722800000, 0x0000000722800000|100%| E|CS|TAMS 0x0000000722600000| PB 0x0000000722600000| Complete 
| 240|0x0000000722800000, 0x0000000722a00000, 0x0000000722a00000|100%| E|CS|TAMS 0x0000000722800000| PB 0x0000000722800000| Complete 
| 241|0x0000000722a00000, 0x0000000722c00000, 0x0000000722c00000|100%| E|CS|TAMS 0x0000000722a00000| PB 0x0000000722a00000| Complete 
| 242|0x0000000722c00000, 0x0000000722e00000, 0x0000000722e00000|100%| E|CS|TAMS 0x0000000722c00000| PB 0x0000000722c00000| Complete 
| 243|0x0000000722e00000, 0x0000000723000000, 0x0000000723000000|100%| E|CS|TAMS 0x0000000722e00000| PB 0x0000000722e00000| Complete 
| 244|0x0000000723000000, 0x0000000723200000, 0x0000000723200000|100%| E|CS|TAMS 0x0000000723000000| PB 0x0000000723000000| Complete 
| 245|0x0000000723200000, 0x0000000723400000, 0x0000000723400000|100%| E|CS|TAMS 0x0000000723200000| PB 0x0000000723200000| Complete 
| 246|0x0000000723400000, 0x0000000723600000, 0x0000000723600000|100%| E|CS|TAMS 0x0000000723400000| PB 0x0000000723400000| Complete 
| 247|0x0000000723600000, 0x0000000723800000, 0x0000000723800000|100%| E|CS|TAMS 0x0000000723600000| PB 0x0000000723600000| Complete 
| 248|0x0000000723800000, 0x0000000723a00000, 0x0000000723a00000|100%| E|CS|TAMS 0x0000000723800000| PB 0x0000000723800000| Complete 
| 249|0x0000000723a00000, 0x0000000723c00000, 0x0000000723c00000|100%| E|CS|TAMS 0x0000000723a00000| PB 0x0000000723a00000| Complete 
| 250|0x0000000723c00000, 0x0000000723e00000, 0x0000000723e00000|100%| E|CS|TAMS 0x0000000723c00000| PB 0x0000000723c00000| Complete 
| 251|0x0000000723e00000, 0x0000000724000000, 0x0000000724000000|100%| E|CS|TAMS 0x0000000723e00000| PB 0x0000000723e00000| Complete 
| 252|0x0000000724000000, 0x0000000724200000, 0x0000000724200000|100%| E|CS|TAMS 0x0000000724000000| PB 0x0000000724000000| Complete 
| 253|0x0000000724200000, 0x0000000724400000, 0x0000000724400000|100%| E|CS|TAMS 0x0000000724200000| PB 0x0000000724200000| Complete 

Card table byte_map: [0x0000029b6eaf0000,0x0000029b6f2d0000] _byte_map_base: 0x0000029b6b2cc000

Marking Bits: (CMBitMap*) 0x0000029b5670fe90
 Bits: [0x0000029b6f2d0000, 0x0000029b731b0000)

Polling page: 0x0000029b54440000

Metaspace:

Usage:
  Non-class:     18.73 MB used.
      Class:      2.74 MB used.
       Both:     21.46 MB used.

Virtual space:
  Non-class space:       64.00 MB reserved,      18.88 MB ( 29%) committed,  1 nodes.
      Class space:        1.00 GB reserved,       2.88 MB ( <1%) committed,  1 nodes.
             Both:        1.06 GB reserved,      21.75 MB (  2%) committed. 

Chunk freelists:
   Non-Class:  12.45 MB
       Class:  13.15 MB
        Both:  25.61 MB

MaxMetaspaceSize: unlimited
CompressedClassSpaceSize: 1.00 GB
Initial GC threshold: 21.00 MB
Current GC threshold: 30.31 MB
CDS: on
 - commit_granule_bytes: 65536.
 - commit_granule_words: 8192.
 - virtual_space_node_default_size: 8388608.
 - enlarge_chunks_in_place: 1.
 - use_allocation_guard: 0.


Internal statistics:

num_allocs_failed_limit: 0.
num_arena_births: 270.
num_arena_deaths: 0.
num_vsnodes_births: 2.
num_vsnodes_deaths: 0.
num_space_committed: 348.
num_space_uncommitted: 0.
num_chunks_returned_to_freelist: 0.
num_chunks_taken_from_freelist: 831.
num_chunk_merges: 0.
num_chunk_splits: 556.
num_chunks_enlarged: 401.
num_inconsistent_stats: 0.

CodeHeap 'non-profiled nmethods': size=120000Kb used=3764Kb max_used=3764Kb free=116235Kb
 bounds [0x0000029b66880000, 0x0000029b66c30000, 0x0000029b6ddb0000]
CodeHeap 'profiled nmethods': size=120000Kb used=8856Kb max_used=8856Kb free=111143Kb
 bounds [0x0000029b5edb0000, 0x0000029b5f660000, 0x0000029b662e0000]
CodeHeap 'non-nmethods': size=5760Kb used=1968Kb max_used=2017Kb free=3791Kb
 bounds [0x0000029b662e0000, 0x0000029b66550000, 0x0000029b66880000]
CodeCache: size=245760Kb, used=14588Kb, max_used=14637Kb, free=231169Kb
 total_blobs=5756, nmethods=4806, adapters=853, full_count=0
Compilation: enabled, stopped_count=0, restarted_count=0

Compilation events (20 events):
Event: 173.223 Thread 0x0000029b75e23df0 5263       1       javafx.geometry.Pos::getVpos (5 bytes)
Event: 173.223 Thread 0x0000029b75e23df0 nmethod 5263 0x0000029b66c2c090 code [0x0000029b66c2c220, 0x0000029b66c2c2f0]
Event: 173.223 Thread 0x0000029b75e23df0 5264       1       javafx.scene.layout.CornerRadii::isUniform (5 bytes)
Event: 173.223 Thread 0x0000029b75e23df0 nmethod 5264 0x0000029b66c2c390 code [0x0000029b66c2c520, 0x0000029b66c2c5f0]
Event: 173.223 Thread 0x0000029b75e23df0 5265       1       com.sun.prism.impl.BaseGraphics::isAntialiasedShape (5 bytes)
Event: 173.223 Thread 0x0000029b75e23df0 nmethod 5265 0x0000029b66c2c690 code [0x0000029b66c2c820, 0x0000029b66c2c8f0]
Event: 173.224 Thread 0x0000029b75e23df0 5266       1       com.sun.prism.paint.Gradient::getNumStops (5 bytes)
Event: 173.225 Thread 0x0000029b75e23df0 nmethod 5266 0x0000029b66c2c990 code [0x0000029b66c2cb20, 0x0000029b66c2cbe8]
Event: 173.225 Thread 0x0000029b75e23df0 5267       3       javafx.scene.layout.Background::isEmpty (30 bytes)
Event: 173.225 Thread 0x0000029b75e23df0 nmethod 5267 0x0000029b5f654690 code [0x0000029b5f654860, 0x0000029b5f654b90]
Event: 173.225 Thread 0x0000029b75e23df0 5268       1       com.sun.javafx.geom.RectBounds::setMinX (6 bytes)
Event: 173.225 Thread 0x0000029b75e23df0 nmethod 5268 0x0000029b66c2cc90 code [0x0000029b66c2ce20, 0x0000029b66c2cee8]
Event: 173.225 Thread 0x0000029b75e23df0 5269       1       com.sun.javafx.geom.RectBounds::setMaxX (6 bytes)
Event: 173.225 Thread 0x0000029b75e23df0 nmethod 5269 0x0000029b66c2cf90 code [0x0000029b66c2d120, 0x0000029b66c2d1e8]
Event: 173.322 Thread 0x0000029b75e23df0 5270       3       javafx.beans.property.IntegerPropertyBase::invalidated (1 bytes)
Event: 173.322 Thread 0x0000029b75e23df0 nmethod 5270 0x0000029b5f654c90 code [0x0000029b5f654e20, 0x0000029b5f654f28]
Event: 173.328 Thread 0x0000029b75e23df0 5271       3       java.util.concurrent.locks.AbstractQueuedSynchronizer$SharedNode::<init> (5 bytes)
Event: 173.329 Thread 0x0000029b75e23df0 nmethod 5271 0x0000029b5f654f90 code [0x0000029b5f655140, 0x0000029b5f655308]
Event: 175.911 Thread 0x0000029b75e23df0 5272       3       com.sun.javafx.font.FontStrikeDesc::hashCode (68 bytes)
Event: 175.912 Thread 0x0000029b75e23df0 nmethod 5272 0x0000029b5f655410 code [0x0000029b5f655640, 0x0000029b5f655f90]

GC Heap History (20 events):
Event: 151.255 GC heap before
{Heap before GC invocations=65 (full 0):
 garbage-first heap   total 520192K, used 482628K [0x0000000704800000, 0x0000000800000000)
  region size 2048K, 141 young (288768K), 2 survivors (4096K)
 Metaspace       used 21851K, committed 22208K, reserved 1114112K
  class space    used 2798K, committed 2944K, reserved 1048576K
}
Event: 151.257 GC heap after
{Heap after GC invocations=66 (full 0):
 garbage-first heap   total 520192K, used 199939K [0x0000000704800000, 0x0000000800000000)
  region size 2048K, 2 young (4096K), 2 survivors (4096K)
 Metaspace       used 21851K, committed 22208K, reserved 1114112K
  class space    used 2798K, committed 2944K, reserved 1048576K
}
Event: 153.136 GC heap before
{Heap before GC invocations=66 (full 0):
 garbage-first heap   total 520192K, used 484611K [0x0000000704800000, 0x0000000800000000)
  region size 2048K, 141 young (288768K), 2 survivors (4096K)
 Metaspace       used 21852K, committed 22208K, reserved 1114112K
  class space    used 2798K, committed 2944K, reserved 1048576K
}
Event: 153.139 GC heap after
{Heap after GC invocations=67 (full 0):
 garbage-first heap   total 520192K, used 200046K [0x0000000704800000, 0x0000000800000000)
  region size 2048K, 2 young (4096K), 2 survivors (4096K)
 Metaspace       used 21852K, committed 22208K, reserved 1114112K
  class space    used 2798K, committed 2944K, reserved 1048576K
}
Event: 154.416 GC heap before
{Heap before GC invocations=67 (full 0):
 garbage-first heap   total 520192K, used 484718K [0x0000000704800000, 0x0000000800000000)
  region size 2048K, 141 young (288768K), 2 survivors (4096K)
 Metaspace       used 21853K, committed 22208K, reserved 1114112K
  class space    used 2798K, committed 2944K, reserved 1048576K
}
Event: 154.419 GC heap after
{Heap after GC invocations=68 (full 0):
 garbage-first heap   total 520192K, used 200052K [0x0000000704800000, 0x0000000800000000)
  region size 2048K, 2 young (4096K), 2 survivors (4096K)
 Metaspace       used 21853K, committed 22208K, reserved 1114112K
  class space    used 2798K, committed 2944K, reserved 1048576K
}
Event: 157.593 GC heap before
{Heap before GC invocations=68 (full 0):
 garbage-first heap   total 520192K, used 484724K [0x0000000704800000, 0x0000000800000000)
  region size 2048K, 141 young (288768K), 2 survivors (4096K)
 Metaspace       used 21853K, committed 22208K, reserved 1114112K
  class space    used 2798K, committed 2944K, reserved 1048576K
}
Event: 157.594 GC heap after
{Heap after GC invocations=69 (full 0):
 garbage-first heap   total 520192K, used 200056K [0x0000000704800000, 0x0000000800000000)
  region size 2048K, 2 young (4096K), 2 survivors (4096K)
 Metaspace       used 21853K, committed 22208K, reserved 1114112K
  class space    used 2798K, committed 2944K, reserved 1048576K
}
Event: 158.712 GC heap before
{Heap before GC invocations=69 (full 0):
 garbage-first heap   total 520192K, used 482680K [0x0000000704800000, 0x0000000800000000)
  region size 2048K, 141 young (288768K), 2 survivors (4096K)
 Metaspace       used 21903K, committed 22208K, reserved 1114112K
  class space    used 2798K, committed 2944K, reserved 1048576K
}
Event: 158.716 GC heap after
{Heap after GC invocations=70 (full 0):
 garbage-first heap   total 520192K, used 203047K [0x0000000704800000, 0x0000000800000000)
  region size 2048K, 3 young (6144K), 3 survivors (6144K)
 Metaspace       used 21903K, committed 22208K, reserved 1114112K
  class space    used 2798K, committed 2944K, reserved 1048576K
}
Event: 159.947 GC heap before
{Heap before GC invocations=70 (full 0):
 garbage-first heap   total 520192K, used 483623K [0x0000000704800000, 0x0000000800000000)
  region size 2048K, 140 young (286720K), 3 survivors (6144K)
 Metaspace       used 21905K, committed 22208K, reserved 1114112K
  class space    used 2798K, committed 2944K, reserved 1048576K
}
Event: 159.950 GC heap after
{Heap after GC invocations=71 (full 0):
 garbage-first heap   total 520192K, used 203275K [0x0000000704800000, 0x0000000800000000)
  region size 2048K, 3 young (6144K), 3 survivors (6144K)
 Metaspace       used 21905K, committed 22208K, reserved 1114112K
  class space    used 2798K, committed 2944K, reserved 1048576K
}
Event: 162.673 GC heap before
{Heap before GC invocations=71 (full 0):
 garbage-first heap   total 520192K, used 483851K [0x0000000704800000, 0x0000000800000000)
  region size 2048K, 140 young (286720K), 3 survivors (6144K)
 Metaspace       used 21908K, committed 22208K, reserved 1114112K
  class space    used 2798K, committed 2944K, reserved 1048576K
}
Event: 162.677 GC heap after
{Heap after GC invocations=72 (full 0):
 garbage-first heap   total 520192K, used 203035K [0x0000000704800000, 0x0000000800000000)
  region size 2048K, 3 young (6144K), 3 survivors (6144K)
 Metaspace       used 21908K, committed 22208K, reserved 1114112K
  class space    used 2798K, committed 2944K, reserved 1048576K
}
Event: 166.144 GC heap before
{Heap before GC invocations=72 (full 0):
 garbage-first heap   total 520192K, used 483611K [0x0000000704800000, 0x0000000800000000)
  region size 2048K, 140 young (286720K), 3 survivors (6144K)
 Metaspace       used 21908K, committed 22208K, reserved 1114112K
  class space    used 2798K, committed 2944K, reserved 1048576K
}
Event: 166.147 GC heap after
{Heap after GC invocations=73 (full 0):
 garbage-first heap   total 520192K, used 202845K [0x0000000704800000, 0x0000000800000000)
  region size 2048K, 3 young (6144K), 3 survivors (6144K)
 Metaspace       used 21908K, committed 22208K, reserved 1114112K
  class space    used 2798K, committed 2944K, reserved 1048576K
}
Event: 170.067 GC heap before
{Heap before GC invocations=73 (full 0):
 garbage-first heap   total 520192K, used 483421K [0x0000000704800000, 0x0000000800000000)
  region size 2048K, 140 young (286720K), 3 survivors (6144K)
 Metaspace       used 21908K, committed 22208K, reserved 1114112K
  class space    used 2798K, committed 2944K, reserved 1048576K
}
Event: 170.070 GC heap after
{Heap after GC invocations=74 (full 0):
 garbage-first heap   total 520192K, used 202887K [0x0000000704800000, 0x0000000800000000)
  region size 2048K, 3 young (6144K), 3 survivors (6144K)
 Metaspace       used 21908K, committed 22208K, reserved 1114112K
  class space    used 2798K, committed 2944K, reserved 1048576K
}
Event: 172.817 GC heap before
{Heap before GC invocations=74 (full 0):
 garbage-first heap   total 520192K, used 483463K [0x0000000704800000, 0x0000000800000000)
  region size 2048K, 140 young (286720K), 3 survivors (6144K)
 Metaspace       used 21956K, committed 22272K, reserved 1114112K
  class space    used 2798K, committed 2944K, reserved 1048576K
}
Event: 172.821 GC heap after
{Heap after GC invocations=75 (full 0):
 garbage-first heap   total 520192K, used 203391K [0x0000000704800000, 0x0000000800000000)
  region size 2048K, 3 young (6144K), 3 survivors (6144K)
 Metaspace       used 21956K, committed 22272K, reserved 1114112K
  class space    used 2798K, committed 2944K, reserved 1048576K
}

Dll operation events (20 events):
Event: 0.321 Loaded shared library D:\openjfx-21.0.8_windows-x64_bin-sdk\javafx-sdk-21.0.8\bin\api-ms-win-crt-multibyte-l1-1-0.dll
Event: 0.322 Loaded shared library D:\openjfx-21.0.8_windows-x64_bin-sdk\javafx-sdk-21.0.8\bin\api-ms-win-crt-private-l1-1-0.dll
Event: 0.322 Loaded shared library D:\openjfx-21.0.8_windows-x64_bin-sdk\javafx-sdk-21.0.8\bin\api-ms-win-crt-process-l1-1-0.dll
Event: 0.323 Loaded shared library D:\openjfx-21.0.8_windows-x64_bin-sdk\javafx-sdk-21.0.8\bin\api-ms-win-crt-runtime-l1-1-0.dll
Event: 0.323 Loaded shared library D:\openjfx-21.0.8_windows-x64_bin-sdk\javafx-sdk-21.0.8\bin\api-ms-win-crt-stdio-l1-1-0.dll
Event: 0.324 Loaded shared library D:\openjfx-21.0.8_windows-x64_bin-sdk\javafx-sdk-21.0.8\bin\api-ms-win-crt-string-l1-1-0.dll
Event: 0.324 Loaded shared library D:\openjfx-21.0.8_windows-x64_bin-sdk\javafx-sdk-21.0.8\bin\api-ms-win-crt-time-l1-1-0.dll
Event: 0.325 Loaded shared library D:\openjfx-21.0.8_windows-x64_bin-sdk\javafx-sdk-21.0.8\bin\api-ms-win-crt-utility-l1-1-0.dll
Event: 0.326 Loaded shared library D:\openjfx-21.0.8_windows-x64_bin-sdk\javafx-sdk-21.0.8\bin\ucrtbase.dll
Event: 0.326 Loaded shared library D:\openjfx-21.0.8_windows-x64_bin-sdk\javafx-sdk-21.0.8\bin\vcruntime140.dll
Event: 0.327 Loaded shared library D:\openjfx-21.0.8_windows-x64_bin-sdk\javafx-sdk-21.0.8\bin\vcruntime140_1.dll
Event: 0.327 Loaded shared library D:\openjfx-21.0.8_windows-x64_bin-sdk\javafx-sdk-21.0.8\bin\msvcp140.dll
Event: 0.327 Loaded shared library D:\openjfx-21.0.8_windows-x64_bin-sdk\javafx-sdk-21.0.8\bin\msvcp140_1.dll
Event: 0.328 Loaded shared library D:\openjfx-21.0.8_windows-x64_bin-sdk\javafx-sdk-21.0.8\bin\msvcp140_2.dll
Event: 0.346 Loaded shared library D:\openjfx-21.0.8_windows-x64_bin-sdk\javafx-sdk-21.0.8\bin\prism_d3d.dll
Event: 0.408 Loaded shared library D:\openjfx-21.0.8_windows-x64_bin-sdk\javafx-sdk-21.0.8\bin\glass.dll
Event: 0.646 Loaded shared library C:\Users\ADMIN\.jdks\ms-21.0.8\bin\freetype.dll
Event: 0.647 Loaded shared library C:\Users\ADMIN\.jdks\ms-21.0.8\bin\fontmanager.dll
Event: 2.791 Loaded shared library D:\openjfx-21.0.8_windows-x64_bin-sdk\javafx-sdk-21.0.8\bin\javafx_iio.dll
Event: 3.301 Loaded shared library D:\openjfx-21.0.8_windows-x64_bin-sdk\javafx-sdk-21.0.8\bin\javafx_font.dll

Deoptimization events (20 events):
Event: 175.910 Thread 0x0000029b7ad30710 Uncommon trap: trap_request=0xffffff45 fr.pc=0x0000029b66a261c4 relative=0x0000000000000504
Event: 175.910 Thread 0x0000029b7ad30710 Uncommon trap: reason=unstable_if action=reinterpret pc=0x0000029b66a261c4 method=java.util.concurrent.locks.AbstractQueuedSynchronizer$ConditionNode.isReleasable()Z @ 14 c2
Event: 175.910 Thread 0x0000029b7ad30710 DEOPT PACKING pc=0x0000029b66a261c4 sp=0x000000be9ddfefd0
Event: 175.910 Thread 0x0000029b7ad30710 DEOPT UNPACKING pc=0x0000029b663346a2 sp=0x000000be9ddfedf8 mode 2
Event: 175.910 Thread 0x0000029b7ad30710 Uncommon trap: trap_request=0xffffff45 fr.pc=0x0000029b669fc878 relative=0x0000000000000058
Event: 175.910 Thread 0x0000029b7ad30710 Uncommon trap: reason=unstable_if action=reinterpret pc=0x0000029b669fc878 method=java.lang.Thread.getAndClearInterrupt()Z @ 6 c2
Event: 175.910 Thread 0x0000029b7ad30710 DEOPT PACKING pc=0x0000029b669fc878 sp=0x000000be9ddfef80
Event: 175.910 Thread 0x0000029b7ad30710 DEOPT UNPACKING pc=0x0000029b663346a2 sp=0x000000be9ddfeeb8 mode 2
Event: 175.910 Thread 0x0000029b7ad30710 Uncommon trap: trap_request=0xffffff45 fr.pc=0x0000029b66acee10 relative=0x0000000000000890
Event: 175.910 Thread 0x0000029b7ad30710 Uncommon trap: reason=unstable_if action=reinterpret pc=0x0000029b66acee10 method=java.util.concurrent.ThreadPoolExecutor.runStateAtLeast(II)Z @ 2 c2
Event: 175.910 Thread 0x0000029b7ad30710 DEOPT PACKING pc=0x0000029b66acee10 sp=0x000000be9ddff050
Event: 175.910 Thread 0x0000029b7ad30710 DEOPT UNPACKING pc=0x0000029b663346a2 sp=0x000000be9ddfefa8 mode 2
Event: 175.940 Thread 0x0000029b7ad30710 Uncommon trap: trap_request=0xffffff45 fr.pc=0x0000029b66a536e4 relative=0x00000000000001c4
Event: 175.940 Thread 0x0000029b7ad30710 Uncommon trap: reason=unstable_if action=reinterpret pc=0x0000029b66a536e4 method=java.lang.Thread.exit()V @ 16 c2
Event: 175.940 Thread 0x0000029b7ad30710 DEOPT PACKING pc=0x0000029b66a536e4 sp=0x000000be9ddff2d0
Event: 175.940 Thread 0x0000029b7ad30710 DEOPT UNPACKING pc=0x0000029b663346a2 sp=0x000000be9ddff268 mode 2
Event: 175.940 Thread 0x0000029b7ad30710 Uncommon trap: trap_request=0xffffff45 fr.pc=0x0000029b66a53bb0 relative=0x0000000000000190
Event: 175.940 Thread 0x0000029b7ad30710 Uncommon trap: reason=unstable_if action=reinterpret pc=0x0000029b66a53bb0 method=java.lang.Thread.clearReferences()V @ 19 c2
Event: 175.940 Thread 0x0000029b7ad30710 DEOPT PACKING pc=0x0000029b66a53bb0 sp=0x000000be9ddff240
Event: 175.940 Thread 0x0000029b7ad30710 DEOPT UNPACKING pc=0x0000029b663346a2 sp=0x000000be9ddff200 mode 2

Classes loaded (20 events):
Event: 123.934 Loading class java/io/CharArrayReader
Event: 123.934 Loading class java/io/CharArrayReader done
Event: 124.010 Loading class java/nio/DirectFloatBufferU
Event: 124.010 Loading class java/nio/DirectFloatBufferU done
Event: 124.013 Loading class java/lang/ArrayIndexOutOfBoundsException
Event: 124.014 Loading class java/lang/ArrayIndexOutOfBoundsException done
Event: 124.017 Loading class jdk/internal/ref/CleanerImpl$InnocuousThreadFactory
Event: 124.017 Loading class jdk/internal/ref/CleanerImpl$InnocuousThreadFactory done
Event: 124.021 Loading class sun/misc/Unsafe
Event: 124.022 Loading class sun/misc/Unsafe done
Event: 124.034 Loading class java/lang/FdLibm$Atan2
Event: 124.034 Loading class java/lang/FdLibm$Atan2 done
Event: 124.034 Loading class java/lang/FdLibm
Event: 124.034 Loading class java/lang/FdLibm done
Event: 124.037 Loading class java/lang/FdLibm$Hypot
Event: 124.037 Loading class java/lang/FdLibm$Hypot done
Event: 173.328 Loading class java/util/concurrent/LinkedBlockingQueue$Itr
Event: 173.328 Loading class java/util/concurrent/LinkedBlockingQueue$Itr done
Event: 175.904 Loading class jdk/internal/misc/Signal$1
Event: 175.904 Loading class jdk/internal/misc/Signal$1 done

Classes unloaded (0 events):
No events

Classes redefined (0 events):
No events

Internal exceptions (20 events):
Event: 20.695 Thread 0x0000029b7ad30710 Implicit null exception at 0x0000029b6699cf6a to 0x0000029b6699cff8
Event: 30.603 Thread 0x0000029b7ad30080 Implicit null exception at 0x0000029b669d3147 to 0x0000029b669d3b40
Event: 97.811 Thread 0x0000029b7ad30080 Implicit null exception at 0x0000029b66a5d323 to 0x0000029b66a602d8
Event: 123.864 Thread 0x0000029b7ad30080 Exception <a 'java/lang/ClassNotFoundException'{0x0000000716bd62b8}: com/sun/glass/ui/win/themes> (0x0000000716bd62b8) 
thrown [s\src\hotspot\share\prims\jni.cpp, line 539]
Event: 123.864 Thread 0x0000029b7ad30080 Exception <a 'java/lang/ClassNotFoundException'{0x0000000716bda258}: com/sun/glass/ui/win/themes_en> (0x0000000716bda258) 
thrown [s\src\hotspot\share\prims\jni.cpp, line 539]
Event: 123.864 Thread 0x0000029b7ad30080 Exception <a 'java/lang/ClassNotFoundException'{0x0000000716be22c0}: com/sun/glass/ui/win/themes_en_US> (0x0000000716be22c0) 
thrown [s\src\hotspot\share\prims\jni.cpp, line 539]
Event: 123.870 Thread 0x0000029b7ad30080 Implicit null exception at 0x0000029b66906625 to 0x0000029b669066dc
Event: 123.870 Thread 0x0000029b7ad30080 Implicit null exception at 0x0000029b66906200 to 0x0000029b66906294
Event: 123.904 Thread 0x0000029b7ad30080 Exception <a 'java/lang/NoSuchMethodError'{0x0000000716502e60}: 'void java.lang.invoke.DirectMethodHandle$Holder.invokeStaticInit(java.lang.Object, java.lang.Object)'> (0x0000000716502e60) 
thrown [s\src\hotspot\share\interpreter\linkResolver.cpp, line 773]
Event: 123.908 Thread 0x0000029b7ad30080 Exception <a 'java/lang/NoSuchMethodError'{0x000000071650b8e0}: 'void java.lang.invoke.DirectMethodHandle$Holder.invokeSpecial(java.lang.Object, java.lang.Object, java.lang.Object, java.lang.Object, java.lang.Object)'> (0x000000071650b8e0) 
thrown [s\src\hotspot\share\interpreter\linkResolver.cpp, line 773]
Event: 123.921 Thread 0x0000029b7ad30080 Exception <a 'java/lang/NoSuchMethodError'{0x0000000716241c98}: 'void java.lang.invoke.DirectMethodHandle$Holder.invokeStatic(java.lang.Object, java.lang.Object, java.lang.Object, java.lang.Object)'> (0x0000000716241c98) 
thrown [s\src\hotspot\share\interpreter\linkResolver.cpp, line 773]
Event: 123.944 Thread 0x0000029b7ad30080 Implicit null exception at 0x0000029b66ad9696 to 0x0000029b66ad9bc0
Event: 123.960 Thread 0x0000029b7ad30080 Exception <a 'java/lang/NoSuchMethodError'{0x0000000715c4ef78}: 'java.lang.Object java.lang.invoke.DirectMethodHandle$Holder.invokeInterface(java.lang.Object, java.lang.Object, java.lang.Object)'> (0x0000000715c4ef78) 
thrown [s\src\hotspot\share\interpreter\linkResolver.cpp, line 773]
Event: 123.960 Thread 0x0000029b7ad30080 Exception <a 'java/lang/IncompatibleClassChangeError'{0x0000000715c52b50}: Found class java.lang.Object, but interface was expected> (0x0000000715c52b50) 
thrown [s\src\hotspot\share\interpreter\linkResolver.cpp, line 840]
Event: 123.996 Thread 0x0000029b7ad30080 Implicit null exception at 0x0000029b66b0bea9 to 0x0000029b66b0caac
Event: 123.996 Thread 0x0000029b7ad30080 Implicit null exception at 0x0000029b66ad87eb to 0x0000029b66ad883c
Event: 124.006 Thread 0x0000029b7ad30710 Implicit null exception at 0x0000029b66ad027a to 0x0000029b66ad2c88
Event: 124.008 Thread 0x0000029b7ad30710 Implicit null exception at 0x0000029b66a06c07 to 0x0000029b66a07180
Event: 124.037 Thread 0x0000029b7ad30710 Exception <a 'java/lang/NoSuchMethodError'{0x00000007155a6d50}: 'java.lang.Object java.lang.invoke.DirectMethodHandle$Holder.invokeStaticInit(java.lang.Object, int)'> (0x00000007155a6d50) 
thrown [s\src\hotspot\share\interpreter\linkResolver.cpp, line 773]
Event: 124.284 Thread 0x0000029b7ad30080 Implicit null exception at 0x0000029b66ae48c4 to 0x0000029b66ae5920

ZGC Phase Switch (0 events):
No events

VM Operations (20 events):
Event: 158.595 Executing VM operation: Cleanup done
Event: 158.712 Executing VM operation: G1CollectForAllocation (G1 Evacuation Pause)
Event: 158.716 Executing VM operation: G1CollectForAllocation (G1 Evacuation Pause) done
Event: 159.947 Executing VM operation: G1CollectForAllocation (G1 Evacuation Pause)
Event: 159.950 Executing VM operation: G1CollectForAllocation (G1 Evacuation Pause) done
Event: 161.950 Executing VM operation: Cleanup
Event: 161.950 Executing VM operation: Cleanup done
Event: 162.673 Executing VM operation: G1CollectForAllocation (G1 Evacuation Pause)
Event: 162.677 Executing VM operation: G1CollectForAllocation (G1 Evacuation Pause) done
Event: 166.144 Executing VM operation: G1CollectForAllocation (G1 Evacuation Pause)
Event: 166.147 Executing VM operation: G1CollectForAllocation (G1 Evacuation Pause) done
Event: 170.067 Executing VM operation: G1CollectForAllocation (G1 Evacuation Pause)
Event: 170.070 Executing VM operation: G1CollectForAllocation (G1 Evacuation Pause) done
Event: 171.071 Executing VM operation: Cleanup
Event: 171.071 Executing VM operation: Cleanup done
Event: 172.817 Executing VM operation: G1CollectForAllocation (G1 Evacuation Pause)
Event: 172.821 Executing VM operation: G1CollectForAllocation (G1 Evacuation Pause) done
Event: 173.821 Executing VM operation: Cleanup
Event: 173.821 Executing VM operation: Cleanup done
Event: 176.011 Executing VM operation: Exit

Memory protections (0 events):
No events

Nmethod flushes (20 events):
Event: 20.693 Thread 0x0000029b75df5580 flushing  nmethod 0x0000029b5f160b10
Event: 20.693 Thread 0x0000029b75df5580 flushing  nmethod 0x0000029b5f170910
Event: 20.693 Thread 0x0000029b75df5580 flushing  nmethod 0x0000029b5f173310
Event: 20.693 Thread 0x0000029b75df5580 flushing  nmethod 0x0000029b5f173a10
Event: 20.693 Thread 0x0000029b75df5580 flushing  nmethod 0x0000029b5f1aac90
Event: 20.693 Thread 0x0000029b75df5580 flushing  nmethod 0x0000029b5f1ab110
Event: 20.693 Thread 0x0000029b75df5580 flushing  nmethod 0x0000029b5f078090
Event: 20.693 Thread 0x0000029b75df5580 flushing  nmethod 0x0000029b5f1b2b90
Event: 20.693 Thread 0x0000029b75df5580 flushing  nmethod 0x0000029b5f1b4410
Event: 20.693 Thread 0x0000029b75df5580 flushing  nmethod 0x0000029b5f1b5910
Event: 20.693 Thread 0x0000029b75df5580 flushing  nmethod 0x0000029b5f1b5c90
Event: 20.693 Thread 0x0000029b75df5580 flushing  nmethod 0x0000029b5f1c6610
Event: 20.693 Thread 0x0000029b75df5580 flushing  nmethod 0x0000029b5f1c7990
Event: 20.693 Thread 0x0000029b75df5580 flushing  nmethod 0x0000029b5f1c7d10
Event: 20.693 Thread 0x0000029b75df5580 flushing  nmethod 0x0000029b5f1c9910
Event: 20.693 Thread 0x0000029b75df5580 flushing  nmethod 0x0000029b5f1ca090
Event: 20.693 Thread 0x0000029b75df5580 flushing  nmethod 0x0000029b5f1ca810
Event: 20.693 Thread 0x0000029b75df5580 flushing  nmethod 0x0000029b5f1cb690
Event: 20.693 Thread 0x0000029b75df5580 flushing  nmethod 0x0000029b5f1cc910
Event: 20.693 Thread 0x0000029b75df5580 flushing  nmethod 0x0000029b5f1d1b10

Events (20 events):
Event: 173.320 Thread 0x0000029b4730e3f0 Thread added: 0x0000029b4730e3f0
Event: 173.321 Thread 0x0000029b4730e3f0 Thread exited: 0x0000029b4730e3f0
Event: 173.322 Thread 0x0000029b46e1d480 Thread added: 0x0000029b46e1d480
Event: 173.322 Thread 0x0000029b7ad33500 Thread exited: 0x0000029b7ad33500
Event: 173.322 Thread 0x0000029b46e1d480 Thread exited: 0x0000029b46e1d480
Event: 173.322 Thread 0x0000029b7ad34f40 Thread exited: 0x0000029b7ad34f40
Event: 173.323 Thread 0x0000029b46e1d480 Thread added: 0x0000029b46e1d480
Event: 173.323 Thread 0x0000029b46e1d480 Thread exited: 0x0000029b46e1d480
Event: 175.905 Thread 0x0000029b75e11dc0 Thread added: 0x0000029b4730f7a0
Event: 175.906 Thread 0x0000029b4730f7a0 Thread added: 0x0000029b45d95370
Event: 175.906 Thread 0x0000029b4730f7a0 Thread added: 0x0000029b45d97440
Event: 175.906 Thread 0x0000029b4730f7a0 Thread added: 0x0000029b45d94ce0
Event: 175.906 Thread 0x0000029b4730f7a0 Thread added: 0x0000029b45d95a00
Event: 175.907 Thread 0x0000029b45d97440 Thread exited: 0x0000029b45d97440
Event: 175.907 Thread 0x0000029b45d95370 Thread exited: 0x0000029b45d95370
Event: 175.911 Thread 0x0000029b45d95a00 Thread exited: 0x0000029b45d95a00
Event: 175.918 Thread 0x0000029b7a108070 Thread exited: 0x0000029b7a108070
Event: 175.941 Thread 0x0000029b7ad30710 Thread exited: 0x0000029b7ad30710
Event: 176.010 Thread 0x0000029b45d94ce0 Thread exited: 0x0000029b45d94ce0
Event: 176.010 Thread 0x0000029b4730f7a0 Before exit entered


Dynamic libraries:
0x00007ff7a4fb0000 - 0x00007ff7a4fbe000 	C:\Users\ADMIN\.jdks\ms-21.0.8\bin\java.exe
0x00007ffc9ce40000 - 0x00007ffc9d0a8000 	C:\WINDOWS\SYSTEM32\ntdll.dll
0x00007ffc9baf0000 - 0x00007ffc9bbb9000 	C:\WINDOWS\System32\KERNEL32.DLL
0x00007ffc9a550000 - 0x00007ffc9a942000 	C:\WINDOWS\System32\KERNELBASE.dll
0x00007ffc99fd0000 - 0x00007ffc9a11b000 	C:\WINDOWS\System32\ucrtbase.dll
0x00007ffc80ea0000 - 0x00007ffc80eb8000 	C:\Users\ADMIN\.jdks\ms-21.0.8\bin\jli.dll
0x00007ffc80ec0000 - 0x00007ffc80ede000 	C:\Users\ADMIN\.jdks\ms-21.0.8\bin\VCRUNTIME140.dll
0x00007ffc9cb80000 - 0x00007ffc9cd45000 	C:\WINDOWS\System32\USER32.dll
0x00007ffc9abe0000 - 0x00007ffc9ac07000 	C:\WINDOWS\System32\win32u.dll
0x00007ffc74d10000 - 0x00007ffc74fa3000 	C:\WINDOWS\WinSxS\amd64_microsoft.windows.common-controls_6595b64144ccf1df_6.0.26100.6899_none_3e0efeeae32e88c1\COMCTL32.dll
0x00007ffc9bbc0000 - 0x00007ffc9bbeb000 	C:\WINDOWS\System32\GDI32.dll
0x00007ffc9cd50000 - 0x00007ffc9cdf9000 	C:\WINDOWS\System32\msvcrt.dll
0x00007ffc9a950000 - 0x00007ffc9aa7d000 	C:\WINDOWS\System32\gdi32full.dll
0x00007ffc9a120000 - 0x00007ffc9a1c3000 	C:\WINDOWS\System32\msvcp_win.dll
0x00007ffc9cae0000 - 0x00007ffc9cb0f000 	C:\WINDOWS\System32\IMM32.DLL
0x00007ffc90030000 - 0x00007ffc9003c000 	C:\Users\ADMIN\.jdks\ms-21.0.8\bin\vcruntime140_1.dll
0x00007ffc54160000 - 0x00007ffc541e9000 	C:\Users\ADMIN\.jdks\ms-21.0.8\bin\msvcp140.dll
0x00007ffbf6aa0000 - 0x00007ffbf784c000 	C:\Users\ADMIN\.jdks\ms-21.0.8\bin\server\jvm.dll
0x00007ffc9bfb0000 - 0x00007ffc9c064000 	C:\WINDOWS\System32\ADVAPI32.dll
0x00007ffc9c990000 - 0x00007ffc9ca36000 	C:\WINDOWS\System32\sechost.dll
0x00007ffc9c130000 - 0x00007ffc9c248000 	C:\WINDOWS\System32\RPCRT4.dll
0x00007ffc9bbf0000 - 0x00007ffc9bc64000 	C:\WINDOWS\System32\WS2_32.dll
0x00007ffc98c20000 - 0x00007ffc98c7e000 	C:\WINDOWS\SYSTEM32\POWRPROF.dll
0x00007ffc90640000 - 0x00007ffc90675000 	C:\WINDOWS\SYSTEM32\WINMM.dll
0x00007ffc90250000 - 0x00007ffc9025b000 	C:\WINDOWS\SYSTEM32\VERSION.dll
0x00007ffc98c00000 - 0x00007ffc98c14000 	C:\WINDOWS\SYSTEM32\UMPDC.dll
0x00007ffc98e60000 - 0x00007ffc98e7b000 	C:\WINDOWS\SYSTEM32\kernel.appcore.dll
0x00007ffc80e90000 - 0x00007ffc80e9a000 	C:\Users\ADMIN\.jdks\ms-21.0.8\bin\jimage.dll
0x00007ffc977f0000 - 0x00007ffc97a32000 	C:\WINDOWS\SYSTEM32\DBGHELP.DLL
0x00007ffc9c250000 - 0x00007ffc9c5cb000 	C:\WINDOWS\System32\combase.dll
0x00007ffc9bed0000 - 0x00007ffc9bfa7000 	C:\WINDOWS\System32\OLEAUT32.dll
0x00007ffc75570000 - 0x00007ffc755ac000 	C:\WINDOWS\SYSTEM32\dbgcore.DLL
0x00007ffc9aa80000 - 0x00007ffc9ab18000 	C:\WINDOWS\System32\bcryptPrimitives.dll
0x00007ffc80e80000 - 0x00007ffc80e90000 	C:\Users\ADMIN\.jdks\ms-21.0.8\bin\instrument.dll
0x00007ffc80e50000 - 0x00007ffc80e71000 	C:\Users\ADMIN\.jdks\ms-21.0.8\bin\java.dll
0x00007ffc9ac10000 - 0x00007ffc9b35d000 	C:\WINDOWS\System32\SHELL32.dll
0x00007ffc9a3e0000 - 0x00007ffc9a54b000 	C:\WINDOWS\System32\wintypes.dll
0x00007ffc97c80000 - 0x00007ffc984dd000 	C:\WINDOWS\SYSTEM32\windows.storage.dll
0x00007ffc9c840000 - 0x00007ffc9c932000 	C:\WINDOWS\System32\SHCORE.dll
0x00007ffc9b3f0000 - 0x00007ffc9b452000 	C:\WINDOWS\System32\shlwapi.dll
0x00007ffc99ef0000 - 0x00007ffc99f19000 	C:\WINDOWS\SYSTEM32\profapi.dll
0x00007ffc49440000 - 0x00007ffc49516000 	C:\Users\ADMIN\.jdks\ms-21.0.8\bin\jsvml.dll
0x00007ffc80de0000 - 0x00007ffc80df1000 	C:\Users\ADMIN\.jdks\ms-21.0.8\bin\net.dll
0x00007ffc8fb70000 - 0x00007ffc8fc8f000 	C:\WINDOWS\SYSTEM32\WINHTTP.dll
0x00007ffc99430000 - 0x00007ffc9949b000 	C:\WINDOWS\system32\mswsock.dll
0x00007ffc80db0000 - 0x00007ffc80dc6000 	C:\Users\ADMIN\.jdks\ms-21.0.8\bin\nio.dll
0x00007ffc80d90000 - 0x00007ffc80da8000 	C:\Users\ADMIN\.jdks\ms-21.0.8\bin\zip.dll
0x00007ffc80e40000 - 0x00007ffc80e49000 	C:\Users\ADMIN\.jdks\ms-21.0.8\bin\extnet.dll
0x00007ffc13450000 - 0x00007ffc135e2000 	C:\Users\ADMIN\.jdks\ms-21.0.8\bin\awt.dll
0x00007ffc94110000 - 0x00007ffc941af000 	C:\WINDOWS\SYSTEM32\apphelp.dll
0x00007ffc49390000 - 0x00007ffc49431000 	D:\openjfx-21.0.8_windows-x64_bin-sdk\javafx-sdk-21.0.8\bin\glib-lite.dll
0x00007ffc9b460000 - 0x00007ffc9b5f8000 	C:\WINDOWS\System32\ole32.dll
0x00007ffc032a0000 - 0x00007ffc0339b000 	D:\openjfx-21.0.8_windows-x64_bin-sdk\javafx-sdk-21.0.8\bin\gstreamer-lite.dll
0x00007ffc12720000 - 0x00007ffc127b4000 	C:\WINDOWS\SYSTEM32\DSOUND.dll
0x00007ffc12660000 - 0x00007ffc12711000 	C:\WINDOWS\SYSTEM32\ResampleDmo.DLL
0x00007ffc12820000 - 0x00007ffc12851000 	C:\WINDOWS\SYSTEM32\winmmbase.dll
0x00007ffc12640000 - 0x00007ffc1264e000 	C:\WINDOWS\SYSTEM32\msdmo.dll
0x00007ffc80d00000 - 0x00007ffc80d24000 	D:\openjfx-21.0.8_windows-x64_bin-sdk\javafx-sdk-21.0.8\bin\jfxmedia.dll
0x00007ffc94460000 - 0x00007ffc9450a000 	C:\WINDOWS\system32\uxtheme.dll
0x00007ffc1f870000 - 0x00007ffc1f9a3000 	C:\ProgramData\A-Volute\A-Volute.Nahimic\Modules\Scheduled\x64\AudioDevProps2.dll
0x00007ffc9bd70000 - 0x00007ffc9becb000 	C:\WINDOWS\System32\MSCTF.dll
0x00007ffc94920000 - 0x00007ffc9494d000 	C:\WINDOWS\system32\DWMAPI.DLL
0x00007ffc74320000 - 0x00007ffc7442c000 	C:\WINDOWS\system32\opengl32.dll
0x00007ffc729e0000 - 0x00007ffc72a0d000 	C:\WINDOWS\SYSTEM32\GLU32.dll
0x00007ffc94a10000 - 0x00007ffc94a54000 	C:\WINDOWS\SYSTEM32\dxcore.dll
0x0000029b544c0000 - 0x0000029b544c3000 	D:\openjfx-21.0.8_windows-x64_bin-sdk\javafx-sdk-21.0.8\bin\api-ms-win-core-console-l1-1-0.dll
0x0000029b55d10000 - 0x0000029b55d13000 	D:\openjfx-21.0.8_windows-x64_bin-sdk\javafx-sdk-21.0.8\bin\api-ms-win-core-console-l1-2-0.dll
0x0000029b55d20000 - 0x0000029b55d23000 	D:\openjfx-21.0.8_windows-x64_bin-sdk\javafx-sdk-21.0.8\bin\api-ms-win-core-datetime-l1-1-0.dll
0x0000029b55d30000 - 0x0000029b55d33000 	D:\openjfx-21.0.8_windows-x64_bin-sdk\javafx-sdk-21.0.8\bin\api-ms-win-core-debug-l1-1-0.dll
0x0000029b55d40000 - 0x0000029b55d43000 	D:\openjfx-21.0.8_windows-x64_bin-sdk\javafx-sdk-21.0.8\bin\api-ms-win-core-errorhandling-l1-1-0.dll
0x0000029b565a0000 - 0x0000029b565a4000 	D:\openjfx-21.0.8_windows-x64_bin-sdk\javafx-sdk-21.0.8\bin\api-ms-win-core-file-l1-1-0.dll
0x0000029b565b0000 - 0x0000029b565b3000 	D:\openjfx-21.0.8_windows-x64_bin-sdk\javafx-sdk-21.0.8\bin\api-ms-win-core-file-l1-2-0.dll
0x0000029b565c0000 - 0x0000029b565c3000 	D:\openjfx-21.0.8_windows-x64_bin-sdk\javafx-sdk-21.0.8\bin\api-ms-win-core-file-l2-1-0.dll
0x0000029b565d0000 - 0x0000029b565d3000 	D:\openjfx-21.0.8_windows-x64_bin-sdk\javafx-sdk-21.0.8\bin\api-ms-win-core-handle-l1-1-0.dll
0x0000029b565f0000 - 0x0000029b565f3000 	D:\openjfx-21.0.8_windows-x64_bin-sdk\javafx-sdk-21.0.8\bin\api-ms-win-core-heap-l1-1-0.dll
0x0000029b56600000 - 0x0000029b56603000 	D:\openjfx-21.0.8_windows-x64_bin-sdk\javafx-sdk-21.0.8\bin\api-ms-win-core-interlocked-l1-1-0.dll
0x0000029b56620000 - 0x0000029b56623000 	D:\openjfx-21.0.8_windows-x64_bin-sdk\javafx-sdk-21.0.8\bin\api-ms-win-core-libraryloader-l1-1-0.dll
0x0000029b56630000 - 0x0000029b56633000 	D:\openjfx-21.0.8_windows-x64_bin-sdk\javafx-sdk-21.0.8\bin\api-ms-win-core-localization-l1-2-0.dll
0x0000029b56640000 - 0x0000029b56643000 	D:\openjfx-21.0.8_windows-x64_bin-sdk\javafx-sdk-21.0.8\bin\api-ms-win-core-memory-l1-1-0.dll
0x0000029b56660000 - 0x0000029b56663000 	D:\openjfx-21.0.8_windows-x64_bin-sdk\javafx-sdk-21.0.8\bin\api-ms-win-core-namedpipe-l1-1-0.dll
0x0000029b75fb0000 - 0x0000029b75fb3000 	D:\openjfx-21.0.8_windows-x64_bin-sdk\javafx-sdk-21.0.8\bin\api-ms-win-core-processenvironment-l1-1-0.dll
0x0000029b75fc0000 - 0x0000029b75fc3000 	D:\openjfx-21.0.8_windows-x64_bin-sdk\javafx-sdk-21.0.8\bin\api-ms-win-core-processthreads-l1-1-0.dll
0x0000029b75fd0000 - 0x0000029b75fd3000 	D:\openjfx-21.0.8_windows-x64_bin-sdk\javafx-sdk-21.0.8\bin\api-ms-win-core-processthreads-l1-1-1.dll
0x0000029b75fe0000 - 0x0000029b75fe3000 	D:\openjfx-21.0.8_windows-x64_bin-sdk\javafx-sdk-21.0.8\bin\api-ms-win-core-profile-l1-1-0.dll
0x0000029b75ff0000 - 0x0000029b75ff3000 	D:\openjfx-21.0.8_windows-x64_bin-sdk\javafx-sdk-21.0.8\bin\api-ms-win-core-rtlsupport-l1-1-0.dll
0x0000029b7c8c0000 - 0x0000029b7c8c3000 	D:\openjfx-21.0.8_windows-x64_bin-sdk\javafx-sdk-21.0.8\bin\api-ms-win-core-string-l1-1-0.dll
0x0000029b7c8d0000 - 0x0000029b7c8d3000 	D:\openjfx-21.0.8_windows-x64_bin-sdk\javafx-sdk-21.0.8\bin\api-ms-win-core-synch-l1-1-0.dll
0x0000029b7c8e0000 - 0x0000029b7c8e3000 	D:\openjfx-21.0.8_windows-x64_bin-sdk\javafx-sdk-21.0.8\bin\api-ms-win-core-synch-l1-2-0.dll
0x0000029b7c8f0000 - 0x0000029b7c8f3000 	D:\openjfx-21.0.8_windows-x64_bin-sdk\javafx-sdk-21.0.8\bin\api-ms-win-core-sysinfo-l1-1-0.dll
0x0000029b7c900000 - 0x0000029b7c903000 	D:\openjfx-21.0.8_windows-x64_bin-sdk\javafx-sdk-21.0.8\bin\api-ms-win-core-timezone-l1-1-0.dll
0x0000029b7c910000 - 0x0000029b7c913000 	D:\openjfx-21.0.8_windows-x64_bin-sdk\javafx-sdk-21.0.8\bin\api-ms-win-core-util-l1-1-0.dll
0x0000029b7c920000 - 0x0000029b7c923000 	D:\openjfx-21.0.8_windows-x64_bin-sdk\javafx-sdk-21.0.8\bin\api-ms-win-crt-conio-l1-1-0.dll
0x0000029b7c930000 - 0x0000029b7c934000 	D:\openjfx-21.0.8_windows-x64_bin-sdk\javafx-sdk-21.0.8\bin\api-ms-win-crt-convert-l1-1-0.dll
0x0000029b7c940000 - 0x0000029b7c943000 	D:\openjfx-21.0.8_windows-x64_bin-sdk\javafx-sdk-21.0.8\bin\api-ms-win-crt-environment-l1-1-0.dll
0x0000029b7c950000 - 0x0000029b7c953000 	D:\openjfx-21.0.8_windows-x64_bin-sdk\javafx-sdk-21.0.8\bin\api-ms-win-crt-filesystem-l1-1-0.dll
0x0000029b7c960000 - 0x0000029b7c963000 	D:\openjfx-21.0.8_windows-x64_bin-sdk\javafx-sdk-21.0.8\bin\api-ms-win-crt-heap-l1-1-0.dll
0x0000029b7c970000 - 0x0000029b7c973000 	D:\openjfx-21.0.8_windows-x64_bin-sdk\javafx-sdk-21.0.8\bin\api-ms-win-crt-locale-l1-1-0.dll
0x0000029b7c980000 - 0x0000029b7c985000 	D:\openjfx-21.0.8_windows-x64_bin-sdk\javafx-sdk-21.0.8\bin\api-ms-win-crt-math-l1-1-0.dll
0x0000029b7c990000 - 0x0000029b7c995000 	D:\openjfx-21.0.8_windows-x64_bin-sdk\javafx-sdk-21.0.8\bin\api-ms-win-crt-multibyte-l1-1-0.dll
0x0000029b7c9a0000 - 0x0000029b7c9b0000 	D:\openjfx-21.0.8_windows-x64_bin-sdk\javafx-sdk-21.0.8\bin\api-ms-win-crt-private-l1-1-0.dll
0x0000029b7c9b0000 - 0x0000029b7c9b3000 	D:\openjfx-21.0.8_windows-x64_bin-sdk\javafx-sdk-21.0.8\bin\api-ms-win-crt-process-l1-1-0.dll
0x0000029b7c9c0000 - 0x0000029b7c9c4000 	D:\openjfx-21.0.8_windows-x64_bin-sdk\javafx-sdk-21.0.8\bin\api-ms-win-crt-runtime-l1-1-0.dll
0x0000029b7c9d0000 - 0x0000029b7c9d4000 	D:\openjfx-21.0.8_windows-x64_bin-sdk\javafx-sdk-21.0.8\bin\api-ms-win-crt-stdio-l1-1-0.dll
0x0000029b7c9e0000 - 0x0000029b7c9e4000 	D:\openjfx-21.0.8_windows-x64_bin-sdk\javafx-sdk-21.0.8\bin\api-ms-win-crt-string-l1-1-0.dll
0x0000029b7c9f0000 - 0x0000029b7c9f3000 	D:\openjfx-21.0.8_windows-x64_bin-sdk\javafx-sdk-21.0.8\bin\api-ms-win-crt-time-l1-1-0.dll
0x0000029b7ca00000 - 0x0000029b7ca03000 	D:\openjfx-21.0.8_windows-x64_bin-sdk\javafx-sdk-21.0.8\bin\api-ms-win-crt-utility-l1-1-0.dll
0x00007ffbf1e20000 - 0x00007ffbf1f1c000 	D:\openjfx-21.0.8_windows-x64_bin-sdk\javafx-sdk-21.0.8\bin\ucrtbase.dll
0x00007ffc80c80000 - 0x00007ffc80c9b000 	D:\openjfx-21.0.8_windows-x64_bin-sdk\javafx-sdk-21.0.8\bin\vcruntime140.dll
0x00007ffc7f4a0000 - 0x00007ffc7f4ac000 	D:\openjfx-21.0.8_windows-x64_bin-sdk\javafx-sdk-21.0.8\bin\vcruntime140_1.dll
0x00007ffc487b0000 - 0x00007ffc4883e000 	D:\openjfx-21.0.8_windows-x64_bin-sdk\javafx-sdk-21.0.8\bin\msvcp140.dll
0x00007ffc7f490000 - 0x00007ffc7f499000 	D:\openjfx-21.0.8_windows-x64_bin-sdk\javafx-sdk-21.0.8\bin\msvcp140_1.dll
0x00007ffc48760000 - 0x00007ffc487a1000 	D:\openjfx-21.0.8_windows-x64_bin-sdk\javafx-sdk-21.0.8\bin\msvcp140_2.dll
0x00007ffc5c7f0000 - 0x00007ffc5c820000 	D:\openjfx-21.0.8_windows-x64_bin-sdk\javafx-sdk-21.0.8\bin\prism_d3d.dll
0x00007ffc74160000 - 0x00007ffc74310000 	C:\WINDOWS\system32\d3d9.dll
0x00007ffc94790000 - 0x00007ffc948cb000 	C:\WINDOWS\system32\dxgi.dll
0x00007ffc99c40000 - 0x00007ffc99c97000 	C:\WINDOWS\SYSTEM32\CFGMGR32.dll
0x00007ffc8fb00000 - 0x00007ffc8fb63000 	C:\WINDOWS\SYSTEM32\directxdatabasehelper.dll
0x00007ffc425c0000 - 0x00007ffc42602000 	D:\openjfx-21.0.8_windows-x64_bin-sdk\javafx-sdk-21.0.8\bin\glass.dll
0x00007ffc9bc70000 - 0x00007ffc9bd63000 	C:\WINDOWS\System32\COMDLG32.dll
0x00007ffc996f0000 - 0x00007ffc9970b000 	C:\WINDOWS\SYSTEM32\CRYPTSP.dll
0x00007ffc98e20000 - 0x00007ffc98e5b000 	C:\WINDOWS\system32\rsaenh.dll
0x00007ffc996e0000 - 0x00007ffc996ec000 	C:\WINDOWS\SYSTEM32\CRYPTBASE.dll
0x00007ffc99ec0000 - 0x00007ffc99ee6000 	C:\WINDOWS\SYSTEM32\bcrypt.dll
0x00007ffc5c700000 - 0x00007ffc5c724000 	D:\openjfx-21.0.8_windows-x64_bin-sdk\javafx-sdk-21.0.8\bin\fxplugins.dll
0x00007ffc90c20000 - 0x00007ffc90e37000 	C:\WINDOWS\SYSTEM32\MFPlat.DLL
0x00007ffc90680000 - 0x00007ffc906bd000 	C:\WINDOWS\SYSTEM32\RTWorkQ.DLL
0x0000029b45640000 - 0x0000029b456f1000 	C:\WINDOWS\System32\clbcatq.dll
0x00007ffc8f160000 - 0x00007ffc8f1f8000 	C:\WINDOWS\System32\MMDevApi.dll

JVMTI agents:
D:\Intel\IntelliJ IDEA 2025.2.1\lib\idea_rt.jar path:C:\Users\ADMIN\.jdks\ms-21.0.8\bin\instrument.dll, loaded, initialized, instrumentlib options:51115

dbghelp: loaded successfully - version: 4.0.5 - missing functions: none
symbol engine: initialized successfully - sym options: 0x614 - pdb path: .;C:\Users\ADMIN\.jdks\ms-21.0.8\bin;C:\WINDOWS\SYSTEM32;C:\WINDOWS\WinSxS\amd64_microsoft.windows.common-controls_6595b64144ccf1df_6.0.26100.6899_none_3e0efeeae32e88c1;C:\Users\ADMIN\.jdks\ms-21.0.8\bin\server;D:\openjfx-21.0.8_windows-x64_bin-sdk\javafx-sdk-21.0.8\bin;C:\ProgramData\A-Volute\A-Volute.Nahimic\Modules\Scheduled\x64;C:\WINDOWS\System32\DriverStore\FileRepository\iigd_dch.inf_amd64_e0551683909fdfb5;C:\WINDOWS\System32\DriverStore\FileRepository\nvlt.inf_amd64_c34ba0423bef07be;C:\Program Files\Common Files\Microsoft Shared\Ink

VM Arguments:
jvm_args: --module-path=D:\openjfx-21.0.8_windows-x64_bin-sdk\javafx-sdk-21.0.8\lib --add-modules=javafx.controls,javafx.fxml,javafx.graphics,javafx.media,javafx.swing -javaagent:D:\Intel\IntelliJ IDEA 2025.2.1\lib\idea_rt.jar=51115 -Dfile.encoding=UTF-8 -Dsun.stdout.encoding=UTF-8 -Dsun.stderr.encoding=UTF-8 
java_command: MainGame
java_class_path (initial): D:\Code_By_Tuong\demo-repository\out\production\demo-repository;D:\openjfx-21.0.8_windows-x64_bin-sdk\javafx-sdk-21.0.8\lib\javafx-swt.jar;D:\openjfx-21.0.8_windows-x64_bin-sdk\javafx-sdk-21.0.8\lib\javafx.web.jar;D:\openjfx-21.0.8_windows-x64_bin-sdk\javafx-sdk-21.0.8\lib\javafx.base.jar;D:\openjfx-21.0.8_windows-x64_bin-sdk\javafx-sdk-21.0.8\lib\javafx.fxml.jar;D:\openjfx-21.0.8_windows-x64_bin-sdk\javafx-sdk-21.0.8\lib\javafx.media.jar;D:\openjfx-21.0.8_windows-x64_bin-sdk\javafx-sdk-21.0.8\lib\javafx.swing.jar;D:\openjfx-21.0.8_windows-x64_bin-sdk\javafx-sdk-21.0.8\lib\javafx.controls.jar;D:\openjfx-21.0.8_windows-x64_bin-sdk\javafx-sdk-21.0.8\lib\javafx.graphics.jar
Launcher Type: SUN_STANDARD

[Global flags]
     intx CICompilerCount                          = 4                                         {product} {ergonomic}
     uint ConcGCThreads                            = 3                                         {product} {ergonomic}
     uint G1ConcRefinementThreads                  = 10                                        {product} {ergonomic}
   size_t G1HeapRegionSize                         = 2097152                                   {product} {ergonomic}
    uintx GCDrainStackTargetSize                   = 64                                        {product} {ergonomic}
   size_t InitialHeapSize                          = 264241152                                 {product} {ergonomic}
   size_t MarkStackSize                            = 4194304                                   {product} {ergonomic}
   size_t MaxHeapSize                              = 4219469824                                {product} {ergonomic}
   size_t MaxNewSize                               = 2531262464                                {product} {ergonomic}
   size_t MinHeapDeltaBytes                        = 2097152                                   {product} {ergonomic}
   size_t MinHeapSize                              = 8388608                                   {product} {ergonomic}
    uintx NonNMethodCodeHeapSize                   = 5839372                                {pd product} {ergonomic}
    uintx NonProfiledCodeHeapSize                  = 122909434                              {pd product} {ergonomic}
    uintx ProfiledCodeHeapSize                     = 122909434                              {pd product} {ergonomic}
    uintx ReservedCodeCacheSize                    = 251658240                              {pd product} {ergonomic}
     bool SegmentedCodeCache                       = true                                      {product} {ergonomic}
   size_t SoftMaxHeapSize                          = 4219469824                             {manageable} {ergonomic}
     bool UseCompressedOops                        = true                           {product lp64_product} {ergonomic}
     bool UseG1GC                                  = true                                      {product} {ergonomic}
     bool UseLargePagesIndividualAllocation        = false                                  {pd product} {ergonomic}

Logging:
Log output configuration:
 #0: stdout all=off uptime,level,tags foldmultilines=false
 #1: stderr all=off uptime,level,tags foldmultilines=false

Environment Variables:
JAVA_HOME=C:\Program Files\Eclipse Adoptium\jdk-17.0.16.8-hotspot\
PATH=C:\Program Files (x86)\Common Files\Oracle\Java\java8path;C:\Program Files (x86)\Common Files\Oracle\Java\javapath;C:\Program Files\Eclipse Adoptium\jdk-17.0.16.8-hotspot\bin;C:\WINDOWS\system32;C:\WINDOWS;C:\WINDOWS\System32\Wbem;C:\WINDOWS\System32\WindowsPowerShell\v1.0\;C:\WINDOWS\System32\OpenSSH\;C:\Program Files (x86)\NVIDIA Corporation\PhysX\Common;C:\Program Files\NVIDIA Corporation\NVIDIA NvDLISR;C:\Program Files\Microsoft SQL Server\150\Tools\Binn\;C:\Program Files\Microsoft SQL Server\Client SDK\ODBC\170\Tools\Binn\;C:\Program Files\dotnet\;C:\Program Files (x86)\Windows Kits\10\Windows Performance Toolkit\;C:\Program Files\Git\cmd;C:\Program Files\MySQL\MySQL Shell 8.0\bin\;C:\Users\ADMIN\AppData\Local\Microsoft\WindowsApps;C:\Users\ADMIN\.dotnet\tools;C:\Users\ADMIN\AppData\Local\GitHubDesktop\bin;C:\Users\ADMIN\AppData\Local\Programs\Microsoft VS Code\bin;D:\Intel\IntelliJ IDEA 2025.2.1\bin
USERNAME=ADMIN
OS=Windows_NT
PROCESSOR_IDENTIFIER=Intel64 Family 6 Model 151 Stepping 2, GenuineIntel
TMP=C:\Users\ADMIN\AppData\Local\Temp
TEMP=C:\Users\ADMIN\AppData\Local\Temp




Periodic native trim disabled

---------------  S Y S T E M  ---------------

OS:
 Windows 11 , 64 bit Build 26100 (10.0.26100.6725)
OS uptime: 0 days 10:38 hours

CPU: total 12 (initial active 12) (6 cores per cpu, 2 threads per core) family 6 model 151 stepping 2 microcode 0x3a, cx8, cmov, fxsr, ht, mmx, 3dnowpref, sse, sse2, sse3, ssse3, sse4.1, sse4.2, popcnt, lzcnt, tsc, tscinvbit, avx, avx2, aes, erms, clmul, bmi1, bmi2, adx, sha, fma, vzeroupper, clflush, clflushopt, clwb, serialize, rdtscp, rdpid, fsrm, f16c, pku, cet_ibt, cet_ss
Processor Information for processor 0
  Max Mhz: 2400, Current Mhz: 2400, Mhz Limit: 2400
Processor Information for processor 1
  Max Mhz: 2400, Current Mhz: 2400, Mhz Limit: 2400
Processor Information for processor 2
  Max Mhz: 2400, Current Mhz: 2400, Mhz Limit: 2400
Processor Information for processor 3
  Max Mhz: 2400, Current Mhz: 2400, Mhz Limit: 2400
Processor Information for processor 4
  Max Mhz: 2400, Current Mhz: 2400, Mhz Limit: 2400
Processor Information for processor 5
  Max Mhz: 2400, Current Mhz: 2400, Mhz Limit: 2400
Processor Information for processor 6
  Max Mhz: 2400, Current Mhz: 2400, Mhz Limit: 2400
Processor Information for processor 7
  Max Mhz: 2400, Current Mhz: 2400, Mhz Limit: 2400
Processor Information for processor 8
  Max Mhz: 2400, Current Mhz: 2400, Mhz Limit: 2400
Processor Information for processor 9
  Max Mhz: 2400, Current Mhz: 2400, Mhz Limit: 2400
Processor Information for processor 10
  Max Mhz: 2400, Current Mhz: 1466, Mhz Limit: 2400
Processor Information for processor 11
  Max Mhz: 2400, Current Mhz: 2400, Mhz Limit: 2400

Memory: 4k page, system-wide physical 16091M (2585M free)
TotalPageFile size 22235M (AvailPageFile size 4312M)
current process WorkingSet (physical memory assigned to process): 920M, peak: 963M
current process commit charge ("private bytes"): 1002M, peak: 1070M

vm_info: OpenJDK 64-Bit Server VM (21.0.8+9-LTS) for windows-amd64 JRE (21.0.8+9-LTS), built on 2025-07-10T20:22:44Z by "MicrosoftCorporation" with unknown MS VC++:1944

END.
