#
# A fatal error has been detected by the Java Runtime Environment:
#
#  EXCEPTION_ACCESS_VIOLATION (0xc0000005) at pc=0x00007fffbb6b6a17, pid=7460, tid=424
#
# JRE version: OpenJDK Runtime Environment Microsoft-11933218 (21.0.8+9) (build 21.0.8+9-LTS)
# Java VM: OpenJDK 64-Bit Server VM Microsoft-11933218 (21.0.8+9-LTS, mixed mode, sharing, tiered, compressed oops, compressed class ptrs, g1 gc, windows-amd64)
# Problematic frame:
# C  [glass.dll+0x26a17]
#
# No core dump will be written. Minidumps are not enabled by default on client versions of Windows
#
# If you would like to submit a bug report, please visit:
#   https://github.com/microsoft/openjdk/issues
#

---------------  S U M M A R Y ------------

Command Line: --module-path=D:\openjfx-21.0.8_windows-x64_bin-sdk\javafx-sdk-21.0.8\lib --add-modules=javafx.controls,javafx.fxml,javafx.media,javafx.swing -javaagent:D:\Intel\IntelliJ IDEA 2025.2.1\lib\idea_rt.jar=56086 -Dfile.encoding=UTF-8 -Dsun.stdout.encoding=UTF-8 -Dsun.stderr.encoding=UTF-8 MainGame

Host: 12th Gen Intel(R) Core(TM) i5-12450HX, 12 cores, 15G,  Windows 11 , 64 bit Build 26100 (10.0.26100.7019)
Time: Wed Nov  5 16:18:55 2025 SE Asia Standard Time elapsed time: 26.829921 seconds (0d 0h 0m 26s)

---------------  T H R E A D  ---------------

Current thread (0x000002427dfd2f10):  VMThread "VM Thread"          [id=424, stack(0x000000b14b500000,0x000000b14b600000) (1024K)]

Stack: [0x000000b14b500000,0x000000b14b600000],  sp=0x000000b14b5fed00,  free space=1019k
Native frames: (J=compiled Java code, j=interpreted, Vv=VM code, C=native code)
C  [glass.dll+0x26a17]


siginfo: EXCEPTION_ACCESS_VIOLATION (0xc0000005), reading address 0x0000000000000000


Registers:
RAX=0x0000000000000000, RBX=0x000002427dfe38ea, RCX=0x000002427dfd2f10, RDX=0x000000b14b5fed00
RSP=0x000000b14b5fed00, RBP=0x0000d6166a6e256b, RSI=0x000002427ee291e8, RDI=0x000002427ee291c0
R8 =0x0000000000010002, R9 =0x0000d6166a6e256b, R10=0x000002426b430000, R11=0x000000b14b5fede8
R12=0x0000000000000001, R13=0x00007fffbb6b4360, R14=0x000000b14b5fee08, R15=0x000002427ee291c0
RIP=0x00007fffbb6b6a17, EFLAGS=0x0000000000010202

XMM[0]=0x0000000000000000 0x0000000000000000
XMM[1]=0x0000000000000000 0x0000000000000000
XMM[2]=0x0000000000000000 0x0000000000000000
XMM[3]=0x0000000000000000 0x0000000000000000
XMM[4]=0x0000000000000000 0x0000000000000000
XMM[5]=0x0000000000000000 0x0000000000000000
XMM[6]=0x0000000000000000 0x0000000000000000
XMM[7]=0x0000000000000000 0x0000000000000000
XMM[8]=0x0000000000000000 0x404e000000000000
XMM[9]=0x0000000000000000 0x0000000000000000
XMM[10]=0x0000000000000000 0x0000000000000000
XMM[11]=0x0000000000000000 0x0000000000000000
XMM[12]=0x0000000000000000 0x0000000000000000
XMM[13]=0x0000000000000000 0x0000000000000000
XMM[14]=0x0000000000000000 0x0000000000000000
XMM[15]=0x0000000000000000 0x0000000000000000
  MXCSR=0x00001fa2


Register to memory mapping:

RAX=0x0 is null
RBX=0x000002427dfe38ea is a global jni handle
RCX=0x000002427dfd2f10 points into unknown readable memory: 0x00007fff3de8ed58 | 58 ed e8 3d ff 7f 00 00
RDX=0x000000b14b5fed00 points into unknown readable memory: 0x0000000000000000 | 00 00 00 00 00 00 00 00
RSP=0x000000b14b5fed00 points into unknown readable memory: 0x0000000000000000 | 00 00 00 00 00 00 00 00
RBP=0x0000d6166a6e256b is an unknown value
RSI=0x000002427ee291e8 points into unknown readable memory: 0x0000d6166a6e256b | 6b 25 6e 6a 16 d6 00 00
RDI=0x000002427ee291c0 points into unknown readable memory: 0x59f316166991d8b0 | b0 d8 91 69 16 16 f3 59
R8 =0x0000000000010002 is an unknown value
R9 =0x0000d6166a6e256b is an unknown value
R10=0x000002426b430000 points into unknown readable memory: 0x0000000000000000 | 00 00 00 00 00 00 00 00
R11=0x000000b14b5fede8 points into unknown readable memory: 0x00007fffbb6b41ed | ed 41 6b bb ff 7f 00 00
R12=0x0000000000000001 is an unknown value
R13=0x00007fffbb6b4360 glass.dll
R14=0x000000b14b5fee08 points into unknown readable memory: 0x000000b14b5fedf0 | f0 ed 5f 4b b1 00 00 00
R15=0x000002427ee291c0 points into unknown readable memory: 0x59f316166991d8b0 | b0 d8 91 69 16 16 f3 59

Top of Stack: (sp=0x000000b14b5fed00)
0x000000b14b5fed00:   0000000000000000 0000024200000000
0x000000b14b5fed10:   000002427e95c020 0000000000000001
0x000000b14b5fed20:   000002427ee291c8 00007fffdfbebc75
0x000000b14b5fed30:   000002427ee291c0 0000024200000000
0x000000b14b5fed40:   000002427ee291e0 0000d6166a6e256b
0x000000b14b5fed50:   fffffffffffffffe 000000b14b5fee28
0x000000b14b5fed60:   00007fffbb690000 00007fffbb690000
0x000000b14b5fed70:   000000b14b5fedf8 00007fffdfbeb897
0x000000b14b5fed80:   000000b14b5fee00 000000b14b5fee08
0x000000b14b5fed90:   000000b14b5ff0f0 00007fffdfcd88c0
0x000000b14b5feda0:   0000000000000001 00007fffdfbeb84d
0x000000b14b5fedb0:   0000000000000000 0000000000000001
0x000000b14b5fedc0:   000000b14b5ff0f0 000000b14b5fedf8
0x000000b14b5fedd0:   fffffffffffffffe 00007fffe2120533
0x000000b14b5fede0:   000002427efb3210 00007fffbb6b41ed
0x000000b14b5fedf0:   00007fffbb6ca008 000000b100000002
0x000000b14b5fee00:   00007fff00000002 000000b14b5fedf0
0x000000b14b5fee10:   0000000000000000 00007fffde805e37
0x000000b14b5fee20:   0000000000000000 00007fffbb6b4312
0x000000b14b5fee30:   0000000000000001 0000000000000000
0x000000b14b5fee40:   0000000000000001 00007fffe20ca6af
0x000000b14b5fee50:   00007fffde800000 000000b14b5ff0f0
0x000000b14b5fee60:   0000000000000001 0000000000000000
0x000000b14b5fee70:   0000000000000000 000000007ffe0384
0x000000b14b5fee80:   000002427e95ea50 00007fffe221f96e
0x000000b14b5fee90:   00007fffbb690000 0000024200000000
0x000000b14b5feea0:   0000000000000001 000000007ffe0385
0x000000b14b5feeb0:   00007fffbb6b75a0 00007fffe20cbcae
0x000000b14b5feec0:   0000000000000000 0000000000000000
0x000000b14b5feed0:   0000000000000000 0000000000000000
0x000000b14b5feee0:   0000000000000000 0000000000000000
0x000000b14b5feef0:   0000000000000000 0000000000000000 

Instructions: (pc=0x00007fffbb6b6a17)
0x00007fffbb6b6917:   8b 4d 58 e8 8d cf ff ff 48 8b 4d 60 e8 84 cf ff
0x00007fffbb6b6927:   ff 48 8b 95 80 00 00 00 48 8b 8d 18 01 00 00 e8
0x00007fffbb6b6937:   76 c4 ff ff 33 d2 33 c9 e8 cc e1 ff ff 90 48 89
0x00007fffbb6b6947:   54 24 10 55 48 83 ec 20 48 8b ea 48 b8 00 00 00
0x00007fffbb6b6957:   00 00 00 00 00 48 83 c4 20 5d c3 cc 40 55 48 8b
0x00007fffbb6b6967:   ea 48 8b 01 33 c9 81 38 05 00 00 c0 0f 94 c1 8b
0x00007fffbb6b6977:   c1 5d c3 cc 40 55 48 83 ec 20 48 8b ea 8a 4d 40
0x00007fffbb6b6987:   48 83 c4 20 5d e9 73 d3 ff ff cc 40 55 48 83 ec
0x00007fffbb6b6997:   20 48 8b ea 8a 4d 20 e8 61 d3 ff ff 90 48 83 c4
0x00007fffbb6b69a7:   20 5d c3 cc 40 55 48 83 ec 20 48 8b ea 48 83 c4
0x00007fffbb6b69b7:   20 5d e9 c2 d1 ff ff cc 40 55 48 83 ec 30 48 8b
0x00007fffbb6b69c7:   ea 48 8b 01 8b 10 48 89 4c 24 28 89 54 24 20 4c
0x00007fffbb6b69d7:   8d 0d 63 d6 ff ff 4c 8b 45 70 8b 55 68 48 8b 4d
0x00007fffbb6b69e7:   60 e8 03 d1 ff ff 90 48 83 c4 30 5d c3 cc cc cc
0x00007fffbb6b69f7:   cc cc cc cc cc cc cc cc cc 40 53 48 83 ec 20 48
0x00007fffbb6b6a07:   8b 1d fb 2f 01 00 48 85 db 74 16 e8 89 8f ff ff
0x00007fffbb6b6a17:   4c 8b 00 48 8b d3 48 8b c8 41 ff 90 b0 00 00 00
0x00007fffbb6b6a27:   90 48 83 c4 20 5b c3 cc cc 40 53 48 83 ec 20 48
0x00007fffbb6b6a37:   8b 1d 6b 31 01 00 48 85 db 74 57 b8 ff ff ff ff
0x00007fffbb6b6a47:   f0 0f c1 43 10 83 f8 01 75 3d 48 85 db 74 38 48
0x00007fffbb6b6a57:   8b 0b 48 85 c9 74 0d ff 15 44 08 00 00 48 c7 03
0x00007fffbb6b6a67:   00 00 00 00 48 8b 4b 08 48 85 c9 74 0d e8 33 ce
0x00007fffbb6b6a77:   ff ff 48 c7 43 08 00 00 00 00 ba 18 00 00 00 48
0x00007fffbb6b6a87:   8b cb e8 1e ce ff ff 48 c7 05 0f 31 01 00 00 00
0x00007fffbb6b6a97:   00 00 48 83 c4 20 5b c3 cc 40 53 48 83 ec 20 48
0x00007fffbb6b6aa7:   8b 1d db 30 01 00 48 85 db 74 57 b8 ff ff ff ff
0x00007fffbb6b6ab7:   f0 0f c1 43 10 83 f8 01 75 3d 48 85 db 74 38 48
0x00007fffbb6b6ac7:   8b 0b 48 85 c9 74 0d ff 15 d4 07 00 00 48 c7 03
0x00007fffbb6b6ad7:   00 00 00 00 48 8b 4b 08 48 85 c9 74 0d e8 c3 cd
0x00007fffbb6b6ae7:   ff ff 48 c7 43 08 00 00 00 00 ba 18 00 00 00 48
0x00007fffbb6b6af7:   8b cb e8 ae cd ff ff 48 c7 05 7f 30 01 00 00 00
0x00007fffbb6b6b07:   00 00 48 83 c4 20 5b c3 cc 40 53 48 83 ec 20 48 


Stack slot to memory mapping:

stack at sp + 0 slots: 0x0 is null
stack at sp + 1 slots: 0x0000024200000000 points into unknown readable memory: 0x0000000000000024 | 24 00 00 00 00 00 00 00
stack at sp + 2 slots: 0x000002427e95c020 points into unknown readable memory: 0x000002427e95be10 | 10 be 95 7e 42 02 00 00
stack at sp + 3 slots: 0x0000000000000001 is an unknown value
stack at sp + 4 slots: 0x000002427ee291c8 points into unknown readable memory: 0x0000d6166a6e256b | 6b 25 6e 6a 16 d6 00 00
stack at sp + 5 slots: 0x00007fffdfbebc75 ucrtbase.dll
stack at sp + 6 slots: 0x000002427ee291c0 points into unknown readable memory: 0x59f316166991d8b0 | b0 d8 91 69 16 16 f3 59
stack at sp + 7 slots: 0x0000024200000000 points into unknown readable memory: 0x0000000000000024 | 24 00 00 00 00 00 00 00

VM_Operation (0x000000b14fbff500): Exit, mode: safepoint, requested by thread 0x000002425c4d2580


---------------  P R O C E S S  ---------------

Threads class SMR info:
_java_thread_list=0x000002427fb70d20, length=24, elements={
0x000002427dff1740, 0x000002427dff2290, 0x000002427dff4f50, 0x000002427dff5d30,
0x000002427dff7220, 0x000002427dff81a0, 0x000002427e003450, 0x000002427e017520,
0x000002427e127570, 0x000002427e91d500, 0x000002427e8204f0, 0x000002427e9e7020,
0x000002427e899050, 0x000002427ee7a720, 0x000002427ee4ee80, 0x000002426d898fa0,
0x000002427f5b86e0, 0x000002427f5ba120, 0x000002427f5b9400, 0x000002427fb92930,
0x000002425be04930, 0x000002425be6a1e0, 0x000002425c4d2580, 0x000002427e9b98b0
}

Java Threads: ( => current thread )
  0x000002427dff1740 JavaThread "Reference Handler"          daemon [_thread_blocked, id=26176, stack(0x000000b14b600000,0x000000b14b700000) (1024K)]
  0x000002427dff2290 JavaThread "Finalizer"                  daemon [_thread_blocked, id=16924, stack(0x000000b14b700000,0x000000b14b800000) (1024K)]
  0x000002427dff4f50 JavaThread "Signal Dispatcher"          daemon [_thread_blocked, id=18032, stack(0x000000b14b800000,0x000000b14b900000) (1024K)]
  0x000002427dff5d30 JavaThread "Attach Listener"            daemon [_thread_blocked, id=8940, stack(0x000000b14b900000,0x000000b14ba00000) (1024K)]
  0x000002427dff7220 JavaThread "Service Thread"             daemon [_thread_blocked, id=19232, stack(0x000000b14ba00000,0x000000b14bb00000) (1024K)]
  0x000002427dff81a0 JavaThread "Monitor Deflation Thread"   daemon [_thread_blocked, id=14556, stack(0x000000b14bb00000,0x000000b14bc00000) (1024K)]
  0x000002427e003450 JavaThread "C2 CompilerThread0"         daemon [_thread_blocked, id=16136, stack(0x000000b14bc00000,0x000000b14bd00000) (1024K)]
  0x000002427e017520 JavaThread "C1 CompilerThread0"         daemon [_thread_blocked, id=22984, stack(0x000000b14bd00000,0x000000b14be00000) (1024K)]
  0x000002427e127570 JavaThread "Common-Cleaner"             daemon [_thread_blocked, id=22992, stack(0x000000b14be00000,0x000000b14bf00000) (1024K)]
  0x000002427e91d500 JavaThread "Monitor Ctrl-Break"         daemon [_thread_in_native, id=15544, stack(0x000000b14c100000,0x000000b14c200000) (1024K)]
  0x000002427e8204f0 JavaThread "Notification Thread"        daemon [_thread_blocked, id=19388, stack(0x000000b14c200000,0x000000b14c300000) (1024K)]
  0x000002427e9e7020 JavaThread "Media Resource Disposer"    daemon [_thread_blocked, id=18116, stack(0x000000b14c300000,0x000000b14c400000) (1024K)]
  0x000002427e899050 JavaThread "Java2D Disposer"            daemon [_thread_blocked, id=16008, stack(0x000000b14c400000,0x000000b14c500000) (1024K)]
  0x000002427ee7a720 JavaThread "InvokeLaterDispatcher"      daemon [_thread_blocked, id=17372, stack(0x000000b14c000000,0x000000b14c100000) (1024K)]
  0x000002427ee4ee80 JavaThread "JavaFX Application Thread"         [_thread_blocked, id=14548, stack(0x000000b14c500000,0x000000b14c600000) (1024K)]
  0x000002426d898fa0 JavaThread "DestroyJavaVM"                     [_thread_blocked, id=20652, stack(0x000000b14ae00000,0x000000b14af00000) (1024K)]
  0x000002427f5b86e0 JavaThread "Thread-1"                   daemon [_thread_in_native, id=22040, stack(0x000000b14dd00000,0x000000b14de00000) (1024K)]
  0x000002427f5ba120 JavaThread "Prism Font Disposer"        daemon [_thread_blocked, id=26524, stack(0x000000b14df00000,0x000000b14e000000) (1024K)]
  0x000002427f5b9400 JavaThread "JFXMedia Player EventQueueThread" daemon [_thread_blocked, id=26984, stack(0x000000b14e600000,0x000000b14e700000) (1024K)]
  0x000002427fb92930 JavaThread "Cleaner-0"                  daemon [_thread_blocked, id=9884, stack(0x000000b14ef00000,0x000000b14f000000) (1024K)]
  0x000002425be04930 JavaThread "Thread-12"                  daemon [_thread_blocked, id=26764, stack(0x000000b14f100000,0x000000b14f200000) (1024K)]
  0x000002425be6a1e0 JavaThread "JFXMedia Player EventQueueThread" daemon [_thread_blocked, id=22404, stack(0x000000b14f500000,0x000000b14f600000) (1024K)]
  0x000002425c4d2580 JavaThread "SIGINT handler"             daemon [_thread_blocked, id=18924, stack(0x000000b14fb00000,0x000000b14fc00000) (1024K)]
  0x000002427e9b98b0 JavaThread "AWT-Shutdown"                      [_thread_blocked, id=23080, stack(0x000000b150000000,0x000000b150100000) (1024K)]
Total: 24

Other Threads:
=>0x000002427dfd2f10 VMThread "VM Thread"                           [id=424, stack(0x000000b14b500000,0x000000b14b600000) (1024K)]
  0x000002426d8ffb50 WorkerThread "GC Thread#0"                     [id=2516, stack(0x000000b14af00000,0x000000b14b000000) (1024K)]
  0x000002427eee6010 WorkerThread "GC Thread#1"                     [id=15404, stack(0x000000b14c700000,0x000000b14c800000) (1024K)]
  0x000002427eee63b0 WorkerThread "GC Thread#2"                     [id=15764, stack(0x000000b14c800000,0x000000b14c900000) (1024K)]
  0x000002427eee6750 WorkerThread "GC Thread#3"                     [id=15760, stack(0x000000b14c900000,0x000000b14ca00000) (1024K)]
  0x000002427ef55200 WorkerThread "GC Thread#4"                     [id=27608, stack(0x000000b14ca00000,0x000000b14cb00000) (1024K)]
  0x000002427ef7d020 WorkerThread "GC Thread#5"                     [id=23752, stack(0x000000b14cb00000,0x000000b14cc00000) (1024K)]
  0x000002427efc4230 WorkerThread "GC Thread#6"                     [id=26408, stack(0x000000b14cc00000,0x000000b14cd00000) (1024K)]
  0x000002427efc45d0 WorkerThread "GC Thread#7"                     [id=20200, stack(0x000000b14cd00000,0x000000b14ce00000) (1024K)]
  0x000002427f167360 WorkerThread "GC Thread#8"                     [id=15184, stack(0x000000b14e200000,0x000000b14e300000) (1024K)]
  0x000002427f168580 WorkerThread "GC Thread#9"                     [id=26852, stack(0x000000b14e300000,0x000000b14e400000) (1024K)]
  0x000002426d9109c0 ConcurrentGCThread "G1 Main Marker"            terminated
  0x000002426d912ee0 WorkerThread "G1 Conc#0"                       [id=22360, stack(0x000000b14b100000,0x000000b14b200000) (1024K)]
  0x000002427f70c440 WorkerThread "G1 Conc#1"                       [id=12792, stack(0x000000b14f000000,0x000000b14f100000) (1024K)]
  0x000002427f70d660 WorkerThread "G1 Conc#2"                       [id=1936, stack(0x000000b14f200000,0x000000b14f300000) (1024K)]
  0x000002427de93600 ConcurrentGCThread "G1 Refine#0"               terminated
  0x000002427de93f20 ConcurrentGCThread "G1 Service"                terminated
Total: 17

Threads with active compile tasks:
Total: 0

VM state: at safepoint (shutting down)

VM Mutex/Monitor currently owned by a thread:  ([mutex/lock_event])
[0x00007fff3e06a7c8] Threads_lock - owner thread: 0x000002427dfd2f10
[0x00007fff3e06a8c8] Heap_lock - owner thread: 0x000002425c4d2580

Heap address: 0x0000000704800000, size: 4024 MB, Compressed Oops mode: Zero based, Oop shift amount: 3

CDS archive(s) mapped at: [0x000002420f000000-0x000002420fc80000-0x000002420fc80000), size 13107200, SharedBaseAddress: 0x000002420f000000, ArchiveRelocationMode: 1.
Compressed class space mapped at: 0x0000024210000000-0x0000024250000000, reserved size: 1073741824
Narrow klass base: 0x000002420f000000, Narrow klass shift: 0, Narrow klass range: 0x100000000

GC Precious Log:
 CardTable entry size: 512
 Card Set container configuration: InlinePtr #cards 4 size 8 Array Of Cards #cards 16 size 48 Howl #buckets 8 coarsen threshold 3686 Howl Bitmap #cards 512 size 80 coarsen threshold 460 Card regions per heap region 1 cards per card region 4096
 CPUs: 12 total, 12 available
 Memory: 16091M
 Large Page Support: Disabled
 NUMA Support: Disabled
 Compressed Oops: Enabled (Zero based)
 Heap Region Size: 2M
 Heap Min Capacity: 8M
 Heap Initial Capacity: 252M
 Heap Max Capacity: 4024M
 Pre-touch: Disabled
 Parallel Workers: 10
 Concurrent Workers: 3
 Concurrent Refinement Workers: 10
 Periodic GC: Disabled

Heap:
 garbage-first heap   total 378880K, used 264846K [0x0000000704800000, 0x0000000800000000)
  region size 2048K, 22 young (45056K), 1 survivors (2048K)
 Metaspace       used 17736K, committed 18048K, reserved 1114112K
  class space    used 2388K, committed 2496K, reserved 1048576K

Heap Regions: E=young(eden), S=young(survivor), O=old, HS=humongous(starts), HC=humongous(continues), CS=collection set, F=free, TAMS=top-at-mark-start, PB=parsable bottom
|   0|0x0000000704800000, 0x0000000704a00000, 0x0000000704a00000|100%|HS|  |TAMS 0x0000000704800000| PB 0x0000000704800000| Complete 
|   1|0x0000000704a00000, 0x0000000704c00000, 0x0000000704c00000|100%|HC|  |TAMS 0x0000000704a00000| PB 0x0000000704a00000| Complete 
|   2|0x0000000704c00000, 0x0000000704e00000, 0x0000000704e00000|100%|HS|  |TAMS 0x0000000704c00000| PB 0x0000000704c00000| Complete 
|   3|0x0000000704e00000, 0x0000000705000000, 0x0000000705000000|100%|HC|  |TAMS 0x0000000704e00000| PB 0x0000000704e00000| Complete 
|   4|0x0000000705000000, 0x0000000705200000, 0x0000000705200000|100%|HC|  |TAMS 0x0000000705000000| PB 0x0000000705000000| Complete 
|   5|0x0000000705200000, 0x0000000705400000, 0x0000000705400000|100%|HS|  |TAMS 0x0000000705200000| PB 0x0000000705200000| Complete 
|   6|0x0000000705400000, 0x0000000705600000, 0x0000000705600000|100%|HC|  |TAMS 0x0000000705400000| PB 0x0000000705400000| Complete 
|   7|0x0000000705600000, 0x0000000705800000, 0x0000000705800000|100%|HC|  |TAMS 0x0000000705600000| PB 0x0000000705600000| Complete 
|   8|0x0000000705800000, 0x0000000705a00000, 0x0000000705a00000|100%|HS|  |TAMS 0x0000000705800000| PB 0x0000000705800000| Complete 
|   9|0x0000000705a00000, 0x0000000705c00000, 0x0000000705c00000|100%|HC|  |TAMS 0x0000000705a00000| PB 0x0000000705a00000| Complete 
|  10|0x0000000705c00000, 0x0000000705e00000, 0x0000000705e00000|100%|HC|  |TAMS 0x0000000705c00000| PB 0x0000000705c00000| Complete 
|  11|0x0000000705e00000, 0x0000000706000000, 0x0000000706000000|100%| O|  |TAMS 0x0000000705e00000| PB 0x0000000705e00000| Untracked 
|  12|0x0000000706000000, 0x0000000706200000, 0x0000000706200000|100%| O|  |TAMS 0x0000000706000000| PB 0x0000000706000000| Untracked 
|  13|0x0000000706200000, 0x0000000706249bb0, 0x0000000706400000| 14%| O|  |TAMS 0x0000000706200000| PB 0x0000000706200000| Untracked 
|  14|0x0000000706400000, 0x0000000706600000, 0x0000000706600000|100%| O|  |TAMS 0x0000000706400000| PB 0x0000000706400000| Untracked 
|  15|0x0000000706600000, 0x0000000706800000, 0x0000000706800000|100%| O|  |TAMS 0x0000000706600000| PB 0x0000000706600000| Untracked 
|  16|0x0000000706800000, 0x0000000706a00000, 0x0000000706a00000|100%|HS|  |TAMS 0x0000000706800000| PB 0x0000000706800000| Complete 
|  17|0x0000000706a00000, 0x0000000706c00000, 0x0000000706c00000|100%|HS|  |TAMS 0x0000000706a00000| PB 0x0000000706a00000| Complete 
|  18|0x0000000706c00000, 0x0000000706e00000, 0x0000000706e00000|100%|HS|  |TAMS 0x0000000706c00000| PB 0x0000000706c00000| Complete 
|  19|0x0000000706e00000, 0x0000000707000000, 0x0000000707000000|100%|HS|  |TAMS 0x0000000706e00000| PB 0x0000000706e00000| Complete 
|  20|0x0000000707000000, 0x0000000707200000, 0x0000000707200000|100%|HS|  |TAMS 0x0000000707000000| PB 0x0000000707000000| Complete 
|  21|0x0000000707200000, 0x0000000707400000, 0x0000000707400000|100%|HS|  |TAMS 0x0000000707200000| PB 0x0000000707200000| Complete 
|  22|0x0000000707400000, 0x0000000707600000, 0x0000000707600000|100%|HS|  |TAMS 0x0000000707400000| PB 0x0000000707400000| Complete 
|  23|0x0000000707600000, 0x0000000707800000, 0x0000000707800000|100%|HS|  |TAMS 0x0000000707600000| PB 0x0000000707600000| Complete 
|  24|0x0000000707800000, 0x0000000707a00000, 0x0000000707a00000|100%|HS|  |TAMS 0x0000000707800000| PB 0x0000000707800000| Complete 
|  25|0x0000000707a00000, 0x0000000707c00000, 0x0000000707c00000|100%|HS|  |TAMS 0x0000000707a00000| PB 0x0000000707a00000| Complete 
|  26|0x0000000707c00000, 0x0000000707e00000, 0x0000000707e00000|100%|HS|  |TAMS 0x0000000707c00000| PB 0x0000000707c00000| Complete 
|  27|0x0000000707e00000, 0x0000000708000000, 0x0000000708000000|100%|HS|  |TAMS 0x0000000707e00000| PB 0x0000000707e00000| Complete 
|  28|0x0000000708000000, 0x0000000708200000, 0x0000000708200000|100%|HS|  |TAMS 0x0000000708000000| PB 0x0000000708000000| Complete 
|  29|0x0000000708200000, 0x0000000708400000, 0x0000000708400000|100%|HS|  |TAMS 0x0000000708200000| PB 0x0000000708200000| Complete 
|  30|0x0000000708400000, 0x0000000708600000, 0x0000000708600000|100%|HS|  |TAMS 0x0000000708400000| PB 0x0000000708400000| Complete 
|  31|0x0000000708600000, 0x0000000708800000, 0x0000000708800000|100%|HS|  |TAMS 0x0000000708600000| PB 0x0000000708600000| Complete 
|  32|0x0000000708800000, 0x0000000708a00000, 0x0000000708a00000|100%|HS|  |TAMS 0x0000000708800000| PB 0x0000000708800000| Complete 
|  33|0x0000000708a00000, 0x0000000708c00000, 0x0000000708c00000|100%|HS|  |TAMS 0x0000000708a00000| PB 0x0000000708a00000| Complete 
|  34|0x0000000708c00000, 0x0000000708e00000, 0x0000000708e00000|100%|HS|  |TAMS 0x0000000708c00000| PB 0x0000000708c00000| Complete 
|  35|0x0000000708e00000, 0x0000000709000000, 0x0000000709000000|100%|HS|  |TAMS 0x0000000708e00000| PB 0x0000000708e00000| Complete 
|  36|0x0000000709000000, 0x0000000709200000, 0x0000000709200000|100%|HS|  |TAMS 0x0000000709000000| PB 0x0000000709000000| Complete 
|  37|0x0000000709200000, 0x0000000709400000, 0x0000000709400000|100%|HS|  |TAMS 0x0000000709200000| PB 0x0000000709200000| Complete 
|  38|0x0000000709400000, 0x0000000709600000, 0x0000000709600000|100%|HS|  |TAMS 0x0000000709400000| PB 0x0000000709400000| Complete 
|  39|0x0000000709600000, 0x0000000709800000, 0x0000000709800000|100%|HS|  |TAMS 0x0000000709600000| PB 0x0000000709600000| Complete 
|  40|0x0000000709800000, 0x0000000709a00000, 0x0000000709a00000|100%|HS|  |TAMS 0x0000000709800000| PB 0x0000000709800000| Complete 
|  41|0x0000000709a00000, 0x0000000709c00000, 0x0000000709c00000|100%|HS|  |TAMS 0x0000000709a00000| PB 0x0000000709a00000| Complete 
|  42|0x0000000709c00000, 0x0000000709e00000, 0x0000000709e00000|100%|HS|  |TAMS 0x0000000709c00000| PB 0x0000000709c00000| Complete 
|  43|0x0000000709e00000, 0x000000070a000000, 0x000000070a000000|100%|HS|  |TAMS 0x0000000709e00000| PB 0x0000000709e00000| Complete 
|  44|0x000000070a000000, 0x000000070a200000, 0x000000070a200000|100%|HS|  |TAMS 0x000000070a000000| PB 0x000000070a000000| Complete 
|  45|0x000000070a200000, 0x000000070a400000, 0x000000070a400000|100%|HS|  |TAMS 0x000000070a200000| PB 0x000000070a200000| Complete 
|  46|0x000000070a400000, 0x000000070a600000, 0x000000070a600000|100%|HS|  |TAMS 0x000000070a400000| PB 0x000000070a400000| Complete 
|  47|0x000000070a600000, 0x000000070a800000, 0x000000070a800000|100%|HS|  |TAMS 0x000000070a600000| PB 0x000000070a600000| Complete 
|  48|0x000000070a800000, 0x000000070aa00000, 0x000000070aa00000|100%|HS|  |TAMS 0x000000070a800000| PB 0x000000070a800000| Complete 
|  49|0x000000070aa00000, 0x000000070ac00000, 0x000000070ac00000|100%|HS|  |TAMS 0x000000070aa00000| PB 0x000000070aa00000| Complete 
|  50|0x000000070ac00000, 0x000000070ae00000, 0x000000070ae00000|100%|HS|  |TAMS 0x000000070ac00000| PB 0x000000070ac00000| Complete 
|  51|0x000000070ae00000, 0x000000070b000000, 0x000000070b000000|100%|HS|  |TAMS 0x000000070ae00000| PB 0x000000070ae00000| Complete 
|  52|0x000000070b000000, 0x000000070b200000, 0x000000070b200000|100%|HS|  |TAMS 0x000000070b000000| PB 0x000000070b000000| Complete 
|  53|0x000000070b200000, 0x000000070b400000, 0x000000070b400000|100%|HS|  |TAMS 0x000000070b200000| PB 0x000000070b200000| Complete 
|  54|0x000000070b400000, 0x000000070b600000, 0x000000070b600000|100%|HS|  |TAMS 0x000000070b400000| PB 0x000000070b400000| Complete 
|  55|0x000000070b600000, 0x000000070b800000, 0x000000070b800000|100%|HS|  |TAMS 0x000000070b600000| PB 0x000000070b600000| Complete 
|  56|0x000000070b800000, 0x000000070ba00000, 0x000000070ba00000|100%|HS|  |TAMS 0x000000070b800000| PB 0x000000070b800000| Complete 
|  57|0x000000070ba00000, 0x000000070bc00000, 0x000000070bc00000|100%|HS|  |TAMS 0x000000070ba00000| PB 0x000000070ba00000| Complete 
|  58|0x000000070bc00000, 0x000000070be00000, 0x000000070be00000|100%|HS|  |TAMS 0x000000070bc00000| PB 0x000000070bc00000| Complete 
|  59|0x000000070be00000, 0x000000070c000000, 0x000000070c000000|100%|HS|  |TAMS 0x000000070be00000| PB 0x000000070be00000| Complete 
|  60|0x000000070c000000, 0x000000070c200000, 0x000000070c200000|100%|HS|  |TAMS 0x000000070c000000| PB 0x000000070c000000| Complete 
|  61|0x000000070c200000, 0x000000070c400000, 0x000000070c400000|100%| O|  |TAMS 0x000000070c200000| PB 0x000000070c200000| Untracked 
|  62|0x000000070c400000, 0x000000070c600000, 0x000000070c600000|100%| O|  |TAMS 0x000000070c400000| PB 0x000000070c400000| Untracked 
|  63|0x000000070c600000, 0x000000070c800000, 0x000000070c800000|100%| O|  |TAMS 0x000000070c600000| PB 0x000000070c600000| Untracked 
|  64|0x000000070c800000, 0x000000070ca00000, 0x000000070ca00000|100%| O|  |TAMS 0x000000070c800000| PB 0x000000070c800000| Untracked 
|  65|0x000000070ca00000, 0x000000070cc00000, 0x000000070cc00000|100%| O|  |TAMS 0x000000070ca00000| PB 0x000000070ca00000| Untracked 
|  66|0x000000070cc00000, 0x000000070ce00000, 0x000000070ce00000|100%| O|  |TAMS 0x000000070cc00000| PB 0x000000070cc00000| Untracked 
|  67|0x000000070ce00000, 0x000000070d000000, 0x000000070d000000|100%| O|  |TAMS 0x000000070ce00000| PB 0x000000070ce00000| Untracked 
|  68|0x000000070d000000, 0x000000070d200000, 0x000000070d200000|100%| O|  |TAMS 0x000000070d000000| PB 0x000000070d000000| Untracked 
|  69|0x000000070d200000, 0x000000070d400000, 0x000000070d400000|100%|HS|  |TAMS 0x000000070d200000| PB 0x000000070d200000| Complete 
|  70|0x000000070d400000, 0x000000070d600000, 0x000000070d600000|100%|HS|  |TAMS 0x000000070d400000| PB 0x000000070d400000| Complete 
|  71|0x000000070d600000, 0x000000070d800000, 0x000000070d800000|100%|HS|  |TAMS 0x000000070d600000| PB 0x000000070d600000| Complete 
|  72|0x000000070d800000, 0x000000070da00000, 0x000000070da00000|100%|HS|  |TAMS 0x000000070d800000| PB 0x000000070d800000| Complete 
|  73|0x000000070da00000, 0x000000070dc00000, 0x000000070dc00000|100%|HS|  |TAMS 0x000000070da00000| PB 0x000000070da00000| Complete 
|  74|0x000000070dc00000, 0x000000070de00000, 0x000000070de00000|100%|HS|  |TAMS 0x000000070dc00000| PB 0x000000070dc00000| Complete 
|  75|0x000000070de00000, 0x000000070e000000, 0x000000070e000000|100%|HS|  |TAMS 0x000000070de00000| PB 0x000000070de00000| Complete 
|  76|0x000000070e000000, 0x000000070e200000, 0x000000070e200000|100%|HS|  |TAMS 0x000000070e000000| PB 0x000000070e000000| Complete 
|  77|0x000000070e200000, 0x000000070e400000, 0x000000070e400000|100%|HS|  |TAMS 0x000000070e200000| PB 0x000000070e200000| Complete 
|  78|0x000000070e400000, 0x000000070e600000, 0x000000070e600000|100%|HS|  |TAMS 0x000000070e400000| PB 0x000000070e400000| Complete 
|  79|0x000000070e600000, 0x000000070e800000, 0x000000070e800000|100%|HS|  |TAMS 0x000000070e600000| PB 0x000000070e600000| Complete 
|  80|0x000000070e800000, 0x000000070ea00000, 0x000000070ea00000|100%|HS|  |TAMS 0x000000070e800000| PB 0x000000070e800000| Complete 
|  81|0x000000070ea00000, 0x000000070ec00000, 0x000000070ec00000|100%|HS|  |TAMS 0x000000070ea00000| PB 0x000000070ea00000| Complete 
|  82|0x000000070ec00000, 0x000000070ee00000, 0x000000070ee00000|100%|HS|  |TAMS 0x000000070ec00000| PB 0x000000070ec00000| Complete 
|  83|0x000000070ee00000, 0x000000070f000000, 0x000000070f000000|100%|HS|  |TAMS 0x000000070ee00000| PB 0x000000070ee00000| Complete 
|  84|0x000000070f000000, 0x000000070f200000, 0x000000070f200000|100%|HS|  |TAMS 0x000000070f000000| PB 0x000000070f000000| Complete 
|  85|0x000000070f200000, 0x000000070f400000, 0x000000070f400000|100%|HS|  |TAMS 0x000000070f200000| PB 0x000000070f200000| Complete 
|  86|0x000000070f400000, 0x000000070f600000, 0x000000070f600000|100%|HS|  |TAMS 0x000000070f400000| PB 0x000000070f400000| Complete 
|  87|0x000000070f600000, 0x000000070f800000, 0x000000070f800000|100%|HS|  |TAMS 0x000000070f600000| PB 0x000000070f600000| Complete 
|  88|0x000000070f800000, 0x000000070fa00000, 0x000000070fa00000|100%|HS|  |TAMS 0x000000070f800000| PB 0x000000070f800000| Complete 
|  89|0x000000070fa00000, 0x000000070fc00000, 0x000000070fc00000|100%|HS|  |TAMS 0x000000070fa00000| PB 0x000000070fa00000| Complete 
|  90|0x000000070fc00000, 0x000000070fe00000, 0x000000070fe00000|100%|HS|  |TAMS 0x000000070fc00000| PB 0x000000070fc00000| Complete 
|  91|0x000000070fe00000, 0x0000000710000000, 0x0000000710000000|100%|HS|  |TAMS 0x000000070fe00000| PB 0x000000070fe00000| Complete 
|  92|0x0000000710000000, 0x0000000710200000, 0x0000000710200000|100%|HS|  |TAMS 0x0000000710000000| PB 0x0000000710000000| Complete 
|  93|0x0000000710200000, 0x0000000710400000, 0x0000000710400000|100%|HS|  |TAMS 0x0000000710200000| PB 0x0000000710200000| Complete 
|  94|0x0000000710400000, 0x0000000710600000, 0x0000000710600000|100%|HS|  |TAMS 0x0000000710400000| PB 0x0000000710400000| Complete 
|  95|0x0000000710600000, 0x0000000710800000, 0x0000000710800000|100%|HS|  |TAMS 0x0000000710600000| PB 0x0000000710600000| Complete 
|  96|0x0000000710800000, 0x0000000710a00000, 0x0000000710a00000|100%|HS|  |TAMS 0x0000000710800000| PB 0x0000000710800000| Complete 
|  97|0x0000000710a00000, 0x0000000710c00000, 0x0000000710c00000|100%|HS|  |TAMS 0x0000000710a00000| PB 0x0000000710a00000| Complete 
|  98|0x0000000710c00000, 0x0000000710e00000, 0x0000000710e00000|100%|HS|  |TAMS 0x0000000710c00000| PB 0x0000000710c00000| Complete 
|  99|0x0000000710e00000, 0x0000000711000000, 0x0000000711000000|100%|HS|  |TAMS 0x0000000710e00000| PB 0x0000000710e00000| Complete 
| 100|0x0000000711000000, 0x0000000711200000, 0x0000000711200000|100%|HS|  |TAMS 0x0000000711000000| PB 0x0000000711000000| Complete 
| 101|0x0000000711200000, 0x0000000711400000, 0x0000000711400000|100%|HS|  |TAMS 0x0000000711200000| PB 0x0000000711200000| Complete 
| 102|0x0000000711400000, 0x0000000711600000, 0x0000000711600000|100%|HS|  |TAMS 0x0000000711400000| PB 0x0000000711400000| Complete 
| 103|0x0000000711600000, 0x0000000711800000, 0x0000000711800000|100%|HS|  |TAMS 0x0000000711600000| PB 0x0000000711600000| Complete 
| 104|0x0000000711800000, 0x0000000711a00000, 0x0000000711a00000|100%|HS|  |TAMS 0x0000000711800000| PB 0x0000000711800000| Complete 
| 105|0x0000000711a00000, 0x0000000711c00000, 0x0000000711c00000|100%|HS|  |TAMS 0x0000000711a00000| PB 0x0000000711a00000| Complete 
| 106|0x0000000711c00000, 0x0000000711e00000, 0x0000000711e00000|100%|HS|  |TAMS 0x0000000711c00000| PB 0x0000000711c00000| Complete 
| 107|0x0000000711e00000, 0x0000000712000000, 0x0000000712000000|100%| O|  |TAMS 0x0000000711e00000| PB 0x0000000711e00000| Untracked 
| 108|0x0000000712000000, 0x0000000712200000, 0x0000000712200000|100%| O|  |TAMS 0x0000000712000000| PB 0x0000000712000000| Untracked 
| 109|0x0000000712200000, 0x0000000712400000, 0x0000000712400000|100%| O|  |TAMS 0x0000000712200000| PB 0x0000000712200000| Untracked 
| 110|0x0000000712400000, 0x0000000712400000, 0x0000000712600000|  0%| F|  |TAMS 0x0000000712400000| PB 0x0000000712400000| Untracked 
| 111|0x0000000712600000, 0x0000000712600000, 0x0000000712800000|  0%| F|  |TAMS 0x0000000712600000| PB 0x0000000712600000| Untracked 
| 112|0x0000000712800000, 0x0000000712800000, 0x0000000712a00000|  0%| F|  |TAMS 0x0000000712800000| PB 0x0000000712800000| Untracked 
| 113|0x0000000712a00000, 0x0000000712a00000, 0x0000000712c00000|  0%| F|  |TAMS 0x0000000712a00000| PB 0x0000000712a00000| Untracked 
| 114|0x0000000712c00000, 0x0000000712c00000, 0x0000000712e00000|  0%| F|  |TAMS 0x0000000712c00000| PB 0x0000000712c00000| Untracked 
| 115|0x0000000712e00000, 0x0000000712e00000, 0x0000000713000000|  0%| F|  |TAMS 0x0000000712e00000| PB 0x0000000712e00000| Untracked 
| 116|0x0000000713000000, 0x0000000713000000, 0x0000000713200000|  0%| F|  |TAMS 0x0000000713000000| PB 0x0000000713000000| Untracked 
| 117|0x0000000713200000, 0x0000000713200000, 0x0000000713400000|  0%| F|  |TAMS 0x0000000713200000| PB 0x0000000713200000| Untracked 
| 118|0x0000000713400000, 0x0000000713400000, 0x0000000713600000|  0%| F|  |TAMS 0x0000000713400000| PB 0x0000000713400000| Untracked 
| 119|0x0000000713600000, 0x0000000713600000, 0x0000000713800000|  0%| F|  |TAMS 0x0000000713600000| PB 0x0000000713600000| Untracked 
| 120|0x0000000713800000, 0x0000000713800000, 0x0000000713a00000|  0%| F|  |TAMS 0x0000000713800000| PB 0x0000000713800000| Untracked 
| 121|0x0000000713a00000, 0x0000000713a59ff0, 0x0000000713c00000| 17%| S|CS|TAMS 0x0000000713a00000| PB 0x0000000713a00000| Complete 
| 122|0x0000000713c00000, 0x0000000713c00000, 0x0000000713e00000|  0%| F|  |TAMS 0x0000000713c00000| PB 0x0000000713c00000| Untracked 
| 123|0x0000000713e00000, 0x0000000713e00000, 0x0000000714000000|  0%| F|  |TAMS 0x0000000713e00000| PB 0x0000000713e00000| Untracked 
| 124|0x0000000714000000, 0x0000000714000000, 0x0000000714200000|  0%| F|  |TAMS 0x0000000714000000| PB 0x0000000714000000| Untracked 
| 125|0x0000000714200000, 0x0000000714200000, 0x0000000714400000|  0%| F|  |TAMS 0x0000000714200000| PB 0x0000000714200000| Untracked 
| 126|0x0000000714400000, 0x0000000714400000, 0x0000000714600000|  0%| F|  |TAMS 0x0000000714400000| PB 0x0000000714400000| Untracked 
| 127|0x0000000714600000, 0x0000000714600000, 0x0000000714800000|  0%| F|  |TAMS 0x0000000714600000| PB 0x0000000714600000| Untracked 
| 128|0x0000000714800000, 0x0000000714800000, 0x0000000714a00000|  0%| F|  |TAMS 0x0000000714800000| PB 0x0000000714800000| Untracked 
| 129|0x0000000714a00000, 0x0000000714a00000, 0x0000000714c00000|  0%| F|  |TAMS 0x0000000714a00000| PB 0x0000000714a00000| Untracked 
| 130|0x0000000714c00000, 0x0000000714c00000, 0x0000000714e00000|  0%| F|  |TAMS 0x0000000714c00000| PB 0x0000000714c00000| Untracked 
| 131|0x0000000714e00000, 0x0000000714e00000, 0x0000000715000000|  0%| F|  |TAMS 0x0000000714e00000| PB 0x0000000714e00000| Untracked 
| 132|0x0000000715000000, 0x0000000715000000, 0x0000000715200000|  0%| F|  |TAMS 0x0000000715000000| PB 0x0000000715000000| Untracked 
| 133|0x0000000715200000, 0x0000000715200000, 0x0000000715400000|  0%| F|  |TAMS 0x0000000715200000| PB 0x0000000715200000| Untracked 
| 134|0x0000000715400000, 0x0000000715400000, 0x0000000715600000|  0%| F|  |TAMS 0x0000000715400000| PB 0x0000000715400000| Untracked 
| 135|0x0000000715600000, 0x0000000715600000, 0x0000000715800000|  0%| F|  |TAMS 0x0000000715600000| PB 0x0000000715600000| Untracked 
| 136|0x0000000715800000, 0x0000000715800000, 0x0000000715a00000|  0%| F|  |TAMS 0x0000000715800000| PB 0x0000000715800000| Untracked 
| 137|0x0000000715a00000, 0x0000000715a00000, 0x0000000715c00000|  0%| F|  |TAMS 0x0000000715a00000| PB 0x0000000715a00000| Untracked 
| 138|0x0000000715c00000, 0x0000000715c00000, 0x0000000715e00000|  0%| F|  |TAMS 0x0000000715c00000| PB 0x0000000715c00000| Untracked 
| 139|0x0000000715e00000, 0x0000000715e00000, 0x0000000716000000|  0%| F|  |TAMS 0x0000000715e00000| PB 0x0000000715e00000| Untracked 
| 140|0x0000000716000000, 0x0000000716000000, 0x0000000716200000|  0%| F|  |TAMS 0x0000000716000000| PB 0x0000000716000000| Untracked 
| 141|0x0000000716200000, 0x0000000716200000, 0x0000000716400000|  0%| F|  |TAMS 0x0000000716200000| PB 0x0000000716200000| Untracked 
| 142|0x0000000716400000, 0x0000000716400000, 0x0000000716600000|  0%| F|  |TAMS 0x0000000716400000| PB 0x0000000716400000| Untracked 
| 143|0x0000000716600000, 0x0000000716600000, 0x0000000716800000|  0%| F|  |TAMS 0x0000000716600000| PB 0x0000000716600000| Untracked 
| 144|0x0000000716800000, 0x0000000716800000, 0x0000000716a00000|  0%| F|  |TAMS 0x0000000716800000| PB 0x0000000716800000| Untracked 
| 145|0x0000000716a00000, 0x0000000716a00000, 0x0000000716c00000|  0%| F|  |TAMS 0x0000000716a00000| PB 0x0000000716a00000| Untracked 
| 146|0x0000000716c00000, 0x0000000716c00000, 0x0000000716e00000|  0%| F|  |TAMS 0x0000000716c00000| PB 0x0000000716c00000| Untracked 
| 147|0x0000000716e00000, 0x0000000716e00000, 0x0000000717000000|  0%| F|  |TAMS 0x0000000716e00000| PB 0x0000000716e00000| Untracked 
| 148|0x0000000717000000, 0x0000000717000000, 0x0000000717200000|  0%| F|  |TAMS 0x0000000717000000| PB 0x0000000717000000| Untracked 
| 149|0x0000000717200000, 0x0000000717200000, 0x0000000717400000|  0%| F|  |TAMS 0x0000000717200000| PB 0x0000000717200000| Untracked 
| 150|0x0000000717400000, 0x0000000717400000, 0x0000000717600000|  0%| F|  |TAMS 0x0000000717400000| PB 0x0000000717400000| Untracked 
| 151|0x0000000717600000, 0x0000000717600000, 0x0000000717800000|  0%| F|  |TAMS 0x0000000717600000| PB 0x0000000717600000| Untracked 
| 152|0x0000000717800000, 0x0000000717800000, 0x0000000717a00000|  0%| F|  |TAMS 0x0000000717800000| PB 0x0000000717800000| Untracked 
| 153|0x0000000717a00000, 0x0000000717a00000, 0x0000000717c00000|  0%| F|  |TAMS 0x0000000717a00000| PB 0x0000000717a00000| Untracked 
| 154|0x0000000717c00000, 0x0000000717c00000, 0x0000000717e00000|  0%| F|  |TAMS 0x0000000717c00000| PB 0x0000000717c00000| Untracked 
| 155|0x0000000717e00000, 0x0000000717e00000, 0x0000000718000000|  0%| F|  |TAMS 0x0000000717e00000| PB 0x0000000717e00000| Untracked 
| 156|0x0000000718000000, 0x0000000718000000, 0x0000000718200000|  0%| F|  |TAMS 0x0000000718000000| PB 0x0000000718000000| Untracked 
| 157|0x0000000718200000, 0x0000000718200000, 0x0000000718400000|  0%| F|  |TAMS 0x0000000718200000| PB 0x0000000718200000| Untracked 
| 158|0x0000000718400000, 0x0000000718400000, 0x0000000718600000|  0%| F|  |TAMS 0x0000000718400000| PB 0x0000000718400000| Untracked 
| 159|0x0000000718600000, 0x0000000718600000, 0x0000000718800000|  0%| F|  |TAMS 0x0000000718600000| PB 0x0000000718600000| Untracked 
| 160|0x0000000718800000, 0x0000000718800000, 0x0000000718a00000|  0%| F|  |TAMS 0x0000000718800000| PB 0x0000000718800000| Untracked 
| 161|0x0000000718a00000, 0x0000000718a00000, 0x0000000718c00000|  0%| F|  |TAMS 0x0000000718a00000| PB 0x0000000718a00000| Untracked 
| 162|0x0000000718c00000, 0x0000000718c00000, 0x0000000718e00000|  0%| F|  |TAMS 0x0000000718c00000| PB 0x0000000718c00000| Untracked 
| 163|0x0000000718e00000, 0x0000000718e00000, 0x0000000719000000|  0%| F|  |TAMS 0x0000000718e00000| PB 0x0000000718e00000| Untracked 
| 164|0x0000000719000000, 0x0000000719200000, 0x0000000719200000|100%| E|  |TAMS 0x0000000719000000| PB 0x0000000719000000| Complete 
| 165|0x0000000719200000, 0x0000000719400000, 0x0000000719400000|100%| E|CS|TAMS 0x0000000719200000| PB 0x0000000719200000| Complete 
| 166|0x0000000719400000, 0x0000000719600000, 0x0000000719600000|100%| E|CS|TAMS 0x0000000719400000| PB 0x0000000719400000| Complete 
| 167|0x0000000719600000, 0x0000000719800000, 0x0000000719800000|100%| E|CS|TAMS 0x0000000719600000| PB 0x0000000719600000| Complete 
| 168|0x0000000719800000, 0x0000000719a00000, 0x0000000719a00000|100%| E|CS|TAMS 0x0000000719800000| PB 0x0000000719800000| Complete 
| 169|0x0000000719a00000, 0x0000000719c00000, 0x0000000719c00000|100%| E|CS|TAMS 0x0000000719a00000| PB 0x0000000719a00000| Complete 
| 170|0x0000000719c00000, 0x0000000719e00000, 0x0000000719e00000|100%| E|CS|TAMS 0x0000000719c00000| PB 0x0000000719c00000| Complete 
| 171|0x0000000719e00000, 0x000000071a000000, 0x000000071a000000|100%| E|CS|TAMS 0x0000000719e00000| PB 0x0000000719e00000| Complete 
| 172|0x000000071a000000, 0x000000071a200000, 0x000000071a200000|100%| E|CS|TAMS 0x000000071a000000| PB 0x000000071a000000| Complete 
| 173|0x000000071a200000, 0x000000071a400000, 0x000000071a400000|100%| E|CS|TAMS 0x000000071a200000| PB 0x000000071a200000| Complete 
| 174|0x000000071a400000, 0x000000071a600000, 0x000000071a600000|100%| E|CS|TAMS 0x000000071a400000| PB 0x000000071a400000| Complete 
| 175|0x000000071a600000, 0x000000071a800000, 0x000000071a800000|100%| E|CS|TAMS 0x000000071a600000| PB 0x000000071a600000| Complete 
| 176|0x000000071a800000, 0x000000071aa00000, 0x000000071aa00000|100%| E|CS|TAMS 0x000000071a800000| PB 0x000000071a800000| Complete 
| 177|0x000000071aa00000, 0x000000071ac00000, 0x000000071ac00000|100%| E|CS|TAMS 0x000000071aa00000| PB 0x000000071aa00000| Complete 
| 178|0x000000071ac00000, 0x000000071ae00000, 0x000000071ae00000|100%| E|CS|TAMS 0x000000071ac00000| PB 0x000000071ac00000| Complete 
| 179|0x000000071ae00000, 0x000000071b000000, 0x000000071b000000|100%| E|CS|TAMS 0x000000071ae00000| PB 0x000000071ae00000| Complete 
| 180|0x000000071b000000, 0x000000071b200000, 0x000000071b200000|100%| E|CS|TAMS 0x000000071b000000| PB 0x000000071b000000| Complete 
| 181|0x000000071b200000, 0x000000071b400000, 0x000000071b400000|100%| E|CS|TAMS 0x000000071b200000| PB 0x000000071b200000| Complete 
| 182|0x000000071b400000, 0x000000071b600000, 0x000000071b600000|100%| E|CS|TAMS 0x000000071b400000| PB 0x000000071b400000| Complete 
| 183|0x000000071b600000, 0x000000071b800000, 0x000000071b800000|100%| E|CS|TAMS 0x000000071b600000| PB 0x000000071b600000| Complete 
| 184|0x000000071b800000, 0x000000071ba00000, 0x000000071ba00000|100%| E|CS|TAMS 0x000000071b800000| PB 0x000000071b800000| Complete 

Card table byte_map: [0x0000024276cd0000,0x00000242774b0000] _byte_map_base: 0x00000242734ac000

Marking Bits: (CMBitMap*) 0x000002426d900250
 Bits: [0x00000242774b0000, 0x000002427b390000)

Polling page: 0x000002426b890000

Metaspace:

Usage:
  Non-class:     14.99 MB used.
      Class:      2.33 MB used.
       Both:     17.32 MB used.

Virtual space:
  Non-class space:       64.00 MB reserved,      15.19 MB ( 24%) committed,  1 nodes.
      Class space:        1.00 GB reserved,       2.44 MB ( <1%) committed,  1 nodes.
             Both:        1.06 GB reserved,      17.62 MB (  2%) committed. 

Chunk freelists:
   Non-Class:  880.00 KB
       Class:  13.45 MB
        Both:  14.31 MB

MaxMetaspaceSize: unlimited
CompressedClassSpaceSize: 1.00 GB
Initial GC threshold: 21.00 MB
Current GC threshold: 28.75 MB
CDS: on
 - commit_granule_bytes: 65536.
 - commit_granule_words: 8192.
 - virtual_space_node_default_size: 8388608.
 - enlarge_chunks_in_place: 1.
 - use_allocation_guard: 0.


Internal statistics:

num_allocs_failed_limit: 0.
num_arena_births: 256.
num_arena_deaths: 0.
num_vsnodes_births: 2.
num_vsnodes_deaths: 0.
num_space_committed: 282.
num_space_uncommitted: 0.
num_chunks_returned_to_freelist: 0.
num_chunks_taken_from_freelist: 816.
num_chunk_merges: 0.
num_chunk_splits: 553.
num_chunks_enlarged: 417.
num_inconsistent_stats: 0.

CodeHeap 'non-profiled nmethods': size=120000Kb used=1860Kb max_used=1860Kb free=118139Kb
 bounds [0x0000024207ad0000, 0x0000024207d40000, 0x000002420f000000]
CodeHeap 'profiled nmethods': size=120000Kb used=6209Kb max_used=6977Kb free=113790Kb
 bounds [0x0000024200000000, 0x00000242006e0000, 0x0000024207530000]
CodeHeap 'non-nmethods': size=5760Kb used=1876Kb max_used=1906Kb free=3883Kb
 bounds [0x0000024207530000, 0x00000242077a0000, 0x0000024207ad0000]
CodeCache: size=245760Kb, used=9945Kb, max_used=10743Kb, free=235812Kb
 total_blobs=4383, nmethods=3508, adapters=779, full_count=0
Compilation: enabled, stopped_count=0, restarted_count=0

Compilation events (20 events):
Event: 24.919 Thread 0x000002427e017520 nmethod 3997 0x000002420040ac90 code [0x000002420040ae60, 0x000002420040b3d0]
Event: 24.919 Thread 0x000002427e017520 3996       3       com.sun.javafx.geom.transform.AffineBase::updateState2D (210 bytes)
Event: 24.919 Thread 0x000002427e017520 nmethod 3996 0x00000242001e3410 code [0x00000242001e3620, 0x00000242001e3d80]
Event: 24.958 Thread 0x000002427e003450 nmethod 3986 0x0000024207c98590 code [0x0000024207c98b20, 0x0000024207c9c6c0]
Event: 24.958 Thread 0x000002427e003450 3987       4       javafx.scene.CssStyleHelper::getStyle (162 bytes)
Event: 24.964 Thread 0x000002427e003450 nmethod 3987 0x0000024207c9e190 code [0x0000024207c9e460, 0x0000024207c9efd8]
Event: 24.964 Thread 0x000002427e003450 3994       4       com.sun.javafx.geom.transform.BaseTransform::almostZero (22 bytes)
Event: 24.964 Thread 0x000002427e003450 nmethod 3994 0x0000024207c9f990 code [0x0000024207c9fb40, 0x0000024207c9fc28]
Event: 25.131 Thread 0x000002427e017520 3998       1       com.sun.javafx.scene.NodeEventDispatcher::getFirstDispatcher (5 bytes)
Event: 25.131 Thread 0x000002427e017520 nmethod 3998 0x0000024207c9fd10 code [0x0000024207c9fea0, 0x0000024207c9ff70]
Event: 25.131 Thread 0x000002427e017520 3999       1       com.sun.javafx.scene.NodeEventDispatcher::getLastDispatcher (5 bytes)
Event: 25.131 Thread 0x000002427e017520 nmethod 3999 0x0000024207ca0010 code [0x0000024207ca01a0, 0x0000024207ca0270]
Event: 25.184 Thread 0x000002427e003450 4000       4       java.util.concurrent.ConcurrentHashMap$BaseIterator::hasNext (13 bytes)
Event: 25.184 Thread 0x000002427e003450 nmethod 4000 0x0000024207ca0310 code [0x0000024207ca04a0, 0x0000024207ca0530]
Event: 25.190 Thread 0x000002427e017520 4001       3       javafx.scene.Node$15::invalidated (46 bytes)
Event: 25.191 Thread 0x000002427e017520 nmethod 4001 0x0000024200369b90 code [0x0000024200369e20, 0x000002420036aa08]
Event: 25.191 Thread 0x000002427e017520 4002       1       com.sun.javafx.event.CompositeEventHandler$NormalEventHandlerRecord::isFilter (2 bytes)
Event: 25.191 Thread 0x000002427e017520 nmethod 4002 0x0000024207ca0610 code [0x0000024207ca07a0, 0x0000024207ca0868]
Event: 26.381 Thread 0x000002427e003450 4003       4       java.util.concurrent.ConcurrentHashMap$ValueIterator::next (34 bytes)
Event: 26.388 Thread 0x000002427e003450 nmethod 4003 0x0000024207ca0910 code [0x0000024207ca0ac0, 0x0000024207ca0f40]

GC Heap History (20 events):
Event: 6.800 GC heap before
{Heap before GC invocations=2 (full 0):
 garbage-first heap   total 258048K, used 250070K [0x0000000704800000, 0x0000000800000000)
  region size 2048K, 69 young (141312K), 3 survivors (6144K)
 Metaspace       used 16628K, committed 16896K, reserved 1114112K
  class space    used 2309K, committed 2432K, reserved 1048576K
}
Event: 6.804 GC heap after
{Heap after GC invocations=3 (full 0):
 garbage-first heap   total 274432K, used 125452K [0x0000000704800000, 0x0000000800000000)
  region size 2048K, 9 young (18432K), 9 survivors (18432K)
 Metaspace       used 16628K, committed 16896K, reserved 1114112K
  class space    used 2309K, committed 2432K, reserved 1048576K
}
Event: 6.832 GC heap before
{Heap before GC invocations=3 (full 0):
 garbage-first heap   total 274432K, used 137740K [0x0000000704800000, 0x0000000800000000)
  region size 2048K, 10 young (20480K), 9 survivors (18432K)
 Metaspace       used 16633K, committed 16896K, reserved 1114112K
  class space    used 2309K, committed 2432K, reserved 1048576K
}
Event: 6.836 GC heap after
{Heap after GC invocations=4 (full 0):
 garbage-first heap   total 274432K, used 137853K [0x0000000704800000, 0x0000000800000000)
  region size 2048K, 1 young (2048K), 1 survivors (2048K)
 Metaspace       used 16633K, committed 16896K, reserved 1114112K
  class space    used 2309K, committed 2432K, reserved 1048576K
}
Event: 12.166 GC heap before
{Heap before GC invocations=5 (full 0):
 garbage-first heap   total 274432K, used 268925K [0x0000000704800000, 0x0000000800000000)
  region size 2048K, 27 young (55296K), 1 survivors (2048K)
 Metaspace       used 17169K, committed 17408K, reserved 1114112K
  class space    used 2324K, committed 2432K, reserved 1048576K
}
Event: 12.168 GC heap after
{Heap after GC invocations=6 (full 0):
 garbage-first heap   total 282624K, used 225123K [0x0000000704800000, 0x0000000800000000)
  region size 2048K, 4 young (8192K), 4 survivors (8192K)
 Metaspace       used 17169K, committed 17408K, reserved 1114112K
  class space    used 2324K, committed 2432K, reserved 1048576K
}
Event: 13.379 GC heap before
{Heap before GC invocations=6 (full 0):
 garbage-first heap   total 282624K, used 255843K [0x0000000704800000, 0x0000000800000000)
  region size 2048K, 19 young (38912K), 4 survivors (8192K)
 Metaspace       used 17288K, committed 17536K, reserved 1114112K
  class space    used 2324K, committed 2432K, reserved 1048576K
}
Event: 13.382 GC heap after
{Heap after GC invocations=7 (full 0):
 garbage-first heap   total 282624K, used 224206K [0x0000000704800000, 0x0000000800000000)
  region size 2048K, 1 young (2048K), 1 survivors (2048K)
 Metaspace       used 17288K, committed 17536K, reserved 1114112K
  class space    used 2324K, committed 2432K, reserved 1048576K
}
Event: 14.669 GC heap before
{Heap before GC invocations=7 (full 0):
 garbage-first heap   total 282624K, used 261070K [0x0000000704800000, 0x0000000800000000)
  region size 2048K, 19 young (38912K), 1 survivors (2048K)
 Metaspace       used 17358K, committed 17664K, reserved 1114112K
  class space    used 2324K, committed 2432K, reserved 1048576K
}
Event: 14.671 GC heap after
{Heap after GC invocations=8 (full 0):
 garbage-first heap   total 282624K, used 224214K [0x0000000704800000, 0x0000000800000000)
  region size 2048K, 1 young (2048K), 1 survivors (2048K)
 Metaspace       used 17358K, committed 17664K, reserved 1114112K
  class space    used 2324K, committed 2432K, reserved 1048576K
}
Event: 16.369 GC heap before
{Heap before GC invocations=9 (full 0):
 garbage-first heap   total 378880K, used 256982K [0x0000000704800000, 0x0000000800000000)
  region size 2048K, 17 young (34816K), 1 survivors (2048K)
 Metaspace       used 17361K, committed 17664K, reserved 1114112K
  class space    used 2324K, committed 2432K, reserved 1048576K
}
Event: 16.370 GC heap after
{Heap after GC invocations=10 (full 0):
 garbage-first heap   total 378880K, used 224222K [0x0000000704800000, 0x0000000800000000)
  region size 2048K, 1 young (2048K), 1 survivors (2048K)
 Metaspace       used 17361K, committed 17664K, reserved 1114112K
  class space    used 2324K, committed 2432K, reserved 1048576K
}
Event: 18.064 GC heap before
{Heap before GC invocations=10 (full 0):
 garbage-first heap   total 378880K, used 334814K [0x0000000704800000, 0x0000000800000000)
  region size 2048K, 55 young (112640K), 1 survivors (2048K)
 Metaspace       used 17365K, committed 17664K, reserved 1114112K
  class space    used 2325K, committed 2432K, reserved 1048576K
}
Event: 18.066 GC heap after
{Heap after GC invocations=11 (full 0):
 garbage-first heap   total 378880K, used 224191K [0x0000000704800000, 0x0000000800000000)
  region size 2048K, 1 young (2048K), 1 survivors (2048K)
 Metaspace       used 17365K, committed 17664K, reserved 1114112K
  class space    used 2325K, committed 2432K, reserved 1048576K
}
Event: 20.169 GC heap before
{Heap before GC invocations=11 (full 0):
 garbage-first heap   total 378880K, used 340927K [0x0000000704800000, 0x0000000800000000)
  region size 2048K, 58 young (118784K), 1 survivors (2048K)
 Metaspace       used 17367K, committed 17664K, reserved 1114112K
  class space    used 2325K, committed 2432K, reserved 1048576K
}
Event: 20.170 GC heap after
{Heap after GC invocations=12 (full 0):
 garbage-first heap   total 378880K, used 224190K [0x0000000704800000, 0x0000000800000000)
  region size 2048K, 1 young (2048K), 1 survivors (2048K)
 Metaspace       used 17367K, committed 17664K, reserved 1114112K
  class space    used 2325K, committed 2432K, reserved 1048576K
}
Event: 22.084 GC heap before
{Heap before GC invocations=13 (full 0):
 garbage-first heap   total 378880K, used 345022K [0x0000000704800000, 0x0000000800000000)
  region size 2048K, 60 young (122880K), 1 survivors (2048K)
 Metaspace       used 17367K, committed 17664K, reserved 1114112K
  class space    used 2325K, committed 2432K, reserved 1048576K
}
Event: 22.085 GC heap after
{Heap after GC invocations=14 (full 0):
 garbage-first heap   total 378880K, used 224192K [0x0000000704800000, 0x0000000800000000)
  region size 2048K, 1 young (2048K), 1 survivors (2048K)
 Metaspace       used 17367K, committed 17664K, reserved 1114112K
  class space    used 2325K, committed 2432K, reserved 1048576K
}
Event: 24.449 GC heap before
{Heap before GC invocations=14 (full 0):
 garbage-first heap   total 378880K, used 351168K [0x0000000704800000, 0x0000000800000000)
  region size 2048K, 63 young (129024K), 1 survivors (2048K)
 Metaspace       used 17698K, committed 17920K, reserved 1114112K
  class space    used 2382K, committed 2496K, reserved 1048576K
}
Event: 24.452 GC heap after
{Heap after GC invocations=15 (full 0):
 garbage-first heap   total 378880K, used 223886K [0x0000000704800000, 0x0000000800000000)
  region size 2048K, 1 young (2048K), 1 survivors (2048K)
 Metaspace       used 17698K, committed 17920K, reserved 1114112K
  class space    used 2382K, committed 2496K, reserved 1048576K
}

Dll operation events (20 events):
Event: 2.293 Loaded shared library D:\openjfx-21.0.8_windows-x64_bin-sdk\javafx-sdk-21.0.8\bin\api-ms-win-crt-locale-l1-1-0.dll
Event: 2.370 Loaded shared library D:\openjfx-21.0.8_windows-x64_bin-sdk\javafx-sdk-21.0.8\bin\api-ms-win-crt-math-l1-1-0.dll
Event: 2.440 Loaded shared library D:\openjfx-21.0.8_windows-x64_bin-sdk\javafx-sdk-21.0.8\bin\api-ms-win-crt-multibyte-l1-1-0.dll
Event: 2.521 Loaded shared library D:\openjfx-21.0.8_windows-x64_bin-sdk\javafx-sdk-21.0.8\bin\api-ms-win-crt-private-l1-1-0.dll
Event: 2.584 Loaded shared library D:\openjfx-21.0.8_windows-x64_bin-sdk\javafx-sdk-21.0.8\bin\api-ms-win-crt-process-l1-1-0.dll
Event: 2.659 Loaded shared library D:\openjfx-21.0.8_windows-x64_bin-sdk\javafx-sdk-21.0.8\bin\api-ms-win-crt-runtime-l1-1-0.dll
Event: 2.736 Loaded shared library D:\openjfx-21.0.8_windows-x64_bin-sdk\javafx-sdk-21.0.8\bin\api-ms-win-crt-stdio-l1-1-0.dll
Event: 2.805 Loaded shared library D:\openjfx-21.0.8_windows-x64_bin-sdk\javafx-sdk-21.0.8\bin\api-ms-win-crt-string-l1-1-0.dll
Event: 2.877 Loaded shared library D:\openjfx-21.0.8_windows-x64_bin-sdk\javafx-sdk-21.0.8\bin\api-ms-win-crt-time-l1-1-0.dll
Event: 2.928 Loaded shared library D:\openjfx-21.0.8_windows-x64_bin-sdk\javafx-sdk-21.0.8\bin\api-ms-win-crt-utility-l1-1-0.dll
Event: 3.068 Loaded shared library D:\openjfx-21.0.8_windows-x64_bin-sdk\javafx-sdk-21.0.8\bin\ucrtbase.dll
Event: 3.160 Loaded shared library D:\openjfx-21.0.8_windows-x64_bin-sdk\javafx-sdk-21.0.8\bin\vcruntime140.dll
Event: 3.245 Loaded shared library D:\openjfx-21.0.8_windows-x64_bin-sdk\javafx-sdk-21.0.8\bin\vcruntime140_1.dll
Event: 3.359 Loaded shared library D:\openjfx-21.0.8_windows-x64_bin-sdk\javafx-sdk-21.0.8\bin\msvcp140.dll
Event: 3.439 Loaded shared library D:\openjfx-21.0.8_windows-x64_bin-sdk\javafx-sdk-21.0.8\bin\msvcp140_1.dll
Event: 3.794 Loaded shared library D:\openjfx-21.0.8_windows-x64_bin-sdk\javafx-sdk-21.0.8\bin\msvcp140_2.dll
Event: 3.919 Loaded shared library D:\openjfx-21.0.8_windows-x64_bin-sdk\javafx-sdk-21.0.8\bin\prism_d3d.dll
Event: 4.033 Loaded shared library D:\openjfx-21.0.8_windows-x64_bin-sdk\javafx-sdk-21.0.8\bin\glass.dll
Event: 4.245 Loaded shared library D:\openjfx-21.0.8_windows-x64_bin-sdk\javafx-sdk-21.0.8\bin\javafx_font.dll
Event: 6.616 Loaded shared library D:\openjfx-21.0.8_windows-x64_bin-sdk\javafx-sdk-21.0.8\bin\javafx_iio.dll

Deoptimization events (20 events):
Event: 25.181 Thread 0x000002427ee4ee80 Uncommon trap: trap_request=0xffffff45 fr.pc=0x0000024207c2f24c relative=0x000000000000012c
Event: 25.181 Thread 0x000002427ee4ee80 Uncommon trap: reason=unstable_if action=reinterpret pc=0x0000024207c2f24c method=java.lang.StringConcatHelper.prepend(J[BLjava/lang/String;)J @ 13 c2
Event: 25.182 Thread 0x000002427ee4ee80 DEOPT PACKING pc=0x0000024207c2f24c sp=0x000000b14c5fb780
Event: 25.182 Thread 0x000002427ee4ee80 DEOPT UNPACKING pc=0x00000242075846a2 sp=0x000000b14c5fb730 mode 2
Event: 25.184 Thread 0x000002427ee4ee80 Uncommon trap: trap_request=0xffffffc6 fr.pc=0x0000024207b943b8 relative=0x0000000000000078
Event: 25.184 Thread 0x000002427ee4ee80 Uncommon trap: reason=bimorphic_or_optimized_type_check action=maybe_recompile pc=0x0000024207b943b8 method=com.sun.javafx.binding.ExpressionHelper.fireValueChangedEvent(Lcom/sun/javafx/binding/ExpressionHelper;)V @ 5 c2
Event: 25.184 Thread 0x000002427ee4ee80 DEOPT PACKING pc=0x0000024207b943b8 sp=0x000000b14c5f9f70
Event: 25.184 Thread 0x000002427ee4ee80 DEOPT UNPACKING pc=0x00000242075846a2 sp=0x000000b14c5f9f00 mode 2
Event: 25.189 Thread 0x000002427ee4ee80 Uncommon trap: trap_request=0xffffffde fr.pc=0x0000024207c459a0 relative=0x0000000000000c40
Event: 25.189 Thread 0x000002427ee4ee80 Uncommon trap: reason=class_check action=maybe_recompile pc=0x0000024207c459a0 method=javafx.scene.Node.updateLocalToParentTransform()V @ 327 c2
Event: 25.189 Thread 0x000002427ee4ee80 DEOPT PACKING pc=0x0000024207c459a0 sp=0x000000b14c5f87d0
Event: 25.189 Thread 0x000002427ee4ee80 DEOPT UNPACKING pc=0x00000242075846a2 sp=0x000000b14c5f8738 mode 2
Event: 25.189 Thread 0x000002427ee4ee80 Uncommon trap: trap_request=0xffffffc6 fr.pc=0x0000024207b4b1ac relative=0x0000000000000a8c
Event: 25.189 Thread 0x000002427ee4ee80 Uncommon trap: reason=bimorphic_or_optimized_type_check action=maybe_recompile pc=0x0000024207b4b1ac method=javafx.scene.Node.getGeomBounds(Lcom/sun/javafx/geom/BaseBounds;Lcom/sun/javafx/geom/transform/BaseTransform;)Lcom/sun/javafx/geom/BaseBounds; @ 21
Event: 25.189 Thread 0x000002427ee4ee80 DEOPT PACKING pc=0x0000024207b4b1ac sp=0x000000b14c5f8850
Event: 25.189 Thread 0x000002427ee4ee80 DEOPT UNPACKING pc=0x00000242075846a2 sp=0x000000b14c5f85c8 mode 2
Event: 26.379 Thread 0x000002427dff4f50 Uncommon trap: trap_request=0xffffff45 fr.pc=0x0000024207bbb2e8 relative=0x0000000000000e68
Event: 26.379 Thread 0x000002427dff4f50 Uncommon trap: reason=unstable_if action=reinterpret pc=0x0000024207bbb2e8 method=java.security.AccessControlContext.optimize()Ljava/security/AccessControlContext; @ 83 c2
Event: 26.379 Thread 0x000002427dff4f50 DEOPT PACKING pc=0x0000024207bbb2e8 sp=0x000000b14b8fef70
Event: 26.379 Thread 0x000002427dff4f50 DEOPT UNPACKING pc=0x00000242075846a2 sp=0x000000b14b8feee0 mode 2

Classes loaded (20 events):
Event: 5.168 Loading class java/util/TimerThread
Event: 5.168 Loading class java/util/TimerThread done
Event: 5.168 Loading class java/util/Timer$ThreadReaper
Event: 5.168 Loading class java/util/Timer$ThreadReaper done
Event: 5.365 Loading class java/util/EnumMap$Values
Event: 5.365 Loading class java/util/EnumMap$Values done
Event: 5.365 Loading class java/util/EnumMap$ValueIterator
Event: 5.365 Loading class java/util/EnumMap$EnumMapIterator
Event: 5.365 Loading class java/util/EnumMap$EnumMapIterator done
Event: 5.365 Loading class java/util/EnumMap$ValueIterator done
Event: 6.280 Loading class java/io/UnsupportedEncodingException
Event: 6.280 Loading class java/io/UnsupportedEncodingException done
Event: 25.174 Loading class java/util/concurrent/LinkedBlockingQueue$Itr
Event: 25.177 Loading class java/util/concurrent/LinkedBlockingQueue$Itr done
Event: 25.182 Loading class java/io/FileOutputStream$1
Event: 25.182 Loading class java/io/FileOutputStream$1 done
Event: 26.378 Loading class jdk/internal/misc/Signal$1
Event: 26.379 Loading class jdk/internal/misc/Signal$1 done
Event: 26.385 Loading class java/util/LinkedList$ListItr
Event: 26.385 Loading class java/util/LinkedList$ListItr done

Classes unloaded (0 events):
No events

Classes redefined (0 events):
No events

Internal exceptions (20 events):
Event: 4.540 Thread 0x000002427ee4ee80 Implicit null exception at 0x0000024207aee1bd to 0x0000024207aee241
Event: 4.828 Thread 0x000002427ee4ee80 Exception <a 'java/lang/NoSuchMethodError'{0x0000000713ca8048}: 'java.lang.Object java.lang.invoke.DirectMethodHandle$Holder.newInvokeSpecial(java.lang.Object, java.lang.Object, java.lang.Object, java.lang.Object, java.lang.Object)'> (0x0000000713ca8048) 
thrown [s\src\hotspot\share\interpreter\linkResolver.cpp, line 773]
Event: 4.848 Thread 0x000002427ee4ee80 Exception <a 'java/lang/NoSuchMethodError'{0x0000000713b30838}: 'java.lang.Object java.lang.invoke.DirectMethodHandle$Holder.invokeInterface(java.lang.Object, java.lang.Object, java.lang.Object)'> (0x0000000713b30838) 
thrown [s\src\hotspot\share\interpreter\linkResolver.cpp, line 773]
Event: 4.848 Thread 0x000002427ee4ee80 Exception <a 'java/lang/IncompatibleClassChangeError'{0x0000000713b33c40}: Found class java.lang.Object, but interface was expected> (0x0000000713b33c40) 
thrown [s\src\hotspot\share\interpreter\linkResolver.cpp, line 840]
Event: 4.888 Thread 0x000002427ee4ee80 Exception <a 'java/lang/NoSuchMethodError'{0x00000007136155d0}: 'int java.lang.invoke.DirectMethodHandle$Holder.invokeSpecial(java.lang.Object, java.lang.Object, int)'> (0x00000007136155d0) 
thrown [s\src\hotspot\share\interpreter\linkResolver.cpp, line 773]
Event: 4.888 Thread 0x000002427ee4ee80 Exception <a 'java/lang/NoSuchMethodError'{0x000000071361c7a8}: 'int java.lang.invoke.DirectMethodHandle$Holder.invokeSpecial(java.lang.Object, java.lang.Object, java.lang.Object, int)'> (0x000000071361c7a8) 
thrown [s\src\hotspot\share\interpreter\linkResolver.cpp, line 773]
Event: 4.889 Thread 0x000002427ee4ee80 Exception <a 'java/lang/NoSuchMethodError'{0x000000071362e960}: 'java.lang.Object java.lang.invoke.DirectMethodHandle$Holder.invokeStatic(java.lang.Object, java.lang.Object, java.lang.Object, java.lang.Object, int)'> (0x000000071362e960) 
thrown [s\src\hotspot\share\interpreter\linkResolver.cpp, line 773]
Event: 4.889 Thread 0x000002427ee4ee80 Exception <a 'java/lang/NoSuchMethodError'{0x0000000713636ba8}: 'int java.lang.invoke.DirectMethodHandle$Holder.invokeSpecial(java.lang.Object, java.lang.Object, java.lang.Object)'> (0x0000000713636ba8) 
thrown [s\src\hotspot\share\interpreter\linkResolver.cpp, line 773]
Event: 4.909 Thread 0x000002427ee4ee80 Exception <a 'java/lang/NoSuchMethodError'{0x0000000713790fd0}: 'java.lang.Object java.lang.invoke.DirectMethodHandle$Holder.newInvokeSpecial(java.lang.Object, java.lang.Object, int)'> (0x0000000713790fd0) 
thrown [s\src\hotspot\share\interpreter\linkResolver.cpp, line 773]
Event: 4.942 Thread 0x000002427ee4ee80 Exception <a 'java/lang/NoSuchMethodError'{0x00000007137c3058}: 'long java.lang.invoke.DirectMethodHandle$Holder.invokeStatic(java.lang.Object, java.lang.Object, java.lang.Object)'> (0x00000007137c3058) 
thrown [s\src\hotspot\share\interpreter\linkResolver.cpp, line 773]
Event: 4.942 Thread 0x000002427ee4ee80 Exception <a 'java/lang/NoSuchMethodError'{0x00000007137c6468}: 'long java.lang.invoke.DirectMethodHandle$Holder.invokeStaticInit(java.lang.Object, java.lang.Object, java.lang.Object)'> (0x00000007137c6468) 
thrown [s\src\hotspot\share\interpreter\linkResolver.cpp, line 773]
Event: 4.943 Thread 0x000002427ee4ee80 Exception <a 'java/lang/NoSuchMethodError'{0x00000007137db298}: 'java.lang.Object java.lang.invoke.DirectMethodHandle$Holder.newInvokeSpecial(java.lang.Object, java.lang.Object, long)'> (0x00000007137db298) 
thrown [s\src\hotspot\share\interpreter\linkResolver.cpp, line 773]
Event: 4.943 Thread 0x000002427ee4ee80 Exception <a 'java/lang/NoSuchMethodError'{0x00000007137debf0}: 'java.lang.Object java.lang.invoke.Invokers$Holder.linkToTargetMethod(java.lang.Object, long, java.lang.Object)'> (0x00000007137debf0) 
thrown [s\src\hotspot\share\interpreter\linkResolver.cpp, line 773]
Event: 4.955 Thread 0x000002427ee4ee80 Exception <a 'java/lang/NoSuchMethodError'{0x00000007134ee868}: 'void java.lang.invoke.DirectMethodHandle$Holder.invokeSpecial(java.lang.Object, java.lang.Object, double)'> (0x00000007134ee868) 
thrown [s\src\hotspot\share\interpreter\linkResolver.cpp, line 773]
Event: 4.956 Thread 0x000002427ee4ee80 Exception <a 'java/lang/NoSuchMethodError'{0x0000000713530ff0}: 'java.lang.Object java.lang.invoke.DirectMethodHandle$Holder.newInvokeSpecial(java.lang.Object, java.lang.Object, double)'> (0x0000000713530ff0) 
thrown [s\src\hotspot\share\interpreter\linkResolver.cpp, line 773]
Event: 4.960 Thread 0x000002427eb96030 Exception <a 'java/lang/NoSuchMethodError'{0x000000071350f6a8}: 'int java.lang.invoke.DirectMethodHandle$Holder.invokeStaticInit(java.lang.Object, java.lang.Object)'> (0x000000071350f6a8) 
thrown [s\src\hotspot\share\interpreter\linkResolver.cpp, line 773]
Event: 4.986 Thread 0x000002427eb96030 Exception <a 'java/lang/NoSuchMethodError'{0x0000000713348a30}: 'java.lang.Object java.lang.invoke.DirectMethodHandle$Holder.invokeStaticInit(java.lang.Object, int)'> (0x0000000713348a30) 
thrown [s\src\hotspot\share\interpreter\linkResolver.cpp, line 773]
Event: 17.937 Thread 0x000002427ee4ee80 Implicit null exception at 0x0000024207c787da to 0x0000024207c789a4
Event: 17.937 Thread 0x000002427ee4ee80 Implicit null exception at 0x0000024207c68ddf to 0x0000024207c68f24
Event: 17.999 Thread 0x000002427ee4ee80 Implicit null exception at 0x0000024207ae7033 to 0x0000024207ae74dc

ZGC Phase Switch (0 events):
No events

VM Operations (20 events):
Event: 18.066 Executing VM operation: G1CollectForAllocation (G1 Evacuation Pause) done
Event: 20.066 Executing VM operation: Cleanup
Event: 20.066 Executing VM operation: Cleanup done
Event: 20.169 Executing VM operation: G1CollectForAllocation (G1 Evacuation Pause)
Event: 20.170 Executing VM operation: G1CollectForAllocation (G1 Evacuation Pause) done
Event: 20.175 Executing VM operation: G1PauseRemark
Event: 20.178 Executing VM operation: G1PauseRemark done
Event: 20.180 Executing VM operation: G1PauseCleanup
Event: 20.181 Executing VM operation: G1PauseCleanup done
Event: 22.084 Executing VM operation: G1CollectForAllocation (G1 Evacuation Pause)
Event: 22.086 Executing VM operation: G1CollectForAllocation (G1 Evacuation Pause) done
Event: 24.085 Executing VM operation: Cleanup
Event: 24.085 Executing VM operation: Cleanup done
Event: 24.449 Executing VM operation: G1CollectForAllocation (G1 Evacuation Pause)
Event: 24.452 Executing VM operation: G1CollectForAllocation (G1 Evacuation Pause) done
Event: 25.452 Executing VM operation: Cleanup
Event: 25.452 Executing VM operation: Cleanup done
Event: 26.453 Executing VM operation: Cleanup
Event: 26.453 Executing VM operation: Cleanup done
Event: 26.483 Executing VM operation: Exit

Memory protections (0 events):
No events

Nmethod flushes (20 events):
Event: 20.177 Thread 0x000002427dfd2f10 flushing  nmethod 0x0000024200589f10
Event: 20.177 Thread 0x000002427dfd2f10 flushing  nmethod 0x00000242002def90
Event: 20.177 Thread 0x000002427dfd2f10 flushing  nmethod 0x00000242002df410
Event: 20.177 Thread 0x000002427dfd2f10 flushing  nmethod 0x00000242002dfe90
Event: 20.177 Thread 0x000002427dfd2f10 flushing  nmethod 0x0000024200300e90
Event: 20.177 Thread 0x000002427dfd2f10 flushing  nmethod 0x0000024200412410
Event: 20.177 Thread 0x000002427dfd2f10 flushing  nmethod 0x0000024200433a90
Event: 20.177 Thread 0x000002427dfd2f10 flushing  nmethod 0x0000024200438590
Event: 20.177 Thread 0x000002427dfd2f10 flushing  nmethod 0x0000024200467010
Event: 20.177 Thread 0x000002427dfd2f10 flushing  nmethod 0x0000024200468910
Event: 20.177 Thread 0x000002427dfd2f10 flushing  nmethod 0x0000024200469790
Event: 20.177 Thread 0x000002427dfd2f10 flushing  nmethod 0x00000242004a6d10
Event: 20.177 Thread 0x000002427dfd2f10 flushing  nmethod 0x00000242004a7990
Event: 20.177 Thread 0x000002427dfd2f10 flushing  nmethod 0x000002420055b190
Event: 20.177 Thread 0x000002427dfd2f10 flushing  nmethod 0x000002420055c090
Event: 20.177 Thread 0x000002427dfd2f10 flushing  nmethod 0x000002420056ad10
Event: 20.177 Thread 0x000002427dfd2f10 flushing  nmethod 0x000002420056be90
Event: 20.177 Thread 0x000002427dfd2f10 flushing  nmethod 0x000002420056f110
Event: 20.177 Thread 0x000002427dfd2f10 flushing  nmethod 0x0000024200570090
Event: 20.177 Thread 0x000002427dfd2f10 flushing  nmethod 0x0000024200575790

Events (20 events):
Event: 25.173 Thread 0x000002427e3e6e00 Thread added: 0x000002427e3e6e00
Event: 25.173 Thread 0x000002427e3e6e00 Thread exited: 0x000002427e3e6e00
Event: 25.174 Thread 0x000002425c4d1860 Thread added: 0x000002425c4d1860
Event: 25.174 Thread 0x000002427e4614c0 Thread exited: 0x000002427e4614c0
Event: 25.174 Thread 0x000002425c4d1860 Thread exited: 0x000002425c4d1860
Event: 25.174 Thread 0x000002425c4d2c10 Thread added: 0x000002425c4d2c10
Event: 25.174 Thread 0x000002425c4d2c10 Thread exited: 0x000002425c4d2c10
Event: 26.379 Thread 0x000002427dff4f50 Thread added: 0x000002425c4d2580
Event: 26.380 Thread 0x000002425c4d2580 Thread added: 0x000002427e8a74b0
Event: 26.380 Thread 0x000002425c4d2580 Thread added: 0x000002427e8a7b40
Event: 26.380 Thread 0x000002425c4d2580 Thread added: 0x000002427e8a81d0
Event: 26.380 Thread 0x000002425c4d2580 Thread added: 0x000002427e8a8860
Event: 26.382 Thread 0x000002427e892120 Thread added: 0x000002427e9b98b0
Event: 26.382 Thread 0x000002427e8a8860 Thread exited: 0x000002427e8a8860
Event: 26.382 Thread 0x000002427e8a7b40 Thread exited: 0x000002427e8a7b40
Event: 26.384 Thread 0x000002427e8a74b0 Thread exited: 0x000002427e8a74b0
Event: 26.386 Thread 0x000002427e892120 Thread exited: 0x000002427e892120
Event: 26.411 Thread 0x000002427eb96030 Thread exited: 0x000002427eb96030
Event: 26.483 Thread 0x000002427e8a81d0 Thread exited: 0x000002427e8a81d0
Event: 26.483 Thread 0x000002425c4d2580 Before exit entered


Dynamic libraries:
0x00007ff791430000 - 0x00007ff79143e000 	C:\Users\ADMIN\.jdks\ms-21.0.8\bin\java.exe
0x00007fffe20c0000 - 0x00007fffe2328000 	C:\WINDOWS\SYSTEM32\ntdll.dll
0x00007fffe13a0000 - 0x00007fffe1469000 	C:\WINDOWS\System32\KERNEL32.DLL
0x00007fffdf580000 - 0x00007fffdf978000 	C:\WINDOWS\System32\KERNELBASE.dll
0x00007fffdfba0000 - 0x00007fffdfceb000 	C:\WINDOWS\System32\ucrtbase.dll
0x00007fffd6cd0000 - 0x00007fffd6cee000 	C:\Users\ADMIN\.jdks\ms-21.0.8\bin\VCRUNTIME140.dll
0x00007fffd6b30000 - 0x00007fffd6b48000 	C:\Users\ADMIN\.jdks\ms-21.0.8\bin\jli.dll
0x00007fffe1900000 - 0x00007fffe1ac7000 	C:\WINDOWS\System32\USER32.dll
0x00007fffb8210000 - 0x00007fffb84a4000 	C:\WINDOWS\WinSxS\amd64_microsoft.windows.common-controls_6595b64144ccf1df_6.0.26100.7019_none_3e06ffa0e335b8a8\COMCTL32.dll
0x00007fffdf550000 - 0x00007fffdf577000 	C:\WINDOWS\System32\win32u.dll
0x00007fffe1260000 - 0x00007fffe1309000 	C:\WINDOWS\System32\msvcrt.dll
0x00007fffe1e80000 - 0x00007fffe1eab000 	C:\WINDOWS\System32\GDI32.dll
0x00007fffdf420000 - 0x00007fffdf54c000 	C:\WINDOWS\System32\gdi32full.dll
0x00007fffdf980000 - 0x00007fffdfa23000 	C:\WINDOWS\System32\msvcp_win.dll
0x00007fffdffa0000 - 0x00007fffdffd1000 	C:\WINDOWS\System32\IMM32.DLL
0x00007fffd54c0000 - 0x00007fffd54cc000 	C:\Users\ADMIN\.jdks\ms-21.0.8\bin\vcruntime140_1.dll
0x00007fffbba80000 - 0x00007fffbbb09000 	C:\Users\ADMIN\.jdks\ms-21.0.8\bin\msvcp140.dll
0x00007fff3d3a0000 - 0x00007fff3e14c000 	C:\Users\ADMIN\.jdks\ms-21.0.8\bin\server\jvm.dll
0x00007fffe0b50000 - 0x00007fffe0c04000 	C:\WINDOWS\System32\ADVAPI32.dll
0x00007fffe1b60000 - 0x00007fffe1c06000 	C:\WINDOWS\System32\sechost.dll
0x00007fffe0f90000 - 0x00007fffe10a8000 	C:\WINDOWS\System32\RPCRT4.dll
0x00007fffe0ad0000 - 0x00007fffe0b44000 	C:\WINDOWS\System32\WS2_32.dll
0x00007fffdeb10000 - 0x00007fffdeb6e000 	C:\WINDOWS\SYSTEM32\POWRPROF.dll
0x00007fffd68f0000 - 0x00007fffd68fb000 	C:\WINDOWS\SYSTEM32\VERSION.dll
0x00007fffd4ea0000 - 0x00007fffd4ed5000 	C:\WINDOWS\SYSTEM32\WINMM.dll
0x00007fffdeaf0000 - 0x00007fffdeb04000 	C:\WINDOWS\SYSTEM32\UMPDC.dll
0x00007fffddf70000 - 0x00007fffddf8b000 	C:\WINDOWS\SYSTEM32\kernel.appcore.dll
0x00007fffcdd00000 - 0x00007fffcdd0a000 	C:\Users\ADMIN\.jdks\ms-21.0.8\bin\jimage.dll
0x00007fffdc9d0000 - 0x00007fffdcc12000 	C:\WINDOWS\SYSTEM32\DBGHELP.DLL
0x00007fffe0740000 - 0x00007fffe0acb000 	C:\WINDOWS\System32\combase.dll
0x00007fffe0c90000 - 0x00007fffe0d67000 	C:\WINDOWS\System32\OLEAUT32.dll
0x00007fffb8920000 - 0x00007fffb895c000 	C:\WINDOWS\SYSTEM32\dbgcore.DLL
0x00007fffdfa30000 - 0x00007fffdfad5000 	C:\WINDOWS\System32\bcryptPrimitives.dll
0x00007fffcdc80000 - 0x00007fffcdc90000 	C:\Users\ADMIN\.jdks\ms-21.0.8\bin\instrument.dll
0x00007fffcb1a0000 - 0x00007fffcb1c1000 	C:\Users\ADMIN\.jdks\ms-21.0.8\bin\java.dll
0x00007fffdffe0000 - 0x00007fffe0731000 	C:\WINDOWS\System32\SHELL32.dll
0x00007fffdfcf0000 - 0x00007fffdfe5b000 	C:\WINDOWS\System32\wintypes.dll
0x00007fffdce70000 - 0x00007fffdd6cd000 	C:\WINDOWS\SYSTEM32\windows.storage.dll
0x00007fffe1ec0000 - 0x00007fffe1fb2000 	C:\WINDOWS\System32\SHCORE.dll
0x00007fffe1e10000 - 0x00007fffe1e77000 	C:\WINDOWS\System32\shlwapi.dll
0x00007fffdf130000 - 0x00007fffdf159000 	C:\WINDOWS\SYSTEM32\profapi.dll
0x00007fffbb6e0000 - 0x00007fffbb7b6000 	C:\Users\ADMIN\.jdks\ms-21.0.8\bin\jsvml.dll
0x00007fffccf00000 - 0x00007fffccf11000 	C:\Users\ADMIN\.jdks\ms-21.0.8\bin\net.dll
0x00007fffd5af0000 - 0x00007fffd5c18000 	C:\WINDOWS\SYSTEM32\WINHTTP.dll
0x00007fffde540000 - 0x00007fffde5ab000 	C:\WINDOWS\system32\mswsock.dll
0x00007fffccdf0000 - 0x00007fffcce06000 	C:\Users\ADMIN\.jdks\ms-21.0.8\bin\nio.dll
0x00007fffcc930000 - 0x00007fffcc948000 	C:\Users\ADMIN\.jdks\ms-21.0.8\bin\zip.dll
0x00007fffcdc70000 - 0x00007fffcdc79000 	C:\Users\ADMIN\.jdks\ms-21.0.8\bin\extnet.dll
0x00007fffb24c0000 - 0x00007fffb2561000 	D:\openjfx-21.0.8_windows-x64_bin-sdk\javafx-sdk-21.0.8\bin\glib-lite.dll
0x00007fffe10b0000 - 0x00007fffe1247000 	C:\WINDOWS\System32\ole32.dll
0x00007fffb23c0000 - 0x00007fffb24bb000 	D:\openjfx-21.0.8_windows-x64_bin-sdk\javafx-sdk-21.0.8\bin\gstreamer-lite.dll
0x00007fff41320000 - 0x00007fff413b4000 	C:\WINDOWS\SYSTEM32\DSOUND.dll
0x00007fffcdd60000 - 0x00007fffcdd96000 	C:\WINDOWS\SYSTEM32\winmmbase.dll
0x00007fff41260000 - 0x00007fff41311000 	C:\WINDOWS\SYSTEM32\ResampleDmo.DLL
0x00007fff8f2e0000 - 0x00007fff8f2ee000 	C:\WINDOWS\SYSTEM32\msdmo.dll
0x00007fffc9c10000 - 0x00007fffc9c34000 	D:\openjfx-21.0.8_windows-x64_bin-sdk\javafx-sdk-21.0.8\bin\jfxmedia.dll
0x00007fffb2220000 - 0x00007fffb23b2000 	C:\Users\ADMIN\.jdks\ms-21.0.8\bin\awt.dll
0x00007fffd96a0000 - 0x00007fffd973f000 	C:\WINDOWS\SYSTEM32\apphelp.dll
0x00007fffd9940000 - 0x00007fffd99ea000 	C:\WINDOWS\system32\uxtheme.dll
0x00007fff85960000 - 0x00007fff85a93000 	C:\ProgramData\A-Volute\A-Volute.Nahimic\Modules\Scheduled\x64\AudioDevProps2.dll
0x00007fffe0dc0000 - 0x00007fffe0f1e000 	C:\WINDOWS\System32\MSCTF.dll
0x0000024254490000 - 0x0000024254493000 	D:\openjfx-21.0.8_windows-x64_bin-sdk\javafx-sdk-21.0.8\bin\api-ms-win-core-console-l1-1-0.dll
0x00000242544a0000 - 0x00000242544a3000 	D:\openjfx-21.0.8_windows-x64_bin-sdk\javafx-sdk-21.0.8\bin\api-ms-win-core-console-l1-2-0.dll
0x00000242544b0000 - 0x00000242544b3000 	D:\openjfx-21.0.8_windows-x64_bin-sdk\javafx-sdk-21.0.8\bin\api-ms-win-core-datetime-l1-1-0.dll
0x00000242544c0000 - 0x00000242544c3000 	D:\openjfx-21.0.8_windows-x64_bin-sdk\javafx-sdk-21.0.8\bin\api-ms-win-core-debug-l1-1-0.dll
0x00000242544d0000 - 0x00000242544d3000 	D:\openjfx-21.0.8_windows-x64_bin-sdk\javafx-sdk-21.0.8\bin\api-ms-win-core-errorhandling-l1-1-0.dll
0x00000242544e0000 - 0x00000242544e4000 	D:\openjfx-21.0.8_windows-x64_bin-sdk\javafx-sdk-21.0.8\bin\api-ms-win-core-file-l1-1-0.dll
0x00000242544f0000 - 0x00000242544f3000 	D:\openjfx-21.0.8_windows-x64_bin-sdk\javafx-sdk-21.0.8\bin\api-ms-win-core-file-l1-2-0.dll
0x0000024254500000 - 0x0000024254503000 	D:\openjfx-21.0.8_windows-x64_bin-sdk\javafx-sdk-21.0.8\bin\api-ms-win-core-file-l2-1-0.dll
0x0000024254510000 - 0x0000024254513000 	D:\openjfx-21.0.8_windows-x64_bin-sdk\javafx-sdk-21.0.8\bin\api-ms-win-core-handle-l1-1-0.dll
0x0000024254520000 - 0x0000024254523000 	D:\openjfx-21.0.8_windows-x64_bin-sdk\javafx-sdk-21.0.8\bin\api-ms-win-core-heap-l1-1-0.dll
0x0000024254530000 - 0x0000024254533000 	D:\openjfx-21.0.8_windows-x64_bin-sdk\javafx-sdk-21.0.8\bin\api-ms-win-core-interlocked-l1-1-0.dll
0x0000024254540000 - 0x0000024254543000 	D:\openjfx-21.0.8_windows-x64_bin-sdk\javafx-sdk-21.0.8\bin\api-ms-win-core-libraryloader-l1-1-0.dll
0x0000024254550000 - 0x0000024254553000 	D:\openjfx-21.0.8_windows-x64_bin-sdk\javafx-sdk-21.0.8\bin\api-ms-win-core-localization-l1-2-0.dll
0x0000024254560000 - 0x0000024254563000 	D:\openjfx-21.0.8_windows-x64_bin-sdk\javafx-sdk-21.0.8\bin\api-ms-win-core-memory-l1-1-0.dll
0x0000024254570000 - 0x0000024254573000 	D:\openjfx-21.0.8_windows-x64_bin-sdk\javafx-sdk-21.0.8\bin\api-ms-win-core-namedpipe-l1-1-0.dll
0x0000024254580000 - 0x0000024254583000 	D:\openjfx-21.0.8_windows-x64_bin-sdk\javafx-sdk-21.0.8\bin\api-ms-win-core-processenvironment-l1-1-0.dll
0x0000024254590000 - 0x0000024254593000 	D:\openjfx-21.0.8_windows-x64_bin-sdk\javafx-sdk-21.0.8\bin\api-ms-win-core-processthreads-l1-1-0.dll
0x00000242545a0000 - 0x00000242545a3000 	D:\openjfx-21.0.8_windows-x64_bin-sdk\javafx-sdk-21.0.8\bin\api-ms-win-core-processthreads-l1-1-1.dll
0x00000242545b0000 - 0x00000242545b3000 	D:\openjfx-21.0.8_windows-x64_bin-sdk\javafx-sdk-21.0.8\bin\api-ms-win-core-profile-l1-1-0.dll
0x00000242545c0000 - 0x00000242545c3000 	D:\openjfx-21.0.8_windows-x64_bin-sdk\javafx-sdk-21.0.8\bin\api-ms-win-core-rtlsupport-l1-1-0.dll
0x00000242545d0000 - 0x00000242545d3000 	D:\openjfx-21.0.8_windows-x64_bin-sdk\javafx-sdk-21.0.8\bin\api-ms-win-core-string-l1-1-0.dll
0x00000242545e0000 - 0x00000242545e3000 	D:\openjfx-21.0.8_windows-x64_bin-sdk\javafx-sdk-21.0.8\bin\api-ms-win-core-synch-l1-1-0.dll
0x00000242545f0000 - 0x00000242545f3000 	D:\openjfx-21.0.8_windows-x64_bin-sdk\javafx-sdk-21.0.8\bin\api-ms-win-core-synch-l1-2-0.dll
0x0000024254600000 - 0x0000024254603000 	D:\openjfx-21.0.8_windows-x64_bin-sdk\javafx-sdk-21.0.8\bin\api-ms-win-core-sysinfo-l1-1-0.dll
0x0000024254610000 - 0x0000024254613000 	D:\openjfx-21.0.8_windows-x64_bin-sdk\javafx-sdk-21.0.8\bin\api-ms-win-core-timezone-l1-1-0.dll
0x0000024254620000 - 0x0000024254623000 	D:\openjfx-21.0.8_windows-x64_bin-sdk\javafx-sdk-21.0.8\bin\api-ms-win-core-util-l1-1-0.dll
0x0000024254630000 - 0x0000024254633000 	D:\openjfx-21.0.8_windows-x64_bin-sdk\javafx-sdk-21.0.8\bin\api-ms-win-crt-conio-l1-1-0.dll
0x0000024254640000 - 0x0000024254644000 	D:\openjfx-21.0.8_windows-x64_bin-sdk\javafx-sdk-21.0.8\bin\api-ms-win-crt-convert-l1-1-0.dll
0x0000024254650000 - 0x0000024254653000 	D:\openjfx-21.0.8_windows-x64_bin-sdk\javafx-sdk-21.0.8\bin\api-ms-win-crt-environment-l1-1-0.dll
0x0000024254660000 - 0x0000024254663000 	D:\openjfx-21.0.8_windows-x64_bin-sdk\javafx-sdk-21.0.8\bin\api-ms-win-crt-filesystem-l1-1-0.dll
0x0000024254670000 - 0x0000024254673000 	D:\openjfx-21.0.8_windows-x64_bin-sdk\javafx-sdk-21.0.8\bin\api-ms-win-crt-heap-l1-1-0.dll
0x0000024254680000 - 0x0000024254683000 	D:\openjfx-21.0.8_windows-x64_bin-sdk\javafx-sdk-21.0.8\bin\api-ms-win-crt-locale-l1-1-0.dll
0x0000024254690000 - 0x0000024254695000 	D:\openjfx-21.0.8_windows-x64_bin-sdk\javafx-sdk-21.0.8\bin\api-ms-win-crt-math-l1-1-0.dll
0x00000242546a0000 - 0x00000242546a5000 	D:\openjfx-21.0.8_windows-x64_bin-sdk\javafx-sdk-21.0.8\bin\api-ms-win-crt-multibyte-l1-1-0.dll
0x00000242546b0000 - 0x00000242546c0000 	D:\openjfx-21.0.8_windows-x64_bin-sdk\javafx-sdk-21.0.8\bin\api-ms-win-crt-private-l1-1-0.dll
0x00000242546c0000 - 0x00000242546c3000 	D:\openjfx-21.0.8_windows-x64_bin-sdk\javafx-sdk-21.0.8\bin\api-ms-win-crt-process-l1-1-0.dll
0x00000242546d0000 - 0x00000242546d4000 	D:\openjfx-21.0.8_windows-x64_bin-sdk\javafx-sdk-21.0.8\bin\api-ms-win-crt-runtime-l1-1-0.dll
0x00000242546e0000 - 0x00000242546e4000 	D:\openjfx-21.0.8_windows-x64_bin-sdk\javafx-sdk-21.0.8\bin\api-ms-win-crt-stdio-l1-1-0.dll
0x00000242546f0000 - 0x00000242546f4000 	D:\openjfx-21.0.8_windows-x64_bin-sdk\javafx-sdk-21.0.8\bin\api-ms-win-crt-string-l1-1-0.dll
0x0000024254700000 - 0x0000024254703000 	D:\openjfx-21.0.8_windows-x64_bin-sdk\javafx-sdk-21.0.8\bin\api-ms-win-crt-time-l1-1-0.dll
0x0000024254710000 - 0x0000024254713000 	D:\openjfx-21.0.8_windows-x64_bin-sdk\javafx-sdk-21.0.8\bin\api-ms-win-crt-utility-l1-1-0.dll
0x00007fffb2120000 - 0x00007fffb221c000 	D:\openjfx-21.0.8_windows-x64_bin-sdk\javafx-sdk-21.0.8\bin\ucrtbase.dll
0x00007fffc73b0000 - 0x00007fffc73cb000 	D:\openjfx-21.0.8_windows-x64_bin-sdk\javafx-sdk-21.0.8\bin\vcruntime140.dll
0x00007fffcb690000 - 0x00007fffcb69c000 	D:\openjfx-21.0.8_windows-x64_bin-sdk\javafx-sdk-21.0.8\bin\vcruntime140_1.dll
0x00007fffbb970000 - 0x00007fffbb9fe000 	D:\openjfx-21.0.8_windows-x64_bin-sdk\javafx-sdk-21.0.8\bin\msvcp140.dll
0x00007fffcb190000 - 0x00007fffcb199000 	D:\openjfx-21.0.8_windows-x64_bin-sdk\javafx-sdk-21.0.8\bin\msvcp140_1.dll
0x00007fffbc270000 - 0x00007fffbc2b1000 	D:\openjfx-21.0.8_windows-x64_bin-sdk\javafx-sdk-21.0.8\bin\msvcp140_2.dll
0x00007fffbc1a0000 - 0x00007fffbc1d0000 	D:\openjfx-21.0.8_windows-x64_bin-sdk\javafx-sdk-21.0.8\bin\prism_d3d.dll
0x00007fffba350000 - 0x00007fffba500000 	C:\WINDOWS\system32\d3d9.dll
0x00007fffd9c10000 - 0x00007fffd9c40000 	C:\WINDOWS\SYSTEM32\dwmapi.dll
0x00007fffd9a40000 - 0x00007fffd9a83000 	C:\WINDOWS\SYSTEM32\dxcore.dll
0x00007fffd9ab0000 - 0x00007fffd9be9000 	C:\WINDOWS\system32\dxgi.dll
0x00007fffdeeb0000 - 0x00007fffdef07000 	C:\WINDOWS\SYSTEM32\CFGMGR32.dll
0x00007fffd6290000 - 0x00007fffd62f3000 	C:\WINDOWS\SYSTEM32\directxdatabasehelper.dll
0x00007fffbb690000 - 0x00007fffbb6d2000 	D:\openjfx-21.0.8_windows-x64_bin-sdk\javafx-sdk-21.0.8\bin\glass.dll
0x0000024254cc0000 - 0x0000024254db1000 	C:\WINDOWS\System32\COMDLG32.dll
0x00007fffde800000 - 0x00007fffde81b000 	C:\WINDOWS\SYSTEM32\CRYPTSP.dll
0x00007fffddf30000 - 0x00007fffddf6a000 	C:\WINDOWS\system32\rsaenh.dll
0x00007fffde820000 - 0x00007fffde82c000 	C:\WINDOWS\SYSTEM32\CRYPTBASE.dll
0x00007fffdf100000 - 0x00007fffdf12a000 	C:\WINDOWS\SYSTEM32\bcrypt.dll
0x00007fffbba60000 - 0x00007fffbba75000 	D:\openjfx-21.0.8_windows-x64_bin-sdk\javafx-sdk-21.0.8\bin\javafx_font.dll
0x00007fffd7f60000 - 0x00007fffd81c7000 	C:\WINDOWS\SYSTEM32\dwrite.dll
0x00007fffbb660000 - 0x00007fffbb684000 	D:\openjfx-21.0.8_windows-x64_bin-sdk\javafx-sdk-21.0.8\bin\fxplugins.dll
0x00007fffd6550000 - 0x00007fffd6766000 	C:\WINDOWS\SYSTEM32\MFPlat.DLL
0x00007fffd6300000 - 0x00007fffd633d000 	C:\WINDOWS\SYSTEM32\RTWorkQ.DLL
0x00007fffe1fc0000 - 0x00007fffe2070000 	C:\WINDOWS\System32\clbcatq.dll
0x00007fffca550000 - 0x00007fffca5e7000 	C:\WINDOWS\System32\MMDevApi.dll

JVMTI agents:
D:\Intel\IntelliJ IDEA 2025.2.1\lib\idea_rt.jar path:C:\Users\ADMIN\.jdks\ms-21.0.8\bin\instrument.dll, loaded, initialized, instrumentlib options:56086

dbghelp: loaded successfully - version: 4.0.5 - missing functions: none
symbol engine: initialized successfully - sym options: 0x614 - pdb path: .;C:\Users\ADMIN\.jdks\ms-21.0.8\bin;C:\WINDOWS\SYSTEM32;C:\WINDOWS\WinSxS\amd64_microsoft.windows.common-controls_6595b64144ccf1df_6.0.26100.7019_none_3e06ffa0e335b8a8;C:\Users\ADMIN\.jdks\ms-21.0.8\bin\server;D:\openjfx-21.0.8_windows-x64_bin-sdk\javafx-sdk-21.0.8\bin;C:\ProgramData\A-Volute\A-Volute.Nahimic\Modules\Scheduled\x64;C:\WINDOWS\System32\DriverStore\FileRepository\iigd_dch.inf_amd64_e0551683909fdfb5;C:\Program Files\Common Files\Microsoft Shared\Ink

VM Arguments:
jvm_args: --module-path=D:\openjfx-21.0.8_windows-x64_bin-sdk\javafx-sdk-21.0.8\lib --add-modules=javafx.controls,javafx.fxml,javafx.media,javafx.swing -javaagent:D:\Intel\IntelliJ IDEA 2025.2.1\lib\idea_rt.jar=56086 -Dfile.encoding=UTF-8 -Dsun.stdout.encoding=UTF-8 -Dsun.stderr.encoding=UTF-8 
java_command: MainGame
java_class_path (initial): D:\Code_By_Tuong\demo-repository\out\production\demo-repository;D:\openjfx-21.0.8_windows-x64_bin-sdk\javafx-sdk-21.0.8\lib\javafx-swt.jar;D:\openjfx-21.0.8_windows-x64_bin-sdk\javafx-sdk-21.0.8\lib\javafx.web.jar;D:\openjfx-21.0.8_windows-x64_bin-sdk\javafx-sdk-21.0.8\lib\javafx.base.jar;D:\openjfx-21.0.8_windows-x64_bin-sdk\javafx-sdk-21.0.8\lib\javafx.fxml.jar;D:\openjfx-21.0.8_windows-x64_bin-sdk\javafx-sdk-21.0.8\lib\javafx.media.jar;D:\openjfx-21.0.8_windows-x64_bin-sdk\javafx-sdk-21.0.8\lib\javafx.swing.jar;D:\openjfx-21.0.8_windows-x64_bin-sdk\javafx-sdk-21.0.8\lib\javafx.controls.jar;D:\openjfx-21.0.8_windows-x64_bin-sdk\javafx-sdk-21.0.8\lib\javafx.graphics.jar
Launcher Type: SUN_STANDARD

[Global flags]
     intx CICompilerCount                          = 4                                         {product} {ergonomic}
     uint ConcGCThreads                            = 3                                         {product} {ergonomic}
     uint G1ConcRefinementThreads                  = 10                                        {product} {ergonomic}
   size_t G1HeapRegionSize                         = 2097152                                   {product} {ergonomic}
    uintx GCDrainStackTargetSize                   = 64                                        {product} {ergonomic}
   size_t InitialHeapSize                          = 264241152                                 {product} {ergonomic}
   size_t MarkStackSize                            = 4194304                                   {product} {ergonomic}
   size_t MaxHeapSize                              = 4219469824                                {product} {ergonomic}
   size_t MaxNewSize                               = 2531262464                                {product} {ergonomic}
   size_t MinHeapDeltaBytes                        = 2097152                                   {product} {ergonomic}
   size_t MinHeapSize                              = 8388608                                   {product} {ergonomic}
    uintx NonNMethodCodeHeapSize                   = 5839372                                {pd product} {ergonomic}
    uintx NonProfiledCodeHeapSize                  = 122909434                              {pd product} {ergonomic}
    uintx ProfiledCodeHeapSize                     = 122909434                              {pd product} {ergonomic}
    uintx ReservedCodeCacheSize                    = 251658240                              {pd product} {ergonomic}
     bool SegmentedCodeCache                       = true                                      {product} {ergonomic}
   size_t SoftMaxHeapSize                          = 4219469824                             {manageable} {ergonomic}
     bool UseCompressedOops                        = true                           {product lp64_product} {ergonomic}
     bool UseG1GC                                  = true                                      {product} {ergonomic}
     bool UseLargePagesIndividualAllocation        = false                                  {pd product} {ergonomic}

Logging:
Log output configuration:
 #0: stdout all=off uptime,level,tags foldmultilines=false
 #1: stderr all=off uptime,level,tags foldmultilines=false

Environment Variables:
JAVA_HOME=C:\Program Files\Eclipse Adoptium\jdk-17.0.16.8-hotspot\
PATH=C:\Program Files (x86)\Common Files\Oracle\Java\java8path;C:\Program Files (x86)\Common Files\Oracle\Java\javapath;C:\Program Files\Eclipse Adoptium\jdk-17.0.16.8-hotspot\bin;C:\WINDOWS\system32;C:\WINDOWS;C:\WINDOWS\System32\Wbem;C:\WINDOWS\System32\WindowsPowerShell\v1.0\;C:\WINDOWS\System32\OpenSSH\;C:\Program Files (x86)\NVIDIA Corporation\PhysX\Common;C:\Program Files\NVIDIA Corporation\NVIDIA NvDLISR;C:\Program Files\Microsoft SQL Server\150\Tools\Binn\;C:\Program Files\Microsoft SQL Server\Client SDK\ODBC\170\Tools\Binn\;C:\Program Files\dotnet\;C:\Program Files (x86)\Windows Kits\10\Windows Performance Toolkit\;C:\Program Files\Git\cmd;C:\Program Files\MySQL\MySQL Shell 8.0\bin\;C:\Users\ADMIN\AppData\Local\Microsoft\WindowsApps;C:\Users\ADMIN\.dotnet\tools;C:\Users\ADMIN\AppData\Local\GitHubDesktop\bin;C:\Users\ADMIN\AppData\Local\Programs\Microsoft VS Code\bin;D:\Intel\IntelliJ IDEA 2025.2.1\bin
USERNAME=ADMIN
OS=Windows_NT
PROCESSOR_IDENTIFIER=Intel64 Family 6 Model 151 Stepping 2, GenuineIntel
TMP=C:\Users\ADMIN\AppData\Local\Temp
TEMP=C:\Users\ADMIN\AppData\Local\Temp




Periodic native trim disabled

---------------  S Y S T E M  ---------------

OS:
 Windows 11 , 64 bit Build 26100 (10.0.26100.7019)
OS uptime: 6 days 16:27 hours

CPU: total 12 (initial active 12) (6 cores per cpu, 2 threads per core) family 6 model 151 stepping 2 microcode 0x3a, cx8, cmov, fxsr, ht, mmx, 3dnowpref, sse, sse2, sse3, ssse3, sse4.1, sse4.2, popcnt, lzcnt, tsc, tscinvbit, avx, avx2, aes, erms, clmul, bmi1, bmi2, adx, sha, fma, vzeroupper, clflush, clflushopt, clwb, serialize, rdtscp, rdpid, fsrm, f16c, pku, cet_ibt, cet_ss
Processor Information for processor 0
  Max Mhz: 2400, Current Mhz: 2400, Mhz Limit: 2400
Processor Information for processor 1
  Max Mhz: 2400, Current Mhz: 2400, Mhz Limit: 2400
Processor Information for processor 2
  Max Mhz: 2400, Current Mhz: 2400, Mhz Limit: 2400
Processor Information for processor 3
  Max Mhz: 2400, Current Mhz: 2400, Mhz Limit: 2400
Processor Information for processor 4
  Max Mhz: 2400, Current Mhz: 2400, Mhz Limit: 2400
Processor Information for processor 5
  Max Mhz: 2400, Current Mhz: 2400, Mhz Limit: 2400
Processor Information for processor 6
  Max Mhz: 2400, Current Mhz: 2400, Mhz Limit: 2400
Processor Information for processor 7
  Max Mhz: 2400, Current Mhz: 2400, Mhz Limit: 2400
Processor Information for processor 8
  Max Mhz: 2400, Current Mhz: 2400, Mhz Limit: 2400
Processor Information for processor 9
  Max Mhz: 2400, Current Mhz: 1466, Mhz Limit: 2400
Processor Information for processor 10
  Max Mhz: 2400, Current Mhz: 1466, Mhz Limit: 2400
Processor Information for processor 11
  Max Mhz: 2400, Current Mhz: 1466, Mhz Limit: 2400

Memory: 4k page, system-wide physical 16091M (4912M free)
TotalPageFile size 20955M (AvailPageFile size 6659M)
current process WorkingSet (physical memory assigned to process): 723M, peak: 874M
current process commit charge ("private bytes"): 861M, peak: 1027M

vm_info: OpenJDK 64-Bit Server VM (21.0.8+9-LTS) for windows-amd64 JRE (21.0.8+9-LTS), built on 2025-07-10T20:22:44Z by "MicrosoftCorporation" with unknown MS VC++:1944

END.
